554;221;43;-244;-244;2;1;1;0;0;1;1;0;0;0;1;12532;0;0;0;0;
554;309;43;-242;-250;2;0;0;0;0;1;1;0;0;0;1;12563;0;0;0;0;
554;309;43;-244;-253;2;0;0;0;0;1;1;0;0;0;1;12594;0;0;0;0;
554;309;44;-243;-252;2;0;0;0;0;1;1;0;0;0;1;12625;0;0;0;0;
554;309;43;-244;-251;2;0;0;0;0;1;1;0;0;0;1;12656;0;0;0;0;
554;309;45;-242;-249;2;0;0;0;0;1;1;0;0;0;1;12687;0;0;0;0;
554;309;44;-243;-249;2;0;0;0;0;1;1;0;0;0;1;12718;0;0;0;0;
554;309;46;-240;-246;2;0;0;0;0;1;1;0;0;0;1;12749;0;0;0;0;
554;309;43;-243;-247;2;0;0;0;0;1;1;0;0;0;1;12780;0;0;0;0;
554;309;44;-242;-245;2;0;0;0;0;1;1;0;0;0;1;12811;0;0;0;0;
554;309;43;-241;-244;2;0;0;0;0;1;1;0;0;0;1;12842;0;0;0;0;
554;309;44;-241;-242;2;0;0;0;0;1;1;0;0;0;1;12873;0;0;0;0;
554;309;44;-240;-241;2;0;0;0;0;1;1;0;0;0;1;12904;0;0;0;0;
554;309;44;-240;-241;2;0;0;0;0;1;1;0;0;0;1;12935;0;0;0;0;
554;309;44;-240;-240;2;0;0;0;0;1;1;0;0;0;1;12966;0;0;0;0;
554;309;46;-237;-237;2;0;0;0;0;1;1;0;0;0;1;12997;0;0;0;0;
554;309;46;-237;-236;2;0;0;0;0;1;1;0;0;0;1;13028;0;0;0;0;
554;309;44;-240;-238;2;0;0;0;0;1;1;0;0;0;1;13059;0;0;0;0;
554;309;44;-237;-235;2;0;0;0;0;1;1;0;0;0;1;13090;0;0;0;0;
554;309;47;-236;-235;2;0;0;0;0;1;1;0;0;0;1;13121;0;0;0;0;
554;309;46;-236;-234;2;0;0;0;0;1;1;0;0;0;1;13152;0;0;0;0;
554;309;47;-235;-233;2;0;0;0;0;1;1;0;0;0;1;13183;0;0;0;0;
554;309;46;-234;-232;2;0;0;0;0;1;1;0;0;0;1;13214;0;0;0;0;
554;309;49;-232;-230;2;0;0;0;0;1;1;0;0;0;1;13245;0;0;0;0;
554;309;47;-234;-231;2;0;0;0;0;1;1;0;0;0;1;13276;0;0;0;0;
554;309;47;-233;-231;2;0;0;0;0;1;1;0;0;0;1;13307;0;0;0;0;
554;309;47;-233;-230;2;0;0;0;0;1;1;0;0;0;1;13338;0;0;0;0;
554;309;47;-231;-229;2;0;0;0;0;1;1;0;0;0;1;13369;0;0;0;0;
554;309;46;-230;-229;2;0;0;0;0;1;1;0;0;0;1;13400;0;0;0;0;
554;309;48;-231;-230;2;0;0;0;0;1;1;0;0;0;1;13431;0;0;0;0;
554;309;48;-232;-230;2;0;0;0;0;1;1;0;0;0;1;13462;0;0;0;0;
554;309;49;-229;-228;2;0;0;0;0;1;1;0;0;0;1;13493;0;0;0;0;
554;309;47;-230;-229;2;0;0;0;0;1;1;0;0;0;1;13524;0;0;0;0;
554;309;46;-230;-229;2;0;0;0;0;1;1;0;0;0;1;13555;0;0;0;0;
554;309;49;-228;-227;2;0;0;0;0;1;1;0;0;0;1;13586;0;0;0;0;
554;309;49;-228;-226;2;0;0;0;0;1;1;0;0;0;1;13617;0;0;0;0;
554;309;47;-229;-227;2;0;0;0;0;1;1;0;0;0;1;13648;0;0;0;0;
554;309;50;-227;-225;2;0;0;0;0;1;1;0;0;0;1;13679;0;0;0;0;
554;309;49;-229;-226;2;0;0;0;0;1;1;0;0;0;1;13710;0;0;0;0;
554;309;50;-225;-224;2;0;0;0;0;1;1;0;0;0;1;13741;0;0;0;0;
554;309;50;-226;-224;2;0;0;0;0;1;1;0;0;0;1;13772;0;0;0;0;
554;309;50;-227;-225;2;0;0;0;0;1;1;0;0;0;1;13803;0;0;0;0;
554;309;51;-224;-222;2;0;0;0;0;1;1;0;0;0;1;13834;0;0;0;0;
554;309;50;-227;-224;2;0;0;0;0;1;1;0;0;0;1;13865;0;0;0;0;
554;309;51;-223;-221;2;0;0;0;0;1;1;0;0;0;1;13896;0;0;0;0;
554;309;50;-226;-223;2;0;0;0;0;1;1;0;0;0;1;13927;0;0;0;0;
554;309;50;-223;-222;2;0;0;0;0;1;1;0;0;0;1;13958;0;0;0;0;
554;309;50;-224;-222;2;0;0;0;0;1;1;0;0;0;1;13989;0;0;0;0;
554;309;49;-223;-221;2;0;0;0;0;1;1;0;0;0;1;14020;0;0;0;0;
554;309;50;-221;-219;2;0;0;0;0;1;1;0;0;0;1;14051;0;0;0;0;
554;309;50;-222;-220;2;0;0;0;0;1;1;0;0;0;1;14082;0;0;0;0;
554;309;49;-223;-220;2;0;0;0;0;1;1;0;0;0;1;14113;0;0;0;0;
554;309;50;-221;-219;2;0;0;0;0;1;1;0;0;0;1;14144;0;0;0;0;
554;309;53;-219;-217;2;0;0;0;0;1;1;0;0;0;1;14175;0;0;0;0;
554;309;52;-220;-218;2;0;0;0;0;1;1;0;0;0;1;14206;0;0;0;0;
554;309;51;-217;-216;2;0;0;0;0;1;1;0;0;0;1;14237;0;0;0;0;
554;309;50;-219;-217;2;0;0;0;0;1;1;0;0;0;1;14268;0;0;0;0;
554;309;53;-216;-215;2;0;0;0;0;1;1;0;0;0;1;14299;0;0;0;0;
554;309;52;-217;-215;2;0;0;0;0;1;1;0;0;0;1;14330;0;0;0;0;
554;309;51;-215;-215;2;0;0;0;0;1;1;0;0;0;1;14361;0;0;0;0;
554;309;52;-215;-214;2;0;0;0;0;1;1;0;0;0;1;14392;0;0;0;0;
554;309;54;-213;-212;2;0;0;0;0;1;1;0;0;0;1;14423;0;0;0;0;
554;309;52;-214;-213;2;0;0;0;0;1;1;0;0;0;1;14454;0;0;0;0;
554;309;51;-217;-215;2;0;0;0;0;1;1;0;0;0;1;14485;0;0;0;0;
554;309;52;-215;-214;2;0;0;0;0;1;1;0;0;0;1;14516;0;0;0;0;
554;309;53;-214;-213;2;0;0;0;0;1;1;0;0;0;1;14547;0;0;0;0;
554;309;52;-215;-213;2;0;0;0;0;1;1;0;0;0;1;14578;0;0;0;0;
554;309;55;-210;-210;2;0;0;0;0;1;1;0;0;0;1;14609;0;0;0;0;
554;309;54;-211;-211;2;0;0;0;0;1;1;0;0;0;1;14640;0;0;0;0;
554;309;53;-212;-211;2;0;0;0;0;1;1;0;0;0;1;14671;0;0;0;0;
554;309;55;-209;-209;2;0;0;0;0;1;1;0;0;0;1;14702;0;0;0;0;
554;309;53;-210;-210;2;0;0;0;0;1;1;0;0;0;1;14733;0;0;0;0;
554;309;55;-209;-209;2;0;0;0;0;1;1;0;0;0;1;14764;0;0;0;0;
554;309;56;-209;-209;2;0;0;0;0;1;1;0;0;0;1;14795;0;0;0;0;
554;309;53;-210;-210;2;0;0;0;0;1;1;0;0;0;1;14826;0;0;0;0;
554;309;54;-209;-208;2;0;0;0;0;1;1;0;0;0;1;14857;0;0;0;0;
554;309;52;-210;-210;2;0;0;0;0;1;1;0;0;0;1;14888;0;0;0;0;
554;309;55;-207;-207;2;0;0;0;0;1;1;0;0;0;1;14919;0;0;0;0;
554;309;53;-209;-209;2;0;0;0;0;1;1;0;0;0;1;14950;0;0;0;0;
554;309;56;-205;-206;2;0;0;0;0;1;1;0;0;0;1;14981;0;0;0;0;
554;309;55;-207;-206;2;0;0;0;0;1;1;0;0;0;1;15012;0;0;0;0;
554;309;56;-203;-204;2;0;0;0;0;1;1;0;0;0;1;15043;0;0;0;0;
554;309;55;-206;-206;2;0;0;0;0;1;1;0;0;0;1;15074;0;0;0;0;
554;309;55;-205;-205;2;0;0;0;0;1;1;0;0;0;1;15105;0;0;0;0;
554;309;55;-203;-204;2;0;0;0;0;1;1;0;0;0;1;15136;0;0;0;0;
554;309;55;-204;-203;2;0;0;0;0;1;1;0;0;0;1;15167;0;0;0;0;
554;309;55;-204;-204;2;0;0;0;0;1;1;0;0;0;1;15198;0;0;0;0;
554;309;54;-203;-203;2;0;0;0;0;1;1;0;0;0;1;15229;0;0;0;0;
554;309;55;-202;-202;2;0;0;0;0;1;1;0;0;0;1;15260;0;0;0;0;
554;309;55;-203;-204;2;0;0;0;0;1;1;0;0;0;1;15291;0;0;0;0;
554;309;55;-203;-203;2;0;0;0;0;1;1;0;0;0;1;15322;0;0;0;0;
554;309;57;-201;-202;2;0;0;0;0;1;1;0;0;0;1;15353;0;0;0;0;
554;309;58;-201;-202;2;0;0;0;0;1;1;0;0;0;1;15384;0;0;0;0;
554;309;56;-201;-202;2;0;0;0;0;1;1;0;0;0;1;15415;0;0;0;0;
554;309;57;-199;-200;2;0;0;0;0;1;1;0;0;0;1;15446;0;0;0;0;
554;309;57;-200;-200;2;0;0;0;0;1;1;0;0;0;1;15477;0;0;0;0;
554;309;58;-199;-200;2;0;0;0;0;1;1;0;0;0;1;15508;0;0;0;0;
554;309;59;-197;-199;2;0;0;0;0;1;1;0;0;0;1;15539;0;0;0;0;
554;309;57;-200;-200;2;0;0;0;0;1;1;0;0;0;1;15570;0;0;0;0;
554;309;57;-199;-200;2;0;0;0;0;1;1;0;0;0;1;15601;0;0;0;0;
554;309;57;-196;-198;2;0;0;0;0;1;1;0;0;0;1;15632;0;0;0;0;
554;309;59;-195;-197;2;0;0;0;0;1;1;0;0;0;1;15663;0;0;0;0;
554;309;57;-196;-198;2;0;0;0;0;1;1;0;0;0;1;15694;0;0;0;0;
554;309;59;-195;-197;3;1;1;0;0;1;1;0;0;0;1;15725;0;0;0;0;
554;309;59;-193;-202;1;1;1;0;0;1;1;0;0;0;1;15756;0;0;0;0;
554;309;58;-192;-217;1;1;1;0;0;1;1;0;0;0;1;15787;0;0;0;0;
554;309;58;-196;-228;1;1;1;0;0;1;1;0;0;0;1;15818;0;0;0;0;
554;309;58;-195;-230;1;1;1;0;0;1;1;0;0;0;1;15849;0;0;0;0;
554;309;60;-195;-229;1;1;1;0;0;1;1;0;0;0;1;15880;0;0;0;0;
554;309;60;-195;-229;1;1;1;0;0;1;1;0;0;0;1;15911;0;0;0;0;
554;309;58;-200;-231;1;1;1;0;0;1;1;0;0;0;1;15942;0;0;0;0;
554;309;58;-199;-230;1;1;1;0;0;1;1;0;0;0;1;15973;0;0;0;0;
554;309;58;-199;-232;1;1;1;0;0;1;1;0;0;0;1;16004;0;0;0;0;
554;309;59;-200;-235;1;1;1;0;0;1;1;0;0;0;1;16035;0;0;0;0;
554;309;59;-200;-235;1;1;1;0;0;1;1;0;0;0;1;16066;0;0;0;0;
554;309;57;-202;-237;1;1;1;0;0;1;1;0;0;0;1;16097;0;0;0;0;
554;309;58;-201;-235;1;1;1;0;0;1;1;0;0;0;1;16128;0;0;0;0;
554;309;58;-201;-236;1;1;1;0;0;1;1;0;0;0;1;16159;0;0;0;0;
554;309;57;-202;-238;1;1;1;0;0;1;1;0;0;0;1;16190;0;0;0;0;
554;309;55;-204;-241;1;1;1;0;0;1;1;0;0;0;1;16221;0;0;0;0;
554;309;55;-204;-243;1;1;1;0;0;1;1;0;0;0;1;16252;0;0;0;0;
554;309;55;-204;-242;1;1;1;0;0;1;1;0;0;0;1;16283;0;0;0;0;
554;309;55;-208;-244;1;1;1;0;0;1;1;0;0;0;1;16314;0;0;0;0;
554;309;54;-206;-243;1;1;1;0;0;1;1;0;0;0;1;16345;0;0;0;0;
554;309;53;-210;-246;1;1;1;0;0;1;1;0;0;0;1;16376;0;0;0;0;
554;309;52;-210;-248;1;1;1;0;0;1;1;0;0;0;1;16407;0;0;0;0;
554;309;53;-208;-246;1;1;1;0;0;1;1;0;0;0;1;16438;0;0;0;0;
554;309;50;-210;-249;1;1;1;0;0;1;1;0;0;0;1;16469;0;0;0;0;
554;309;51;-209;-248;1;1;1;0;0;1;1;0;0;0;1;16500;0;0;0;0;
554;309;51;-209;-249;1;1;1;0;0;1;1;0;0;0;1;16531;0;0;0;0;
554;309;50;-212;-251;1;1;1;0;0;1;1;0;0;0;1;16562;0;0;0;0;
554;309;50;-211;-251;1;1;1;0;0;1;1;0;0;0;1;16593;0;0;0;0;
554;309;48;-210;-251;1;1;1;0;0;1;1;0;0;0;1;16624;0;0;0;0;
554;309;48;-211;-251;1;1;1;0;0;1;1;0;0;0;1;16655;0;0;0;0;
554;309;46;-212;-252;1;1;1;0;0;1;1;0;0;0;1;16686;0;0;0;0;
554;309;46;-215;-253;1;1;1;0;0;1;1;0;0;0;1;16717;0;0;0;0;
554;309;46;-214;-254;1;1;1;0;0;1;1;0;0;0;1;16748;0;0;0;0;
554;309;46;-213;-254;1;1;1;0;0;1;1;0;0;0;1;16779;0;0;0;0;
554;309;46;-212;-254;1;1;1;0;0;1;1;0;0;0;1;16810;0;0;0;0;
554;309;44;-213;-256;1;1;1;0;0;1;1;0;0;0;1;16841;0;0;0;0;
554;309;43;-213;-256;1;1;1;0;0;1;1;0;0;0;1;16872;0;0;0;0;
554;309;43;-213;-256;1;1;1;0;0;1;1;0;0;0;1;16903;0;0;0;0;
554;309;42;-216;-259;1;1;1;0;0;1;1;0;0;0;1;16934;0;0;0;0;
554;309;42;-216;-259;1;1;1;0;0;1;1;0;0;0;1;16965;0;0;0;0;
554;309;41;-214;-257;1;1;1;0;0;1;1;0;0;0;1;16996;0;0;0;0;
554;309;40;-214;-258;1;1;1;0;0;1;1;0;0;0;1;17027;0;0;0;0;
554;309;39;-218;-260;1;1;1;0;0;1;1;0;0;0;1;17058;0;0;0;0;
554;309;39;-218;-260;1;1;1;0;0;1;1;0;0;0;1;17089;0;0;0;0;
554;309;39;-217;-259;1;1;1;0;0;1;1;0;0;0;1;17120;0;0;0;0;
554;309;36;-217;-260;1;1;1;0;0;1;1;0;0;0;1;17151;0;0;0;0;
554;309;37;-215;-258;2;0;0;0;0;1;1;0;0;0;1;17182;0;0;0;0;
554;309;35;-219;-254;2;0;0;0;0;1;1;0;0;0;1;17213;0;0;0;0;
554;309;35;-219;-246;2;0;0;0;0;1;1;0;0;0;1;17244;0;0;0;0;
554;309;34;-219;-238;2;0;0;0;0;1;1;0;0;0;1;17275;0;0;0;0;
554;309;35;-217;-227;2;0;0;0;0;1;1;0;0;0;1;17306;0;0;0;0;
554;309;32;-220;-219;2;0;0;0;0;1;1;0;0;0;1;17337;0;0;0;0;
554;309;32;-220;-211;2;0;0;0;0;1;1;0;0;0;1;17368;0;0;0;0;
554;309;33;-218;-203;2;0;0;0;0;1;1;0;0;0;1;17399;0;0;0;0;
554;309;33;-219;-200;2;0;0;0;0;1;1;0;0;0;1;17430;0;0;0;0;
554;309;33;-216;-194;2;0;0;0;0;1;1;0;0;0;1;17461;0;0;0;0;
554;309;31;-216;-192;2;0;0;0;0;1;1;0;0;0;1;17492;0;0;0;0;
554;309;33;-213;-189;2;0;0;0;0;1;1;0;0;0;1;17523;0;0;0;0;
554;309;33;-215;-190;2;0;0;0;0;1;1;0;0;0;1;17554;0;0;0;0;
554;309;32;-213;-188;2;0;0;0;0;1;1;0;0;0;1;17585;0;0;0;0;
554;309;32;-215;-189;2;0;0;0;0;1;1;0;0;0;1;17616;0;0;0;0;
554;309;31;-213;-188;2;0;0;0;0;1;1;0;0;0;1;17647;0;0;0;0;
554;309;30;-213;-189;2;0;0;0;0;1;1;0;0;0;1;17678;0;0;0;0;
554;309;30;-210;-186;2;0;0;0;0;1;1;0;0;0;1;17709;0;0;0;0;
554;309;32;-210;-187;2;0;0;0;0;1;1;0;0;0;1;17740;0;0;0;0;
554;309;31;-211;-188;2;0;0;0;0;1;1;0;0;0;1;17771;0;0;0;0;
554;309;30;-210;-187;2;0;0;0;0;1;1;0;0;0;1;17802;0;0;0;0;
554;309;30;-210;-188;2;0;0;0;0;1;1;0;0;0;1;17833;0;0;0;0;
554;309;30;-210;-187;2;0;0;0;0;1;1;0;0;0;1;17864;0;0;0;0;
554;309;30;-208;-187;2;0;0;0;0;1;1;0;0;0;1;17895;0;0;0;0;
554;309;30;-207;-186;2;0;0;0;0;1;1;0;0;0;1;17926;0;0;0;0;
554;309;30;-205;-185;2;0;0;0;0;1;1;0;0;0;1;17957;0;0;0;0;
554;309;31;-206;-185;2;0;0;0;0;1;1;0;0;0;1;17988;0;0;0;0;
554;309;31;-203;-185;2;0;0;0;0;1;1;0;0;0;1;18019;0;0;0;0;
554;309;30;-204;-185;2;0;0;0;0;1;1;0;0;0;1;18050;0;0;0;0;
554;309;30;-205;-186;2;0;0;0;0;1;1;0;0;0;1;18081;0;0;0;0;
554;309;31;-202;-185;2;0;0;0;0;1;1;0;0;0;1;18112;0;0;0;0;
554;309;32;-201;-184;2;0;0;0;0;1;1;0;0;0;1;18143;0;0;0;0;
554;309;33;-201;-184;2;0;0;0;0;1;1;0;0;0;1;18174;0;0;0;0;
554;309;31;-200;-184;2;0;0;0;0;1;1;0;0;0;1;18205;0;0;0;0;
554;309;30;-201;-185;2;0;0;0;0;1;1;0;0;0;1;18236;0;0;0;0;
554;309;33;-199;-183;2;0;0;0;0;1;1;0;0;0;1;18267;0;0;0;0;
554;309;32;-198;-182;2;0;0;0;0;1;1;0;0;0;1;18298;0;0;0;0;
554;309;31;-200;-185;2;0;0;0;0;1;1;0;0;0;1;18329;0;0;0;0;
554;309;32;-200;-183;2;0;0;0;0;1;1;0;0;0;1;18360;0;0;0;0;
554;309;31;-200;-184;2;0;0;0;0;1;1;0;0;0;1;18391;0;0;0;0;
554;309;32;-197;-182;2;0;0;0;0;1;1;0;0;0;1;18422;0;0;0;0;
554;309;33;-195;-181;2;0;0;0;0;1;1;0;0;0;1;18453;0;0;0;0;
554;309;34;-196;-181;2;0;0;0;0;1;1;0;0;0;1;18484;0;0;0;0;
554;309;34;-197;-181;2;0;0;0;0;1;1;0;0;0;1;18515;0;0;0;0;
554;309;33;-193;-180;2;0;0;0;0;1;1;0;0;0;1;18546;0;0;0;0;
554;309;32;-195;-182;2;0;0;0;0;1;1;0;0;0;1;18577;0;0;0;0;
554;309;32;-193;-180;2;0;0;0;0;1;1;0;0;0;1;18608;0;0;0;0;
554;309;35;-192;-180;2;0;0;0;0;1;1;0;0;0;1;18639;0;0;0;0;
554;309;32;-194;-181;2;0;0;0;0;1;1;0;0;0;1;18670;0;0;0;0;
554;309;34;-193;-180;2;0;0;0;0;1;1;0;0;0;1;18701;0;0;0;0;
554;309;33;-194;-181;2;0;0;0;0;1;1;0;0;0;1;18732;0;0;0;0;
554;309;35;-191;-180;2;0;0;0;0;1;1;0;0;0;1;18763;0;0;0;0;
554;309;35;-189;-178;2;0;0;0;0;1;1;0;0;0;1;18794;0;0;0;0;
554;309;34;-192;-180;2;0;0;0;0;1;1;0;0;0;1;18825;0;0;0;0;
554;309;35;-191;-179;2;0;0;0;0;1;1;0;0;0;1;18856;0;0;0;0;
554;309;34;-191;-180;2;0;0;0;0;1;1;0;0;0;1;18887;0;0;0;0;
554;309;34;-190;-180;2;0;0;0;0;1;1;0;0;0;1;18918;0;0;0;0;
554;309;34;-189;-179;2;0;0;0;0;1;1;0;0;0;1;18949;0;0;0;0;
554;309;34;-190;-179;2;0;0;0;0;1;1;0;0;0;1;18980;0;0;0;0;
554;309;35;-186;-176;2;0;0;0;0;1;1;0;0;0;1;19011;0;0;0;0;
554;309;35;-186;-177;2;0;0;0;0;1;1;0;0;0;1;19042;0;0;0;0;
554;309;35;-186;-176;2;0;0;0;0;1;1;0;0;0;1;19073;0;0;0;0;
554;309;37;-185;-176;2;0;0;0;0;1;1;0;0;0;1;19104;0;0;0;0;
554;309;36;-186;-176;2;0;0;0;0;1;1;0;0;0;1;19135;0;0;0;0;
554;309;37;-184;-175;2;0;0;0;0;1;1;0;0;0;1;19166;0;0;0;0;
554;309;36;-186;-176;2;0;0;0;0;1;1;0;0;0;1;19197;0;0;0;0;
554;309;36;-185;-175;2;0;0;0;0;1;1;0;0;0;1;19228;0;0;0;0;
554;309;35;-185;-175;2;0;0;0;0;1;1;0;0;0;1;19259;0;0;0;0;
554;309;35;-186;-176;2;0;0;0;0;1;1;0;0;0;1;19290;0;0;0;0;
554;309;35;-185;-175;2;0;0;0;0;1;1;0;0;0;1;19321;0;0;0;0;
554;309;37;-182;-174;2;0;0;0;0;1;1;0;0;0;1;19352;0;0;0;0;
554;309;35;-182;-173;2;0;0;0;0;1;1;0;0;0;1;19383;0;0;0;0;
554;309;39;-182;-173;2;0;0;0;0;1;1;0;0;0;1;19414;0;0;0;0;
554;309;38;-184;-174;2;0;0;0;0;1;1;0;0;0;1;19445;0;0;0;0;
554;309;39;-180;-172;2;0;0;0;0;1;1;0;0;0;1;19476;0;0;0;0;
554;309;38;-180;-172;2;0;0;0;0;1;1;0;0;0;1;19507;0;0;0;0;
554;309;37;-182;-174;2;0;0;0;0;1;1;0;0;0;1;19538;0;0;0;0;
554;309;39;-180;-173;2;0;0;0;0;1;1;0;0;0;1;19569;0;0;0;0;
554;309;39;-179;-171;2;0;0;0;0;1;1;0;0;0;1;19600;0;0;0;0;
554;309;37;-179;-171;2;0;0;0;0;1;1;0;0;0;1;19631;0;0;0;0;
554;309;40;-178;-170;2;0;0;0;0;1;1;0;0;0;1;19662;0;0;0;0;
554;309;39;-178;-170;2;0;0;0;0;1;1;0;0;0;1;19693;0;0;0;0;
554;309;38;-180;-172;2;0;0;0;0;1;1;0;0;0;1;19724;0;0;0;0;
554;309;39;-178;-170;2;0;0;0;0;1;1;0;0;0;1;19755;0;0;0;0;
554;309;39;-179;-171;2;0;0;0;0;1;1;0;0;0;1;19786;0;0;0;0;
554;309;40;-177;-170;2;0;0;0;0;1;1;0;0;0;1;19817;0;0;0;0;
554;309;40;-175;-169;2;0;0;0;0;1;1;0;0;0;1;19848;0;0;0;0;
554;309;40;-176;-169;2;0;0;0;0;1;1;0;0;0;1;19879;0;0;0;0;
554;309;42;-173;-167;2;0;0;0;0;1;1;0;0;0;1;19910;0;0;0;0;
554;309;40;-177;-170;2;0;0;0;0;1;1;0;0;0;1;19941;0;0;0;0;
554;309;40;-174;-168;2;0;0;0;0;1;1;0;0;0;1;19972;0;0;0;0;
554;309;40;-175;-169;2;0;0;0;0;1;1;0;0;0;1;20003;0;0;0;0;
554;309;41;-174;-168;2;0;0;0;0;1;1;0;0;0;1;20034;0;0;0;0;
554;309;40;-174;-168;2;0;0;0;0;1;1;0;0;0;1;20065;0;0;0;0;
554;309;42;-172;-166;2;0;0;0;0;1;1;0;0;0;1;20096;0;0;0;0;
554;309;43;-171;-165;2;0;0;0;0;1;1;0;0;0;1;20127;0;0;0;0;
554;309;43;-171;-165;2;0;0;0;0;1;1;0;0;0;1;20158;0;0;0;0;
554;309;41;-172;-166;2;0;0;0;0;1;1;0;0;0;1;20189;0;0;0;0;
554;309;41;-170;-165;2;0;0;0;0;1;1;0;0;0;1;20220;0;0;0;0;
554;309;42;-170;-165;2;0;0;0;0;1;1;0;0;0;1;20251;0;0;0;0;
554;309;42;-171;-166;2;0;0;0;0;1;1;0;0;0;1;20282;0;0;0;0;
554;309;43;-171;-165;2;0;0;0;0;1;1;0;0;0;1;20313;0;0;0;0;
554;309;43;-170;-165;2;0;0;0;0;1;1;0;0;0;1;20344;0;0;0;0;
554;309;42;-170;-165;2;0;0;0;0;1;1;0;0;0;1;20375;0;0;0;0;
554;309;41;-168;-163;2;0;0;0;0;1;1;0;0;0;1;20406;0;0;0;0;
554;309;43;-167;-162;2;0;0;0;0;1;1;0;0;0;1;20437;0;0;0;0;
554;309;43;-168;-163;2;1;1;0;0;1;1;0;0;0;1;20468;0;0;0;0;
554;309;43;-168;-173;2;1;1;0;0;1;1;0;0;0;1;20499;0;0;0;0;
554;309;43;-170;-196;2;1;1;0;0;1;1;0;0;0;1;20530;0;0;0;0;
554;309;43;-170;-210;2;1;1;0;0;1;1;0;0;0;1;20561;0;0;0;0;
554;309;43;-172;-216;2;1;1;0;0;1;1;0;0;0;1;20592;0;0;0;0;
554;309;44;-174;-220;2;1;1;0;0;1;1;0;0;0;1;20623;0;0;0;0;
554;309;44;-176;-223;2;1;1;0;0;1;1;0;0;0;1;20654;0;0;0;0;
554;309;45;-178;-229;2;1;1;0;0;1;1;0;0;0;1;20685;0;0;0;0;
554;309;44;-180;-233;2;1;1;0;0;1;1;0;0;0;1;20716;0;0;0;0;
554;309;45;-185;-240;2;1;1;0;0;1;1;0;0;0;1;20747;0;0;0;0;
554;309;44;-186;-245;2;1;1;0;0;1;1;0;0;0;1;20778;0;0;0;0;
554;309;44;-187;-247;2;1;1;0;0;1;1;0;0;0;1;20809;0;0;0;0;
554;309;45;-190;-253;2;1;1;0;0;1;1;0;0;0;1;20840;0;0;0;0;
554;309;45;-193;-255;2;1;1;0;0;1;1;0;0;0;1;20871;0;0;0;0;
554;309;45;-194;-257;2;1;1;0;0;1;1;0;0;0;1;20902;0;0;0;0;
554;309;46;-196;-263;2;1;1;0;0;1;1;0;0;0;1;20933;0;0;0;0;
554;309;46;-196;-264;2;1;1;0;0;1;1;0;0;0;1;20964;0;0;0;0;
554;309;46;-200;-268;2;0;0;0;0;1;1;0;0;0;1;20995;0;0;0;0;
554;309;46;-199;-260;2;0;0;0;0;1;1;0;0;0;1;21026;0;0;0;0;
554;309;46;-199;-252;2;0;0;0;0;1;1;0;0;0;1;21057;0;0;0;0;
554;309;46;-200;-249;2;0;0;0;0;1;1;0;0;0;1;21088;0;0;0;0;
554;309;46;-200;-241;2;0;0;0;0;1;1;0;0;0;1;21119;0;0;0;0;
554;309;46;-200;-233;2;0;0;0;0;1;1;0;0;0;1;21150;0;0;0;0;
554;309;46;-200;-227;2;0;0;0;0;1;1;0;0;0;1;21181;0;0;0;0;
554;309;47;-199;-218;2;0;0;0;0;1;1;0;0;0;1;21212;0;0;0;0;
554;309;47;-200;-215;2;0;0;0;0;1;1;0;0;0;1;21243;0;0;0;0;
554;309;49;-198;-208;2;0;0;0;0;1;1;0;0;0;1;21274;0;0;0;0;
554;309;49;-200;-207;2;0;0;0;0;1;1;0;0;0;1;21305;0;0;0;0;
554;309;47;-200;-205;2;0;0;0;0;1;1;0;0;0;1;21336;0;0;0;0;
554;309;48;-198;-201;2;0;0;0;0;1;1;0;0;0;1;21367;0;0;0;0;
554;309;49;-200;-202;2;0;0;0;0;1;1;0;0;0;1;21398;0;0;0;0;
554;309;48;-200;-201;2;0;0;0;0;1;1;0;0;0;1;21429;0;0;0;0;
554;309;50;-198;-200;2;0;0;0;0;1;1;0;0;0;1;21460;0;0;0;0;
554;309;48;-200;-200;2;0;0;0;0;1;1;0;0;0;1;21491;0;0;0;0;
554;309;50;-195;-198;2;0;0;0;0;1;1;0;0;0;1;21522;0;0;0;0;
554;309;49;-198;-200;2;0;0;0;0;1;1;0;0;0;1;21553;0;0;0;0;
554;309;48;-198;-200;2;0;0;0;0;1;1;0;0;0;1;21584;0;0;0;0;
554;309;50;-194;-197;2;0;0;0;0;1;1;0;0;0;1;21615;0;0;0;0;
554;309;51;-194;-197;2;0;0;0;0;1;1;0;0;0;1;21646;0;0;0;0;
554;309;50;-196;-198;2;0;0;0;0;1;1;0;0;0;1;21677;0;0;0;0;
554;309;50;-194;-197;2;0;0;0;0;1;1;0;0;0;1;21708;0;0;0;0;
554;309;49;-196;-198;2;0;0;0;0;1;1;0;0;0;1;21739;0;0;0;0;
554;309;51;-194;-196;2;0;0;0;0;1;1;0;0;0;1;21770;0;0;0;0;
554;309;50;-193;-195;2;0;0;0;0;1;1;0;0;0;1;21801;0;0;0;0;
554;309;50;-194;-196;2;0;0;0;0;1;1;0;0;0;1;21832;0;0;0;0;
554;309;50;-194;-195;2;0;0;0;0;1;1;0;0;0;1;21863;0;0;0;0;
554;309;51;-193;-195;2;0;0;0;0;1;1;0;0;0;1;21894;0;0;0;0;
554;309;51;-190;-192;2;0;0;0;0;1;1;0;0;0;1;21925;0;0;0;0;
554;309;52;-191;-193;2;0;0;0;0;1;1;0;0;0;1;21956;0;0;0;0;
554;309;52;-190;-192;2;0;0;0;0;1;1;0;0;0;1;21987;0;0;0;0;
554;309;50;-192;-193;2;0;0;0;0;1;1;0;0;0;1;22018;0;0;0;0;
554;309;52;-190;-191;2;0;0;0;0;1;1;0;0;0;1;22049;0;0;0;0;
554;309;54;-188;-190;2;0;0;0;0;1;1;0;0;0;1;22080;0;0;0;0;
554;309;53;-188;-190;2;0;0;0;0;1;1;0;0;0;1;22111;0;0;0;0;
554;309;55;-187;-190;2;0;0;0;0;1;1;0;0;0;1;22142;0;0;0;0;
554;309;52;-190;-191;2;0;0;0;0;1;1;0;0;0;1;22173;0;0;0;0;
554;309;53;-190;-190;2;0;0;0;0;1;1;0;0;0;1;22204;0;0;0;0;
554;309;54;-189;-190;2;0;0;0;0;1;1;0;0;0;1;22235;0;0;0;0;
554;309;54;-189;-190;2;0;0;0;0;1;1;0;0;0;1;22266;0;0;0;0;
554;309;54;-188;-189;2;0;0;0;0;1;1;0;0;0;1;22297;0;0;0;0;
554;309;53;-188;-189;2;0;0;0;0;1;1;0;0;0;1;22328;0;0;0;0;
554;309;53;-188;-190;2;0;0;0;0;1;1;0;0;0;1;22359;0;0;0;0;
554;309;52;-188;-189;2;0;0;0;0;1;1;0;0;0;1;22390;0;0;0;0;
554;309;52;-187;-188;2;0;0;0;0;1;1;0;0;0;1;22421;0;0;0;0;
554;309;53;-187;-188;2;0;0;0;0;1;1;0;0;0;1;22452;0;0;0;0;
554;309;55;-185;-186;2;0;0;0;0;1;1;0;0;0;1;22483;0;0;0;0;
554;309;53;-184;-185;2;0;0;0;0;1;1;0;0;0;1;22514;0;0;0;0;
554;309;55;-185;-185;2;0;0;0;0;1;1;0;0;0;1;22545;0;0;0;0;
554;309;53;-185;-186;2;0;0;0;0;1;1;0;0;0;1;22576;0;0;0;0;
554;309;57;-182;-184;2;0;0;0;0;1;1;0;0;0;1;22607;0;0;0;0;
554;309;55;-183;-184;2;0;0;0;0;1;1;0;0;0;1;22638;0;0;0;0;
554;309;56;-181;-183;2;0;0;0;0;1;1;0;0;0;1;22669;0;0;0;0;
554;309;55;-182;-184;2;0;0;0;0;1;1;0;0;0;1;22700;0;0;0;0;
554;309;55;-180;-182;2;0;0;0;0;1;1;0;0;0;1;22731;0;0;0;0;
554;309;56;-180;-182;2;0;0;0;0;1;1;0;0;0;1;22762;0;0;0;0;
554;309;55;-182;-182;2;0;0;0;0;1;1;0;0;0;1;22793;0;0;0;0;
554;309;57;-180;-181;2;0;0;0;0;1;1;0;0;0;1;22824;0;0;0;0;
554;309;56;-179;-180;2;0;0;0;0;1;1;0;0;0;1;22855;0;0;0;0;
554;309;59;-180;-180;2;0;0;0;0;1;1;0;0;0;1;22886;0;0;0;0;
554;309;55;-181;-181;2;0;0;0;0;1;1;0;0;0;1;22917;0;0;0;0;
554;309;55;-178;-180;2;0;0;0;0;1;1;0;0;0;1;22948;0;0;0;0;
554;309;56;-180;-180;2;0;0;0;0;1;1;0;0;0;1;22979;0;0;0;0;
554;309;55;-179;-180;2;0;0;0;0;1;1;0;0;0;1;23010;0;0;0;0;
554;309;58;-179;-180;2;0;0;0;0;1;1;0;0;0;1;23041;0;0;0;0;
554;309;57;-179;-179;2;0;0;0;0;1;1;0;0;0;1;23072;0;0;0;0;
554;309;55;-178;-179;2;0;0;0;0;1;1;0;0;0;1;23103;0;0;0;0;
554;309;58;-175;-177;2;0;0;0;0;1;1;0;0;0;1;23134;0;0;0;0;
554;309;59;-177;-177;2;0;0;0;0;1;1;0;0;0;1;23165;0;0;0;0;
554;309;56;-177;-179;2;0;0;0;0;1;1;0;0;0;1;23196;0;0;0;0;
554;309;57;-176;-177;2;0;0;0;0;1;1;0;0;0;1;23227;0;0;0;0;
554;309;57;-174;-175;2;0;0;0;0;1;1;0;0;0;1;23258;0;0;0;0;
554;309;60;-175;-175;2;0;0;0;0;1;1;0;0;0;1;23289;0;0;0;0;
554;309;58;-172;-180;1;1;1;0;0;1;1;0;0;0;1;23320;0;0;0;0;
554;309;58;-170;-193;1;1;1;0;0;1;1;0;0;0;1;23351;0;0;0;0;
554;309;58;-171;-201;1;1;1;0;0;1;1;0;0;0;1;23382;0;0;0;0;
554;309;60;-170;-201;1;1;1;0;0;1;1;0;0;0;1;23413;0;0;0;0;
554;309;60;-170;-201;1;1;1;0;0;1;1;0;0;0;1;23444;0;0;0;0;
554;309;60;-171;-203;1;1;1;0;0;1;1;0;0;0;1;23475;0;0;0;0;
554;309;60;-171;-202;1;1;1;0;0;1;1;0;0;0;1;23506;0;0;0;0;
554;309;59;-174;-207;1;1;1;0;0;1;1;0;0;0;1;23537;0;0;0;0;
554;309;59;-175;-210;1;1;1;0;0;1;1;0;0;0;1;23568;0;0;0;0;
554;309;60;-174;-211;1;1;1;0;0;1;1;0;0;0;1;23599;0;0;0;0;
554;309;59;-176;-214;1;1;1;0;0;1;1;0;0;0;1;23630;0;0;0;0;
554;309;58;-177;-216;1;1;1;0;0;1;1;0;0;0;1;23661;0;0;0;0;
554;309;59;-175;-215;1;1;1;0;0;1;1;0;0;0;1;23692;0;0;0;0;
554;309;57;-176;-216;1;1;1;0;0;1;1;0;0;0;1;23723;0;0;0;0;
554;309;58;-179;-217;1;1;1;0;0;1;1;0;0;0;1;23754;0;0;0;0;
554;309;57;-180;-220;1;1;1;0;0;1;1;0;0;0;1;23785;0;0;0;0;
554;309;57;-180;-223;1;1;1;0;0;1;1;0;0;0;1;23816;0;0;0;0;
554;309;57;-179;-223;1;1;1;0;0;1;1;0;0;0;1;23847;0;0;0;0;
554;309;55;-182;-226;1;1;1;0;0;1;1;0;0;0;1;23878;0;0;0;0;
554;309;57;-184;-226;1;1;1;0;0;1;1;0;0;0;1;23909;0;0;0;0;
554;309;55;-181;-225;1;1;1;0;0;1;1;0;0;0;1;23940;0;0;0;0;
554;309;56;-181;-225;1;1;1;0;0;1;1;0;0;0;1;23971;0;0;0;0;
554;309;55;-183;-226;1;1;1;0;0;1;1;0;0;0;1;24002;0;0;0;0;
554;309;55;-183;-227;1;1;1;0;0;1;1;0;0;0;1;24033;0;0;0;0;
554;309;54;-185;-228;1;1;1;0;0;1;1;0;0;0;1;24064;0;0;0;0;
554;309;54;-186;-230;1;1;1;0;0;1;1;0;0;0;1;24095;0;0;0;0;
554;309;54;-185;-228;1;1;1;0;0;1;1;0;0;0;1;24126;0;0;0;0;
554;309;52;-185;-229;1;1;1;0;0;1;1;0;0;0;1;24157;0;0;0;0;
554;309;51;-187;-230;1;1;1;0;0;1;1;0;0;0;1;24188;0;0;0;0;
554;309;52;-189;-232;1;1;1;0;0;1;1;0;0;0;1;24219;0;0;0;0;
554;309;52;-187;-231;1;1;1;0;0;1;1;0;0;0;1;24250;0;0;0;0;
554;309;50;-190;-234;1;1;1;0;0;1;1;0;0;0;1;24281;0;0;0;0;
554;309;50;-187;-233;1;1;1;0;0;1;1;0;0;0;1;24312;0;0;0;0;
554;309;50;-188;-233;1;1;1;0;0;1;1;0;0;0;1;24343;0;0;0;0;
554;309;50;-190;-235;1;1;1;0;0;1;1;0;0;0;1;24374;0;0;0;0;
554;309;49;-192;-237;1;1;1;0;0;1;1;0;0;0;1;24405;0;0;0;0;
554;309;48;-190;-237;1;1;1;0;0;1;1;0;0;0;1;24436;0;0;0;0;
554;309;48;-192;-238;1;1;1;0;0;1;1;0;0;0;1;24467;0;0;0;0;
554;309;48;-190;-237;1;1;1;0;0;1;1;0;0;0;1;24498;0;0;0;0;
554;309;47;-191;-237;1;1;1;0;0;1;1;0;0;0;1;24529;0;0;0;0;
554;309;47;-193;-240;1;1;1;0;0;1;1;0;0;0;1;24560;0;0;0;0;
554;309;46;-191;-239;1;1;1;0;0;1;1;0;0;0;1;24591;0;0;0;0;
554;309;46;-192;-239;1;1;1;0;0;1;1;0;0;0;1;24622;0;0;0;0;
554;309;44;-193;-241;1;1;1;0;0;1;1;0;0;0;1;24653;0;0;0;0;
554;309;44;-196;-242;1;1;1;0;0;1;1;0;0;0;1;24684;0;0;0;0;
554;309;45;-193;-240;1;1;1;0;0;1;1;0;0;0;1;24715;0;0;0;0;
554;309;43;-194;-241;1;1;1;0;0;1;1;0;0;0;1;24746;0;0;0;0;
554;309;42;-196;-243;1;1;1;0;0;1;1;0;0;0;1;24777;0;0;0;0;
554;309;42;-198;-244;1;1;1;0;0;1;1;0;0;0;1;24808;0;0;0;0;
554;309;40;-197;-243;1;1;1;0;0;1;1;0;0;0;1;24839;0;0;0;0;
554;309;41;-197;-241;1;1;1;0;0;1;1;0;0;0;1;24870;0;0;0;0;
554;309;40;-199;-245;1;1;1;0;0;1;1;0;0;0;1;24901;0;0;0;0;
554;309;40;-198;-246;1;1;1;0;0;1;1;0;0;0;1;24932;0;0;0;0;
554;309;40;-197;-247;1;1;1;0;0;1;1;0;0;0;1;24963;0;0;0;0;
554;309;39;-199;-249;1;1;1;0;0;1;1;0;0;0;1;24994;0;0;0;0;
554;309;36;-200;-251;1;1;1;0;0;1;1;0;0;0;1;25025;0;0;0;0;
554;309;38;-199;-249;1;1;1;0;0;1;1;0;0;0;1;25056;0;0;0;0;
554;309;37;-199;-249;1;1;1;0;0;1;1;0;0;0;1;25087;0;0;0;0;
554;309;35;-200;-250;1;1;1;0;0;1;1;0;0;0;1;25118;0;0;0;0;
554;309;35;-199;-249;2;0;0;0;0;1;1;0;0;0;1;25149;0;0;0;0;
554;309;34;-201;-245;2;0;0;0;0;1;1;0;0;0;1;25180;0;0;0;0;
554;309;33;-200;-234;2;0;0;0;0;1;1;0;0;0;1;25211;0;0;0;0;
554;309;34;-200;-227;2;0;0;0;0;1;1;0;0;0;1;25242;0;0;0;0;
554;309;32;-202;-217;2;0;0;0;0;1;1;0;0;0;1;25273;0;0;0;0;
554;309;32;-203;-208;2;0;0;0;0;1;1;0;0;0;1;25304;0;0;0;0;
554;309;31;-203;-200;2;0;0;0;0;1;1;0;0;0;1;25335;0;0;0;0;
554;309;30;-202;-193;2;0;0;0;0;1;1;0;0;0;1;25366;0;0;0;0;
554;309;31;-201;-187;2;0;0;0;0;1;1;0;0;0;1;25397;0;0;0;0;
554;309;32;-199;-182;2;0;0;0;0;1;1;0;0;0;1;25428;0;0;0;0;
554;309;31;-200;-180;2;0;0;0;0;1;1;0;0;0;1;25459;0;0;0;0;
554;309;31;-198;-178;2;0;0;0;0;1;1;0;0;0;1;25490;0;0;0;0;
554;309;31;-197;-176;2;0;0;0;0;1;1;0;0;0;1;25521;0;0;0;0;
554;309;30;-200;-177;2;0;0;0;0;1;1;0;0;0;1;25552;0;0;0;0;
554;309;30;-197;-175;2;0;0;0;0;1;1;0;0;0;1;25583;0;0;0;0;
554;309;30;-196;-175;2;0;0;0;0;1;1;0;0;0;1;25614;0;0;0;0;
554;309;30;-197;-176;2;0;0;0;0;1;1;0;0;0;1;25645;0;0;0;0;
554;309;30;-195;-175;2;0;0;0;0;1;1;0;0;0;1;25676;0;0;0;0;
554;309;27;-198;-177;2;0;0;0;0;1;1;0;0;0;1;25707;0;0;0;0;
554;309;28;-195;-175;2;0;0;0;0;1;1;0;0;0;1;25738;0;0;0;0;
554;309;28;-196;-177;2;0;0;0;0;1;1;0;0;0;1;25769;0;0;0;0;
554;309;30;-193;-175;2;0;0;0;0;1;1;0;0;0;1;25800;0;0;0;0;
554;309;30;-191;-174;2;0;0;0;0;1;1;0;0;0;1;25831;0;0;0;0;
554;309;29;-192;-175;2;0;0;0;0;1;1;0;0;0;1;25862;0;0;0;0;
554;309;27;-191;-175;2;0;0;0;0;1;1;0;0;0;1;25893;0;0;0;0;
554;309;29;-193;-175;2;0;0;0;0;1;1;0;0;0;1;25924;0;0;0;0;
554;309;28;-191;-175;2;0;0;0;0;1;1;0;0;0;1;25955;0;0;0;0;
554;309;29;-190;-174;2;0;0;0;0;1;1;0;0;0;1;25986;0;0;0;0;
554;309;28;-190;-175;2;0;0;0;0;1;1;0;0;0;1;26017;0;0;0;0;
554;309;30;-188;-172;2;0;0;0;0;1;1;0;0;0;1;26048;0;0;0;0;
554;309;30;-186;-171;2;0;0;0;0;1;1;0;0;0;1;26079;0;0;0;0;
554;309;29;-188;-173;2;0;0;0;0;1;1;0;0;0;1;26110;0;0;0;0;
554;309;27;-187;-173;2;0;0;0;0;1;1;0;0;0;1;26141;0;0;0;0;
554;309;27;-188;-173;2;0;0;0;0;1;1;0;0;0;1;26172;0;0;0;0;
554;309;29;-185;-170;2;0;0;0;0;1;1;0;0;0;1;26203;0;0;0;0;
554;309;30;-184;-170;2;0;0;0;0;1;1;0;0;0;1;26234;0;0;0;0;
554;309;30;-185;-171;2;0;0;0;0;1;1;0;0;0;1;26265;0;0;0;0;
554;309;30;-185;-171;2;0;0;0;0;1;1;0;0;0;1;26296;0;0;0;0;
554;309;29;-183;-170;2;0;0;0;0;1;1;0;0;0;1;26327;0;0;0;0;
554;309;28;-183;-170;2;0;0;0;0;1;1;0;0;0;1;26358;0;0;0;0;
554;309;31;-181;-168;2;0;0;0;0;1;1;0;0;0;1;26389;0;0;0;0;
554;309;30;-181;-169;2;0;0;0;0;1;1;0;0;0;1;26420;0;0;0;0;
554;309;29;-181;-170;2;0;0;0;0;1;1;0;0;0;1;26451;0;0;0;0;
554;309;30;-182;-170;2;0;0;0;0;1;1;0;0;0;1;26482;0;0;0;0;
554;309;30;-180;-167;2;0;0;0;0;1;1;0;0;0;1;26513;0;0;0;0;
554;309;29;-182;-170;2;0;0;0;0;1;1;0;0;0;1;26544;0;0;0;0;
554;309;30;-181;-169;2;0;0;0;0;1;1;0;0;0;1;26575;0;0;0;0;
554;309;28;-180;-169;2;0;0;0;0;1;1;0;0;0;1;26606;0;0;0;0;
554;309;30;-180;-168;2;0;0;0;0;1;1;0;0;0;1;26637;0;0;0;0;
554;309;29;-180;-169;2;0;0;0;0;1;1;0;0;0;1;26668;0;0;0;0;
554;309;29;-180;-168;2;0;0;0;0;1;1;0;0;0;1;26699;0;0;0;0;
554;309;29;-178;-166;2;0;0;0;0;1;1;0;0;0;1;26730;0;0;0;0;
554;309;30;-175;-165;2;0;0;0;0;1;1;0;0;0;1;26761;0;0;0;0;
554;309;30;-178;-166;2;0;0;0;0;1;1;0;0;0;1;26792;0;0;0;0;
554;309;30;-177;-166;2;0;0;0;0;1;1;0;0;0;1;26823;0;0;0;0;
554;309;32;-175;-164;2;0;0;0;0;1;1;0;0;0;1;26854;0;0;0;0;
554;309;30;-175;-165;2;0;0;0;0;1;1;0;0;0;1;26885;0;0;0;0;
554;309;31;-175;-164;2;0;0;0;0;1;1;0;0;0;1;26916;0;0;0;0;
554;309;30;-175;-164;2;0;0;0;0;1;1;0;0;0;1;26947;0;0;0;0;
554;309;31;-174;-164;2;0;0;0;0;1;1;0;0;0;1;26978;0;0;0;0;
554;309;30;-174;-163;2;0;0;0;0;1;1;0;0;0;1;27009;0;0;0;0;
554;309;30;-174;-163;2;0;0;0;0;1;1;0;0;0;1;27040;0;0;0;0;
554;309;30;-173;-163;2;0;0;0;0;1;1;0;0;0;1;27071;0;0;0;0;
554;309;34;-170;-160;2;0;0;0;0;1;1;0;0;0;1;27102;0;0;0;0;
554;309;30;-172;-162;2;0;0;0;0;1;1;0;0;0;1;27133;0;0;0;0;
554;309;30;-173;-163;2;0;0;0;0;1;1;0;0;0;1;27164;0;0;0;0;
554;309;34;-169;-160;2;0;0;0;0;1;1;0;0;0;1;27195;0;0;0;0;
554;309;32;-169;-160;2;0;0;0;0;1;1;0;0;0;1;27226;0;0;0;0;
554;309;32;-170;-160;2;0;0;0;0;1;1;0;0;0;1;27257;0;0;0;0;
554;309;31;-170;-160;2;0;0;0;0;1;1;0;0;0;1;27288;0;0;0;0;
554;309;33;-167;-158;2;0;0;0;0;1;1;0;0;0;1;27319;0;0;0;0;
554;309;34;-167;-159;2;1;1;0;0;1;1;0;0;0;1;27350;0;0;0;0;
554;309;32;-168;-173;2;1;1;0;0;1;1;0;0;0;1;27381;0;0;0;0;
554;309;34;-167;-191;2;1;1;0;0;1;1;0;0;0;1;27412;0;0;0;0;
554;309;33;-167;-201;2;1;1;0;0;1;1;0;0;0;1;27443;0;0;0;0;
554;309;33;-169;-209;2;1;1;0;0;1;1;0;0;0;1;27474;0;0;0;0;
554;309;34;-172;-215;2;1;1;0;0;1;1;0;0;0;1;27505;0;0;0;0;
554;309;34;-174;-222;2;1;1;0;0;1;1;0;0;0;1;27536;0;0;0;0;
554;309;34;-175;-227;2;1;1;0;0;1;1;0;0;0;1;27567;0;0;0;0;
554;309;34;-177;-231;2;1;1;0;0;1;1;0;0;0;1;27598;0;0;0;0;
554;309;34;-178;-234;2;1;1;0;0;1;1;0;0;0;1;27629;0;0;0;0;
554;309;34;-182;-241;2;1;1;0;0;1;1;0;0;0;1;27660;0;0;0;0;
554;309;35;-182;-244;2;1;1;0;0;1;1;0;0;0;1;27691;0;0;0;0;
554;309;34;-184;-247;2;1;1;0;0;1;1;0;0;0;1;27722;0;0;0;0;
554;309;34;-187;-251;2;1;1;0;0;1;1;0;0;0;1;27753;0;0;0;0;
554;309;35;-187;-251;2;1;1;0;0;1;1;0;0;0;1;27784;0;0;0;0;
554;309;35;-190;-257;2;1;1;0;0;1;1;0;0;0;1;27815;0;0;0;0;
554;309;35;-191;-259;2;1;1;0;0;1;1;0;0;0;1;27846;0;0;0;0;
554;309;35;-192;-264;2;1;1;0;0;1;1;0;0;0;1;27877;0;0;0;0;
554;309;35;-196;-268;2;1;1;0;0;1;1;0;0;0;1;27908;0;0;0;0;
554;309;35;-199;-270;2;1;1;0;0;1;1;0;0;0;1;27939;0;0;0;0;
554;309;35;-198;-274;2;0;0;0;0;1;1;0;0;0;1;27970;0;0;0;0;
554;309;36;-200;-267;2;0;0;0;0;1;1;0;0;0;1;28001;0;0;0;0;
554;309;35;-200;-257;2;0;0;0;0;1;1;0;0;0;1;28032;0;0;0;0;
554;309;35;-201;-252;2;0;0;0;0;1;1;0;0;0;1;28063;0;0;0;0;
554;309;37;-200;-242;2;0;0;0;0;1;1;0;0;0;1;28094;0;0;0;0;
554;309;36;-200;-232;2;0;0;0;0;1;1;0;0;0;1;28125;0;0;0;0;
554;309;37;-199;-224;2;0;0;0;0;1;1;0;0;0;1;28156;0;0;0;0;
554;309;37;-199;-217;2;0;0;0;0;1;1;0;0;0;1;28187;0;0;0;0;
554;309;38;-198;-211;2;0;0;0;0;1;1;0;0;0;1;28218;0;0;0;0;
554;309;36;-200;-209;2;0;0;0;0;1;1;0;0;0;1;28249;0;0;0;0;
554;309;35;-200;-207;2;0;0;0;0;1;1;0;0;0;1;28280;0;0;0;0;
554;309;38;-200;-203;2;0;0;0;0;1;1;0;0;0;1;28311;0;0;0;0;
554;309;38;-198;-201;2;0;0;0;0;1;1;0;0;0;1;28342;0;0;0;0;
554;309;37;-200;-202;2;0;0;0;0;1;1;0;0;0;1;28373;0;0;0;0;
554;309;38;-198;-200;2;0;0;0;0;1;1;0;0;0;1;28404;0;0;0;0;
554;309;40;-200;-200;2;0;0;0;0;1;1;0;0;0;1;28435;0;0;0;0;
554;309;39;-199;-200;2;0;0;0;0;1;1;0;0;0;1;28466;0;0;0;0;
554;309;40;-196;-198;2;0;0;0;0;1;1;0;0;0;1;28497;0;0;0;0;
554;309;39;-199;-200;2;0;0;0;0;1;1;0;0;0;1;28528;0;0;0;0;
554;309;39;-195;-197;2;0;0;0;0;1;1;0;0;0;1;28559;0;0;0;0;
554;309;40;-195;-197;2;0;0;0;0;1;1;0;0;0;1;28590;0;0;0;0;
554;309;39;-197;-199;2;0;0;0;0;1;1;0;0;0;1;28621;0;0;0;0;
554;309;40;-194;-196;2;0;0;0;0;1;1;0;0;0;1;28652;0;0;0;0;
554;309;41;-192;-195;2;0;0;0;0;1;1;0;0;0;1;28683;0;0;0;0;
554;309;40;-195;-196;2;0;0;0;0;1;1;0;0;0;1;28714;0;0;0;0;
554;309;40;-192;-195;2;0;0;0;0;1;1;0;0;0;1;28745;0;0;0;0;
554;309;41;-191;-194;2;0;0;0;0;1;1;0;0;0;1;28776;0;0;0;0;
554;309;40;-192;-194;2;0;0;0;0;1;1;0;0;0;1;28807;0;0;0;0;
554;309;41;-191;-194;2;0;0;0;0;1;1;0;0;0;1;28838;0;0;0;0;
554;309;41;-190;-193;2;0;0;0;0;1;1;0;0;0;1;28869;0;0;0;0;
554;309;42;-190;-192;2;0;0;0;0;1;1;0;0;0;1;28900;0;0;0;0;
554;309;42;-190;-193;2;0;0;0;0;1;1;0;0;0;1;28931;0;0;0;0;
554;309;41;-190;-192;2;0;0;0;0;1;1;0;0;0;1;28962;0;0;0;0;
554;309;42;-190;-192;2;0;0;0;0;1;1;0;0;0;1;28993;0;0;0;0;
554;309;43;-189;-191;2;0;0;0;0;1;1;0;0;0;1;29024;0;0;0;0;
554;309;43;-188;-190;2;0;0;0;0;1;1;0;0;0;1;29055;0;0;0;0;
554;309;43;-188;-190;2;0;0;0;0;1;1;0;0;0;1;29086;0;0;0;0;
554;309;44;-186;-189;2;0;0;0;0;1;1;0;0;0;1;29117;0;0;0;0;
554;309;44;-186;-189;2;0;0;0;0;1;1;0;0;0;1;29148;0;0;0;0;
554;309;43;-188;-190;2;0;0;0;0;1;1;0;0;0;1;29179;0;0;0;0;
554;309;43;-188;-190;2;0;0;0;0;1;1;0;0;0;1;29210;0;0;0;0;
554;309;44;-186;-188;2;0;0;0;0;1;1;0;0;0;1;29241;0;0;0;0;
554;309;43;-187;-189;2;0;0;0;0;1;1;0;0;0;1;29272;0;0;0;0;
554;309;43;-186;-188;2;0;0;0;0;1;1;0;0;0;1;29303;0;0;0;0;
554;309;44;-185;-186;2;0;0;0;0;1;1;0;0;0;1;29334;0;0;0;0;
554;309;43;-184;-186;2;0;0;0;0;1;1;0;0;0;1;29365;0;0;0;0;
554;309;43;-186;-187;2;0;0;0;0;1;1;0;0;0;1;29396;0;0;0;0;
554;309;43;-186;-187;2;0;0;0;0;1;1;0;0;0;1;29427;0;0;0;0;
554;309;46;-183;-185;2;0;0;0;0;1;1;0;0;0;1;29458;0;0;0;0;
554;309;43;-185;-186;2;0;0;0;0;1;1;0;0;0;1;29489;0;0;0;0;
554;309;44;-184;-185;2;0;0;0;0;1;1;0;0;0;1;29520;0;0;0;0;
