554;309;99;-296;-293;1;1;1;0;0;1;1;0;0;0;0;251;0;0;0;0;
554;309;100;-292;-290;1;1;1;0;0;1;1;0;0;0;0;282;0;0;0;0;
554;309;99;-293;-298;1;1;1;0;0;1;1;0;0;0;0;313;0;0;0;0;
554;309;99;-294;-302;1;1;1;0;0;1;1;0;0;0;0;344;0;0;0;0;
554;309;98;-294;-304;1;1;1;0;0;1;1;0;0;0;0;375;0;0;0;0;
554;309;97;-294;-303;1;1;1;0;0;1;1;0;0;0;0;406;0;0;0;0;
554;309;98;-292;-299;1;1;1;0;0;1;1;0;0;0;0;437;0;0;0;0;
554;309;98;-290;-298;1;1;1;0;0;1;1;0;0;0;0;468;0;0;0;0;
554;309;97;-290;-297;1;1;1;0;0;1;1;0;0;0;0;499;0;0;0;0;
554;309;95;-293;-298;1;1;1;0;0;1;1;0;0;0;0;530;0;0;0;0;
554;309;95;-290;-297;1;1;1;0;0;1;1;0;0;0;0;561;0;0;0;0;
554;309;95;-289;-296;1;1;1;0;0;1;1;0;0;0;0;592;0;0;0;0;
554;309;94;-288;-296;1;1;1;0;0;1;1;0;0;0;0;623;0;0;0;0;
554;309;92;-292;-299;1;1;1;0;0;1;1;0;0;0;0;654;0;0;0;0;
554;309;93;-289;-298;1;1;1;0;0;1;1;0;0;0;0;685;0;0;0;0;
554;309;91;-288;-299;1;1;1;0;0;1;1;0;0;0;0;716;0;0;0;0;
554;309;90;-290;-302;1;1;1;0;0;1;1;0;0;0;0;747;0;0;0;0;
554;309;90;-289;-300;1;1;1;0;0;1;1;0;0;0;0;778;0;0;0;0;
554;309;89;-289;-299;1;1;1;0;0;1;1;0;0;0;0;809;0;0;0;0;
554;309;89;-286;-298;1;1;1;0;0;1;1;0;0;0;0;840;0;0;0;0;
554;309;87;-285;-298;1;1;1;0;0;1;1;0;0;0;0;871;0;0;0;0;
554;309;86;-285;-298;1;1;1;0;0;1;1;0;0;0;0;902;0;0;0;0;
554;309;85;-284;-297;1;1;1;0;0;1;1;0;0;0;0;933;0;0;0;0;
554;309;83;-285;-297;1;1;1;0;0;1;1;0;0;0;0;964;0;0;0;0;
554;309;82;-284;-296;1;1;1;0;0;1;1;0;0;0;0;995;0;0;0;0;
554;309;80;-285;-297;1;1;1;0;0;1;1;0;0;0;0;1026;0;0;0;0;
554;309;81;-283;-295;1;1;1;0;0;1;1;0;0;0;0;1057;0;0;0;0;
554;309;79;-285;-297;1;1;1;0;0;1;1;0;0;0;0;1088;0;0;0;0;
554;309;80;-284;-296;1;1;1;0;0;1;1;0;0;0;0;1119;0;0;0;0;
554;309;78;-283;-294;1;1;1;0;0;1;1;0;0;0;0;1150;0;0;0;0;
554;309;77;-280;-293;1;1;1;0;0;1;1;0;0;0;0;1181;0;0;0;0;
554;309;75;-279;-292;1;1;1;0;0;1;1;0;0;0;0;1212;0;0;0;0;
554;309;75;-280;-292;1;1;1;0;0;1;1;0;0;0;0;1243;0;0;0;0;
554;309;75;-280;-293;1;1;1;0;0;1;1;0;0;0;0;1274;0;0;0;0;
554;309;73;-278;-290;1;1;1;0;0;1;1;0;0;0;0;1305;0;0;0;0;
554;309;72;-279;-292;1;1;1;0;0;1;1;0;0;0;0;1336;0;0;0;0;
554;309;70;-279;-292;1;1;1;0;0;1;1;0;0;0;0;1367;0;0;0;0;
554;309;70;-277;-290;1;1;1;0;0;1;1;0;0;0;0;1398;0;0;0;0;
554;309;69;-276;-289;1;1;1;0;0;1;1;0;0;0;0;1429;0;0;0;0;
554;309;68;-277;-289;1;1;1;0;0;1;1;0;0;0;0;1460;0;0;0;0;
554;309;67;-278;-290;1;1;1;0;0;1;1;0;0;0;0;1491;0;0;0;0;
554;309;65;-277;-289;1;1;1;0;0;1;1;0;0;0;0;1522;0;0;0;0;
554;309;64;-275;-289;1;1;1;0;0;1;1;0;0;0;0;1553;0;0;0;0;
554;309;62;-276;-289;1;1;1;0;0;1;1;0;0;0;0;1584;0;0;0;0;
554;309;62;-274;-288;1;1;1;0;0;1;1;0;0;0;0;1615;0;0;0;0;
554;309;60;-276;-288;1;1;1;0;0;1;1;0;0;0;0;1646;0;0;0;0;
554;309;59;-276;-288;1;1;1;0;0;1;1;0;0;0;0;1677;0;0;0;0;
554;309;59;-275;-288;1;1;1;0;0;1;1;0;0;0;0;1708;0;0;0;0;
554;309;57;-272;-287;1;1;1;0;0;1;1;0;0;0;0;1739;0;0;0;0;
554;309;57;-273;-288;1;1;1;0;0;1;1;0;0;0;0;1770;0;0;0;0;
554;309;56;-270;-287;1;1;1;0;0;1;1;0;0;0;0;1801;0;0;0;0;
554;309;54;-274;-289;1;1;1;0;0;1;1;0;0;0;0;1832;0;0;0;0;
554;309;53;-274;-289;1;1;1;0;0;1;1;0;0;0;0;1863;0;0;0;0;
554;309;53;-270;-288;1;1;1;0;0;1;1;0;0;0;0;1894;0;0;0;0;
554;309;51;-270;-288;1;1;1;0;0;1;1;0;0;0;0;1925;0;0;0;0;
554;309;50;-270;-287;1;1;1;0;0;1;1;0;0;0;0;1956;0;0;0;0;
554;309;49;-272;-288;1;1;1;0;0;1;1;0;0;0;0;1987;0;0;0;0;
554;309;48;-272;-288;1;1;1;0;0;1;1;0;0;0;0;2018;0;0;0;0;
554;309;48;-268;-286;1;1;1;0;0;1;1;0;0;0;0;2049;0;0;0;0;
554;309;46;-269;-287;1;1;1;0;0;1;1;0;0;0;0;2080;0;0;0;0;
554;309;46;-267;-285;1;1;1;0;0;1;1;0;0;0;0;2111;0;0;0;0;
554;309;46;-266;-284;1;1;1;0;0;1;1;0;0;0;0;2142;0;0;0;0;
554;309;43;-267;-284;1;1;1;0;0;1;1;0;0;0;0;2173;0;0;0;0;
554;309;43;-266;-284;1;1;1;0;0;1;1;0;0;0;0;2204;0;0;0;0;
554;309;43;-266;-284;1;1;1;0;0;1;1;0;0;0;0;2235;0;0;0;0;
554;309;40;-268;-286;1;1;1;0;0;1;1;0;0;0;0;2266;0;0;0;0;
554;309;40;-265;-284;1;1;1;0;0;1;1;0;0;0;0;2297;0;0;0;0;
554;309;40;-268;-286;1;1;1;0;0;1;1;0;0;0;0;2328;0;0;0;0;
554;309;39;-265;-283;1;1;1;0;0;1;1;0;0;0;0;2359;0;0;0;0;
554;309;38;-267;-284;1;1;1;0;0;1;1;0;0;0;0;2390;0;0;0;0;
554;309;36;-264;-283;1;1;1;0;0;1;1;0;0;0;0;2421;0;0;0;0;
554;309;35;-265;-284;1;1;1;0;0;1;1;0;0;0;0;2452;0;0;0;0;
554;309;34;-267;-284;2;0;0;0;0;1;1;0;0;0;0;2483;0;0;0;0;
554;309;34;-266;-279;2;0;0;0;0;1;1;0;0;0;0;2514;0;0;0;0;
554;309;34;-266;-272;2;0;0;0;0;1;1;0;0;0;0;2545;0;0;0;0;
554;309;32;-266;-267;2;0;0;0;0;1;1;0;0;0;0;2576;0;0;0;0;
554;309;32;-266;-258;2;0;0;0;0;1;1;0;0;0;0;2607;0;0;0;0;
554;309;32;-266;-247;2;0;0;0;0;1;1;0;0;0;0;2638;0;0;0;0;
554;309;33;-262;-235;2;0;0;0;0;1;1;0;0;0;0;2669;0;0;0;0;
554;309;33;-262;-230;2;0;0;0;0;1;1;0;0;0;0;2700;0;0;0;0;
554;309;32;-260;-224;2;0;0;0;0;1;1;0;0;0;0;2731;0;0;0;0;
554;309;32;-256;-219;2;0;0;0;0;1;1;0;0;0;0;2762;0;0;0;0;
554;309;32;-255;-215;2;0;0;0;0;1;1;0;0;0;0;2793;0;0;0;0;
554;309;33;-256;-215;2;0;0;0;0;1;1;0;0;0;0;2824;0;0;0;0;
554;309;34;-252;-211;2;0;0;0;0;1;1;0;0;0;0;2855;0;0;0;0;
554;309;30;-254;-214;2;0;0;0;0;1;1;0;0;0;0;2886;0;0;0;0;
554;309;32;-254;-214;2;0;0;0;0;1;1;0;0;0;0;2917;0;0;0;0;
554;309;32;-252;-213;2;0;0;0;0;1;1;0;0;0;0;2948;0;0;0;0;
554;309;33;-248;-212;2;0;0;0;0;1;1;0;0;0;0;2979;0;0;0;0;
554;309;32;-247;-212;2;0;0;0;0;1;1;0;0;0;0;3010;0;0;0;0;
554;309;33;-246;-212;2;0;0;0;0;1;1;0;0;0;0;3041;0;0;0;0;
554;309;33;-247;-215;2;0;0;0;0;1;1;0;0;0;0;3072;0;0;0;0;
554;309;32;-247;-215;2;0;0;0;0;1;1;0;0;0;0;3103;0;0;0;0;
554;309;33;-243;-212;2;0;0;0;0;1;1;0;0;0;0;3134;0;0;0;0;
554;309;34;-245;-214;2;0;0;0;0;1;1;0;0;0;0;3165;0;0;0;0;
554;309;34;-242;-212;2;0;0;0;0;1;1;0;0;0;0;3196;0;0;0;0;
554;309;35;-243;-214;2;0;0;0;0;1;1;0;0;0;0;3227;0;0;0;0;
554;309;34;-243;-214;2;0;0;0;0;1;1;0;0;0;0;3258;0;0;0;0;
554;309;35;-240;-213;2;0;0;0;0;1;1;0;0;0;0;3289;0;0;0;0;
554;309;34;-238;-212;2;0;0;0;0;1;1;0;0;0;0;3320;0;0;0;0;
554;309;35;-240;-212;2;0;0;0;0;1;1;0;0;0;0;3351;0;0;0;0;
554;309;35;-238;-213;2;0;0;0;0;1;1;0;0;0;0;3382;0;0;0;0;
554;309;35;-237;-213;2;0;0;0;0;1;1;0;0;0;0;3413;0;0;0;0;
554;309;37;-237;-213;2;0;0;0;0;1;1;0;0;0;0;3444;0;0;0;0;
554;309;35;-236;-212;2;0;0;0;0;1;1;0;0;0;0;3475;0;0;0;0;
554;309;35;-237;-214;2;0;0;0;0;1;1;0;0;0;0;3506;0;0;0;0;
554;309;36;-237;-214;2;0;0;0;0;1;1;0;0;0;0;3537;0;0;0;0;
554;309;37;-235;-212;2;0;0;0;0;1;1;0;0;0;0;3568;0;0;0;0;
554;309;37;-234;-211;2;0;0;0;0;1;1;0;0;0;0;3599;0;0;0;0;
554;309;36;-235;-213;2;0;0;0;0;1;1;0;0;0;0;3630;0;0;0;0;
554;309;37;-231;-211;2;0;0;0;0;1;1;0;0;0;0;3661;0;0;0;0;
554;309;39;-234;-212;2;0;0;0;0;1;1;0;0;0;0;3692;0;0;0;0;
554;309;39;-231;-211;2;0;0;0;0;1;1;0;0;0;0;3723;0;0;0;0;
554;309;36;-231;-211;2;0;0;0;0;1;1;0;0;0;0;3754;0;0;0;0;
554;309;37;-230;-210;2;0;0;0;0;1;1;0;0;0;0;3785;0;0;0;0;
554;309;39;-231;-212;2;0;0;0;0;1;1;0;0;0;0;3816;0;0;0;0;
554;309;37;-231;-213;2;0;0;0;0;1;1;0;0;0;0;3847;0;0;0;0;
554;309;37;-230;-212;2;0;0;0;0;1;1;0;0;0;0;3878;0;0;0;0;
554;309;39;-230;-211;2;0;0;0;0;1;1;0;0;0;0;3909;0;0;0;0;
554;309;38;-230;-212;2;0;0;0;0;1;1;0;0;0;0;3940;0;0;0;0;
554;309;37;-230;-212;2;0;0;0;0;1;1;0;0;0;0;3971;0;0;0;0;
554;309;40;-226;-209;2;0;0;0;0;1;1;0;0;0;0;4002;0;0;0;0;
554;309;39;-229;-210;2;0;0;0;0;1;1;0;0;0;0;4033;0;0;0;0;
554;309;41;-227;-210;2;0;0;0;0;1;1;0;0;0;0;4064;0;0;0;0;
554;309;40;-228;-211;2;0;0;0;0;1;1;0;0;0;0;4095;0;0;0;0;
554;309;40;-226;-210;2;0;0;0;0;1;1;0;0;0;0;4126;0;0;0;0;
554;309;39;-227;-211;2;0;0;0;0;1;1;0;0;0;0;4157;0;0;0;0;
554;309;39;-226;-210;2;0;0;0;0;1;1;0;0;0;0;4188;0;0;0;0;
554;309;40;-225;-210;2;0;0;0;0;1;1;0;0;0;0;4219;0;0;0;0;
554;309;42;-224;-209;2;0;0;0;0;1;1;0;0;0;0;4250;0;0;0;0;
554;309;41;-222;-207;2;0;0;0;0;1;1;0;0;0;0;4281;0;0;0;0;
554;309;40;-224;-210;2;0;0;0;0;1;1;0;0;0;0;4312;0;0;0;0;
554;309;42;-220;-207;2;0;0;0;0;1;1;0;0;0;0;4343;0;0;0;0;
554;309;42;-219;-207;2;0;0;0;0;1;1;0;0;0;0;4374;0;0;0;0;
554;309;43;-220;-206;2;0;0;0;0;1;1;0;0;0;0;4405;0;0;0;0;
554;309;41;-220;-207;2;0;0;0;0;1;1;0;0;0;0;4436;0;0;0;0;
554;309;43;-220;-207;2;0;0;0;0;1;1;0;0;0;0;4467;0;0;0;0;
554;309;43;-218;-206;2;0;0;0;0;1;1;0;0;0;0;4498;0;0;0;0;
554;309;43;-220;-207;2;0;0;0;0;1;1;0;0;0;0;4529;0;0;0;0;
554;309;43;-217;-205;2;0;0;0;0;1;1;0;0;0;0;4560;0;0;0;0;
554;309;43;-219;-206;2;0;0;0;0;1;1;0;0;0;0;4591;0;0;0;0;
554;309;45;-216;-205;2;0;0;0;0;1;1;0;0;0;0;4622;0;0;0;0;
554;309;44;-215;-204;2;0;0;0;0;1;1;0;0;0;0;4653;0;0;0;0;
554;309;44;-215;-204;2;0;0;0;0;1;1;0;0;0;0;4684;0;0;0;0;
554;309;46;-214;-202;2;0;0;0;0;1;1;0;0;0;0;4715;0;0;0;0;
554;309;44;-216;-205;2;0;0;0;0;1;1;0;0;0;0;4746;0;0;0;0;
554;309;46;-215;-204;2;0;0;0;0;1;1;0;0;0;0;4777;0;0;0;0;
554;309;46;-214;-203;2;0;0;0;0;1;1;0;0;0;0;4808;0;0;0;0;
554;309;43;-215;-205;2;0;0;0;0;1;1;0;0;0;0;4839;0;0;0;0;
554;309;45;-215;-205;2;0;0;0;0;1;1;0;0;0;0;4870;0;0;0;0;
554;309;46;-212;-202;2;0;0;0;0;1;1;0;0;0;0;4901;0;0;0;0;
554;309;45;-211;-201;2;0;0;0;0;1;1;0;0;0;0;4932;0;0;0;0;
554;309;46;-212;-202;2;0;0;0;0;1;1;0;0;0;0;4963;0;0;0;0;
554;309;46;-212;-202;2;0;0;0;0;1;1;0;0;0;0;4994;0;0;0;0;
554;309;48;-211;-201;2;0;0;0;0;1;1;0;0;0;0;5025;0;0;0;0;
554;309;46;-210;-201;2;0;0;0;0;1;1;0;0;0;0;5056;0;0;0;0;
554;309;45;-213;-202;2;0;0;0;0;1;1;0;0;0;0;5087;0;0;0;0;
554;309;46;-212;-202;2;0;0;0;0;1;1;0;0;0;0;5118;0;0;0;0;
554;309;46;-208;-200;2;0;0;0;0;1;1;0;0;0;0;5149;0;0;0;0;
554;309;46;-212;-202;2;0;0;0;0;1;1;0;0;0;0;5180;0;0;0;0;
554;309;47;-210;-200;2;0;0;0;0;1;1;0;0;0;0;5211;0;0;0;0;
554;309;47;-207;-200;2;0;0;0;0;1;1;0;0;0;0;5242;0;0;0;0;
554;309;47;-207;-200;2;0;0;0;0;1;1;0;0;0;0;5273;0;0;0;0;
554;309;50;-207;-200;2;0;0;0;0;1;1;0;0;0;0;5304;0;0;0;0;
554;309;50;-207;-200;2;0;0;0;0;1;1;0;0;0;0;5335;0;0;0;0;
554;309;50;-207;-199;2;0;0;0;0;1;1;0;0;0;0;5366;0;0;0;0;
554;309;49;-206;-198;2;0;0;0;0;1;1;0;0;0;0;5397;0;0;0;0;
554;309;51;-204;-198;2;0;0;0;0;1;1;0;0;0;0;5428;0;0;0;0;
554;309;50;-207;-199;2;0;0;0;0;1;1;0;0;0;0;5459;0;0;0;0;
554;309;49;-205;-198;2;0;0;0;0;1;1;0;0;0;0;5490;0;0;0;0;
554;309;49;-206;-199;2;0;0;0;0;1;1;0;0;0;0;5521;0;0;0;0;
554;309;50;-205;-198;2;0;0;0;0;1;1;0;0;0;0;5552;0;0;0;0;
554;309;51;-203;-196;2;0;0;0;0;1;1;0;0;0;0;5583;0;0;0;0;
554;309;49;-206;-199;2;0;0;0;0;1;1;0;0;0;0;5614;0;0;0;0;
554;309;51;-202;-195;2;0;0;0;0;1;1;0;0;0;0;5645;0;0;0;0;
554;309;50;-202;-197;2;0;0;0;0;1;1;0;0;0;0;5676;0;0;0;0;
554;309;51;-202;-197;2;0;0;0;0;1;1;0;0;0;0;5707;0;0;0;0;
554;309;51;-201;-195;2;0;0;0;0;1;1;0;0;0;0;5738;0;0;0;0;
554;309;50;-202;-197;2;0;0;0;0;1;1;0;0;0;0;5769;0;0;0;0;
554;309;51;-203;-197;2;0;0;0;0;1;1;0;0;0;0;5800;0;0;0;0;
554;309;51;-202;-195;2;0;0;0;0;1;1;0;0;0;0;5831;0;0;0;0;
554;309;54;-200;-194;2;0;0;0;0;1;1;0;0;0;0;5862;0;0;0;0;
554;309;53;-198;-193;2;0;0;0;0;1;1;0;0;0;0;5893;0;0;0;0;
554;309;52;-200;-195;2;0;0;0;0;1;1;0;0;0;0;5924;0;0;0;0;
554;309;53;-200;-195;2;0;0;0;0;1;1;0;0;0;0;5955;0;0;0;0;
554;309;55;-199;-193;2;0;0;0;0;1;1;0;0;0;0;5986;0;0;0;0;
554;309;53;-200;-194;2;0;0;0;0;1;1;0;0;0;0;6017;0;0;0;0;
554;309;55;-200;-193;2;0;0;0;0;1;1;0;0;0;0;6048;0;0;0;0;
554;309;54;-198;-193;2;0;0;0;0;1;1;0;0;0;0;6079;0;0;0;0;
554;309;54;-200;-193;2;0;0;0;0;1;1;0;0;0;0;6110;0;0;0;0;
554;309;53;-198;-192;2;0;0;0;0;1;1;0;0;0;0;6141;0;0;0;0;
554;309;55;-196;-191;2;0;0;0;0;1;1;0;0;0;0;6172;0;0;0;0;
554;309;54;-196;-191;2;0;0;0;0;1;1;0;0;0;0;6203;0;0;0;0;
554;309;54;-198;-192;2;0;0;0;0;1;1;0;0;0;0;6234;0;0;0;0;
554;309;55;-198;-193;2;0;0;0;0;1;1;0;0;0;0;6265;0;0;0;0;
554;309;54;-198;-192;2;0;0;0;0;1;1;0;0;0;0;6296;0;0;0;0;
554;309;56;-196;-192;2;0;0;0;0;1;1;0;0;0;0;6327;0;0;0;0;
554;309;55;-195;-190;2;0;0;0;0;1;1;0;0;0;0;6358;0;0;0;0;
554;309;56;-196;-191;2;0;0;0;0;1;1;0;0;0;0;6389;0;0;0;0;
554;309;55;-193;-190;2;0;0;0;0;1;1;0;0;0;0;6420;0;0;0;0;
554;309;55;-196;-191;2;0;0;0;0;1;1;0;0;0;0;6451;0;0;0;0;
554;309;55;-194;-190;2;0;0;0;0;1;1;0;0;0;0;6482;0;0;0;0;
554;309;56;-193;-190;2;0;0;0;0;1;1;0;0;0;0;6513;0;0;0;0;
554;309;58;-190;-188;2;0;0;0;0;1;1;0;0;0;0;6544;0;0;0;0;
554;309;57;-191;-189;2;0;0;0;0;1;1;0;0;0;0;6575;0;0;0;0;
554;309;57;-193;-189;2;0;0;0;0;1;1;0;0;0;0;6606;0;0;0;0;
554;309;57;-190;-188;3;1;1;0;0;1;1;0;0;0;0;6637;0;0;0;0;
554;309;58;-191;-194;1;1;1;0;0;1;1;0;0;0;0;6668;0;0;0;0;
554;309;57;-193;-213;1;1;1;0;0;1;1;0;0;0;0;6699;0;0;0;0;
554;309;58;-199;-227;1;1;1;0;0;1;1;0;0;0;0;6730;0;0;0;0;
554;309;57;-200;-230;1;1;1;0;0;1;1;0;0;0;0;6761;0;0;0;0;
554;309;57;-202;-231;1;1;1;0;0;1;1;0;0;0;0;6792;0;0;0;0;
554;309;57;-202;-231;1;1;1;0;0;1;1;0;0;0;0;6823;0;0;0;0;
554;309;58;-203;-233;1;1;1;0;0;1;1;0;0;0;0;6854;0;0;0;0;
554;309;57;-203;-234;1;1;1;0;0;1;1;0;0;0;0;6885;0;0;0;0;
554;309;58;-206;-237;1;1;1;0;0;1;1;0;0;0;0;6916;0;0;0;0;
554;309;57;-208;-238;1;1;1;0;0;1;1;0;0;0;0;6947;0;0;0;0;
554;309;58;-206;-237;1;1;1;0;0;1;1;0;0;0;0;6978;0;0;0;0;
554;309;57;-209;-239;1;1;1;0;0;1;1;0;0;0;0;7009;0;0;0;0;
554;309;56;-210;-242;1;1;1;0;0;1;1;0;0;0;0;7040;0;0;0;0;
554;309;58;-210;-242;1;1;1;0;0;1;1;0;0;0;0;7071;0;0;0;0;
554;309;57;-210;-242;1;1;1;0;0;1;1;0;0;0;0;7102;0;0;0;0;
554;309;57;-210;-243;1;1;1;0;0;1;1;0;0;0;0;7133;0;0;0;0;
554;309;56;-213;-245;1;1;1;0;0;1;1;0;0;0;0;7164;0;0;0;0;
554;309;55;-213;-244;1;1;1;0;0;1;1;0;0;0;0;7195;0;0;0;0;
554;309;55;-213;-245;1;1;1;0;0;1;1;0;0;0;0;7226;0;0;0;0;
554;309;55;-212;-244;1;1;1;0;0;1;1;0;0;0;0;7257;0;0;0;0;
554;309;57;-212;-245;1;1;1;0;0;1;1;0;0;0;0;7288;0;0;0;0;
554;309;55;-214;-246;1;1;1;0;0;1;1;0;0;0;0;7319;0;0;0;0;
554;309;55;-214;-246;1;1;1;0;0;1;1;0;0;0;0;7350;0;0;0;0;
554;309;53;-216;-248;1;1;1;0;0;1;1;0;0;0;0;7381;0;0;0;0;
554;309;53;-216;-250;1;1;1;0;0;1;1;0;0;0;0;7412;0;0;0;0;
554;309;53;-215;-249;1;1;1;0;0;1;1;0;0;0;0;7443;0;0;0;0;
554;309;53;-215;-249;1;1;1;0;0;1;1;0;0;0;0;7474;0;0;0;0;
554;309;52;-215;-250;1;1;1;0;0;1;1;0;0;0;0;7505;0;0;0;0;
554;309;51;-218;-251;1;1;1;0;0;1;1;0;0;0;0;7536;0;0;0;0;
554;309;51;-219;-252;1;1;1;0;0;1;1;0;0;0;0;7567;0;0;0;0;
554;309;50;-219;-253;1;1;1;0;0;1;1;0;0;0;0;7598;0;0;0;0;
554;309;49;-219;-253;1;1;1;0;0;1;1;0;0;0;0;7629;0;0;0;0;
554;309;50;-217;-252;1;1;1;0;0;1;1;0;0;0;0;7660;0;0;0;0;
554;309;50;-218;-253;1;1;1;0;0;1;1;0;0;0;0;7691;0;0;0;0;
554;309;48;-218;-254;1;1;1;0;0;1;1;0;0;0;0;7722;0;0;0;0;
554;309;47;-219;-255;1;1;1;0;0;1;1;0;0;0;0;7753;0;0;0;0;
554;309;46;-221;-258;1;1;1;0;0;1;1;0;0;0;0;7784;0;0;0;0;
554;309;46;-219;-257;1;1;1;0;0;1;1;0;0;0;0;7815;0;0;0;0;
554;309;46;-219;-257;1;1;1;0;0;1;1;0;0;0;0;7846;0;0;0;0;
554;309;44;-221;-258;1;1;1;0;0;1;1;0;0;0;0;7877;0;0;0;0;
554;309;45;-221;-258;1;1;1;0;0;1;1;0;0;0;0;7908;0;0;0;0;
554;309;44;-220;-259;1;1;1;0;0;1;1;0;0;0;0;7939;0;0;0;0;
554;309;43;-221;-259;1;1;1;0;0;1;1;0;0;0;0;7970;0;0;0;0;
554;309;43;-221;-259;1;1;1;0;0;1;1;0;0;0;0;8001;0;0;0;0;
554;309;40;-223;-262;1;1;1;0;0;1;1;0;0;0;0;8032;0;0;0;0;
554;309;40;-223;-260;1;1;1;0;0;1;1;0;0;0;0;8063;0;0;0;0;
554;309;40;-224;-262;1;1;1;0;0;1;1;0;0;0;0;8094;0;0;0;0;
554;309;40;-221;-259;1;1;1;0;0;1;1;0;0;0;0;8125;0;0;0;0;
554;309;39;-224;-260;1;1;1;0;0;1;1;0;0;0;0;8156;0;0;0;0;
554;309;39;-224;-260;1;1;1;0;0;1;1;0;0;0;0;8187;0;0;0;0;
554;309;39;-222;-259;1;1;1;0;0;1;1;0;0;0;0;8218;0;0;0;0;
554;309;38;-223;-259;1;1;1;0;0;1;1;0;0;0;0;8249;0;0;0;0;
554;309;36;-223;-260;1;1;1;0;0;1;1;0;0;0;0;8280;0;0;0;0;
554;309;35;-223;-262;4;0;0;0;0;1;1;0;0;0;0;8311;0;0;0;0;
554;309;35;-223;-254;2;0;0;0;0;1;1;0;0;0;0;8342;0;0;0;0;
554;309;35;-222;-245;2;0;0;0;0;1;1;0;0;0;0;8373;0;0;0;0;
554;309;33;-226;-239;2;0;0;0;0;1;1;0;0;0;0;8404;0;0;0;0;
554;309;34;-224;-227;2;0;0;0;0;1;1;0;0;0;0;8435;0;0;0;0;
554;309;32;-225;-218;2;0;0;0;0;1;1;0;0;0;0;8466;0;0;0;0;
554;309;34;-222;-208;2;0;0;0;0;1;1;0;0;0;0;8497;0;0;0;0;
554;309;31;-225;-202;2;0;0;0;0;1;1;0;0;0;0;8528;0;0;0;0;
554;309;32;-222;-195;2;0;0;0;0;1;1;0;0;0;0;8559;0;0;0;0;
554;309;31;-223;-191;2;0;0;0;0;1;1;0;0;0;0;8590;0;0;0;0;
554;309;32;-221;-188;2;0;0;0;0;1;1;0;0;0;0;8621;0;0;0;0;
554;309;32;-217;-185;2;0;0;0;0;1;1;0;0;0;0;8652;0;0;0;0;
554;309;33;-217;-185;2;0;0;0;0;1;1;0;0;0;0;8683;0;0;0;0;
554;309;31;-216;-184;2;0;0;0;0;1;1;0;0;0;0;8714;0;0;0;0;
554;309;30;-218;-185;2;0;0;0;0;1;1;0;0;0;0;8745;0;0;0;0;
554;309;31;-214;-184;2;0;0;0;0;1;1;0;0;0;0;8776;0;0;0;0;
554;309;32;-213;-184;2;0;0;0;0;1;1;0;0;0;0;8807;0;0;0;0;
554;309;32;-212;-185;2;0;0;0;0;1;1;0;0;0;0;8838;0;0;0;0;
554;309;32;-210;-184;2;0;0;0;0;1;1;0;0;0;0;8869;0;0;0;0;
554;309;30;-212;-185;2;0;0;0;0;1;1;0;0;0;0;8900;0;0;0;0;
554;309;31;-210;-184;2;0;0;0;0;1;1;0;0;0;0;8931;0;0;0;0;
554;309;29;-211;-185;2;0;0;0;0;1;1;0;0;0;0;8962;0;0;0;0;
554;309;30;-210;-185;2;0;0;0;0;1;1;0;0;0;0;8993;0;0;0;0;
554;309;30;-210;-185;2;0;0;0;0;1;1;0;0;0;0;9024;0;0;0;0;
554;309;30;-210;-185;2;0;0;0;0;1;1;0;0;0;0;9055;0;0;0;0;
554;309;31;-206;-183;2;0;0;0;0;1;1;0;0;0;0;9086;0;0;0;0;
554;309;32;-206;-183;2;0;0;0;0;1;1;0;0;0;0;9117;0;0;0;0;
554;309;32;-206;-184;2;0;0;0;0;1;1;0;0;0;0;9148;0;0;0;0;
554;309;30;-206;-184;2;0;0;0;0;1;1;0;0;0;0;9179;0;0;0;0;
554;309;31;-203;-182;2;0;0;0;0;1;1;0;0;0;0;9210;0;0;0;0;
554;309;31;-205;-184;2;0;0;0;0;1;1;0;0;0;0;9241;0;0;0;0;
554;309;33;-203;-183;2;0;0;0;0;1;1;0;0;0;0;9272;0;0;0;0;
554;309;31;-202;-183;2;0;0;0;0;1;1;0;0;0;0;9303;0;0;0;0;
554;309;31;-202;-184;2;0;0;0;0;1;1;0;0;0;0;9334;0;0;0;0;
554;309;32;-200;-182;2;0;0;0;0;1;1;0;0;0;0;9365;0;0;0;0;
554;309;32;-200;-180;2;0;0;0;0;1;1;0;0;0;0;9396;0;0;0;0;
554;309;30;-200;-182;2;0;0;0;0;1;1;0;0;0;0;9427;0;0;0;0;
554;309;33;-198;-180;2;0;0;0;0;1;1;0;0;0;0;9458;0;0;0;0;
554;309;32;-199;-181;2;0;0;0;0;1;1;0;0;0;0;9489;0;0;0;0;
554;309;30;-200;-183;2;0;0;0;0;1;1;0;0;0;0;9520;0;0;0;0;
554;309;31;-196;-180;2;0;0;0;0;1;1;0;0;0;0;9551;0;0;0;0;
554;309;33;-198;-182;2;0;0;0;0;1;1;0;0;0;0;9582;0;0;0;0;
554;309;34;-193;-179;2;0;0;0;0;1;1;0;0;0;0;9613;0;0;0;0;
554;309;33;-195;-180;2;0;0;0;0;1;1;0;0;0;0;9644;0;0;0;0;
554;309;34;-194;-180;2;0;0;0;0;1;1;0;0;0;0;9675;0;0;0;0;
554;309;33;-193;-180;2;0;0;0;0;1;1;0;0;0;0;9706;0;0;0;0;
554;309;32;-195;-180;2;0;0;0;0;1;1;0;0;0;0;9737;0;0;0;0;
554;309;33;-194;-180;2;0;0;0;0;1;1;0;0;0;0;9768;0;0;0;0;
554;309;31;-195;-180;2;0;0;0;0;1;1;0;0;0;0;9799;0;0;0;0;
554;309;34;-194;-179;2;0;0;0;0;1;1;0;0;0;0;9830;0;0;0;0;
554;309;35;-194;-180;2;0;0;0;0;1;1;0;0;0;0;9861;0;0;0;0;
554;309;34;-193;-179;2;0;0;0;0;1;1;0;0;0;0;9892;0;0;0;0;
554;309;33;-192;-179;2;0;0;0;0;1;1;0;0;0;0;9923;0;0;0;0;
554;309;36;-188;-177;2;0;0;0;0;1;1;0;0;0;0;9954;0;0;0;0;
554;309;34;-190;-177;2;0;0;0;0;1;1;0;0;0;0;9985;0;0;0;0;
554;309;33;-190;-178;2;0;0;0;0;1;1;0;0;0;0;10016;0;0;0;0;
554;309;36;-187;-176;2;0;0;0;0;1;1;0;0;0;0;10047;0;0;0;0;
554;309;34;-189;-178;2;0;0;0;0;1;1;0;0;0;0;10078;0;0;0;0;
554;309;35;-189;-177;2;0;0;0;0;1;1;0;0;0;0;10109;0;0;0;0;
554;309;35;-188;-177;2;0;0;0;0;1;1;0;0;0;0;10140;0;0;0;0;
554;309;35;-186;-175;2;0;0;0;0;1;1;0;0;0;0;10171;0;0;0;0;
554;309;35;-186;-175;2;0;0;0;0;1;1;0;0;0;0;10202;0;0;0;0;
554;309;35;-186;-175;2;0;0;0;0;1;1;0;0;0;0;10233;0;0;0;0;
554;309;36;-186;-176;2;0;0;0;0;1;1;0;0;0;0;10264;0;0;0;0;
554;309;36;-185;-175;2;0;0;0;0;1;1;0;0;0;0;10295;0;0;0;0;
554;309;37;-184;-174;2;0;0;0;0;1;1;0;0;0;0;10326;0;0;0;0;
554;309;39;-182;-173;2;0;0;0;0;1;1;0;0;0;0;10357;0;0;0;0;
554;309;37;-185;-175;2;0;0;0;0;1;1;0;0;0;0;10388;0;0;0;0;
554;309;36;-184;-174;2;0;0;0;0;1;1;0;0;0;0;10419;0;0;0;0;
554;309;40;-181;-173;2;0;0;0;0;1;1;0;0;0;0;10450;0;0;0;0;
554;309;40;-181;-172;2;0;0;0;0;1;1;0;0;0;0;10481;0;0;0;0;
554;309;37;-182;-172;2;0;0;0;0;1;1;0;0;0;0;10512;0;0;0;0;
554;309;39;-181;-172;2;0;0;0;0;1;1;0;0;0;0;10543;0;0;0;0;
554;309;40;-181;-172;2;0;0;0;0;1;1;0;0;0;0;10574;0;0;0;0;
554;309;40;-180;-172;2;0;0;0;0;1;1;0;0;0;0;10605;0;0;0;0;
554;309;39;-181;-172;2;0;0;0;0;1;1;0;0;0;0;10636;0;0;0;0;
554;309;39;-180;-170;2;0;0;0;0;1;1;0;0;0;0;10667;0;0;0;0;
554;309;40;-180;-172;2;0;0;0;0;1;1;0;0;0;0;10698;0;0;0;0;
554;309;39;-180;-171;2;0;0;0;0;1;1;0;0;0;0;10729;0;0;0;0;
554;309;40;-177;-170;2;0;0;0;0;1;1;0;0;0;0;10760;0;0;0;0;
554;309;40;-178;-170;2;0;0;0;0;1;1;0;0;0;0;10791;0;0;0;0;
554;309;39;-180;-171;2;0;0;0;0;1;1;0;0;0;0;10822;0;0;0;0;
554;309;40;-177;-170;2;0;0;0;0;1;1;0;0;0;0;10853;0;0;0;0;
554;309;42;-178;-170;2;0;0;0;0;1;1;0;0;0;0;10884;0;0;0;0;
554;309;43;-175;-168;2;0;0;0;0;1;1;0;0;0;0;10915;0;0;0;0;
554;309;39;-179;-171;2;0;0;0;0;1;1;0;0;0;0;10946;0;0;0;0;
554;309;41;-177;-170;2;0;0;0;0;1;1;0;0;0;0;10977;0;0;0;0;
554;309;40;-178;-170;2;0;0;0;0;1;1;0;0;0;0;11008;0;0;0;0;
554;309;40;-175;-169;2;0;0;0;0;1;1;0;0;0;0;11039;0;0;0;0;
554;309;40;-177;-170;2;0;0;0;0;1;1;0;0;0;0;11070;0;0;0;0;
554;309;43;-173;-168;2;0;0;0;0;1;1;0;0;0;0;11101;0;0;0;0;
554;309;44;-173;-167;2;0;0;0;0;1;1;0;0;0;0;11132;0;0;0;0;
554;309;43;-175;-167;2;0;0;0;0;1;1;0;0;0;0;11163;0;0;0;0;
554;309;43;-172;-166;2;0;0;0;0;1;1;0;0;0;0;11194;0;0;0;0;
554;309;41;-173;-167;2;0;0;0;0;1;1;0;0;0;0;11225;0;0;0;0;
554;309;42;-172;-166;2;0;0;0;0;1;1;0;0;0;0;11256;0;0;0;0;
554;309;43;-171;-166;2;0;0;0;0;1;1;0;0;0;0;11287;0;0;0;0;
554;309;43;-173;-167;2;0;0;0;0;1;1;0;0;0;0;11318;0;0;0;0;
554;309;42;-174;-167;2;0;0;0;0;1;1;0;0;0;0;11349;0;0;0;0;
554;309;43;-170;-166;2;0;0;0;0;1;1;0;0;0;0;11380;0;0;0;0;
554;309;45;-171;-165;2;0;0;0;0;1;1;0;0;0;0;11411;0;0;0;0;
554;309;44;-169;-163;2;0;0;0;0;1;1;0;0;0;0;11442;0;0;0;0;
554;309;44;-169;-163;2;0;0;0;0;1;1;0;0;0;0;11473;0;0;0;0;
554;309;46;-170;-164;2;0;0;0;0;1;1;0;0;0;0;11504;0;0;0;0;
554;309;45;-169;-164;2;1;1;0;0;1;1;0;0;0;0;11535;0;0;0;0;
554;309;44;-170;-177;2;1;1;0;0;1;1;0;0;0;0;11566;0;0;0;0;
554;309;45;-173;-201;2;1;1;0;0;1;1;0;0;0;0;11597;0;0;0;0;
554;309;44;-176;-217;2;1;1;0;0;1;1;0;0;0;0;11628;0;0;0;0;
554;309;47;-175;-220;2;1;1;0;0;1;1;0;0;0;0;11659;0;0;0;0;
554;309;46;-180;-226;2;1;1;0;0;1;1;0;0;0;0;11690;0;0;0;0;
554;309;46;-182;-230;2;1;1;0;0;1;1;0;0;0;0;11721;0;0;0;0;
554;309;46;-185;-236;2;1;1;0;0;1;1;0;0;0;0;11752;0;0;0;0;
554;309;46;-185;-238;2;1;1;0;0;1;1;0;0;0;0;11783;0;0;0;0;
554;309;46;-190;-244;2;1;1;0;0;1;1;0;0;0;0;11814;0;0;0;0;
554;309;46;-193;-248;2;1;1;0;0;1;1;0;0;0;0;11845;0;0;0;0;
554;309;46;-192;-250;2;1;1;0;0;1;1;0;0;0;0;11876;0;0;0;0;
554;309;46;-198;-255;2;1;1;0;0;1;1;0;0;0;0;11907;0;0;0;0;
554;309;48;-197;-255;2;1;1;0;0;1;1;0;0;0;0;11938;0;0;0;0;
554;309;49;-199;-259;2;0;0;0;0;1;1;0;0;0;0;11969;0;0;0;0;
554;309;47;-201;-254;2;0;0;0;0;1;1;0;0;0;0;12000;0;0;0;0;
554;309;47;-201;-249;2;0;0;0;0;1;1;0;0;0;0;12031;0;0;0;0;
554;309;49;-199;-241;2;0;0;0;0;1;1;0;0;0;0;12062;0;0;0;0;
554;309;47;-201;-235;2;0;0;0;0;1;1;0;0;0;0;12093;0;0;0;0;
554;309;47;-200;-227;2;0;0;0;0;1;1;0;0;0;0;12124;0;0;0;0;
554;309;50;-199;-219;2;0;0;0;0;1;1;0;0;0;0;12155;0;0;0;0;
554;309;49;-200;-213;2;0;0;0;0;1;1;0;0;0;0;12186;0;0;0;0;
554;309;50;-199;-208;2;0;0;0;0;1;1;0;0;0;0;12217;0;0;0;0;
554;309;49;-200;-205;2;0;0;0;0;1;1;0;0;0;0;12248;0;0;0;0;
554;309;49;-199;-200;2;0;0;0;0;1;1;0;0;0;0;12279;0;0;0;0;
554;309;48;-200;-200;2;0;0;0;0;1;1;0;0;0;0;12310;0;0;0;0;
554;309;50;-198;-197;2;0;0;0;0;1;1;0;0;0;0;12341;0;0;0;0;
554;309;50;-198;-195;2;0;0;0;0;1;1;0;0;0;0;12372;0;0;0;0;
554;309;50;-196;-194;2;0;0;0;0;1;1;0;0;0;0;12403;0;0;0;0;
554;309;52;-196;-194;2;0;0;0;0;1;1;0;0;0;0;12434;0;0;0;0;
554;309;50;-198;-194;2;0;0;0;0;1;1;0;0;0;0;12465;0;0;0;0;
554;309;54;-193;-192;2;0;0;0;0;1;1;0;0;0;0;12496;0;0;0;0;
554;309;51;-194;-192;2;0;0;0;0;1;1;0;0;0;0;12527;0;0;0;0;
554;309;53;-194;-192;2;0;0;0;0;1;1;0;0;0;0;12558;0;0;0;0;
554;309;52;-196;-193;2;0;0;0;0;1;1;0;0;0;0;12589;0;0;0;0;
554;309;51;-193;-192;2;0;0;0;0;1;1;0;0;0;0;12620;0;0;0;0;
554;309;53;-194;-192;2;0;0;0;0;1;1;0;0;0;0;12651;0;0;0;0;
554;309;51;-195;-191;2;0;0;0;0;1;1;0;0;0;0;12682;0;0;0;0;
554;309;54;-192;-190;2;0;0;0;0;1;1;0;0;0;0;12713;0;0;0;0;
554;309;52;-195;-192;2;0;0;0;0;1;1;0;0;0;0;12744;0;0;0;0;
554;309;52;-192;-190;2;0;0;0;0;1;1;0;0;0;0;12775;0;0;0;0;
554;309;55;-193;-191;2;0;0;0;0;1;1;0;0;0;0;12806;0;0;0;0;
554;309;53;-193;-191;2;0;0;0;0;1;1;0;0;0;0;12837;0;0;0;0;
554;309;54;-190;-188;2;0;0;0;0;1;1;0;0;0;0;12868;0;0;0;0;
554;309;57;-189;-188;2;0;0;0;0;1;1;0;0;0;0;12899;0;0;0;0;
554;309;55;-188;-187;2;0;0;0;0;1;1;0;0;0;0;12930;0;0;0;0;
554;309;54;-189;-188;2;0;0;0;0;1;1;0;0;0;0;12961;0;0;0;0;
554;309;57;-189;-188;2;0;0;0;0;1;1;0;0;0;0;12992;0;0;0;0;
554;309;55;-190;-189;2;0;0;0;0;1;1;0;0;0;0;13023;0;0;0;0;
554;309;56;-189;-188;2;0;0;0;0;1;1;0;0;0;0;13054;0;0;0;0;
554;309;55;-187;-186;2;0;0;0;0;1;1;0;0;0;0;13085;0;0;0;0;
554;309;55;-188;-187;2;0;0;0;0;1;1;0;0;0;0;13116;0;0;0;0;
554;309;55;-188;-186;2;0;0;0;0;1;1;0;0;0;0;13147;0;0;0;0;
554;309;56;-186;-185;2;0;0;0;0;1;1;0;0;0;0;13178;0;0;0;0;
554;309;56;-187;-185;2;0;0;0;0;1;1;0;0;0;0;13209;0;0;0;0;
554;309;58;-185;-185;2;0;0;0;0;1;1;0;0;0;0;13240;0;0;0;0;
554;309;58;-185;-183;2;0;0;0;0;1;1;0;0;0;0;13271;0;0;0;0;
554;309;58;-184;-184;2;0;0;0;0;1;1;0;0;0;0;13302;0;0;0;0;
554;309;57;-183;-184;1;1;1;0;0;1;1;0;0;0;0;13333;0;0;0;0;
554;309;57;-181;-194;1;1;1;0;0;1;1;0;0;0;0;13364;0;0;0;0;
554;309;57;-182;-208;1;1;1;0;0;1;1;0;0;0;0;13395;0;0;0;0;
554;309;58;-183;-211;1;1;1;0;0;1;1;0;0;0;0;13426;0;0;0;0;
554;309;58;-182;-210;1;1;1;0;0;1;1;0;0;0;0;13457;0;0;0;0;
554;309;57;-185;-211;1;1;1;0;0;1;1;0;0;0;0;13488;0;0;0;0;
554;309;57;-183;-210;1;1;1;0;0;1;1;0;0;0;0;13519;0;0;0;0;
554;309;59;-184;-213;1;1;1;0;0;1;1;0;0;0;0;13550;0;0;0;0;
554;309;59;-186;-218;1;1;1;0;0;1;1;0;0;0;0;13581;0;0;0;0;
554;309;58;-186;-219;1;1;1;0;0;1;1;0;0;0;0;13612;0;0;0;0;
554;309;57;-187;-220;1;1;1;0;0;1;1;0;0;0;0;13643;0;0;0;0;
554;309;57;-187;-220;1;1;1;0;0;1;1;0;0;0;0;13674;0;0;0;0;
554;309;57;-186;-221;1;1;1;0;0;1;1;0;0;0;0;13705;0;0;0;0;
554;309;57;-189;-224;1;1;1;0;0;1;1;0;0;0;0;13736;0;0;0;0;
554;309;57;-187;-225;1;1;1;0;0;1;1;0;0;0;0;13767;0;0;0;0;
554;309;57;-189;-227;1;1;1;0;0;1;1;0;0;0;0;13798;0;0;0;0;
554;309;56;-190;-228;1;1;1;0;0;1;1;0;0;0;0;13829;0;0;0;0;
554;309;56;-190;-229;1;1;1;0;0;1;1;0;0;0;0;13860;0;0;0;0;
554;309;56;-192;-229;1;1;1;0;0;1;1;0;0;0;0;13891;0;0;0;0;
554;309;55;-192;-230;1;1;1;0;0;1;1;0;0;0;0;13922;0;0;0;0;
554;309;55;-190;-229;1;1;1;0;0;1;1;0;0;0;0;13953;0;0;0;0;
554;309;55;-191;-230;1;1;1;0;0;1;1;0;0;0;0;13984;0;0;0;0;
554;309;55;-192;-230;1;1;1;0;0;1;1;0;0;0;0;14015;0;0;0;0;
554;309;54;-194;-231;1;1;1;0;0;1;1;0;0;0;0;14046;0;0;0;0;
554;309;55;-192;-230;1;1;1;0;0;1;1;0;0;0;0;14077;0;0;0;0;
554;309;54;-195;-233;1;1;1;0;0;1;1;0;0;0;0;14108;0;0;0;0;
554;309;54;-193;-233;1;1;1;0;0;1;1;0;0;0;0;14139;0;0;0;0;
554;309;53;-195;-235;1;1;1;0;0;1;1;0;0;0;0;14170;0;0;0;0;
554;309;53;-196;-235;1;1;1;0;0;1;1;0;0;0;0;14201;0;0;0;0;
554;309;51;-198;-237;1;1;1;0;0;1;1;0;0;0;0;14232;0;0;0;0;
554;309;52;-196;-236;1;1;1;0;0;1;1;0;0;0;0;14263;0;0;0;0;
554;309;52;-198;-237;1;1;1;0;0;1;1;0;0;0;0;14294;0;0;0;0;
554;309;51;-197;-236;1;1;1;0;0;1;1;0;0;0;0;14325;0;0;0;0;
554;309;51;-198;-238;1;1;1;0;0;1;1;0;0;0;0;14356;0;0;0;0;
554;309;51;-199;-240;1;1;1;0;0;1;1;0;0;0;0;14387;0;0;0;0;
554;309;50;-199;-241;1;1;1;0;0;1;1;0;2;0;0;0;17;0;0;0;
554;309;48;-200;-244;1;1;1;0;0;1;1;0;2;0;0;0;48;0;0;0;
554;309;49;-199;-243;1;1;1;0;0;1;1;0;2;0;0;0;79;0;0;0;
554;309;48;-199;-244;1;1;1;0;0;1;1;0;2;0;0;0;110;0;0;0;
554;309;46;-201;-247;1;1;1;0;0;1;1;0;2;0;0;0;141;0;0;0;
554;309;47;-199;-245;1;1;1;0;0;1;1;0;2;0;0;0;172;0;0;0;
554;309;46;-201;-246;1;1;1;0;0;1;1;0;2;0;0;0;203;0;0;0;
554;309;46;-201;-248;1;1;1;0;0;1;1;0;2;0;0;0;234;0;0;0;
554;309;45;-202;-248;1;1;1;0;0;1;1;0;2;0;0;0;265;0;0;0;
554;309;45;-200;-247;1;1;1;0;0;1;1;0;2;0;0;0;296;0;0;0;
554;309;44;-200;-247;1;1;1;0;0;1;1;0;2;0;0;0;327;0;0;0;
554;309;44;-200;-247;1;1;1;0;0;1;1;0;2;0;0;0;358;0;0;0;
554;309;43;-202;-248;1;1;1;0;0;1;1;0;2;0;0;0;389;0;0;0;
554;309;43;-203;-249;1;1;1;0;0;1;1;0;2;0;0;0;420;0;0;0;
554;309;42;-204;-249;1;1;1;0;0;1;1;0;2;0;0;0;451;0;0;0;
554;309;42;-202;-247;1;1;1;0;0;1;1;0;2;0;0;0;482;0;0;0;
554;309;40;-204;-248;1;1;1;0;0;1;1;0;2;0;0;0;513;0;0;0;
554;309;40;-202;-248;1;1;1;0;0;1;1;0;2;0;0;0;544;0;0;0;
554;309;40;-203;-248;1;1;1;0;0;1;1;0;2;0;0;0;575;0;0;0;
554;309;39;-205;-250;1;1;1;0;0;1;1;0;2;0;0;0;606;0;0;0;
554;309;38;-204;-248;1;1;1;0;0;1;1;0;2;0;0;0;637;0;0;0;
554;309;37;-206;-250;1;1;1;0;0;1;1;0;2;0;0;0;668;0;0;0;
554;309;37;-207;-250;1;1;1;0;0;1;1;0;2;0;0;0;699;0;0;0;
554;309;36;-204;-249;1;1;1;0;0;1;1;0;2;0;0;0;730;0;0;0;
554;309;35;-208;-252;2;1;1;0;0;1;1;0;2;0;0;0;761;0;0;0;
554;309;35;-207;-255;2;1;1;0;0;1;1;0;2;0;0;0;792;0;0;0;
554;309;34;-208;-260;2;1;1;0;0;1;1;0;2;0;0;0;823;0;0;0;
554;309;34;-209;-264;2;1;1;0;0;1;1;0;2;0;0;0;854;0;0;0;
554;309;34;-209;-266;2;0;0;1;0;1;1;0;2;0;0;0;885;0;0;0;
554;309;34;-209;-257;2;0;0;1;0;1;1;0;2;0;0;0;916;0;0;0;
554;309;33;-211;-238;2;0;0;1;0;1;1;0;2;0;0;0;947;0;0;0;
554;309;32;-210;-210;2;0;0;1;0;1;1;0;2;0;0;0;978;0;0;0;
554;309;33;-209;-176;2;0;0;1;0;1;1;0;2;0;0;0;1009;0;0;0;
554;309;32;-207;-142;2;0;0;1;0;1;1;0;2;0;0;0;1040;0;0;0;
554;309;31;-203;-106;2;0;0;1;0;1;1;0;2;0;0;0;1071;0;0;0;
554;309;31;-197;-77;2;0;0;1;0;1;1;0;2;0;0;0;1102;0;0;0;
554;309;30;-191;-58;2;0;0;1;0;1;1;0;2;0;0;0;1133;0;0;0;
554;309;32;-183;-41;2;0;0;1;0;1;1;0;2;0;0;0;1164;0;0;0;
554;309;30;-177;-25;2;0;0;1;0;1;1;0;2;0;0;0;1195;0;0;0;
554;309;31;-168;-8;2;0;0;1;0;1;1;0;2;0;0;0;1226;0;0;0;
554;309;30;-158;13;2;0;0;1;0;1;1;0;2;0;0;0;1257;0;0;0;
554;309;31;-147;35;2;0;0;1;0;1;1;0;2;0;0;0;1288;0;0;0;
554;309;30;-135;61;2;0;0;1;0;1;1;0;2;0;0;0;1319;0;0;0;
554;309;30;-123;87;2;0;1;0;0;1;1;0;0;0;1;9;0;1506;0;0;
554;309;31;-112;108;2;0;1;0;0;1;1;0;0;0;1;40;0;1506;0;0;
554;309;30;-98;120;2;0;1;0;0;1;1;0;0;0;1;71;0;1506;0;0;
554;309;30;-89;126;2;0;1;0;0;1;1;0;0;0;1;102;0;1506;0;0;
554;309;31;-77;127;2;0;1;0;0;1;1;0;0;0;1;133;0;1506;0;0;
554;309;31;-70;124;2;0;1;0;0;1;1;0;0;0;1;164;0;1506;0;0;
554;309;32;-62;123;2;0;1;0;0;1;1;0;0;0;1;195;0;1506;0;0;
554;309;32;-54;118;2;0;1;0;0;1;1;0;0;0;1;226;0;1506;0;0;
554;309;30;-53;109;2;0;1;0;0;1;1;0;0;0;1;257;0;1506;0;0;
554;309;30;-47;104;2;0;1;0;0;1;1;0;0;0;1;288;0;1506;0;0;
554;309;31;-44;95;2;0;1;0;0;1;1;0;0;0;1;319;0;1506;0;0;
554;309;30;-40;90;2;0;1;0;0;1;1;0;0;0;1;350;0;1506;0;0;
554;309;31;-37;82;2;0;1;0;0;1;1;0;0;0;1;381;0;1506;0;0;
554;309;30;-36;65;2;0;1;0;0;1;1;0;0;0;1;412;0;1506;0;0;
554;309;32;-34;55;2;0;1;0;0;1;1;0;0;0;1;443;0;1506;0;0;
554;309;31;-34;48;2;0;1;0;0;1;1;0;0;0;1;474;0;1506;0;0;
554;309;31;-36;40;2;0;1;0;0;1;1;0;0;0;1;505;0;1506;0;0;
554;309;30;-39;30;2;0;1;0;0;1;1;0;0;0;1;536;0;1506;0;0;
554;309;30;-41;19;2;0;1;0;0;1;1;0;0;0;1;567;0;1506;0;0;
554;309;30;-47;3;2;0;1;0;0;1;1;0;0;0;1;598;0;1506;0;0;
554;309;30;-51;-15;2;0;1;0;0;1;1;0;0;0;1;629;0;1506;0;0;
554;309;32;-55;-35;2;0;1;0;0;1;1;0;0;0;1;660;0;1506;0;0;
554;309;31;-62;-57;2;0;1;0;0;1;1;0;0;0;1;691;0;1506;0;0;
554;309;31;-69;-80;2;1;1;0;0;1;1;0;0;0;1;722;0;1506;0;0;
554;309;31;-92;-137;2;1;1;0;0;1;1;0;0;0;1;753;0;1506;0;0;
554;309;31;-113;-185;2;1;1;0;0;1;1;0;0;0;1;784;0;1506;0;0;
554;309;31;-126;-212;2;1;1;0;0;1;1;0;0;0;1;815;0;1506;0;0;
554;309;31;-136;-227;2;1;1;0;0;1;1;0;0;0;1;846;0;1506;0;0;
554;309;32;-142;-235;2;1;1;0;0;1;1;0;0;0;1;877;0;1506;0;0;
554;309;32;-146;-239;2;1;1;0;0;1;1;0;0;0;1;908;0;1506;0;0;
554;309;31;-152;-244;2;1;1;0;0;1;1;0;0;0;1;939;0;1506;0;0;
554;309;33;-154;-245;2;1;1;0;0;1;1;0;0;0;1;970;0;1506;0;0;
554;309;33;-159;-247;2;1;1;0;0;1;1;0;0;0;1;1001;0;1506;0;0;
554;309;32;-164;-250;2;1;1;0;0;1;1;0;0;0;1;1032;0;1506;0;0;
