554;263;192;151;67;1;1;1;0;0;2;2;0;0;0;2;65;0;0;0;0;
554;263;192;148;69;1;1;1;0;0;2;2;0;0;0;2;96;0;0;0;0;
554;263;193;147;76;1;1;1;0;0;2;2;0;0;0;2;127;0;0;0;0;
554;263;192;146;79;1;1;1;0;0;2;2;0;0;0;2;158;0;0;0;0;
554;263;192;145;80;1;1;1;0;0;2;2;0;0;0;2;189;0;0;0;0;
554;263;194;144;79;1;1;1;0;0;2;2;0;0;0;2;220;0;0;0;0;
554;263;193;145;80;1;1;1;0;0;2;2;0;0;0;2;251;0;0;0;0;
554;263;193;143;76;1;1;1;0;0;2;2;0;0;0;2;282;0;0;0;0;
554;263;195;140;74;1;1;1;0;0;2;2;0;0;0;2;313;0;0;0;0;
554;263;192;138;73;1;1;1;0;0;2;2;0;0;0;2;344;0;0;0;0;
554;263;192;140;72;1;1;1;0;0;2;2;0;0;0;2;375;0;0;0;0;
554;263;192;135;68;1;1;1;0;0;2;2;0;0;0;2;406;0;0;0;0;
554;263;188;133;63;1;1;1;0;0;2;2;0;0;0;2;437;0;0;0;0;
554;263;190;132;60;1;1;1;0;0;2;2;0;0;0;2;468;0;0;0;0;
554;263;191;131;58;1;1;1;0;0;2;2;0;0;0;2;499;0;0;0;0;
554;263;192;130;53;1;1;1;0;0;2;2;0;0;0;2;530;0;0;0;0;
554;263;190;130;50;1;1;1;0;0;2;2;0;0;0;2;561;0;0;0;0;
554;263;188;129;48;1;1;1;0;0;2;2;0;0;0;2;592;0;0;0;0;
554;263;188;127;44;1;1;1;0;0;2;2;0;0;0;2;623;0;0;0;0;
554;263;188;123;41;1;1;1;0;0;2;2;0;0;0;2;654;0;0;0;0;
554;263;191;121;40;1;1;1;0;0;2;2;0;0;0;2;685;0;0;0;0;
554;263;192;122;38;1;1;1;0;0;2;2;0;0;0;2;716;0;0;0;0;
554;263;188;120;34;1;1;1;0;0;2;2;0;0;0;2;747;0;0;0;0;
554;263;191;118;35;1;1;1;0;0;2;2;0;0;0;2;778;0;0;0;0;
554;263;187;117;33;1;1;1;0;0;2;2;0;0;0;2;809;0;0;0;0;
554;263;186;116;30;1;1;1;0;0;2;2;0;0;0;2;840;0;0;0;0;
554;263;186;113;30;1;1;1;0;0;2;2;0;0;0;2;871;0;0;0;0;
554;263;187;111;29;1;1;1;0;0;2;2;0;0;0;2;902;0;0;0;0;
554;263;188;111;26;1;1;1;0;0;2;2;0;0;0;2;933;0;0;0;0;
554;263;187;111;26;1;1;1;0;0;2;2;0;0;0;2;964;0;0;0;0;
554;263;187;110;25;1;1;1;0;0;2;2;0;0;0;2;995;0;0;0;0;
554;263;186;109;23;1;1;1;0;0;2;2;0;0;0;2;1026;0;0;0;0;
554;263;187;107;22;1;1;1;0;0;2;2;0;0;0;2;1057;0;0;0;0;
554;263;186;104;22;1;1;1;0;0;2;2;0;0;0;2;1088;0;0;0;0;
554;263;185;102;20;1;1;1;0;0;2;2;0;0;0;2;1119;0;0;0;0;
554;263;185;103;19;1;1;1;0;0;2;2;0;0;0;2;1150;0;0;0;0;
554;263;184;98;16;1;1;1;0;0;2;2;0;0;0;2;1181;0;0;0;0;
554;263;185;99;15;1;1;1;0;0;2;2;0;0;0;2;1212;0;0;0;0;
554;263;184;96;13;1;1;1;0;0;2;2;0;0;0;2;1243;0;0;0;0;
554;263;186;96;13;1;1;1;0;0;2;2;0;0;0;2;1274;0;0;0;0;
554;263;184;94;12;1;1;1;0;0;2;2;0;0;0;2;1305;0;0;0;0;
554;263;183;92;10;1;1;1;0;0;2;2;0;0;0;2;1336;0;0;0;0;
554;263;183;92;10;1;1;1;0;0;2;2;0;0;0;2;1367;0;0;0;0;
554;263;183;90;10;1;1;1;0;0;2;2;0;0;0;2;1398;0;0;0;0;
554;263;184;89;6;1;1;1;0;0;2;2;0;0;0;2;1429;0;0;0;0;
554;263;184;89;6;1;1;1;0;0;2;2;0;0;0;2;1460;0;0;0;0;
554;263;182;85;4;1;1;1;0;0;2;2;0;0;0;2;1491;0;0;0;0;
554;263;182;86;3;1;1;1;0;0;2;2;0;0;0;2;1522;0;0;0;0;
554;263;181;84;1;1;1;1;0;0;2;2;0;0;0;2;1553;0;0;0;0;
554;263;180;82;-1;1;1;1;0;0;2;2;0;0;0;2;1584;0;0;0;0;
554;263;183;82;-2;1;1;1;0;0;2;2;0;0;0;2;1615;0;0;0;0;
554;263;182;79;-4;1;1;1;0;0;2;2;0;0;0;2;1646;0;0;0;0;
554;263;178;76;-4;1;1;1;0;0;2;2;0;0;0;2;1677;0;0;0;0;
554;263;179;79;-5;1;1;1;0;0;2;2;0;0;0;2;1708;0;0;0;0;
554;263;180;75;-7;1;1;1;0;0;2;2;0;0;0;2;1739;0;0;0;0;
554;263;178;74;-9;1;1;1;0;0;2;2;0;0;0;2;1770;0;0;0;0;
554;263;178;73;-10;1;1;1;0;0;2;2;0;0;0;2;1801;0;0;0;0;
554;263;179;73;-11;1;1;1;0;0;2;2;0;0;0;2;1832;0;0;0;0;
554;263;178;72;-12;1;1;1;0;0;2;2;0;0;0;2;1863;0;0;0;0;
554;263;178;70;-13;1;1;1;0;0;2;2;0;0;0;2;1894;0;0;0;0;
554;263;177;70;-14;1;1;1;0;0;2;2;0;0;0;2;1925;0;0;0;0;
554;263;177;69;-15;1;1;1;0;0;2;2;0;0;0;2;1956;0;0;0;0;
554;263;177;67;-17;1;1;1;0;0;2;2;0;0;0;2;1987;0;0;0;0;
554;263;177;63;-18;1;1;1;0;0;2;2;0;0;0;2;2018;0;0;0;0;
554;263;176;62;-19;1;1;1;0;0;2;2;0;0;0;2;2049;0;0;0;0;
554;263;174;62;-20;1;1;1;0;0;2;2;0;0;0;2;2080;0;0;0;0;
554;263;175;60;-21;1;1;1;0;0;2;2;0;0;0;2;2111;0;0;0;0;
554;263;175;60;-22;1;1;1;0;0;2;2;0;0;0;2;2142;0;0;0;0;
554;263;174;57;-24;1;1;1;0;0;2;2;0;0;0;2;2173;0;0;0;0;
554;263;173;59;-24;1;1;1;0;0;2;2;0;0;0;2;2204;0;0;0;0;
554;263;173;58;-25;1;1;1;0;0;2;2;0;0;0;2;2235;0;0;0;0;
554;263;173;55;-27;1;1;1;0;0;2;2;0;0;0;2;2266;0;0;0;0;
554;263;173;54;-30;1;1;1;0;0;2;2;0;0;0;2;2297;0;0;0;0;
554;263;173;51;-32;1;1;1;0;0;2;2;0;0;0;2;2328;0;0;0;0;
554;263;171;50;-34;1;1;1;0;0;2;2;0;0;0;2;2359;0;0;0;0;
554;263;171;50;-35;1;1;1;0;0;2;2;0;0;0;2;2390;0;0;0;0;
554;263;171;49;-35;1;1;1;0;0;2;2;0;0;0;2;2421;0;0;0;0;
554;263;170;48;-37;1;1;1;0;0;2;2;0;0;0;2;2452;0;0;0;0;
554;263;169;47;-39;1;1;1;0;0;2;2;0;0;0;2;2483;0;0;0;0;
554;263;169;46;-40;1;1;1;0;0;2;2;0;0;0;2;2514;0;0;0;0;
554;263;169;45;-42;1;1;1;0;0;2;2;0;0;0;2;2545;0;0;0;0;
554;263;168;45;-44;1;1;1;0;0;2;2;0;0;0;2;2576;0;0;0;0;
554;263;167;41;-47;1;1;1;0;0;2;2;0;0;0;2;2607;0;0;0;0;
554;263;167;42;-47;1;1;1;0;0;2;2;0;0;0;2;2638;0;0;0;0;
554;263;166;39;-50;1;1;1;0;0;2;2;0;0;0;2;2669;0;0;0;0;
554;263;165;40;-52;1;1;1;0;0;2;2;0;0;0;2;2700;0;0;0;0;
554;263;166;40;-52;1;1;1;0;0;2;2;0;0;0;2;2731;0;0;0;0;
554;263;165;35;-54;1;1;1;0;0;2;2;0;0;0;2;2762;0;0;0;0;
554;263;164;34;-56;1;1;1;0;0;2;2;0;0;0;2;2793;0;0;0;0;
554;263;163;34;-57;1;1;1;0;0;2;2;0;0;0;2;2824;0;0;0;0;
554;263;165;33;-58;1;1;1;0;0;2;2;0;0;0;2;2855;0;0;0;0;
554;263;164;32;-58;1;1;1;0;0;2;2;0;0;0;2;2886;0;0;0;0;
554;263;163;30;-60;1;1;1;0;0;2;2;0;0;0;2;2917;0;0;0;0;
554;263;164;30;-60;1;1;1;0;0;2;2;0;0;0;2;2948;0;0;0;0;
554;263;163;30;-60;1;1;1;0;0;2;2;0;0;0;2;2979;0;0;0;0;
554;263;162;27;-63;1;1;1;0;0;2;2;0;0;0;2;3010;0;0;0;0;
554;263;162;27;-63;1;1;1;0;0;2;2;0;0;0;2;3041;0;0;0;0;
554;263;161;26;-65;1;1;1;0;0;2;2;0;0;0;2;3072;0;0;0;0;
554;263;161;23;-67;1;1;1;0;0;2;2;0;0;0;2;3103;0;0;0;0;
554;263;160;25;-66;1;1;1;0;0;2;2;0;0;0;2;3134;0;0;0;0;
554;263;158;23;-67;1;1;1;0;0;2;2;0;0;0;2;3165;0;0;0;0;
554;263;160;23;-68;1;1;1;0;0;2;2;0;0;0;2;3196;0;0;0;0;
554;263;158;21;-69;1;1;1;0;0;2;2;0;0;0;2;3227;0;0;0;0;
554;263;158;20;-70;1;1;1;0;0;2;2;0;0;0;2;3258;0;0;0;0;
554;263;156;18;-70;1;1;1;0;0;2;2;0;0;0;2;3289;0;0;0;0;
554;263;157;17;-72;1;1;1;0;0;2;2;0;0;0;2;3320;0;0;0;0;
554;263;156;16;-73;1;1;1;0;0;2;2;0;0;0;2;3351;0;0;0;0;
554;263;155;16;-72;1;1;1;0;0;2;2;0;0;0;2;3382;0;0;0;0;
554;263;154;16;-72;1;1;1;0;0;2;2;0;0;0;2;3413;0;0;0;0;
554;263;153;13;-75;1;1;1;0;0;2;2;0;0;0;2;3444;0;0;0;0;
554;263;152;11;-77;1;1;1;0;0;2;2;0;0;0;2;3475;0;0;0;0;
554;263;152;10;-77;1;1;1;0;0;2;2;0;0;0;2;3506;0;0;0;0;
554;263;153;10;-77;1;1;1;0;0;2;2;0;0;0;2;3537;0;0;0;0;
554;263;150;10;-77;1;1;1;0;0;2;2;0;0;0;2;3568;0;0;0;0;
554;263;150;9;-79;1;1;1;0;0;2;2;0;0;0;2;3599;0;0;0;0;
554;263;149;7;-78;1;1;1;0;0;2;2;0;0;0;2;3630;0;0;0;0;
554;263;150;8;-78;1;1;1;0;0;2;2;0;0;0;2;3661;0;0;0;0;
554;263;148;5;-80;1;1;1;0;0;2;2;0;0;0;2;3692;0;0;0;0;
554;263;148;5;-80;1;1;1;0;0;2;2;0;0;0;2;3723;0;0;0;0;
554;263;148;5;-82;1;1;1;0;0;2;2;0;0;0;2;3754;0;0;0;0;
554;263;147;2;-84;1;1;1;0;0;2;2;0;0;0;2;3785;0;0;0;0;
554;263;147;3;-83;1;1;1;0;0;2;2;0;0;0;2;3816;0;0;0;0;
554;263;145;1;-84;1;1;1;0;0;2;2;0;0;0;2;3847;0;0;0;0;
554;263;145;-1;-86;1;1;1;0;0;2;2;0;0;0;2;3878;0;0;0;0;
554;263;144;-1;-85;1;1;1;0;0;2;2;0;0;0;2;3909;0;0;0;0;
554;263;143;-2;-85;1;1;1;0;0;2;2;0;0;0;2;3940;0;0;0;0;
554;263;144;-2;-85;1;1;1;0;0;2;2;0;0;0;2;3971;0;0;0;0;
554;263;142;-3;-87;1;1;1;0;0;2;2;0;0;0;2;4002;0;0;0;0;
554;263;141;-6;-89;1;1;1;0;0;2;2;0;0;0;2;4033;0;0;0;0;
554;263;140;-6;-89;1;1;1;0;0;2;2;0;0;0;2;4064;0;0;0;0;
554;263;141;-8;-90;1;1;1;0;0;2;2;0;0;0;2;4095;0;0;0;0;
554;263;141;-8;-90;1;1;1;0;0;2;2;0;0;0;2;4126;0;0;0;0;
554;263;139;-9;-90;1;1;1;0;0;2;2;0;0;0;2;4157;0;0;0;0;
554;263;140;-9;-91;1;1;1;0;0;2;2;0;0;0;2;4188;0;0;0;0;
554;263;139;-11;-93;1;1;1;0;0;2;2;0;0;0;2;4219;0;0;0;0;
554;263;138;-10;-92;1;1;1;0;0;2;2;0;0;0;2;4250;0;0;0;0;
554;263;138;-10;-93;1;1;1;0;0;2;2;0;0;0;2;4281;0;0;0;0;
554;263;137;-14;-95;1;1;1;0;0;2;2;0;0;0;2;4312;0;0;0;0;
554;263;138;-14;-95;1;1;1;0;0;2;2;0;0;0;2;4343;0;0;0;0;
554;263;136;-13;-94;1;1;1;0;0;2;2;0;0;0;2;4374;0;0;0;0;
554;263;136;-15;-96;1;1;1;0;0;2;2;0;0;0;2;4405;0;0;0;0;
554;263;135;-15;-95;1;1;1;0;0;2;2;0;0;0;2;4436;0;0;0;0;
554;263;135;-16;-97;1;1;1;0;0;2;2;0;0;0;2;4467;0;0;0;0;
554;263;133;-17;-98;1;1;1;0;0;2;2;0;0;0;2;4498;0;0;0;0;
554;263;133;-18;-98;1;1;1;0;0;2;2;0;0;0;2;4529;0;0;0;0;
554;263;133;-18;-97;1;1;1;0;0;2;2;0;0;0;2;4560;0;0;0;0;
554;263;132;-20;-99;1;1;1;0;0;2;2;0;0;0;2;4591;0;0;0;0;
554;263;131;-19;-99;1;1;1;0;0;2;2;0;0;0;2;4622;0;0;0;0;
554;263;131;-20;-100;1;1;1;0;0;2;2;0;0;0;2;4653;0;0;0;0;
554;263;130;-22;-102;1;1;1;0;0;2;2;0;0;0;2;4684;0;0;0;0;
554;263;130;-20;-100;1;1;1;0;0;2;2;0;0;0;2;4715;0;0;0;0;
554;263;129;-24;-104;1;1;1;0;0;2;2;0;0;0;2;4746;0;0;0;0;
554;263;130;-24;-105;1;1;1;0;0;2;2;0;0;0;2;4777;0;0;0;0;
554;263;128;-26;-106;1;1;1;0;0;2;2;0;0;0;2;4808;0;0;0;0;
554;263;127;-27;-106;1;1;1;0;0;2;2;0;0;0;2;4839;0;0;0;0;
554;263;126;-28;-107;1;1;1;0;0;2;2;0;0;0;2;4870;0;0;0;0;
554;263;126;-27;-108;1;1;1;0;0;2;2;0;0;0;2;4901;0;0;0;0;
554;263;126;-27;-108;1;1;1;0;0;1;2;0;0;0;2;4932;0;0;0;0;
554;263;125;-28;-109;1;1;1;0;0;1;2;0;0;0;2;4963;0;0;0;0;
554;263;125;-29;-111;1;1;1;0;0;1;2;0;0;0;2;4994;0;0;0;0;
554;263;123;-31;-112;1;1;1;0;0;1;2;0;0;0;2;5025;0;0;0;0;
554;263;123;-29;-111;1;1;1;0;0;1;2;0;0;0;2;5056;0;0;0;0;
554;263;123;-30;-112;1;1;1;0;0;1;2;0;0;0;2;5087;0;0;0;0;
554;263;121;-32;-112;1;1;1;0;0;1;2;0;0;0;2;5118;0;0;0;0;
554;263;121;-34;-114;1;1;1;0;0;1;2;0;0;0;2;5149;0;0;0;0;
554;263;120;-34;-114;1;1;1;0;0;1;2;0;0;0;2;5180;0;0;0;0;
554;263;120;-36;-117;1;1;1;0;0;1;2;0;0;0;2;5211;0;0;0;0;
554;263;120;-33;-116;1;1;1;0;0;1;2;0;0;0;2;5242;0;0;0;0;
554;263;120;-37;-119;1;1;1;0;0;1;2;0;0;0;2;5273;0;0;0;0;
554;263;119;-35;-119;1;1;1;0;0;1;2;0;0;0;2;5304;0;0;0;0;
554;263;118;-37;-120;1;1;1;0;0;1;2;0;0;0;2;5335;0;0;0;0;
554;263;117;-38;-121;1;1;1;0;0;1;2;0;0;0;2;5366;0;0;0;0;
554;263;116;-39;-122;1;1;1;0;0;1;2;0;0;0;2;5397;0;0;0;0;
554;263;116;-40;-121;1;1;1;0;0;1;2;0;0;0;2;5428;0;0;0;0;
554;263;116;-40;-122;1;1;1;0;0;1;2;0;0;0;2;5459;0;0;0;0;
554;263;115;-40;-122;1;1;1;0;0;1;2;0;0;0;2;5490;0;0;0;0;
554;263;115;-41;-124;1;1;1;0;0;1;2;0;0;0;2;5521;0;0;0;0;
554;263;113;-40;-124;1;1;1;0;0;1;2;0;0;0;2;5552;0;0;0;0;
554;263;114;-40;-124;1;1;1;0;0;1;2;0;0;0;2;5583;0;0;0;0;
554;263;114;-41;-125;1;1;1;0;0;1;2;0;0;0;2;5614;0;0;0;0;
554;263;112;-43;-125;1;1;1;0;0;1;2;0;0;0;2;5645;0;0;0;0;
554;263;111;-44;-126;1;1;1;0;0;1;2;0;0;0;2;5676;0;0;0;0;
554;263;110;-47;-128;1;1;1;0;0;1;2;0;0;0;2;5707;0;0;0;0;
554;263;110;-44;-127;1;1;1;0;0;1;2;0;0;0;2;5738;0;0;0;0;
554;263;110;-47;-128;1;1;1;0;0;1;2;0;0;0;2;5769;0;0;0;0;
554;263;110;-47;-128;1;1;1;0;0;1;2;0;0;0;2;5800;0;0;0;0;
554;263;109;-48;-130;1;1;1;0;0;1;2;0;0;0;2;5831;0;0;0;0;
554;263;109;-47;-130;1;1;1;0;0;1;2;0;0;0;2;5862;0;0;0;0;
554;263;107;-50;-131;1;1;1;0;0;1;2;0;0;0;2;5893;0;0;0;0;
554;263;107;-48;-130;1;1;1;0;0;1;2;0;0;0;2;5924;0;0;0;0;
554;263;105;-50;-131;1;1;1;0;0;1;2;0;0;0;2;5955;0;0;0;0;
554;263;106;-52;-133;1;1;1;0;0;1;2;0;0;0;2;5986;0;0;0;0;
554;263;107;-50;-132;1;1;1;0;0;1;2;0;0;0;2;6017;0;0;0;0;
554;263;104;-52;-133;1;1;1;0;0;1;2;0;0;0;2;6048;0;0;0;0;
554;263;103;-53;-133;1;1;1;0;0;1;2;0;0;0;2;6079;0;0;0;0;
554;263;103;-53;-134;1;1;1;0;0;1;2;0;0;0;2;6110;0;0;0;0;
554;263;103;-54;-134;1;1;1;0;0;1;2;0;0;0;2;6141;0;0;0;0;
554;263;101;-55;-135;1;1;1;0;0;1;2;0;0;0;2;6172;0;0;0;0;
554;263;101;-55;-135;1;1;1;0;0;1;2;0;0;0;2;6203;0;0;0;0;
554;263;101;-55;-135;1;1;1;0;0;1;2;0;0;0;2;6234;0;0;0;0;
554;263;99;-55;-135;1;1;1;0;0;1;2;0;0;0;2;6265;0;0;0;0;
554;263;99;-58;-137;1;1;1;0;0;1;2;0;0;0;2;6296;0;0;0;0;
554;263;98;-58;-137;1;1;1;0;0;1;2;0;0;0;2;6327;0;0;0;0;
554;263;99;-58;-137;1;1;1;0;0;1;2;0;0;0;2;6358;0;0;0;0;
554;263;99;-57;-137;1;1;1;0;0;1;2;0;0;0;2;6389;0;0;0;0;
554;263;97;-58;-138;1;1;1;0;0;1;2;0;0;0;2;6420;0;0;0;0;
554;263;97;-58;-138;1;1;1;0;0;1;2;0;0;0;2;6451;0;0;0;0;
554;263;96;-61;-140;1;1;1;0;0;1;2;0;0;0;2;6482;0;0;0;0;
554;263;95;-60;-140;1;1;1;0;0;1;2;0;0;0;2;6513;0;0;0;0;
554;263;94;-61;-140;1;1;1;0;0;1;2;0;0;0;2;6544;0;0;0;0;
554;263;94;-62;-140;1;1;1;0;0;1;2;0;0;0;2;6575;0;0;0;0;
554;263;93;-64;-140;1;1;1;0;0;1;2;0;0;0;2;6606;0;0;0;0;
554;263;93;-63;-141;1;1;1;0;0;1;2;0;0;0;2;6637;0;0;0;0;
554;263;94;-64;-141;1;1;1;0;0;1;2;0;0;0;2;6668;0;0;0;0;
554;263;92;-64;-141;1;1;1;0;0;1;2;0;0;0;2;6699;0;0;0;0;
554;263;92;-64;-141;1;1;1;0;0;1;2;0;0;0;2;6730;0;0;0;0;
554;263;91;-64;-142;1;1;1;0;0;1;2;0;0;0;2;6761;0;0;0;0;
554;263;90;-66;-144;1;1;1;0;0;1;2;0;0;0;2;6792;0;0;0;0;
554;263;90;-67;-144;1;1;1;0;0;1;2;0;0;0;2;6823;0;0;0;0;
554;263;90;-68;-144;1;1;1;0;0;1;2;0;0;0;2;6854;0;0;0;0;
554;263;89;-68;-144;1;1;1;0;0;1;2;0;0;0;2;6885;0;0;0;0;
554;263;88;-67;-144;1;1;1;0;0;1;2;0;0;0;2;6916;0;0;0;0;
554;263;88;-68;-144;1;1;1;0;0;1;2;0;0;0;2;6947;0;0;0;0;
554;263;87;-68;-144;1;1;1;0;0;1;2;0;0;0;2;6978;0;0;0;0;
554;263;88;-70;-146;1;1;1;0;0;1;2;0;0;0;2;7009;0;0;0;0;
554;263;88;-70;-145;1;1;1;0;0;1;2;0;0;0;2;7040;0;0;0;0;
554;263;87;-70;-145;1;1;1;0;0;1;2;0;0;0;2;7071;0;0;0;0;
554;263;85;-70;-146;1;1;1;0;0;1;2;0;0;0;2;7102;0;0;0;0;
554;263;84;-73;-147;1;1;1;0;0;1;2;0;0;0;2;7133;0;0;0;0;
554;263;85;-73;-147;1;1;1;0;0;1;2;0;0;0;2;7164;0;0;0;0;
554;263;84;-72;-147;1;1;1;0;0;1;2;0;0;0;2;7195;0;0;0;0;
554;263;83;-74;-150;1;1;1;0;0;1;2;0;0;0;2;7226;0;0;0;0;
554;263;84;-75;-149;1;1;1;0;0;1;2;0;0;0;2;7257;0;0;0;0;
554;263;82;-75;-149;1;1;1;0;0;1;2;0;0;0;2;7288;0;0;0;0;
554;263;83;-74;-148;1;1;1;0;0;1;2;0;0;0;2;7319;0;0;0;0;
554;263;81;-77;-150;1;1;1;0;0;1;2;0;0;0;2;7350;0;0;0;0;
554;263;81;-76;-149;1;1;1;0;0;1;2;0;0;0;2;7381;0;0;0;0;
554;263;80;-77;-150;1;1;1;0;0;1;2;0;0;0;2;7412;0;0;0;0;
554;263;80;-77;-150;1;1;1;0;0;1;2;0;0;0;2;7443;0;0;0;0;
554;263;78;-79;-151;1;1;1;0;0;1;2;0;0;0;2;7474;0;0;0;0;
554;263;79;-78;-151;1;1;1;0;0;1;2;0;0;0;2;7505;0;0;0;0;
554;263;79;-77;-150;1;1;1;0;0;1;2;0;0;0;2;7536;0;0;0;0;
554;263;78;-80;-153;1;1;1;0;0;1;2;0;0;0;2;7567;0;0;0;0;
554;263;77;-78;-152;1;1;1;0;0;1;2;0;0;0;2;7598;0;0;0;0;
554;263;75;-81;-153;1;1;1;0;0;1;2;0;0;0;2;7629;0;0;0;0;
554;263;75;-82;-154;1;1;1;0;0;1;2;0;0;0;2;7660;0;0;0;0;
554;263;75;-83;-155;1;1;1;0;0;1;2;0;0;0;2;7691;0;0;0;0;
554;263;75;-82;-154;1;1;1;0;0;1;2;0;0;0;2;7722;0;0;0;0;
554;263;75;-82;-154;1;1;1;0;0;1;2;0;0;0;2;7753;0;0;0;0;
554;263;74;-83;-155;1;1;1;0;0;1;2;0;0;0;2;7784;0;0;0;0;
554;263;74;-82;-154;1;1;1;0;0;1;2;0;0;0;2;7815;0;0;0;0;
554;263;73;-84;-156;1;1;1;0;0;1;2;0;0;0;2;7846;0;0;0;0;
554;263;72;-85;-156;1;1;1;0;0;1;2;0;0;0;2;7877;0;0;0;0;
554;263;72;-85;-155;1;1;1;0;0;1;2;0;0;0;2;7908;0;0;0;0;
554;263;72;-85;-156;1;1;1;0;0;1;2;0;0;0;2;7939;0;0;0;0;
554;263;70;-87;-157;1;1;1;0;0;1;2;0;0;0;2;7970;0;0;0;0;
554;263;71;-85;-155;1;1;1;0;0;1;2;0;0;0;2;8001;0;0;0;0;
554;263;70;-87;-157;1;1;1;0;0;1;2;0;0;0;2;8032;0;0;0;0;
554;263;70;-86;-156;1;1;1;0;0;1;2;0;0;0;2;8063;0;0;0;0;
554;263;69;-87;-157;1;1;1;0;0;1;2;0;0;0;2;8094;0;0;0;0;
554;263;69;-87;-158;1;1;1;0;0;1;2;0;0;0;2;8125;0;0;0;0;
554;263;68;-89;-159;1;1;1;0;0;1;2;0;0;0;2;8156;0;0;0;0;
554;263;67;-90;-159;1;1;1;0;0;1;2;0;0;0;2;8187;0;0;0;0;
554;263;67;-88;-159;1;1;1;0;0;1;2;0;0;0;2;8218;0;0;0;0;
554;263;67;-88;-159;1;1;1;0;0;1;2;0;0;0;2;8249;0;0;0;0;
554;263;67;-90;-160;1;1;1;0;0;1;2;0;0;0;2;8280;0;0;0;0;
554;263;65;-89;-160;1;1;1;0;0;1;2;0;0;0;2;8311;0;0;0;0;
554;263;65;-90;-160;1;1;1;0;0;1;2;0;0;0;2;8342;0;0;0;0;
554;263;64;-92;-161;1;1;1;0;0;1;2;0;0;0;2;8373;0;0;0;0;
554;263;64;-90;-160;1;1;1;0;0;1;2;0;0;0;2;8404;0;0;0;0;
554;263;63;-90;-160;1;1;1;0;0;1;2;0;0;0;2;8435;0;0;0;0;
554;263;62;-94;-163;1;1;1;0;0;1;2;0;0;0;2;8466;0;0;0;0;
554;263;62;-93;-161;1;1;1;0;0;1;2;0;0;0;2;8497;0;0;0;0;
554;263;61;-93;-163;1;1;1;0;0;1;2;0;0;0;2;8528;0;0;0;0;
554;263;62;-92;-162;1;1;1;0;0;1;2;0;0;0;2;8559;0;0;0;0;
554;263;60;-93;-163;1;1;1;0;0;1;2;0;0;0;2;8590;0;0;0;0;
554;263;60;-95;-164;1;1;1;0;0;1;2;0;0;0;2;8621;0;0;0;0;
554;263;60;-95;-165;1;1;1;0;0;1;2;0;0;0;2;8652;0;0;0;0;
554;263;60;-95;-164;1;1;1;0;0;1;2;0;0;0;2;8683;0;0;0;0;
554;263;59;-97;-165;1;1;1;0;0;1;2;0;0;0;2;8714;0;0;0;0;
554;263;58;-96;-165;1;1;1;0;0;1;2;0;0;0;2;8745;0;0;0;0;
554;263;59;-97;-166;1;1;1;0;0;1;2;0;0;0;2;8776;0;0;0;0;
554;263;57;-98;-167;1;1;1;0;0;1;2;0;0;0;2;8807;0;0;0;0;
554;263;57;-95;-165;1;1;1;0;0;1;2;0;0;0;2;8838;0;0;0;0;
554;263;58;-96;-165;1;1;1;0;0;1;2;0;0;0;2;8869;0;0;0;0;
554;263;56;-97;-166;1;1;1;0;0;1;2;0;0;0;2;8900;0;0;0;0;
554;263;57;-98;-168;1;1;1;0;0;1;2;0;0;0;2;8931;0;0;0;0;
554;263;55;-98;-168;1;1;1;0;0;1;2;0;0;0;2;8962;0;0;0;0;
554;263;55;-98;-168;1;1;1;0;0;1;2;0;0;0;2;8993;0;0;0;0;
554;263;54;-100;-169;1;1;1;0;0;1;2;0;0;0;2;9024;0;0;0;0;
554;263;55;-98;-168;1;1;1;0;0;1;2;0;0;0;2;9055;0;0;0;0;
554;263;53;-101;-170;1;1;1;0;0;1;2;0;0;0;2;9086;0;0;0;0;
554;263;53;-99;-170;1;1;1;0;0;1;2;0;0;0;2;9117;0;0;0;0;
554;263;53;-101;-171;1;1;1;0;0;1;2;0;0;0;2;9148;0;0;0;0;
554;263;52;-102;-172;1;1;1;0;0;1;2;0;0;0;2;9179;0;0;0;0;
554;263;51;-103;-172;1;1;1;0;0;1;2;0;0;0;2;9210;0;0;0;0;
554;263;51;-100;-170;1;1;1;0;0;1;2;0;0;0;2;9241;0;0;0;0;
554;263;51;-101;-172;1;1;1;0;0;1;2;0;0;0;2;9272;0;0;0;0;
554;263;51;-101;-171;1;1;1;0;0;1;2;0;0;0;2;9303;0;0;0;0;
554;263;50;-104;-173;1;1;1;0;0;1;2;0;0;0;2;9334;0;0;0;0;
554;263;50;-104;-173;1;1;1;0;0;1;2;0;0;0;2;9365;0;0;0;0;
554;263;49;-104;-173;1;1;1;0;0;1;2;0;0;0;2;9396;0;0;0;0;
554;263;48;-104;-174;1;1;1;0;0;1;2;0;0;0;2;9427;0;0;0;0;
554;263;48;-104;-174;1;1;1;0;0;1;2;0;0;0;2;9458;0;0;0;0;
554;263;47;-107;-175;1;1;1;0;0;1;2;0;0;0;2;9489;0;0;0;0;
554;263;47;-106;-175;1;1;1;0;0;1;2;0;0;0;2;9520;0;0;0;0;
554;263;47;-105;-175;1;1;1;0;0;1;2;0;0;0;2;9551;0;0;0;0;
554;263;48;-105;-175;1;1;1;0;0;1;2;0;0;0;2;9582;0;0;0;0;
554;263;46;-106;-175;1;1;1;0;0;1;2;0;0;0;2;9613;0;0;0;0;
554;263;46;-106;-175;1;1;1;0;0;1;2;0;0;0;2;9644;0;0;0;0;
554;263;44;-109;-176;1;1;1;0;0;1;2;0;0;0;2;9675;0;0;0;0;
554;263;45;-108;-177;1;1;1;0;0;1;2;0;0;0;2;9706;0;0;0;0;
554;263;44;-110;-179;1;1;1;0;0;1;2;0;0;0;2;9737;0;0;0;0;
554;263;43;-110;-179;1;1;1;0;0;1;2;0;0;0;2;9768;0;0;0;0;
554;263;43;-109;-178;1;1;1;0;0;1;2;0;0;0;2;9799;0;0;0;0;
554;263;43;-111;-180;1;1;1;0;0;1;2;0;0;0;2;9830;0;0;0;0;
554;263;43;-110;-180;1;1;1;0;0;1;2;0;0;0;2;9861;0;0;0;0;
554;263;43;-110;-180;1;1;1;0;0;1;2;0;0;0;2;9892;0;0;0;0;
554;263;43;-109;-178;1;1;1;0;0;1;2;0;0;0;2;9923;0;0;0;0;
554;263;41;-113;-180;1;1;1;0;0;1;2;0;0;0;2;9954;0;0;0;0;
554;263;43;-110;-180;1;1;1;0;0;1;2;0;0;0;2;9985;0;0;0;0;
554;263;41;-112;-181;1;1;1;0;0;1;2;0;0;0;2;10016;0;0;0;0;
554;263;40;-110;-180;1;1;1;0;0;1;2;0;0;0;2;10047;0;0;0;0;
554;263;41;-111;-182;1;1;1;0;0;1;2;0;0;0;2;10078;0;0;0;0;
554;263;39;-114;-184;1;1;1;0;0;1;2;0;0;0;2;10109;0;0;0;0;
554;263;40;-111;-183;1;1;1;0;0;1;2;0;0;0;2;10140;0;0;0;0;
554;263;40;-110;-183;1;1;1;0;0;1;2;0;0;0;2;10171;0;0;0;0;
554;263;38;-114;-184;1;1;1;0;0;1;2;0;0;0;2;10202;0;0;0;0;
554;263;38;-114;-184;1;1;1;0;0;1;2;0;0;0;2;10233;0;0;0;0;
554;263;38;-112;-182;1;1;1;0;0;1;2;0;0;0;2;10264;0;0;0;0;
554;263;37;-114;-185;1;1;1;0;0;1;2;0;0;0;2;10295;0;0;0;0;
554;263;36;-115;-185;1;1;1;0;0;1;2;0;0;0;2;10326;0;0;0;0;
554;263;35;-115;-185;1;1;1;0;0;1;2;0;0;0;2;10357;0;0;0;0;
554;263;35;-114;-184;2;1;1;0;0;1;2;0;0;0;2;10388;0;0;0;0;
554;263;35;-114;-185;2;1;1;0;0;1;2;0;0;0;2;10419;0;0;0;0;
554;263;35;-117;-193;2;1;1;0;0;1;2;0;0;0;2;10450;0;0;0;0;
554;263;36;-115;-200;2;1;1;0;0;1;2;0;0;0;2;10481;0;0;0;0;
554;263;35;-119;-210;2;1;1;0;0;1;2;0;0;0;2;10512;0;0;0;0;
554;263;35;-118;-212;2;1;1;0;0;1;2;0;0;0;2;10543;0;0;0;0;
554;263;35;-121;-216;2;1;1;0;0;1;2;0;0;0;2;10574;0;0;0;0;
554;263;34;-123;-220;2;1;1;0;0;1;2;0;0;0;2;10605;0;0;0;0;
554;263;35;-124;-220;2;1;1;0;0;1;2;0;0;0;2;10636;0;0;0;0;
554;263;35;-124;-222;2;1;1;0;0;1;2;0;0;0;2;10667;0;0;0;0;
554;263;34;-125;-223;2;1;1;0;0;1;1;0;0;0;2;10698;0;0;0;0;
554;263;35;-125;-224;2;1;1;0;0;1;1;0;0;0;2;10729;0;0;0;0;
554;263;34;-129;-226;2;1;1;0;0;1;1;0;0;0;2;10760;0;0;0;0;
554;263;35;-127;-225;2;1;1;0;0;1;1;0;0;0;2;10791;0;0;0;0;
554;263;34;-130;-228;2;1;1;0;0;1;1;0;0;0;2;10822;0;0;0;0;
554;263;35;-130;-226;2;1;1;0;0;1;1;0;0;0;2;10853;0;0;0;0;
554;263;34;-130;-227;2;1;1;0;0;1;1;0;0;0;2;10884;0;0;0;0;
554;263;35;-131;-228;2;1;1;0;0;1;1;0;0;0;2;10915;0;0;0;0;
554;263;34;-135;-230;2;1;1;0;0;1;1;0;0;0;2;10946;0;0;0;0;
554;263;34;-135;-230;2;1;1;0;0;1;1;0;0;0;2;10977;0;0;0;0;
554;263;35;-135;-230;2;1;1;0;0;1;1;0;0;0;2;11008;0;0;0;0;
554;263;35;-135;-230;2;1;1;0;0;1;1;0;0;0;2;11039;0;0;0;0;
554;263;35;-138;-232;2;1;1;0;0;1;1;0;0;0;2;11070;0;0;0;0;
554;263;35;-140;-234;2;1;1;0;0;1;1;0;0;0;2;11101;0;0;0;0;
554;263;35;-140;-234;2;1;1;0;0;1;1;0;0;0;2;11132;0;0;0;0;
554;263;36;-140;-233;2;1;1;0;0;1;1;0;0;0;2;11163;0;0;0;0;
554;263;35;-144;-236;2;1;1;0;0;1;1;0;0;0;2;11194;0;0;0;0;
554;263;36;-142;-235;2;1;1;0;0;1;1;0;0;0;2;11225;0;0;0;0;
554;263;35;-143;-236;2;1;1;0;0;1;1;0;0;0;2;11256;0;0;0;0;
554;263;35;-146;-238;2;1;1;0;0;1;1;0;0;0;2;11287;0;0;0;0;
554;263;37;-144;-237;2;1;1;0;0;1;1;0;0;0;2;11318;0;0;0;0;
554;263;35;-147;-240;2;1;1;0;0;1;1;0;0;0;2;11349;0;0;0;0;
554;263;36;-148;-240;2;1;1;0;0;1;1;0;0;0;2;11380;0;0;0;0;
554;263;36;-147;-239;2;1;1;0;0;1;1;0;0;0;2;11411;0;0;0;0;
554;263;37;-148;-240;2;1;1;0;0;1;1;0;0;0;2;11442;0;0;0;0;
554;263;36;-148;-240;2;1;1;0;0;1;1;0;0;0;2;11473;0;0;0;0;
554;263;37;-150;-242;2;1;1;0;0;1;1;0;0;0;2;11504;0;0;0;0;
554;263;38;-151;-242;2;1;1;0;0;1;1;0;0;0;2;11535;0;0;0;0;
554;263;37;-150;-242;2;1;1;0;0;1;1;0;0;0;2;11566;0;0;0;0;
554;263;37;-154;-244;2;1;1;0;0;1;1;0;0;0;2;11597;0;0;0;0;
554;263;38;-154;-245;2;1;1;0;0;1;1;0;0;0;2;11628;0;0;0;0;
554;263;38;-154;-245;2;1;1;0;0;1;1;0;0;0;2;11659;0;0;0;0;
554;263;38;-154;-244;2;1;1;0;0;1;1;0;0;0;2;11690;0;0;0;0;
554;263;39;-155;-245;2;1;1;0;0;1;1;0;0;0;2;11721;0;0;0;0;
554;263;39;-157;-246;2;1;1;0;0;1;1;0;0;0;2;11752;0;0;0;0;
554;263;38;-159;-248;2;1;1;0;0;1;1;0;0;0;2;11783;0;0;0;0;
554;263;39;-157;-246;2;1;1;0;0;1;1;0;0;0;2;11814;0;0;0;0;
554;263;40;-158;-247;2;1;1;0;0;1;1;0;0;0;2;11845;0;0;0;0;
554;263;39;-160;-250;2;1;1;0;0;1;1;0;0;0;2;11876;0;0;0;0;
554;263;39;-161;-250;2;1;1;0;0;1;1;0;0;0;2;11907;0;0;0;0;
554;263;40;-161;-250;2;1;1;0;0;1;1;0;0;0;2;11938;0;0;0;0;
554;263;40;-161;-249;2;1;1;0;0;1;1;0;0;0;2;11969;0;0;0;0;
554;263;40;-164;-251;2;1;1;0;0;1;1;0;0;0;2;12000;0;0;0;0;
554;263;40;-162;-250;2;1;1;0;0;1;1;0;0;0;2;12031;0;0;0;0;
554;263;40;-166;-253;2;1;1;0;0;1;1;0;0;0;2;12062;0;0;0;0;
554;263;40;-166;-252;2;1;1;0;0;1;1;0;0;0;2;12093;0;0;0;0;
554;263;40;-165;-252;2;1;1;0;0;1;1;0;0;0;2;12124;0;0;0;0;
554;263;40;-168;-254;2;1;1;0;0;1;1;0;0;0;2;12155;0;0;0;0;
554;263;41;-165;-252;2;1;1;0;0;1;1;0;0;0;2;12186;0;0;0;0;
554;263;40;-169;-254;2;1;1;0;0;1;1;0;0;0;2;12217;0;0;0;0;
554;263;41;-167;-253;2;1;1;0;0;1;1;0;0;0;2;12248;0;0;0;0;
554;263;41;-170;-255;2;1;1;0;0;1;1;0;0;0;2;12279;0;0;0;0;
554;263;41;-170;-255;2;1;1;0;0;1;1;0;0;0;2;12310;0;0;0;0;
554;263;42;-169;-255;2;1;1;0;0;1;1;0;0;0;2;12341;0;0;0;0;
554;263;43;-170;-254;2;1;1;0;0;1;1;0;0;0;2;12372;0;0;0;0;
554;263;42;-173;-258;2;1;1;0;0;1;1;0;0;0;2;12403;0;0;0;0;
554;263;42;-172;-258;2;1;1;0;0;1;1;0;0;0;2;12434;0;0;0;0;
554;263;41;-173;-258;2;1;1;0;0;1;1;0;0;0;2;12465;0;0;0;0;
554;263;43;-174;-259;2;1;1;0;0;1;1;0;0;0;2;12496;0;0;0;0;
554;263;43;-172;-257;2;1;1;0;0;1;1;0;0;0;2;12527;0;0;0;0;
554;263;43;-172;-257;2;1;1;0;0;1;1;0;0;0;2;12558;0;0;0;0;
554;263;43;-175;-260;2;1;1;0;0;1;1;0;0;0;2;12589;0;0;0;0;
554;263;43;-175;-260;2;1;1;0;0;1;1;0;0;0;2;12620;0;0;0;0;
554;263;43;-176;-260;2;1;1;0;0;1;1;0;0;0;2;12651;0;0;0;0;
554;263;44;-175;-259;2;1;1;0;0;1;1;0;0;0;2;12682;0;0;0;0;
554;263;45;-177;-262;2;1;1;0;0;1;1;0;0;0;2;12713;0;0;0;0;
554;263;45;-176;-260;2;1;1;0;0;1;1;0;0;0;2;12744;0;0;0;0;
554;263;43;-179;-263;2;1;1;0;0;1;1;0;0;0;2;12775;0;0;0;0;
554;263;44;-179;-263;2;1;1;0;0;1;1;0;0;0;2;12806;0;0;0;0;
554;263;45;-179;-263;2;1;1;0;0;1;1;0;0;0;2;12837;0;0;0;0;
554;263;46;-177;-262;2;1;1;0;0;1;1;0;0;0;2;12868;0;0;0;0;
554;263;46;-180;-264;2;1;1;0;0;1;1;0;0;0;2;12899;0;0;0;0;
554;263;46;-179;-263;2;1;1;0;0;1;1;0;0;0;2;12930;0;0;0;0;
554;263;46;-180;-263;2;1;1;0;0;1;1;0;0;0;2;12961;0;0;0;0;
554;263;46;-181;-264;2;1;1;0;0;1;1;0;0;0;2;12992;0;0;0;0;
554;263;47;-179;-263;2;1;1;0;0;1;1;0;0;0;2;13023;0;0;0;0;
554;263;46;-180;-264;2;1;1;0;0;1;1;0;0;0;2;13054;0;0;0;0;
554;263;46;-184;-266;2;1;1;0;0;1;1;0;0;0;2;13085;0;0;0;0;
554;263;48;-180;-264;2;1;1;0;0;1;1;0;0;0;2;13116;0;0;0;0;
554;263;46;-183;-266;2;1;1;0;0;1;1;0;0;0;2;13147;0;0;0;0;
554;263;47;-184;-267;2;1;1;0;0;1;1;0;0;0;2;13178;0;0;0;0;
554;263;48;-184;-267;2;1;1;0;0;1;1;0;0;0;2;13209;0;0;0;0;
554;263;48;-184;-266;2;1;1;0;0;1;1;0;0;0;2;13240;0;0;0;0;
554;263;47;-185;-267;2;1;1;0;0;1;1;0;0;0;2;13271;0;0;0;0;
554;263;47;-185;-268;2;1;1;0;0;1;1;0;0;0;2;13302;0;0;0;0;
554;263;48;-184;-266;2;1;1;0;0;1;1;0;0;0;2;13333;0;0;0;0;
554;263;48;-185;-268;2;1;1;0;0;1;1;0;0;0;2;13364;0;0;0;0;
554;263;48;-186;-269;1;1;1;0;0;1;1;0;0;0;2;13395;0;0;0;0;
554;263;50;-184;-263;1;1;1;0;0;1;1;0;0;0;2;13426;0;0;0;0;
554;263;48;-185;-259;1;1;1;0;0;1;1;0;0;0;2;13457;0;0;0;0;
554;263;48;-185;-256;1;1;1;0;0;1;1;0;0;0;2;13488;0;0;0;0;
554;263;48;-183;-250;1;1;1;0;0;1;1;0;0;0;2;13519;0;0;0;0;
554;263;47;-184;-251;1;1;1;0;0;1;1;0;0;0;2;13550;0;0;0;0;
554;263;48;-181;-247;1;1;1;0;0;1;1;0;0;0;2;13581;0;0;0;0;
554;263;48;-180;-246;1;1;1;0;0;1;1;0;0;0;2;13612;0;0;0;0;
554;263;47;-181;-246;1;1;1;0;0;1;1;0;0;0;2;13643;0;0;0;0;
554;263;47;-180;-244;1;1;1;0;0;1;1;0;0;0;2;13674;0;0;0;0;
554;263;48;-178;-241;1;1;1;0;0;1;1;0;0;0;2;13705;0;0;0;0;
554;263;47;-177;-241;1;1;1;0;0;1;1;0;0;0;2;13736;0;0;0;0;
554;263;47;-175;-239;1;1;1;0;0;1;1;0;0;0;2;13767;0;0;0;0;
554;263;46;-177;-241;1;1;1;0;0;1;1;0;0;0;2;13798;0;0;0;0;
554;263;46;-174;-239;1;1;1;0;0;1;1;0;0;0;2;13829;0;0;0;0;
554;263;46;-173;-238;1;1;1;0;0;1;1;0;0;0;2;13860;0;0;0;0;
554;263;45;-173;-238;1;1;1;0;0;1;1;0;0;0;2;13891;0;0;0;0;
554;263;44;-173;-237;1;1;1;0;0;1;1;0;0;0;2;13922;0;0;0;0;
554;263;44;-172;-237;1;1;1;0;0;1;1;0;0;0;2;13953;0;0;0;0;
554;263;43;-173;-238;1;1;1;0;0;1;1;0;0;0;2;13984;0;0;0;0;
554;263;43;-170;-235;1;1;1;0;0;1;1;0;0;0;2;14015;0;0;0;0;
554;263;43;-170;-236;1;1;1;0;0;1;1;0;0;0;2;14046;0;0;0;0;
554;263;43;-170;-236;1;1;1;0;0;1;1;0;0;0;2;14077;0;0;0;0;
554;263;42;-168;-234;1;1;1;0;0;1;1;0;0;0;2;14108;0;0;0;0;
554;263;42;-168;-235;1;1;1;0;0;1;1;0;0;0;2;14139;0;0;0;0;
554;263;40;-167;-234;1;1;1;0;0;1;1;0;0;0;2;14170;0;0;0;0;
554;263;41;-166;-233;1;1;1;0;0;1;1;0;0;0;2;14201;0;0;0;0;
554;263;40;-166;-233;1;1;1;0;0;1;1;0;0;0;2;14232;0;0;0;0;
554;263;39;-166;-233;1;1;1;0;0;1;1;0;0;0;2;14263;0;0;0;0;
554;263;39;-166;-233;1;1;1;0;0;1;1;0;0;0;2;14294;0;0;0;0;
554;263;40;-162;-232;1;1;1;0;0;1;1;0;0;0;2;14325;0;0;0;0;
554;263;38;-162;-232;1;1;1;0;0;1;1;0;0;0;2;14356;0;0;0;0;
554;263;36;-165;-233;1;1;1;0;0;1;1;0;0;0;2;14387;0;0;0;0;
554;263;37;-164;-233;1;1;1;0;0;1;1;0;0;0;2;14418;0;0;0;0;
554;263;37;-161;-231;1;1;1;0;0;1;1;0;0;0;2;14449;0;0;0;0;
554;263;36;-161;-230;1;1;1;0;0;1;1;0;0;0;2;14480;0;0;0;0;
554;263;35;-163;-232;2;1;1;0;0;1;1;0;0;0;2;14511;0;0;0;0;
554;263;34;-162;-235;2;1;1;0;0;1;1;0;0;0;2;14542;0;0;0;0;
554;263;35;-162;-240;2;1;1;0;0;1;1;0;0;0;2;14573;0;0;0;0;
554;263;35;-160;-242;2;1;1;0;0;1;1;0;0;0;2;14604;0;0;0;0;
554;263;35;-161;-245;2;1;1;0;0;1;1;0;0;0;2;14635;0;0;0;0;
554;263;35;-163;-248;2;1;1;0;0;1;1;0;0;0;2;14666;0;0;0;0;
554;263;34;-165;-251;2;1;1;0;0;1;1;0;0;0;2;14697;0;0;0;0;
554;263;34;-163;-251;2;1;1;0;0;1;1;0;0;0;2;14728;0;0;0;0;
554;263;34;-167;-254;2;1;1;0;0;1;1;0;0;0;2;14759;0;0;0;0;
554;263;34;-167;-255;2;1;1;0;0;1;1;0;0;0;2;14790;0;0;0;0;
554;263;34;-170;-256;2;1;1;0;0;1;1;0;0;0;2;14821;0;0;0;0;
554;263;34;-168;-255;2;1;1;0;0;1;1;0;0;0;2;14852;0;0;0;0;
554;263;33;-170;-256;2;1;1;0;0;1;1;0;0;0;2;14883;0;0;0;0;
554;263;35;-171;-257;2;1;1;0;0;1;1;0;0;0;2;14914;0;0;0;0;
554;263;34;-170;-256;2;1;1;0;0;1;1;0;0;0;2;14945;0;0;0;0;
554;263;35;-170;-256;2;1;1;0;0;1;1;0;0;0;2;14976;0;0;0;0;
554;263;34;-170;-256;2;1;1;0;0;1;1;0;0;0;2;15007;0;0;0;0;
554;263;35;-172;-257;2;1;1;0;0;1;1;0;0;0;2;15038;0;0;0;0;
554;263;34;-173;-258;2;1;1;0;0;1;1;0;0;0;2;15069;0;0;0;0;
554;263;34;-173;-258;2;1;1;0;0;1;1;0;0;0;2;15100;0;0;0;0;
554;263;34;-176;-262;2;1;1;0;0;1;1;0;0;0;2;15131;0;0;0;0;
554;263;34;-175;-260;2;1;1;0;0;1;1;0;0;0;2;15162;0;0;0;0;
554;263;34;-177;-262;2;1;1;0;0;1;1;0;0;0;2;15193;0;0;0;0;
554;263;35;-175;-260;2;1;1;0;0;1;1;0;0;0;2;15224;0;0;0;0;
554;263;34;-178;-263;2;1;1;0;0;1;1;0;0;0;2;15255;0;0;0;0;
554;263;34;-180;-263;2;1;1;0;0;1;1;0;0;0;2;15286;0;0;0;0;
554;263;34;-180;-263;2;1;1;0;0;1;1;0;0;0;2;15317;0;0;0;0;
554;263;35;-179;-263;2;1;1;0;0;1;1;0;0;0;2;15348;0;0;0;0;
554;263;35;-181;-265;2;1;1;0;0;1;1;0;0;0;2;15379;0;0;0;0;
554;263;35;-180;-263;2;1;1;0;0;1;1;0;0;0;2;15410;0;0;0;0;
554;263;34;-183;-265;2;1;1;0;0;1;1;0;0;0;2;15441;0;0;0;0;
554;263;35;-181;-264;2;1;1;0;0;1;1;0;0;0;2;15472;0;0;0;0;
554;263;35;-181;-264;2;1;1;0;0;1;1;0;0;0;2;15503;0;0;0;0;
554;263;35;-185;-266;2;1;1;0;0;1;1;0;0;0;2;15534;0;0;0;0;
554;263;35;-182;-265;2;1;1;0;0;1;1;0;0;0;2;15565;0;0;0;0;
554;263;35;-183;-266;2;1;1;0;0;1;1;0;0;0;2;15596;0;0;0;0;
554;263;35;-183;-266;2;1;1;0;0;1;1;0;0;0;2;15627;0;0;0;0;
554;263;36;-185;-268;2;1;1;0;0;1;1;0;0;0;2;15658;0;0;0;0;
554;263;36;-186;-269;2;1;1;0;0;1;1;0;0;0;2;15689;0;0;0;0;
554;263;36;-185;-267;2;1;1;0;0;1;1;0;0;0;2;15720;0;0;0;0;
554;263;36;-186;-268;2;1;1;0;0;1;1;0;0;0;2;15751;0;0;0;0;
554;263;36;-188;-269;2;1;1;0;0;1;1;0;0;0;2;15782;0;0;0;0;
554;263;36;-188;-269;2;1;1;0;0;1;1;0;0;0;2;15813;0;0;0;0;
554;263;37;-188;-270;2;1;1;0;0;1;1;0;0;0;2;15844;0;0;0;0;
554;263;37;-189;-270;2;1;1;0;0;1;1;0;0;0;2;15875;0;0;0;0;
554;263;37;-188;-269;2;1;1;0;0;1;1;0;0;0;2;15906;0;0;0;0;
554;263;38;-187;-269;2;1;1;0;0;1;1;0;0;0;2;15937;0;0;0;0;
554;263;38;-188;-269;2;1;1;0;0;1;1;0;0;0;2;15968;0;0;0;0;
554;263;37;-190;-273;2;1;1;0;0;1;1;0;0;0;2;15999;0;0;0;0;
554;263;38;-190;-270;2;1;1;0;0;1;1;0;0;0;2;16030;0;0;0;0;
554;263;38;-191;-273;2;1;1;0;0;1;1;0;0;0;2;16061;0;0;0;0;
554;263;38;-190;-272;2;1;1;0;0;1;1;0;0;0;2;16092;0;0;0;0;
554;263;38;-191;-273;2;1;1;0;0;1;1;0;0;0;2;16123;0;0;0;0;
554;263;39;-190;-270;2;1;1;0;0;1;1;0;0;0;2;16154;0;0;0;0;
554;263;39;-190;-270;2;1;1;0;0;1;1;0;0;0;2;16185;0;0;0;0;
554;263;39;-190;-272;2;1;1;0;0;1;1;0;0;0;2;16216;0;0;0;0;
554;263;39;-191;-273;2;1;1;0;0;1;1;0;0;0;2;16247;0;0;0;0;
554;263;39;-191;-273;2;1;1;0;0;1;1;0;0;0;2;16278;0;0;0;0;
554;263;39;-194;-275;2;1;1;0;0;1;1;0;0;0;2;16309;0;0;0;0;
554;263;39;-193;-274;2;1;1;0;0;1;1;0;0;0;2;16340;0;0;0;0;
554;263;39;-195;-275;2;1;1;0;0;1;1;0;0;0;2;16371;0;0;0;0;
554;263;40;-193;-274;2;1;1;0;0;1;1;0;0;0;2;16402;0;0;0;0;
554;263;40;-195;-275;2;1;1;0;0;1;1;0;0;0;2;16433;0;0;0;0;
554;263;40;-195;-275;2;1;1;0;0;1;1;0;0;0;2;16464;0;0;0;0;
554;263;41;-196;-276;2;1;1;0;0;1;1;0;0;0;2;16495;0;0;0;0;
554;263;40;-194;-275;2;1;1;0;0;1;1;0;0;0;2;16526;0;0;0;0;
554;263;40;-196;-276;2;1;1;0;0;1;1;0;0;0;2;16557;0;0;0;0;
554;263;40;-195;-275;2;1;1;0;0;1;1;0;0;0;2;16588;0;0;0;0;
554;263;40;-196;-275;2;1;1;0;0;1;1;0;0;0;2;16619;0;0;0;0;
554;263;41;-198;-276;2;1;1;0;0;1;1;0;0;0;2;16650;0;0;0;0;
554;263;40;-198;-277;2;1;1;0;0;1;1;0;0;0;2;16681;0;0;0;0;
554;263;42;-198;-277;2;1;1;0;0;1;1;0;0;0;2;16712;0;0;0;0;
554;263;41;-196;-276;2;1;1;0;0;1;1;0;0;0;2;16743;0;0;0;0;
554;263;42;-199;-277;2;1;1;0;0;1;1;0;0;0;2;16774;0;0;0;0;
554;263;41;-200;-278;2;1;1;0;0;1;1;0;0;0;2;16805;0;0;0;0;
554;263;41;-200;-278;2;1;1;0;0;1;1;0;0;0;2;16836;0;0;0;0;
554;263;41;-200;-278;2;1;1;0;0;1;1;0;0;0;2;16867;0;0;0;0;
554;263;42;-200;-279;2;1;1;0;0;1;1;0;0;0;2;16898;0;0;0;0;
554;263;43;-200;-278;2;1;1;0;0;1;1;0;0;0;2;16929;0;0;0;0;
554;263;43;-199;-278;2;1;1;0;0;1;1;0;0;0;2;16960;0;0;0;0;
554;263;41;-200;-279;2;1;1;0;0;1;1;0;0;0;2;16991;0;0;0;0;
554;263;42;-200;-279;2;1;1;0;0;1;1;0;0;0;2;17022;0;0;0;0;
554;263;43;-200;-278;2;1;1;0;0;1;1;0;0;0;2;17053;0;0;0;0;
554;263;43;-199;-277;2;1;1;0;0;1;1;0;0;0;2;17084;0;0;0;0;
554;263;43;-200;-278;2;1;1;0;0;1;1;0;0;0;2;17115;0;0;0;0;
554;263;43;-202;-280;2;1;1;0;0;1;1;0;0;0;2;17146;0;0;0;0;
554;263;43;-201;-279;2;1;1;0;0;1;1;0;0;0;2;17177;0;0;0;0;
554;263;43;-202;-280;2;1;1;0;0;1;1;0;0;0;2;17208;0;0;0;0;
554;263;43;-203;-282;2;1;1;0;0;1;1;0;0;0;2;17239;0;0;0;0;
554;263;43;-203;-282;2;1;1;0;0;1;1;0;0;0;2;17270;0;0;0;0;
554;263;43;-202;-280;2;1;1;0;0;1;1;0;0;0;2;17301;0;0;0;0;
554;263;43;-201;-280;2;1;1;0;0;1;1;0;0;0;2;17332;0;0;0;0;
554;263;44;-204;-282;2;1;1;0;0;1;1;0;0;0;2;17363;0;0;0;0;
554;263;44;-204;-282;2;1;1;0;0;1;1;0;0;0;2;17394;0;0;0;0;
554;263;45;-203;-280;2;1;1;0;0;1;1;0;0;0;2;17425;0;0;0;0;
554;263;44;-203;-280;2;1;1;0;0;1;1;0;0;0;2;17456;0;0;0;0;
554;263;43;-205;-282;2;1;1;0;0;1;1;0;0;0;2;17487;0;0;0;0;
554;263;45;-206;-282;2;1;1;0;0;1;1;0;0;0;2;17518;0;0;0;0;
554;263;45;-205;-282;2;1;1;0;0;1;1;0;0;0;2;17549;0;0;0;0;
554;263;45;-204;-282;2;1;1;0;0;1;1;0;0;0;2;17580;0;0;0;0;
554;263;45;-206;-283;2;1;1;0;0;1;1;0;0;0;2;17611;0;0;0;0;
554;263;46;-206;-283;2;1;1;0;0;1;1;0;0;0;2;17642;0;0;0;0;
554;263;45;-207;-283;2;1;1;0;0;1;1;0;0;0;2;17673;0;0;0;0;
554;263;46;-207;-284;2;1;1;0;0;1;1;0;0;0;2;17704;0;0;0;0;
554;263;46;-204;-282;2;1;1;0;0;1;1;0;0;0;2;17735;0;0;0;0;
554;263;45;-208;-285;2;1;1;0;0;1;1;0;0;0;2;17766;0;0;0;0;
554;263;46;-205;-283;2;1;1;0;0;1;1;0;0;0;2;17797;0;0;0;0;
554;263;46;-205;-282;2;1;1;0;0;1;1;0;0;0;2;17828;0;0;0;0;
554;263;47;-205;-282;2;1;1;0;0;1;1;0;0;0;2;17859;0;0;0;0;
554;263;47;-206;-282;2;1;1;0;0;1;1;0;0;0;2;17890;0;0;0;0;
554;263;47;-209;-284;2;1;1;0;0;1;1;0;0;0;2;17921;0;0;0;0;
554;263;47;-209;-284;2;1;1;0;0;1;1;0;0;0;2;17952;0;0;0;0;
554;263;47;-209;-285;2;1;1;0;0;1;1;0;0;0;2;17983;0;0;0;0;
554;263;46;-210;-286;2;1;1;0;0;1;1;0;0;0;2;18014;0;0;0;0;
554;263;47;-206;-283;2;1;1;0;0;1;1;0;0;0;2;18045;0;0;0;0;
554;263;48;-209;-285;2;1;1;0;0;1;1;0;0;0;2;18076;0;0;0;0;
554;263;48;-208;-284;2;1;1;0;0;1;1;0;0;0;2;18107;0;0;0;0;
554;263;47;-208;-284;2;1;1;0;0;1;1;0;0;0;2;18138;0;0;0;0;
554;263;48;-209;-285;2;1;1;0;0;1;1;0;0;0;2;18169;0;0;0;0;
554;263;48;-209;-284;2;1;1;0;0;1;1;0;0;0;2;18200;0;0;0;0;
554;263;47;-208;-283;1;1;1;0;0;1;1;0;0;0;2;18231;0;0;0;0;
554;263;48;-207;-277;1;1;1;0;0;1;1;0;0;0;2;18262;0;0;0;0;
554;263;49;-206;-272;1;1;1;0;0;1;1;0;0;0;2;18293;0;0;0;0;
554;263;48;-205;-268;1;1;1;0;0;1;1;0;0;0;2;18324;0;0;0;0;
554;263;48;-206;-266;1;1;1;0;0;1;1;0;0;0;2;18355;0;0;0;0;
554;263;48;-206;-265;1;1;1;0;0;1;1;0;0;0;2;18386;0;0;0;0;
554;263;48;-202;-260;1;1;1;0;0;1;1;0;0;0;2;18417;0;0;0;0;
554;263;48;-204;-260;1;1;1;0;0;1;1;0;0;0;2;18448;0;0;0;0;
554;263;46;-201;-259;1;1;1;0;0;1;1;0;0;0;2;18479;0;0;0;0;
554;263;46;-199;-255;1;1;1;0;0;1;1;0;0;0;2;18510;0;0;0;0;
554;263;46;-200;-256;1;1;1;0;0;1;1;0;0;0;2;18541;0;0;0;0;
554;263;46;-196;-252;1;1;1;0;0;1;1;0;0;0;2;18572;0;0;0;0;
554;263;44;-197;-253;1;1;1;0;0;1;1;0;0;0;2;18603;0;0;0;0;
554;263;45;-194;-251;1;1;1;0;0;1;1;0;0;0;2;18634;0;0;0;0;
554;263;43;-196;-253;1;1;1;0;0;1;1;0;0;0;2;18665;0;0;0;0;
554;263;44;-192;-251;1;1;1;0;0;1;1;0;0;0;2;18696;0;0;0;0;
554;263;43;-193;-251;1;1;1;0;0;1;1;0;0;0;2;18727;0;0;0;0;
554;263;43;-191;-249;1;1;1;0;0;1;1;0;0;0;2;18758;0;0;0;0;
554;263;43;-192;-250;1;1;1;0;0;1;1;0;0;0;2;18789;0;0;0;0;
554;263;42;-188;-248;1;1;1;0;0;1;1;0;0;0;2;18820;0;0;0;0;
554;263;41;-186;-247;1;1;1;0;0;1;1;0;0;0;2;18851;0;0;0;0;
554;263;41;-186;-247;1;1;1;0;0;1;1;0;0;0;2;18882;0;0;0;0;
554;263;40;-188;-248;1;1;1;0;0;1;1;0;0;0;2;18913;0;0;0;0;
554;263;39;-188;-248;1;1;1;0;0;1;1;0;0;0;2;18944;0;0;0;0;
554;263;40;-186;-247;1;1;1;0;0;1;1;0;0;0;2;18975;0;0;0;0;
554;263;39;-184;-246;1;1;1;0;0;1;1;0;0;0;2;19006;0;0;0;0;
554;263;38;-183;-245;1;1;1;0;0;1;1;0;0;0;2;19037;0;0;0;0;
554;263;36;-184;-247;1;1;1;0;0;1;1;0;0;0;2;19068;0;0;0;0;
554;263;36;-181;-244;1;1;1;0;0;1;1;0;0;0;2;19099;0;0;0;0;
554;263;36;-180;-244;1;1;1;0;0;1;1;0;0;0;2;19130;0;0;0;0;
554;263;35;-181;-244;2;1;1;0;0;1;1;0;0;0;2;19161;0;0;0;0;
554;263;35;-181;-247;2;1;1;0;0;1;1;0;0;0;2;19192;0;0;0;0;
554;263;34;-180;-251;2;1;1;0;0;1;1;0;0;0;2;19223;0;0;0;0;
554;263;34;-180;-254;2;1;1;0;0;1;1;0;0;0;2;19254;0;0;0;0;
554;263;34;-180;-257;2;1;1;0;0;1;1;0;0;0;2;19285;0;0;0;0;
554;263;34;-183;-262;2;1;1;0;0;1;1;0;0;0;2;19316;0;0;0;0;
554;263;34;-181;-262;2;1;1;0;0;1;1;0;0;0;2;19347;0;0;0;0;
554;263;34;-182;-264;2;1;1;0;0;1;1;0;0;0;2;19378;0;0;0;0;
554;263;34;-183;-265;2;1;1;0;0;1;1;0;0;0;2;19409;0;0;0;0;
554;263;34;-183;-265;2;1;1;0;0;1;1;0;0;0;2;19440;0;0;0;0;
554;263;34;-185;-267;2;1;1;0;0;1;1;0;0;0;2;19471;0;0;0;0;
554;263;34;-185;-267;2;1;1;0;0;1;1;0;0;0;2;19502;0;0;0;0;
554;263;33;-185;-267;2;1;1;0;0;1;1;0;0;0;2;19533;0;0;0;0;
554;263;33;-186;-268;2;1;1;0;0;1;1;0;0;0;2;19564;0;0;0;0;
554;263;33;-189;-270;2;1;1;0;0;1;1;0;0;0;2;19595;0;0;0;0;
554;263;34;-187;-268;2;1;1;0;0;1;1;0;0;0;2;19626;0;0;0;0;
554;263;34;-190;-270;2;1;1;0;0;1;1;0;0;0;2;19657;0;0;0;0;
554;263;34;-188;-269;2;1;1;0;0;1;1;0;0;0;2;19688;0;0;0;0;
554;263;34;-190;-272;2;1;1;0;0;1;1;0;0;0;2;19719;0;0;0;0;
554;263;34;-190;-272;2;1;1;0;0;1;1;0;0;0;2;19750;0;0;0;0;
554;263;33;-192;-273;2;1;1;0;0;1;1;0;0;0;2;19781;0;0;0;0;
554;263;34;-191;-272;2;1;1;0;0;1;1;0;0;0;2;19812;0;0;0;0;
554;263;34;-191;-272;2;1;1;0;0;1;1;0;0;0;2;19843;0;0;0;0;
554;263;33;-194;-274;2;1;1;0;0;1;1;0;0;0;2;19874;0;0;0;0;
554;263;33;-194;-274;2;1;1;0;0;1;1;0;0;0;2;19905;0;0;0;0;
554;263;34;-194;-274;2;1;1;0;0;1;1;0;0;0;2;19936;0;0;0;0;
554;263;34;-195;-275;2;1;1;0;0;1;1;0;0;0;2;19967;0;0;0;0;
554;263;34;-195;-275;2;1;1;0;0;1;1;0;0;0;2;19998;0;0;0;0;
554;263;34;-195;-275;2;1;1;0;0;1;1;0;0;0;2;20029;0;0;0;0;
554;263;34;-195;-275;2;1;1;0;0;1;1;0;0;0;2;20060;0;0;0;0;
554;263;35;-197;-276;2;1;1;0;0;1;1;0;0;0;2;20091;0;0;0;0;
554;263;34;-196;-276;2;1;1;0;0;1;1;0;0;0;2;20122;0;0;0;0;
554;263;35;-196;-275;2;1;1;0;0;1;1;0;0;0;2;20153;0;0;0;0;
554;263;34;-197;-276;2;1;1;0;0;1;1;0;0;0;2;20184;0;0;0;0;
554;263;34;-200;-278;2;1;1;0;0;1;1;0;0;0;2;20215;0;0;0;0;
554;263;34;-200;-278;2;1;1;0;0;1;1;0;0;0;2;20246;0;0;0;0;
554;263;34;-200;-278;2;1;1;0;0;1;1;0;0;0;2;20277;0;0;0;0;
554;263;34;-200;-279;2;1;1;0;0;1;1;0;0;0;2;20308;0;0;0;0;
554;263;35;-199;-278;2;1;1;0;0;1;1;0;0;0;2;20339;0;0;0;0;
554;263;35;-200;-279;2;1;1;0;0;1;1;0;0;0;2;20370;0;0;0;0;
554;263;35;-201;-279;2;1;1;0;0;1;1;0;0;0;2;20401;0;0;0;0;
554;263;35;-201;-279;2;1;1;0;0;1;1;0;0;0;2;20432;0;0;0;0;
554;263;35;-203;-279;2;1;1;0;0;1;1;0;0;0;2;20463;0;0;0;0;
554;263;35;-202;-279;2;1;1;0;0;1;1;0;0;0;2;20494;0;0;0;0;
554;263;36;-200;-278;2;1;1;0;0;1;1;0;0;0;2;20525;0;0;0;0;
554;263;35;-200;-278;2;1;1;0;0;1;1;0;0;0;2;20556;0;0;0;0;
554;263;35;-202;-279;2;1;1;0;0;1;1;0;0;0;2;20587;0;0;0;0;
554;263;35;-205;-280;2;1;1;0;0;1;1;0;0;0;2;20618;0;0;0;0;
554;263;35;-203;-279;2;1;1;0;0;1;1;0;0;0;2;20649;0;0;0;0;
554;263;36;-205;-282;2;1;1;0;0;1;1;0;0;0;2;20680;0;0;0;0;
554;263;36;-205;-282;2;1;1;0;0;1;1;0;0;0;2;20711;0;0;0;0;
554;263;36;-205;-282;2;1;1;0;0;1;1;0;0;0;2;20742;0;0;0;0;
554;263;38;-203;-280;2;1;1;0;0;1;1;0;0;0;2;20773;0;0;0;0;
554;263;37;-204;-280;2;1;1;0;0;1;1;0;0;0;2;20804;0;0;0;0;
554;263;36;-207;-283;2;1;1;0;0;1;1;0;0;0;2;20835;0;0;0;0;
554;263;36;-204;-280;2;1;1;0;0;1;1;0;0;0;2;20866;0;0;0;0;
554;263;37;-208;-284;2;1;1;0;0;1;1;0;0;0;2;20897;0;0;0;0;
554;263;38;-204;-282;2;1;1;0;0;1;1;0;0;0;2;20928;0;0;0;0;
554;263;37;-205;-282;2;1;1;0;0;1;1;0;0;0;2;20959;0;0;0;0;
554;263;38;-208;-284;2;1;1;0;0;1;1;0;0;0;2;20990;0;0;0;0;
554;263;37;-206;-283;2;1;1;0;0;1;1;0;0;0;2;21021;0;0;0;0;
554;263;37;-209;-284;2;1;1;0;0;1;1;0;0;0;2;21052;0;0;0;0;
554;263;38;-210;-285;2;1;1;0;0;1;1;0;0;0;2;21083;0;0;0;0;
554;263;39;-207;-283;2;1;1;0;0;1;1;0;0;0;2;21114;0;0;0;0;
554;263;38;-208;-284;2;1;1;0;0;1;1;0;0;0;2;21145;0;0;0;0;
554;263;39;-208;-283;2;1;1;0;0;1;1;0;0;0;2;21176;0;0;0;0;
554;263;40;-210;-285;2;1;1;0;0;1;1;0;0;0;2;21207;0;0;0;0;
554;263;38;-209;-284;2;1;1;0;0;1;1;0;0;0;2;21238;0;0;0;0;
554;263;39;-210;-285;2;1;1;0;0;1;1;0;0;0;2;21269;0;0;0;0;
554;263;39;-210;-285;2;1;1;0;0;1;1;0;0;0;2;21300;0;0;0;0;
554;263;38;-210;-285;2;1;1;0;0;1;1;0;0;0;2;21331;0;0;0;0;
554;263;39;-210;-285;2;1;1;0;0;1;1;0;0;0;2;21362;0;0;0;0;
554;263;40;-209;-284;2;1;1;0;0;1;1;0;0;0;2;21393;0;0;0;0;
554;263;39;-211;-286;2;1;1;0;0;1;1;0;0;0;2;21424;0;0;0;0;
554;263;40;-210;-285;2;1;1;0;0;1;1;0;0;0;2;21455;0;0;0;0;
554;263;39;-212;-287;2;1;1;0;0;1;1;0;0;0;2;21486;0;0;0;0;
554;263;40;-211;-285;2;1;1;0;0;1;1;0;0;0;2;21517;0;0;0;0;
554;263;40;-210;-285;2;1;1;0;0;1;1;0;0;0;2;21548;0;0;0;0;
554;263;40;-210;-285;2;1;1;0;0;1;1;0;0;0;2;21579;0;0;0;0;
554;263;40;-213;-287;2;1;1;0;0;1;1;0;0;0;2;21610;0;0;0;0;
554;263;40;-212;-286;2;1;1;0;0;1;1;0;0;0;2;21641;0;0;0;0;
554;263;41;-212;-287;2;1;1;0;0;1;1;0;0;0;2;21672;0;0;0;0;
554;263;40;-214;-288;2;1;1;0;0;1;1;0;0;0;2;21703;0;0;0;0;
554;263;40;-214;-287;2;1;1;0;0;1;1;0;0;0;2;21734;0;0;0;0;
554;263;41;-212;-286;2;1;1;0;0;1;1;0;0;0;2;21765;0;0;0;0;
554;263;41;-211;-286;2;1;1;0;0;1;1;0;0;0;2;21796;0;0;0;0;
554;263;41;-213;-287;2;1;1;0;0;1;1;0;0;0;2;21827;0;0;0;0;
554;263;41;-212;-286;2;1;1;0;0;1;1;0;0;0;2;21858;0;0;0;0;
554;263;40;-215;-288;2;1;1;0;0;1;1;0;0;0;2;21889;0;0;0;0;
554;263;42;-213;-287;2;1;1;0;0;1;1;0;0;0;2;21920;0;0;0;0;
554;263;41;-213;-286;2;1;1;0;0;1;1;0;0;0;2;21951;0;0;0;0;
554;263;41;-214;-287;2;1;1;0;0;1;1;0;0;0;2;21982;0;0;0;0;
554;263;42;-213;-287;2;1;1;0;0;1;1;0;0;0;2;22013;0;0;0;0;
554;263;41;-215;-288;2;1;1;0;0;1;1;0;0;0;2;22044;0;0;0;0;
554;263;41;-216;-288;2;1;1;0;0;1;1;0;0;0;2;22075;0;0;0;0;
554;263;43;-213;-287;2;1;1;0;0;1;1;0;0;0;2;22106;0;0;0;0;
554;263;43;-217;-289;2;1;1;0;0;1;1;0;0;0;2;22137;0;0;0;0;
554;263;43;-214;-287;2;1;1;0;0;1;1;0;0;0;2;22168;0;0;0;0;
554;263;43;-214;-287;2;1;1;0;0;1;1;0;0;0;2;22199;0;0;0;0;
554;263;43;-216;-288;2;1;1;0;0;1;1;0;0;0;2;22230;0;0;0;0;
554;263;42;-217;-289;2;1;1;0;0;1;1;0;0;0;2;22261;0;0;0;0;
554;263;42;-219;-289;2;1;1;0;0;1;1;0;0;0;2;22292;0;0;0;0;
554;263;43;-218;-290;2;1;1;0;0;1;1;0;0;0;2;22323;0;0;0;0;
554;263;43;-217;-289;2;1;1;0;0;1;1;0;0;0;2;22354;0;0;0;0;
554;263;43;-218;-289;2;1;1;0;0;1;1;0;0;0;2;22385;0;0;0;0;
554;263;43;-217;-289;2;1;1;0;0;1;1;0;0;0;2;22416;0;0;0;0;
554;263;43;-219;-290;2;1;1;0;0;1;1;0;0;0;2;22447;0;0;0;0;
554;263;43;-219;-290;2;1;1;0;0;1;1;0;0;0;2;22478;0;0;0;0;
554;263;43;-219;-290;2;1;1;0;0;1;1;0;0;0;2;22509;0;0;0;0;
554;263;43;-219;-290;2;1;1;0;0;1;1;0;0;0;2;22540;0;0;0;0;
554;263;43;-219;-290;2;1;1;0;0;1;1;0;0;0;2;22571;0;0;0;0;
554;263;44;-217;-289;2;1;1;0;0;1;1;0;0;0;2;22602;0;0;0;0;
554;263;45;-218;-289;2;1;1;0;0;1;1;0;0;0;2;22633;0;0;0;0;
554;263;45;-217;-288;2;1;1;0;0;1;1;0;0;0;2;22664;0;0;0;0;
554;263;43;-221;-290;2;1;1;0;0;1;1;0;0;0;2;22695;0;0;0;0;
554;263;45;-218;-289;2;1;1;0;0;1;1;0;0;0;2;22726;0;0;0;0;
554;263;45;-218;-289;2;1;1;0;0;1;1;0;0;0;2;22757;0;0;0;0;
554;263;45;-220;-292;2;1;1;0;0;1;1;0;0;0;2;22788;0;0;0;0;
554;263;45;-219;-289;2;1;1;0;0;1;1;0;0;0;2;22819;0;0;0;0;
554;263;45;-218;-289;2;1;1;0;0;1;1;0;0;0;2;22850;0;0;0;0;
554;263;46;-218;-289;2;1;1;0;0;1;1;0;0;0;2;22881;0;0;0;0;
554;263;46;-219;-289;2;1;1;0;0;1;1;0;0;0;2;22912;0;0;0;0;
554;263;46;-222;-292;2;1;1;0;0;1;1;0;0;0;2;22943;0;0;0;0;
554;263;45;-222;-293;2;1;1;0;0;1;1;0;0;0;2;22974;0;0;0;0;
554;263;46;-219;-290;2;1;1;0;0;1;1;0;0;0;2;23005;0;0;0;0;
554;263;46;-219;-289;2;1;1;0;0;1;1;0;0;0;2;23036;0;0;0;0;
554;263;46;-220;-292;2;1;1;0;0;1;1;0;0;0;2;23067;0;0;0;0;
554;263;45;-223;-293;2;1;1;0;0;1;1;0;0;0;2;23098;0;0;0;0;
554;263;46;-220;-290;2;1;1;0;0;1;1;0;0;0;2;23129;0;0;0;0;
554;263;46;-222;-293;2;1;1;0;0;1;1;0;0;0;2;23160;0;0;0;0;
554;263;46;-222;-292;2;1;1;0;0;1;1;0;0;0;2;23191;0;0;0;0;
554;263;46;-220;-290;2;1;1;0;0;1;1;0;0;0;2;23222;0;0;0;0;
554;263;46;-221;-292;2;1;1;0;0;1;1;0;0;0;2;23253;0;0;0;0;
554;263;46;-221;-292;2;1;1;0;0;1;1;0;0;0;2;23284;0;0;0;0;
554;263;46;-221;-292;2;1;1;0;0;1;1;0;0;0;2;23315;0;0;0;0;
554;263;46;-224;-294;2;1;1;0;0;1;1;0;0;0;2;23346;0;0;0;0;
554;263;47;-222;-292;2;1;1;0;0;1;1;0;0;0;2;23377;0;0;0;0;
554;263;46;-223;-293;2;1;1;0;0;1;1;0;0;0;2;23408;0;0;0;0;
554;263;47;-224;-294;2;1;1;0;0;1;1;0;0;0;2;23439;0;0;0;0;
554;263;49;-222;-292;2;1;1;0;0;1;1;0;0;0;2;23470;0;0;0;0;
554;263;47;-224;-294;2;1;1;0;0;1;1;0;0;0;2;23501;0;0;0;0;
554;263;49;-221;-292;2;1;1;0;0;1;1;0;0;0;2;23532;0;0;0;0;
554;263;46;-224;-294;2;1;1;0;0;1;1;0;0;0;2;23563;0;0;0;0;
554;263;48;-221;-292;2;1;1;0;0;1;1;0;0;0;2;23594;0;0;0;0;
554;263;47;-225;-294;2;1;1;0;0;1;1;0;0;0;2;23625;0;0;0;0;
554;263;49;-223;-293;2;1;1;0;0;1;1;0;0;0;2;23656;0;0;0;0;
554;263;48;-225;-294;1;1;1;0;0;1;1;0;0;0;2;23687;0;0;0;0;
554;263;48;-222;-287;1;1;1;0;0;1;1;0;0;0;2;23718;0;0;0;0;
554;263;49;-221;-282;1;1;1;0;0;1;1;0;0;0;2;23749;0;0;0;0;
554;263;48;-220;-277;1;1;1;0;0;1;1;0;0;0;2;23780;0;0;0;0;
554;263;48;-222;-276;1;1;1;0;0;1;1;0;0;0;2;23811;0;0;0;0;
554;263;47;-218;-269;1;1;1;0;0;1;1;0;0;0;2;23842;0;0;0;0;
554;263;47;-217;-268;1;1;1;0;0;1;1;0;0;0;2;23873;0;0;0;0;
554;263;48;-215;-266;1;1;1;0;0;1;1;0;0;0;2;23904;0;0;0;0;
554;263;46;-217;-267;1;1;1;0;0;1;1;0;0;0;2;23935;0;0;0;0;
554;263;46;-213;-264;1;1;1;0;0;1;1;0;0;0;2;23966;0;0;0;0;
554;263;45;-214;-265;1;1;1;0;0;1;1;0;0;0;2;23997;0;0;0;0;
554;263;45;-210;-262;1;1;1;0;0;1;1;0;0;0;2;24028;0;0;0;0;
554;263;44;-210;-260;1;1;1;0;0;1;1;0;0;0;2;24059;0;0;0;0;
554;263;43;-210;-260;1;1;1;0;0;1;1;0;0;0;2;24090;0;0;0;0;
554;263;43;-209;-259;1;1;1;0;0;1;1;0;0;0;2;24121;0;0;0;0;
554;263;43;-208;-259;1;1;1;0;0;1;1;0;0;0;2;24152;0;0;0;0;
554;263;42;-206;-257;1;1;1;0;0;1;1;0;0;0;2;24183;0;0;0;0;
554;263;42;-204;-256;1;1;1;0;0;1;1;0;0;0;2;24214;0;0;0;0;
554;263;41;-206;-258;1;1;1;0;0;1;1;0;0;0;2;24245;0;0;0;0;
554;263;40;-202;-256;1;1;1;0;0;1;1;0;0;0;2;24276;0;0;0;0;
554;263;39;-204;-256;1;1;1;0;0;1;1;0;0;0;2;24307;0;0;0;0;
554;263;40;-200;-254;1;1;1;0;0;1;1;0;0;0;2;24338;0;0;0;0;
554;263;39;-200;-254;1;1;1;0;0;1;1;0;0;0;2;24369;0;0;0;0;
554;263;39;-198;-253;1;1;1;0;0;1;1;0;0;0;2;24400;0;0;0;0;
554;263;37;-200;-253;1;1;1;0;0;1;1;0;0;0;2;24431;0;0;0;0;
554;263;36;-199;-252;1;1;1;0;0;1;1;0;0;0;2;24462;0;0;0;0;
554;263;35;-196;-252;2;1;1;0;0;1;1;0;0;0;2;24493;0;0;0;0;
554;263;35;-195;-255;2;1;1;0;0;1;1;0;0;0;2;24524;0;0;0;0;
554;263;35;-197;-262;2;1;1;0;0;1;1;0;0;0;2;24555;0;0;0;0;
554;263;34;-198;-266;2;1;1;0;0;1;1;0;0;0;2;24586;0;0;0;0;
554;263;34;-198;-268;2;1;1;0;0;1;1;0;0;0;2;24617;0;0;0;0;
554;263;34;-198;-270;2;1;1;0;0;1;1;0;0;0;2;24648;0;0;0;0;
554;263;34;-198;-272;2;1;1;0;0;1;1;0;0;0;2;24679;0;0;0;0;
554;263;35;-199;-274;2;1;1;0;0;1;1;0;0;0;2;24710;0;0;0;0;
554;263;34;-198;-273;2;1;1;0;0;1;1;0;0;0;2;24741;0;0;0;0;
554;263;35;-198;-274;2;1;1;0;0;1;1;0;0;0;2;24772;0;0;0;0;
554;263;34;-200;-276;2;1;1;0;0;1;1;0;0;0;2;24803;0;0;0;0;
554;263;33;-202;-277;2;1;1;0;0;1;1;0;0;0;2;24834;0;0;0;0;
554;263;34;-200;-276;2;1;1;0;0;1;1;0;0;0;2;24865;0;0;0;0;
554;263;34;-202;-278;2;1;1;0;0;1;1;0;0;0;2;24896;0;0;0;0;
554;263;34;-201;-277;2;1;1;0;0;1;1;0;0;0;2;24927;0;0;0;0;
554;263;34;-204;-279;2;1;1;0;0;1;1;0;0;0;2;24958;0;0;0;0;
554;263;34;-203;-278;2;1;1;0;0;1;1;0;0;0;2;24989;0;0;0;0;
554;263;34;-203;-278;2;1;1;0;0;1;1;0;0;0;2;25020;0;0;0;0;
554;263;33;-206;-280;2;1;1;0;0;1;1;0;0;0;2;25051;0;0;0;0;
554;263;33;-206;-280;2;1;1;0;0;1;1;0;0;0;2;25082;0;0;0;0;
554;263;34;-207;-282;2;1;1;0;0;1;1;0;0;0;2;25113;0;0;0;0;
554;263;34;-207;-282;2;1;1;0;0;1;1;0;0;0;2;25144;0;0;0;0;
554;263;34;-208;-283;2;1;1;0;0;1;1;0;0;0;2;25175;0;0;0;0;
554;263;34;-209;-283;2;1;1;0;0;1;1;0;0;0;2;25206;0;0;0;0;
554;263;34;-210;-284;2;1;1;0;0;1;1;0;0;0;2;25237;0;0;0;0;
554;263;34;-210;-284;2;1;1;0;0;1;1;0;0;0;2;25268;0;0;0;0;
554;263;34;-207;-282;2;1;1;0;0;1;1;0;0;0;2;25299;0;0;0;0;
554;263;34;-208;-282;2;1;1;0;0;1;1;0;0;0;2;25330;0;0;0;0;
554;263;35;-208;-282;2;1;1;0;0;1;1;0;0;0;2;25361;0;0;0;0;
554;263;34;-210;-283;2;1;1;0;0;1;1;0;0;0;2;25392;0;0;0;0;
554;263;35;-210;-283;2;1;1;0;0;1;1;0;0;0;2;25423;0;0;0;0;
554;263;34;-211;-284;2;1;1;0;0;1;1;0;0;0;2;25454;0;0;0;0;
554;263;34;-213;-286;2;1;1;0;0;1;1;0;0;0;2;25485;0;0;0;0;
554;263;35;-211;-284;2;1;1;0;0;1;1;0;0;0;2;25516;0;0;0;0;
554;263;35;-210;-284;2;1;1;0;0;1;1;0;0;0;2;25547;0;0;0;0;
554;263;35;-213;-285;2;1;1;0;0;1;1;0;0;0;2;25578;0;0;0;0;
554;263;35;-211;-284;2;1;1;0;0;1;1;0;0;0;2;25609;0;0;0;0;
554;263;34;-213;-286;2;1;1;0;0;1;1;0;0;0;2;25640;0;0;0;0;
554;263;35;-212;-284;2;1;1;0;0;1;1;0;0;0;2;25671;0;0;0;0;
554;263;35;-212;-284;2;1;1;0;0;1;1;0;0;0;2;25702;0;0;0;0;
554;263;35;-214;-285;2;1;1;0;0;1;1;0;0;0;2;25733;0;0;0;0;
554;263;36;-214;-285;2;1;1;0;0;1;1;0;0;0;2;25764;0;0;0;0;
554;263;35;-215;-286;2;1;1;0;0;1;1;0;0;0;2;25795;0;0;0;0;
554;263;35;-215;-286;2;1;1;0;0;1;1;0;0;0;2;25826;0;0;0;0;
554;263;35;-214;-286;2;1;1;0;0;1;1;0;0;0;2;25857;0;0;0;0;
554;263;36;-215;-286;2;1;1;0;0;1;1;0;0;0;2;25888;0;0;0;0;
554;263;35;-218;-288;2;1;1;0;0;1;1;0;0;0;2;25919;0;0;0;0;
554;263;35;-218;-288;2;1;1;0;0;1;1;0;0;0;2;25950;0;0;0;0;
554;263;36;-218;-289;2;1;1;0;0;1;1;0;0;0;2;25981;0;0;0;0;
554;263;35;-218;-288;2;1;1;0;0;1;1;0;0;0;2;26012;0;0;0;0;
554;263;36;-216;-287;2;1;1;0;0;1;1;0;0;0;2;26043;0;0;0;0;
554;263;36;-219;-289;2;1;1;0;0;1;1;0;0;0;2;26074;0;0;0;0;
554;263;36;-219;-289;2;1;1;0;0;1;1;0;0;0;2;26105;0;0;0;0;
554;263;36;-217;-287;2;1;1;0;0;1;1;0;0;0;2;26136;0;0;0;0;
554;263;37;-217;-287;2;1;1;0;0;1;1;0;0;0;2;26167;0;0;0;0;
554;263;37;-218;-287;2;1;1;0;0;1;1;0;0;0;2;26198;0;0;0;0;
554;263;36;-219;-289;2;1;1;0;0;1;1;0;0;0;2;26229;0;0;0;0;
554;263;36;-219;-289;2;1;1;0;0;1;1;0;0;0;2;26260;0;0;0;0;
554;263;36;-218;-287;2;1;1;0;0;1;1;0;0;0;2;26291;0;0;0;0;
554;263;37;-222;-290;2;1;1;0;0;1;1;0;0;0;2;26322;0;0;0;0;
554;263;36;-222;-290;2;1;1;0;0;1;1;0;0;0;2;26353;0;0;0;0;
554;263;36;-222;-290;2;1;1;0;0;1;1;0;0;0;2;26384;0;0;0;0;
554;263;38;-220;-289;2;1;1;0;0;1;1;0;0;0;2;26415;0;0;0;0;
554;263;38;-220;-289;2;1;1;0;0;1;1;0;0;0;2;26446;0;0;0;0;
554;263;37;-223;-290;2;1;1;0;0;1;1;0;0;0;2;26477;0;0;0;0;
554;263;37;-221;-289;2;1;1;0;0;1;1;0;0;0;2;26508;0;0;0;0;
554;263;39;-221;-289;2;1;1;0;0;1;1;0;0;0;2;26539;0;0;0;0;
554;263;39;-220;-289;2;1;1;0;0;1;1;0;0;0;2;26570;0;0;0;0;
554;263;38;-223;-290;2;1;1;0;0;1;1;0;0;0;2;26601;0;0;0;0;
554;263;39;-221;-290;2;1;1;0;0;1;1;0;0;0;2;26632;0;0;0;0;
554;263;38;-224;-293;2;1;1;0;0;1;1;0;0;0;2;26663;0;0;0;0;
554;263;39;-221;-290;2;1;1;0;0;1;1;0;0;0;2;26694;0;0;0;0;
554;263;37;-225;-293;2;1;1;0;0;1;1;0;0;0;2;26725;0;0;0;0;
554;263;39;-222;-290;2;1;1;0;0;1;1;0;0;0;2;26756;0;0;0;0;
554;263;39;-225;-293;2;1;1;0;0;1;1;0;0;0;2;26787;0;0;0;0;
554;263;39;-225;-294;2;1;1;0;0;1;1;0;0;0;2;26818;0;0;0;0;
554;263;39;-224;-292;2;1;1;0;0;1;1;0;0;0;2;26849;0;0;0;0;
554;263;39;-226;-294;2;1;1;0;0;1;1;0;0;0;2;26880;0;0;0;0;
554;263;40;-223;-292;2;1;1;0;0;1;1;0;0;0;2;26911;0;0;0;0;
554;263;39;-227;-294;2;1;1;0;0;1;1;0;0;0;2;26942;0;0;0;0;
554;263;39;-225;-293;2;1;1;0;0;1;1;0;0;0;2;26973;0;0;0;0;
554;263;40;-224;-292;2;1;1;0;0;1;1;0;0;0;2;27004;0;0;0;0;
554;263;39;-226;-294;2;1;1;0;0;1;1;0;0;0;2;27035;0;0;0;0;
554;263;40;-225;-292;2;1;1;0;0;1;1;0;0;0;2;27066;0;0;0;0;
554;263;40;-227;-293;2;1;1;0;0;1;1;0;0;0;2;27097;0;0;0;0;
554;263;40;-226;-293;2;1;1;0;0;1;1;0;0;0;2;27128;0;0;0;0;
554;263;40;-225;-292;2;1;1;0;0;1;1;0;0;0;2;27159;0;0;0;0;
554;263;40;-228;-295;2;1;1;0;0;1;1;0;0;0;2;27190;0;0;0;0;
554;263;40;-225;-293;2;1;1;0;0;1;1;0;0;0;2;27221;0;0;0;0;
554;263;41;-226;-293;2;1;1;0;0;1;1;0;0;0;2;27252;0;0;0;0;
554;263;40;-229;-295;2;1;1;0;0;1;1;0;0;0;2;27283;0;0;0;0;
554;263;40;-226;-293;2;1;1;0;0;1;1;0;0;0;2;27314;0;0;0;0;
554;263;40;-227;-294;2;1;1;0;0;1;1;0;0;0;2;27345;0;0;0;0;
554;263;40;-229;-295;2;1;1;0;0;1;1;0;0;0;2;27376;0;0;0;0;
554;263;41;-229;-294;2;1;1;0;0;1;1;0;0;0;2;27407;0;0;0;0;
554;263;40;-230;-296;2;1;1;0;0;1;1;0;0;0;2;27438;0;0;0;0;
554;263;42;-228;-294;2;1;1;0;0;1;1;0;0;0;2;27469;0;0;0;0;
554;263;42;-229;-296;2;1;1;0;0;1;1;0;0;0;2;27500;0;0;0;0;
554;263;41;-227;-294;2;1;1;0;0;1;1;0;0;0;2;27531;0;0;0;0;
554;263;41;-228;-295;2;1;1;0;0;1;1;0;0;0;2;27562;0;0;0;0;
554;263;40;-230;-296;2;1;1;0;0;1;1;0;0;0;2;27593;0;0;0;0;
554;263;41;-230;-296;2;1;1;0;0;1;1;0;0;0;2;27624;0;0;0;0;
554;263;41;-230;-297;2;1;1;0;0;1;1;0;0;0;2;27655;0;0;0;0;
554;263;42;-230;-296;2;1;1;0;0;1;1;0;0;0;2;27686;0;0;0;0;
554;263;43;-229;-295;2;1;1;0;0;1;1;0;0;0;2;27717;0;0;0;0;
554;263;42;-229;-295;2;1;1;0;0;1;1;0;0;0;2;27748;0;0;0;0;
554;263;43;-230;-295;2;1;1;0;0;1;1;0;0;0;2;27779;0;0;0;0;
554;263;43;-230;-296;2;1;1;0;0;1;1;0;0;0;2;27810;0;0;0;0;
554;263;42;-232;-297;2;1;1;0;0;1;1;0;0;0;2;27841;0;0;0;0;
554;263;43;-232;-298;2;1;1;0;0;1;1;0;0;0;2;27872;0;0;0;0;
554;263;43;-232;-297;2;1;1;0;0;1;1;0;0;0;2;27903;0;0;0;0;
554;263;43;-230;-295;2;1;1;0;0;1;1;0;0;0;2;27934;0;0;0;0;
