579;286;67;-216;-213;2;0;0;0;0;1;1;0;0;0;1;26203;0;0;0;0;
579;286;67;-217;-213;2;0;0;0;0;1;1;0;0;0;1;26234;0;0;0;0;
579;286;66;-219;-214;2;0;0;0;0;1;1;0;0;0;1;26265;0;0;0;0;
579;286;68;-217;-211;2;0;0;0;0;1;1;0;0;0;1;26296;0;0;0;0;
579;286;66;-218;-212;2;0;0;0;0;1;1;0;0;0;1;26327;0;0;0;0;
579;286;66;-218;-212;2;0;0;0;0;1;1;0;0;0;1;26358;0;0;0;0;
579;286;68;-216;-211;2;0;0;0;0;1;1;0;0;0;1;26389;0;0;0;0;
579;286;69;-216;-210;2;0;0;0;0;1;1;0;0;0;1;26420;0;0;0;0;
579;286;70;-215;-210;2;0;0;0;0;1;1;0;0;0;1;26451;0;0;0;0;
579;286;68;-307;-210;1;1;1;0;0;1;1;0;0;0;1;26482;0;0;0;0;
579;286;70;-307;-217;1;1;1;0;0;1;1;0;0;0;1;26513;0;0;0;0;
579;286;67;-307;-230;1;1;1;0;0;1;1;0;0;0;1;26544;0;0;0;0;
579;286;68;-307;-233;1;1;1;0;0;1;1;0;0;0;1;26575;0;0;0;0;
579;286;70;-307;-235;1;1;1;0;0;1;1;0;0;0;1;26606;0;0;0;0;
579;286;69;-307;-236;1;1;1;0;0;1;1;0;0;0;1;26637;0;0;0;0;
579;286;69;-307;-234;1;1;1;0;0;1;1;0;0;0;1;26668;0;0;0;0;
579;286;69;-307;-236;1;1;1;0;0;1;1;0;0;0;1;26699;0;0;0;0;
579;286;69;-307;-236;1;1;1;0;0;1;1;0;0;0;1;26730;0;0;0;0;
579;286;67;-307;-237;1;1;1;0;0;1;1;0;0;0;1;26761;0;0;0;0;
579;286;66;-307;-237;1;1;1;0;0;1;1;0;0;0;1;26792;0;0;0;0;
579;286;66;-307;-239;1;1;1;0;0;1;1;0;0;0;1;26823;0;0;0;0;
579;286;65;-307;-240;1;1;1;0;0;1;1;0;0;0;1;26854;0;0;0;0;
579;286;65;-307;-242;1;1;1;0;0;1;1;0;0;0;1;26885;0;0;0;0;
579;286;65;-307;-239;1;1;1;0;0;1;1;0;0;0;1;26916;0;0;0;0;
579;286;64;-307;-243;1;1;1;0;0;1;1;0;0;0;1;26947;0;0;0;0;
579;286;65;-307;-238;1;1;1;0;0;1;1;0;0;0;1;26978;0;0;0;0;
579;286;64;-307;-240;1;1;1;0;0;1;1;0;0;0;1;27009;0;0;0;0;
579;286;64;-307;-241;1;1;1;0;0;1;1;0;0;0;1;27040;0;0;0;0;
579;286;61;-307;-244;1;1;1;0;0;1;1;0;0;0;1;27071;0;0;0;0;
579;286;60;-307;-244;1;1;1;0;0;1;1;0;0;0;1;27102;0;0;0;0;
579;286;60;-307;-245;1;1;1;0;0;1;1;0;0;0;1;27133;0;0;0;0;
579;286;59;-307;-245;1;1;1;0;0;1;1;0;0;0;1;27164;0;0;0;0;
579;286;60;-307;-245;1;1;1;0;0;1;1;0;0;0;1;27195;0;0;0;0;
579;286;60;-307;-245;1;1;1;0;0;1;1;0;0;0;1;27226;0;0;0;0;
579;286;58;-307;-248;1;1;1;0;0;1;1;0;0;0;1;27257;0;0;0;0;
579;286;56;-307;-248;1;1;1;0;0;1;1;0;0;0;1;27288;0;0;0;0;
579;286;55;-307;-245;2;1;1;0;0;1;1;0;0;0;1;27319;0;0;0;0;
579;286;57;-307;-248;2;1;1;0;0;1;1;0;0;0;1;27350;0;0;0;0;
579;286;55;-307;-257;2;1;1;0;0;1;1;0;0;0;1;27381;0;0;0;0;
579;286;55;-307;-266;2;1;1;0;0;1;1;0;0;0;1;27412;0;0;0;0;
579;286;55;-307;-274;2;1;1;0;0;1;1;0;0;0;1;27443;0;0;0;0;
579;286;54;-307;-277;2;1;1;0;0;1;1;0;0;0;1;27474;0;0;0;0;
579;286;54;-307;-276;2;1;1;0;0;1;1;0;0;0;1;27505;0;0;0;0;
579;286;54;-307;-277;2;1;1;0;0;1;1;0;0;0;1;27536;0;0;0;0;
579;286;55;-307;-280;2;1;1;0;0;1;1;0;0;0;1;27567;0;0;0;0;
579;286;53;-307;-283;2;1;1;0;0;1;1;0;0;0;1;27598;0;0;0;0;
579;286;53;-307;-282;2;1;1;0;0;1;1;0;0;0;1;27629;0;0;0;0;
579;286;54;-307;-284;2;1;1;0;0;1;1;0;0;0;1;27660;0;0;0;0;
579;286;54;-307;-285;2;1;1;0;0;1;1;0;0;0;1;27691;0;0;0;0;
579;286;53;-307;-289;2;1;1;0;0;1;1;0;0;0;1;27722;0;0;0;0;
579;286;54;-307;-286;2;1;1;0;0;1;1;0;0;0;1;27753;0;0;0;0;
579;286;53;-307;-289;2;1;1;0;0;1;1;0;0;0;1;27784;0;0;0;0;
579;286;52;-307;-287;2;1;1;0;0;1;1;0;0;0;1;27815;0;0;0;0;
579;286;53;-307;-290;2;1;1;0;0;1;1;0;0;0;1;27846;0;0;0;0;
579;286;51;-307;-293;2;1;1;0;0;1;1;0;0;0;1;27877;0;0;0;0;
579;286;51;-307;-293;2;1;1;0;0;1;1;0;0;0;1;27908;0;0;0;0;
579;286;51;-307;-292;2;1;1;0;0;1;1;0;0;0;1;27939;0;0;0;0;
579;286;51;-307;-295;2;1;1;0;0;1;1;0;0;0;1;27970;0;0;0;0;
579;286;53;-307;-296;2;1;1;0;0;1;1;0;0;0;1;28001;0;0;0;0;
579;286;51;-307;-297;2;1;1;0;0;1;1;0;0;0;1;28032;0;0;0;0;
579;286;53;-307;-297;2;1;1;0;0;1;1;0;0;0;1;28063;0;0;0;0;
579;286;53;-307;-295;2;1;1;0;0;1;1;0;0;0;1;28094;0;0;0;0;
579;286;53;-307;-295;2;1;1;0;0;1;1;0;0;0;1;28125;0;0;0;0;
579;286;52;-307;-297;2;1;1;0;0;1;1;0;0;0;1;28156;0;0;0;0;
579;286;53;-307;-299;2;1;1;0;0;1;1;0;0;0;1;28187;0;0;0;0;
579;286;53;-307;-297;2;1;1;0;0;1;1;0;0;0;1;28218;0;0;0;0;
579;286;52;-307;-300;2;1;1;0;0;1;1;0;0;0;1;28249;0;0;0;0;
579;286;53;-307;-302;2;1;1;0;0;1;1;0;0;0;1;28280;0;0;0;0;
579;286;51;-307;-300;2;1;1;0;0;1;1;0;0;0;1;28311;0;0;0;0;
579;286;52;-307;-303;2;1;1;0;0;1;1;0;0;0;1;28342;0;0;0;0;
579;286;53;-307;-302;2;1;1;0;0;1;1;0;0;0;1;28373;0;0;0;0;
579;286;52;-307;-302;2;1;1;0;0;1;1;0;0;0;1;28404;0;0;0;0;
579;286;52;-307;-305;2;1;1;0;0;1;1;0;0;0;1;28435;0;0;0;0;
579;286;54;-307;-304;2;1;1;0;0;1;1;0;0;0;1;28466;0;0;0;0;
579;286;55;-307;-303;2;1;1;0;0;1;1;0;0;0;1;28497;0;0;0;0;
579;286;52;-307;-305;2;1;1;0;0;1;1;0;0;0;1;28528;0;0;0;0;
579;286;53;-307;-304;2;1;1;0;0;1;1;0;0;0;1;28559;0;0;0;0;
579;286;51;-307;-308;2;1;1;0;0;1;1;0;0;0;1;28590;0;0;0;0;
579;286;54;-307;-306;2;1;1;0;0;1;1;0;0;0;1;28621;0;0;0;0;
579;286;53;-307;-306;2;1;1;0;0;1;1;0;0;0;1;28652;0;0;0;0;
579;286;53;-307;-309;2;1;1;0;0;1;1;0;0;0;1;28683;0;0;0;0;
579;286;53;-307;-307;2;1;1;0;0;1;1;0;0;0;1;28714;0;0;0;0;
579;286;52;-307;-308;2;1;1;0;0;1;1;0;0;0;1;28745;0;0;0;0;
579;286;52;-307;-312;2;1;1;0;0;1;1;0;0;0;1;28776;0;0;0;0;
579;286;51;-307;-309;2;1;1;0;0;1;1;0;0;0;1;28807;0;0;0;0;
579;286;53;-307;-313;2;1;1;0;0;1;1;0;0;0;1;28838;0;0;0;0;
579;286;53;-307;-310;2;1;1;0;0;1;1;0;0;0;1;28869;0;0;0;0;
579;286;53;-307;-310;2;1;1;0;0;1;1;0;0;0;1;28900;0;0;0;0;
579;286;53;-307;-312;2;1;1;0;0;1;1;0;0;0;1;28931;0;0;0;0;
579;286;55;-307;-310;2;1;1;0;0;1;1;0;0;0;1;28962;0;0;0;0;
579;286;55;-307;-315;2;1;1;0;0;1;1;0;0;0;1;28993;0;0;0;0;
579;286;53;-307;-315;2;1;1;0;0;1;1;0;0;0;1;29024;0;0;0;0;
579;286;53;-307;-313;2;1;1;0;0;1;1;0;0;0;1;29055;0;0;0;0;
579;286;53;-307;-314;2;1;1;0;0;1;1;0;0;0;1;29086;0;0;0;0;
579;286;53;-307;-314;2;1;1;0;0;1;1;0;0;0;1;29117;0;0;0;0;
579;286;53;-307;-316;2;1;1;0;0;1;1;0;0;0;1;29148;0;0;0;0;
579;286;53;-307;-316;2;1;1;0;0;1;1;0;0;0;1;29179;0;0;0;0;
579;286;53;-307;-318;2;1;1;0;0;1;1;0;0;0;1;29210;0;0;0;0;
579;286;53;-307;-318;2;1;1;0;0;1;1;0;0;0;1;29241;0;0;0;0;
579;286;55;-307;-316;2;1;1;0;0;1;1;0;0;0;1;29272;0;0;0;0;
579;286;53;-307;-316;2;1;1;0;0;1;1;0;0;0;1;29303;0;0;0;0;
579;286;55;-307;-317;2;1;1;0;0;1;1;0;0;0;1;29334;0;0;0;0;
579;286;54;-307;-318;2;1;1;0;0;1;1;0;0;0;1;29365;0;0;0;0;
579;286;55;-307;-319;2;1;1;0;0;1;1;0;0;0;1;29396;0;0;0;0;
579;286;55;-307;-319;2;1;1;0;0;1;1;0;0;0;1;29427;0;0;0;0;
579;286;55;-307;-318;2;1;1;0;0;1;1;0;0;0;1;29458;0;0;0;0;
579;286;53;-307;-319;2;1;1;0;0;1;1;0;0;0;1;29489;0;0;0;0;
579;286;55;-307;-319;2;1;1;0;0;1;1;0;0;0;1;29520;0;0;0;0;
579;286;53;-307;-323;2;1;1;0;0;1;1;0;0;0;1;29551;0;0;0;0;
579;286;54;-307;-323;2;1;1;0;0;1;1;0;0;0;1;29582;0;0;0;0;
579;286;55;-307;-319;2;1;1;0;0;1;1;0;0;0;1;29613;0;0;0;0;
579;286;55;-307;-323;2;1;1;0;0;1;1;0;0;0;1;29644;0;0;0;0;
579;286;55;-307;-323;2;1;1;0;0;1;1;0;0;0;1;29675;0;0;0;0;
579;286;55;-307;-322;2;1;1;0;0;1;1;0;0;0;1;29706;0;0;0;0;
579;286;55;-307;-320;2;1;1;0;0;1;1;0;0;0;1;29737;0;0;0;0;
579;286;55;-307;-326;2;1;1;0;0;1;1;0;0;0;1;29768;0;0;0;0;
579;286;55;-307;-325;2;1;1;0;0;1;1;0;0;0;1;29799;0;0;0;0;
579;286;55;-307;-323;2;1;1;0;0;1;1;0;0;0;1;29830;0;0;0;0;
579;286;55;-307;-323;2;1;1;0;0;1;1;0;0;0;1;29861;0;0;0;0;
579;286;55;-307;-326;2;1;1;0;0;1;1;0;0;0;1;29892;0;0;0;0;
579;286;55;-307;-326;2;1;1;0;0;1;1;0;0;0;1;29923;0;0;0;0;
579;286;55;-307;-326;2;1;1;0;0;1;1;0;0;0;1;29954;0;0;0;0;
579;286;55;-307;-325;2;1;1;0;0;1;1;0;0;0;1;29985;0;0;0;0;
579;286;55;-307;-326;2;1;1;0;0;1;1;0;0;0;1;30016;0;0;0;0;
579;286;55;-307;-326;2;1;1;0;0;1;1;0;0;0;1;30047;0;0;0;0;
579;286;55;-307;-329;2;1;1;0;0;1;1;0;0;0;1;30078;0;0;0;0;
579;286;55;-307;-330;2;1;1;0;0;1;1;0;0;0;1;30109;0;0;0;0;
579;286;55;-307;-328;2;1;1;0;0;1;1;0;0;0;1;30140;0;0;0;0;
579;286;55;-307;-330;2;1;1;0;0;1;1;0;0;0;1;30171;0;0;0;0;
579;286;56;-307;-326;2;1;1;0;0;1;1;0;0;0;1;30202;0;0;0;0;
579;286;55;-307;-332;2;1;1;0;0;1;1;0;0;0;1;30233;0;0;0;0;
579;286;56;-307;-329;2;1;1;0;0;1;1;0;0;0;1;30264;0;0;0;0;
579;286;55;-307;-332;2;1;1;0;0;1;1;0;0;0;1;30295;0;0;0;0;
579;286;56;-307;-332;2;1;1;0;0;1;1;0;0;0;1;30326;0;0;0;0;
579;286;55;-307;-332;2;1;1;0;0;1;1;0;0;0;1;30357;0;0;0;0;
579;286;54;-307;-335;2;1;1;0;0;1;1;0;0;0;1;30388;0;0;0;0;
579;286;55;-307;-335;2;1;1;0;0;1;1;0;0;0;1;30419;0;0;0;0;
579;286;55;-307;-335;2;1;1;0;0;1;1;0;0;0;1;30450;0;0;0;0;
579;286;55;-307;-335;2;1;1;0;0;1;1;0;0;0;1;30481;0;0;0;0;
579;286;55;-307;-336;2;1;1;0;0;1;1;0;0;0;1;30512;0;0;0;0;
579;286;55;-307;-332;2;1;1;0;0;1;1;0;0;0;1;30543;0;0;0;0;
579;286;56;-307;-338;2;1;1;0;0;1;1;0;0;0;1;30574;0;0;0;0;
579;286;56;-307;-336;2;1;1;0;0;1;1;0;0;0;1;30605;0;0;0;0;
579;286;55;-307;-336;2;1;1;0;0;1;1;0;0;0;1;30636;0;0;0;0;
579;286;55;-307;-333;2;1;1;0;0;1;1;0;0;0;1;30667;0;0;0;0;
579;286;56;-307;-333;2;1;1;0;0;1;1;0;0;0;1;30698;0;0;0;0;
579;286;56;-307;-336;2;1;1;0;0;1;1;0;0;0;1;30729;0;0;0;0;
579;286;55;-307;-335;2;1;1;0;0;1;1;0;0;0;1;30760;0;0;0;0;
579;286;56;-307;-338;2;1;1;0;0;1;1;0;0;0;1;30791;0;0;0;0;
579;286;56;-307;-339;2;1;1;0;0;1;1;0;0;0;1;30822;0;0;0;0;
579;286;58;-307;-335;2;1;1;0;0;1;1;0;0;0;1;30853;0;0;0;0;
579;286;56;-307;-335;2;1;1;0;0;1;1;0;0;0;1;30884;0;0;0;0;
579;286;57;-307;-339;2;1;1;0;0;1;1;0;0;0;1;30915;0;0;0;0;
579;286;56;-307;-340;2;1;1;0;0;1;1;0;0;0;1;30946;0;0;0;0;
579;286;56;-307;-340;2;1;1;0;0;1;1;0;0;0;1;30977;0;0;0;0;
579;286;56;-307;-339;2;1;1;0;0;1;1;0;0;0;1;31008;0;0;0;0;
579;286;58;-307;-342;2;1;1;0;0;1;1;0;0;0;1;31039;0;0;0;0;
579;286;55;-307;-342;2;1;1;0;0;1;1;0;0;0;1;31070;0;0;0;0;
579;286;56;-307;-336;2;1;1;0;0;1;1;0;0;0;1;31101;0;0;0;0;
579;286;55;-307;-340;2;1;1;0;0;1;1;0;0;0;1;31132;0;0;0;0;
579;286;57;-307;-338;2;1;1;0;0;1;1;0;0;0;1;31163;0;0;0;0;
579;286;56;-307;-342;2;1;1;0;0;1;1;0;0;0;1;31194;0;0;0;0;
579;286;56;-307;-338;2;1;1;0;0;1;1;0;0;0;1;31225;0;0;0;0;
579;286;57;-307;-342;2;1;1;0;0;1;1;0;0;0;1;31256;0;0;0;0;
579;286;55;-307;-342;2;1;1;0;0;1;1;0;0;0;1;31287;0;0;0;0;
579;286;58;-307;-339;2;1;1;0;0;1;1;0;0;0;1;31318;0;0;0;0;
579;286;56;-307;-345;2;1;1;0;0;1;1;0;0;0;1;31349;0;0;0;0;
579;286;58;-307;-344;2;1;1;0;0;1;1;0;0;0;1;31380;0;0;0;0;
579;286;58;-307;-340;2;1;1;0;0;1;1;0;0;0;1;31411;0;0;0;0;
579;286;56;-307;-345;2;1;1;0;0;1;1;0;0;0;1;31442;0;0;0;0;
579;286;56;-307;-342;2;1;1;0;0;1;1;0;0;0;1;31473;0;0;0;0;
579;286;57;-307;-339;2;1;1;0;0;1;1;0;0;0;1;31504;0;0;0;0;
579;286;56;-307;-342;2;1;1;0;0;1;1;0;0;0;1;31535;0;0;0;0;
579;286;57;-307;-340;2;1;1;0;0;1;1;0;0;0;1;31566;0;0;0;0;
579;286;56;-307;-345;2;1;1;0;0;1;1;0;0;0;1;31597;0;0;0;0;
579;286;58;-307;-344;2;1;1;0;0;1;1;0;0;0;1;31628;0;0;0;0;
579;286;60;-307;-340;2;1;1;0;0;1;1;0;0;0;1;31659;0;0;0;0;
579;286;58;-307;-345;2;1;1;0;0;1;1;0;0;0;1;31690;0;0;0;0;
579;286;55;-307;-349;2;1;1;0;0;1;1;0;0;0;1;31721;0;0;0;0;
579;286;59;-307;-342;2;1;1;0;0;1;1;0;0;0;1;31752;0;0;0;0;
579;286;55;-307;-344;2;1;1;0;0;1;1;0;0;0;1;31783;0;0;0;0;
579;286;60;-307;-344;2;1;1;0;0;1;1;0;0;0;1;31814;0;0;0;0;
579;286;55;-307;-344;2;1;1;0;0;1;1;0;0;0;1;31845;0;0;0;0;
579;286;59;-307;-342;2;1;1;0;0;1;1;0;0;0;1;31876;0;0;0;0;
579;286;60;-307;-344;2;1;1;0;0;1;1;0;0;0;1;31907;0;0;0;0;
579;286;59;-307;-347;2;1;1;0;0;1;1;0;0;0;1;31938;0;0;0;0;
579;286;57;-307;-347;2;1;1;0;0;1;1;0;0;0;1;31969;0;0;0;0;
579;286;60;-307;-345;2;1;1;0;0;1;1;0;0;0;1;32000;0;0;0;0;
579;286;59;-307;-349;2;1;1;0;0;1;1;0;0;0;1;32031;0;0;0;0;
579;286;58;-307;-344;2;1;1;0;0;1;1;0;0;0;1;32062;0;0;0;0;
579;286;58;-307;-345;2;1;1;0;0;1;1;0;0;0;1;32093;0;0;0;0;
579;286;58;-307;-349;2;1;1;0;0;1;1;0;0;0;1;32124;0;0;0;0;
579;286;60;-307;-345;2;1;1;0;0;1;1;0;0;0;1;32155;0;0;0;0;
579;286;58;-307;-349;2;1;1;0;0;1;1;0;0;0;1;32186;0;0;0;0;
579;286;56;-307;-350;2;1;1;0;0;1;1;0;0;0;1;32217;0;0;0;0;
579;286;57;-307;-352;2;1;1;0;0;1;1;0;0;0;1;32248;0;0;0;0;
579;286;59;-307;-347;2;1;1;0;0;1;1;0;0;0;1;32279;0;0;0;0;
579;286;59;-307;-350;2;1;1;0;0;1;1;0;0;0;1;32310;0;0;0;0;
579;286;60;-307;-349;2;1;1;0;0;1;1;0;0;0;1;32341;0;0;0;0;
579;286;59;-307;-352;2;1;1;0;0;1;1;0;0;0;1;32372;0;0;0;0;
579;286;60;-307;-347;2;1;1;0;0;1;1;0;0;0;1;32403;0;0;0;0;
579;286;58;-307;-349;2;1;1;0;0;1;1;0;0;0;1;32434;0;0;0;0;
579;286;59;-307;-349;2;1;1;0;0;1;1;0;0;0;1;32465;0;0;0;0;
579;286;59;-307;-349;2;1;1;0;0;1;1;0;0;0;1;32496;0;0;0;0;
579;286;58;-307;-349;2;1;1;0;0;1;1;0;0;0;1;32527;0;0;0;0;
579;286;60;-307;-353;2;1;1;0;0;1;1;0;0;0;1;32558;0;0;0;0;
579;286;60;-307;-347;2;1;1;0;0;1;1;0;0;0;1;32589;0;0;0;0;
579;286;60;-307;-350;2;1;1;0;0;1;1;0;0;0;1;32620;0;0;0;0;
579;286;60;-307;-352;2;1;1;0;0;1;1;0;0;0;1;32651;0;0;0;0;
579;286;58;-307;-353;2;1;1;0;0;1;1;0;0;0;1;32682;0;0;0;0;
579;286;59;-307;-353;2;1;1;0;0;1;1;0;0;0;1;32713;0;0;0;0;
579;286;60;-307;-349;2;1;1;0;0;1;1;0;0;0;1;32744;0;0;0;0;
579;286;60;-307;-353;2;1;1;0;0;1;1;0;0;0;1;32775;0;0;0;0;
579;286;60;-307;-352;2;1;1;0;0;1;1;0;0;0;1;32806;0;0;0;0;
579;286;59;-307;-350;2;1;1;0;0;1;1;0;0;0;1;32837;0;0;0;0;
579;286;58;-307;-352;2;1;1;0;0;1;1;0;0;0;1;32868;0;0;0;0;
579;286;59;-307;-354;2;1;1;0;0;1;1;0;0;0;1;32899;0;0;0;0;
579;286;60;-307;-354;2;1;1;0;0;1;1;0;0;0;1;32930;0;0;0;0;
579;286;60;-307;-354;2;1;1;0;0;1;1;0;0;0;1;32961;0;0;0;0;
579;286;58;-307;-354;2;1;1;0;0;1;1;0;0;0;1;32992;0;0;0;0;
579;286;61;-307;-355;2;1;1;0;0;1;1;0;0;0;1;33023;0;0;0;0;
579;286;57;-307;-355;2;1;1;0;0;1;1;0;0;0;1;33054;0;0;0;0;
579;286;59;-307;-355;2;1;1;0;0;1;1;0;0;0;1;33085;0;0;0;0;
579;286;60;-307;-355;2;1;1;0;0;1;1;0;0;0;1;33116;0;0;0;0;
579;286;60;-307;-354;2;1;1;0;0;1;1;0;0;0;1;33147;0;0;0;0;
579;286;60;-307;-353;2;1;1;0;0;1;1;0;0;0;1;33178;0;0;0;0;
579;286;60;-307;-352;2;1;1;0;0;1;1;0;0;0;1;33209;0;0;0;0;
579;286;60;-307;-353;2;1;1;0;0;1;1;0;0;0;1;33240;0;0;0;0;
579;286;60;-307;-355;2;1;1;0;0;1;1;0;0;0;1;33271;0;0;0;0;
579;286;59;-307;-355;2;1;1;0;0;1;1;0;0;0;1;33302;0;0;0;0;
579;286;60;-307;-353;2;1;1;0;0;1;1;0;0;0;1;33333;0;0;0;0;
579;286;60;-307;-353;2;1;1;0;0;1;1;0;0;0;1;33364;0;0;0;0;
579;286;60;-307;-354;2;1;1;0;0;1;1;0;0;0;1;33395;0;0;0;0;
579;286;60;-307;-357;2;1;1;0;0;1;1;0;0;0;1;33426;0;0;0;0;
579;286;59;-307;-354;2;1;1;0;0;1;1;0;0;0;1;33457;0;0;0;0;
579;286;60;-307;-358;2;1;1;0;0;1;1;0;0;0;1;33488;0;0;0;0;
579;286;60;-307;-355;2;1;1;0;0;1;1;0;0;0;1;33519;0;0;0;0;
579;286;61;-307;-358;2;1;1;0;0;1;1;0;0;0;1;33550;0;0;0;0;
579;286;60;-307;-357;2;1;1;0;0;1;1;0;0;0;1;33581;0;0;0;0;
579;286;59;-307;-358;2;1;1;0;0;1;1;0;0;0;1;33612;0;0;0;0;
579;286;62;-307;-355;2;1;1;0;0;1;1;0;0;0;1;33643;0;0;0;0;
579;286;60;-307;-354;2;1;1;0;0;1;1;0;0;0;1;33674;0;0;0;0;
579;286;60;-307;-357;2;1;1;0;0;1;1;0;0;0;1;33705;0;0;0;0;
579;286;60;-307;-357;2;1;1;0;0;1;1;0;0;0;1;33736;0;0;0;0;
579;286;60;-307;-357;2;1;1;0;0;1;1;0;0;0;1;33767;0;0;0;0;
579;286;60;-307;-354;2;1;1;0;0;1;1;0;0;0;1;33798;0;0;0;0;
579;286;60;-307;-354;2;1;1;0;0;1;1;0;0;0;1;33829;0;0;0;0;
579;286;60;-307;-358;2;1;1;0;0;1;1;0;0;0;1;33860;0;0;0;0;
579;286;60;-307;-358;2;1;1;0;0;1;1;0;0;0;1;33891;0;0;0;0;
579;286;60;-307;-358;2;1;1;0;0;1;1;0;0;0;1;33922;0;0;0;0;
579;286;60;-307;-355;2;1;1;0;0;1;1;0;0;0;1;33953;0;0;0;0;
579;286;61;-307;-359;2;1;1;0;0;1;1;0;0;0;1;33984;0;0;0;0;
579;286;60;-307;-358;2;1;1;0;0;1;1;0;0;0;1;34015;0;0;0;0;
579;286;60;-307;-357;2;1;1;0;0;1;1;0;0;0;1;34046;0;0;0;0;
579;286;61;-307;-359;2;1;1;0;0;1;1;0;0;0;1;34077;0;0;0;0;
579;286;62;-307;-357;2;1;1;0;0;1;1;0;0;0;1;34108;0;0;0;0;
579;286;62;-307;-359;2;1;1;0;0;1;1;0;0;0;1;34139;0;0;0;0;
579;286;60;-307;-360;2;1;1;0;0;1;1;0;0;0;1;34170;0;0;0;0;
579;286;60;-307;-359;2;1;1;0;0;1;1;0;0;0;1;34201;0;0;0;0;
579;286;60;-307;-360;2;1;1;0;0;1;1;0;0;0;1;34232;0;0;0;0;
579;286;61;-307;-359;2;1;1;0;0;1;1;0;0;0;1;34263;0;0;0;0;
579;286;61;-307;-357;2;1;1;0;0;1;1;0;0;0;1;34294;0;0;0;0;
579;286;60;-307;-359;2;1;1;0;0;1;1;0;0;0;1;34325;0;0;0;0;
579;286;61;-307;-359;2;1;1;0;0;1;1;0;0;0;1;34356;0;0;0;0;
579;286;60;-307;-357;2;1;1;0;0;1;1;0;0;0;1;34387;0;0;0;0;
579;286;60;-307;-358;2;1;1;0;0;1;1;0;0;0;1;34418;0;0;0;0;
579;286;62;-307;-360;2;1;1;0;0;1;1;0;0;0;1;34449;0;0;0;0;
579;286;60;-307;-360;2;1;1;0;0;1;1;0;0;0;1;34480;0;0;0;0;
579;286;60;-307;-358;2;1;1;0;0;1;1;0;0;0;1;34511;0;0;0;0;
579;286;62;-307;-359;2;1;1;0;0;1;1;0;0;0;1;34542;0;0;0;0;
579;286;60;-307;-360;2;1;1;0;0;1;1;0;0;0;1;34573;0;0;0;0;
579;286;60;-307;-360;2;1;1;0;0;1;1;0;0;0;1;34604;0;0;0;0;
579;286;61;-307;-358;2;1;1;0;0;1;1;0;0;0;1;34635;0;0;0;0;
579;286;62;-307;-360;2;1;1;0;0;1;1;0;0;0;1;34666;0;0;0;0;
579;286;60;-307;-362;2;1;1;0;0;1;1;0;0;0;1;34697;0;0;0;0;
579;286;60;-307;-360;2;1;1;0;0;1;1;0;0;0;1;34728;0;0;0;0;
579;286;61;-307;-358;2;1;1;0;0;1;1;0;0;0;1;34759;0;0;0;0;
579;286;61;-307;-359;2;1;1;0;0;1;1;0;0;0;1;34790;0;0;0;0;
579;286;61;-307;-358;2;1;1;0;0;1;1;0;0;0;1;34821;0;0;0;0;
579;286;62;-307;-359;2;1;1;0;0;1;1;0;0;0;1;34852;0;0;0;0;
579;286;60;-307;-359;2;1;1;0;0;1;1;0;0;0;1;34883;0;0;0;0;
579;286;61;-307;-362;2;1;1;0;0;1;1;0;0;0;1;34914;0;0;0;0;
579;286;60;-307;-363;2;1;1;0;0;1;1;0;0;0;1;34945;0;0;0;0;
579;286;61;-307;-359;2;1;1;0;0;1;1;0;0;0;1;34976;0;0;0;0;
579;286;60;-307;-362;2;1;1;0;0;1;1;0;0;0;1;35007;0;0;0;0;
579;286;62;-307;-359;2;1;1;0;0;1;1;0;0;0;1;35038;0;0;0;0;
579;286;62;-307;-363;2;1;1;0;0;1;1;0;0;0;1;35069;0;0;0;0;
579;286;60;-307;-360;2;1;1;0;0;1;1;0;0;0;1;35100;0;0;0;0;
579;286;62;-307;-359;2;1;1;0;0;1;1;0;0;0;1;35131;0;0;0;0;
579;286;62;-307;-360;2;1;1;0;0;1;1;0;0;0;1;35162;0;0;0;0;
579;286;63;-307;-360;2;1;1;0;0;1;1;0;0;0;1;35193;0;0;0;0;
579;286;61;-307;-363;2;1;1;0;0;1;1;0;0;0;1;35224;0;0;0;0;
579;286;61;-307;-362;2;1;1;0;0;1;1;0;0;0;1;35255;0;0;0;0;
579;286;63;-307;-362;2;1;1;0;0;1;1;0;0;0;1;35286;0;0;0;0;
579;286;61;-307;-359;2;1;1;0;0;1;1;0;0;0;1;35317;0;0;0;0;
579;286;61;-307;-362;2;1;1;0;0;1;1;0;0;0;1;35348;0;0;0;0;
579;286;61;-307;-365;2;1;1;0;0;1;1;0;0;0;1;35379;0;0;0;0;
579;286;61;-307;-363;2;1;1;0;0;1;1;0;0;0;1;35410;0;0;0;0;
579;286;64;-307;-362;2;1;1;0;0;1;1;0;0;0;1;35441;0;0;0;0;
579;286;62;-307;-365;2;1;1;0;0;1;1;0;0;0;1;35472;0;0;0;0;
579;286;62;-307;-365;2;1;1;0;0;1;1;0;0;0;1;35503;0;0;0;0;
579;286;63;-307;-360;2;1;1;0;0;1;1;0;0;0;1;35534;0;0;0;0;
579;286;62;-307;-362;2;1;1;0;0;1;1;0;0;0;1;35565;0;0;0;0;
579;286;62;-307;-363;2;1;1;0;0;1;1;0;0;0;1;35596;0;0;0;0;
579;286;62;-307;-365;2;1;1;0;0;1;1;0;0;0;1;35627;0;0;0;0;
579;286;62;-307;-363;2;1;1;0;0;1;1;0;0;0;1;35658;0;0;0;0;
579;286;61;-307;-365;2;1;1;0;0;1;1;0;0;0;1;35689;0;0;0;0;
579;286;63;-307;-360;2;1;1;0;0;1;1;0;0;0;1;35720;0;0;0;0;
579;286;62;-307;-365;2;1;1;0;0;1;1;0;0;0;1;35751;0;0;0;0;
579;286;60;-307;-362;2;1;1;0;0;1;1;0;0;0;1;35782;0;0;0;0;
579;286;62;-307;-363;2;1;1;0;0;1;1;0;0;0;1;35813;0;0;0;0;
579;286;61;-307;-366;2;1;1;0;0;1;1;0;0;0;1;35844;0;0;0;0;
579;286;61;-307;-365;2;1;1;0;0;1;1;0;0;0;1;35875;0;0;0;0;
579;286;62;-307;-360;2;1;1;0;0;1;1;0;0;0;1;35906;0;0;0;0;
579;286;63;-307;-360;2;1;1;0;0;1;1;0;0;0;1;35937;0;0;0;0;
579;286;62;-307;-366;2;1;1;0;0;1;1;0;0;0;1;35968;0;0;0;0;
579;286;63;-307;-362;2;1;1;0;0;1;1;0;0;0;1;35999;0;0;0;0;
579;286;62;-307;-362;2;1;1;0;0;1;1;0;0;0;1;36030;0;0;0;0;
579;286;62;-307;-363;2;1;1;0;0;1;1;0;0;0;1;36061;0;0;0;0;
579;286;61;-307;-366;2;1;1;0;0;1;1;0;0;0;1;36092;0;0;0;0;
579;286;63;-307;-363;2;1;1;0;0;1;1;0;0;0;1;36123;0;0;0;0;
579;286;62;-307;-368;2;1;1;0;0;1;1;0;0;0;1;36154;0;0;0;0;
579;286;62;-307;-365;2;1;1;0;0;1;1;0;0;0;1;36185;0;0;0;0;
579;286;64;-307;-362;2;1;1;0;0;1;1;0;0;0;1;36216;0;0;0;0;
579;286;62;-307;-363;2;1;1;0;0;1;1;0;0;0;1;36247;0;0;0;0;
579;286;62;-307;-366;2;1;1;0;0;1;1;0;0;0;1;36278;0;0;0;0;
579;286;62;-307;-366;2;1;1;0;0;1;1;0;0;0;1;36309;0;0;0;0;
579;286;63;-307;-362;2;1;1;0;0;1;1;0;0;0;1;36340;0;0;0;0;
579;286;62;-307;-366;2;1;1;0;0;1;1;0;0;0;1;36371;0;0;0;0;
579;286;62;-307;-368;2;1;1;0;0;1;1;0;0;0;1;36402;0;0;0;0;
579;286;63;-307;-363;2;1;1;0;0;1;1;0;0;0;1;36433;0;0;0;0;
579;286;62;-307;-363;2;1;1;0;0;1;1;0;0;0;1;36464;0;0;0;0;
579;286;63;-307;-365;2;1;1;0;0;1;1;0;0;0;1;36495;0;0;0;0;
579;286;63;-307;-368;2;1;1;0;0;1;1;0;0;0;1;36526;0;0;0;0;
579;286;61;-307;-366;2;1;1;0;0;1;1;0;0;0;1;36557;0;0;0;0;
579;286;62;-307;-363;2;1;1;0;0;1;1;0;0;0;1;36588;0;0;0;0;
579;286;62;-307;-369;2;1;1;0;0;1;1;0;0;0;1;36619;0;0;0;0;
579;286;61;-307;-368;2;1;1;0;0;1;1;0;0;0;1;36650;0;0;0;0;
579;286;65;-307;-366;2;1;1;0;0;1;1;0;0;0;1;36681;0;0;0;0;
579;286;63;-307;-363;2;1;1;0;0;1;1;0;0;0;1;36712;0;0;0;0;
579;286;62;-307;-369;2;1;1;0;0;1;1;0;0;0;1;36743;0;0;0;0;
579;286;63;-307;-365;2;1;1;0;0;1;1;0;0;0;1;36774;0;0;0;0;
579;286;64;-307;-366;2;1;1;0;0;1;1;0;0;0;1;36805;0;0;0;0;
579;286;63;-307;-369;2;1;1;0;0;1;1;0;0;0;1;36836;0;0;0;0;
579;286;63;-307;-363;2;1;1;0;0;1;1;0;0;0;1;36867;0;0;0;0;
579;286;63;-307;-368;2;1;1;0;0;1;1;0;0;0;1;36898;0;0;0;0;
579;286;62;-307;-363;2;1;1;0;0;1;1;0;0;0;1;36929;0;0;0;0;
579;286;63;-307;-368;2;1;1;0;0;1;1;0;0;0;1;36960;0;0;0;0;
579;286;63;-307;-365;2;1;1;0;0;1;1;0;0;0;1;36991;0;0;0;0;
579;286;64;-307;-365;2;1;1;0;0;1;1;0;0;0;1;37022;0;0;0;0;
579;286;62;-307;-368;2;1;1;0;0;1;1;0;0;0;1;37053;0;0;0;0;
579;286;61;-307;-369;2;1;1;0;0;1;1;0;0;0;1;37084;0;0;0;0;
579;286;63;-307;-369;2;1;1;0;0;1;1;0;0;0;1;37115;0;0;0;0;
579;286;64;-307;-369;2;1;1;0;0;1;1;0;0;0;1;37146;0;0;0;0;
579;286;62;-307;-366;2;1;1;0;0;1;1;0;0;0;1;37177;0;0;0;0;
579;286;62;-307;-368;2;1;1;0;0;1;1;0;0;0;1;37208;0;0;0;0;
579;286;64;-307;-365;2;1;1;0;0;1;1;0;0;0;1;37239;0;0;0;0;
579;286;61;-307;-368;2;1;1;0;0;1;1;0;0;0;1;37270;0;0;0;0;
579;286;62;-307;-369;2;1;1;0;0;1;1;0;0;0;1;37301;0;0;0;0;
579;286;63;-307;-368;2;1;1;0;0;1;1;0;0;0;1;37332;0;0;0;0;
579;286;62;-307;-369;2;1;1;0;0;1;1;0;0;0;1;37363;0;0;0;0;
579;286;63;-307;-369;2;1;1;0;0;1;1;0;0;0;1;37394;0;0;0;0;
579;286;62;-307;-368;2;1;1;0;0;1;1;0;0;0;1;37425;0;0;0;0;
579;286;63;-307;-368;2;1;1;0;0;1;1;0;0;0;1;37456;0;0;0;0;
579;286;63;-307;-368;2;1;1;0;0;1;1;0;0;0;1;37487;0;0;0;0;
579;286;62;-307;-370;2;1;1;0;0;1;1;0;0;0;1;37518;0;0;0;0;
579;286;62;-307;-370;2;1;1;0;0;1;1;0;0;0;1;37549;0;0;0;0;
579;286;62;-307;-369;2;1;1;0;0;1;1;0;0;0;1;37580;0;0;0;0;
579;286;63;-307;-372;2;1;1;0;0;1;1;0;0;0;1;37611;0;0;0;0;
579;286;64;-307;-366;2;1;1;0;0;1;1;0;0;0;1;37642;0;0;0;0;
579;286;61;-307;-370;2;1;1;0;0;1;1;0;0;0;1;37673;0;0;0;0;
579;286;63;-307;-368;2;1;1;0;0;1;1;0;0;0;1;37704;0;0;0;0;
579;286;63;-307;-370;2;1;1;0;0;1;1;0;0;0;1;37735;0;0;0;0;
579;286;64;-307;-366;2;1;1;0;0;1;1;0;0;0;1;37766;0;0;0;0;
579;286;63;-307;-368;2;1;1;0;0;1;1;0;0;0;1;37797;0;0;0;0;
579;286;62;-307;-372;2;1;1;0;0;1;1;0;0;0;1;37828;0;0;0;0;
579;286;64;-307;-368;2;1;1;0;0;1;1;0;0;0;1;37859;0;0;0;0;
579;286;62;-307;-368;2;1;1;0;0;1;1;0;0;0;1;37890;0;0;0;0;
579;286;64;-307;-372;2;1;1;0;0;1;1;0;0;0;1;37921;0;0;0;0;
579;286;63;-307;-369;2;1;1;0;0;1;1;0;0;0;1;37952;0;0;0;0;
579;286;63;-307;-370;2;1;1;0;0;1;1;0;0;0;1;37983;0;0;0;0;
579;286;63;-307;-372;2;1;1;0;0;1;1;0;0;0;1;38014;0;0;0;0;
579;286;63;-307;-368;2;1;1;0;0;1;1;0;0;0;1;38045;0;0;0;0;
579;286;62;-307;-369;2;1;1;0;0;1;1;0;0;0;1;38076;0;0;0;0;
579;286;63;-307;-370;2;1;1;0;0;1;1;0;0;0;1;38107;0;0;0;0;
579;286;64;-307;-369;2;1;1;0;0;1;1;0;0;0;1;38138;0;0;0;0;
579;286;63;-307;-372;2;1;1;0;0;1;1;0;0;0;1;38169;0;0;0;0;
579;286;63;-307;-368;2;1;1;0;0;1;1;0;0;0;1;38200;0;0;0;0;
579;286;64;-307;-372;2;1;1;0;0;1;1;0;0;0;1;38231;0;0;0;0;
579;286;64;-307;-372;2;1;1;0;0;1;1;0;0;0;1;38262;0;0;0;0;
579;286;64;-307;-372;2;1;1;0;0;1;1;0;0;0;1;38293;0;0;0;0;
579;286;64;-307;-374;2;1;1;0;0;1;1;0;0;0;1;38324;0;0;0;0;
579;286;62;-307;-374;2;1;1;0;0;1;1;0;0;0;1;38355;0;0;0;0;
579;286;64;-307;-370;2;1;1;0;0;1;1;0;0;0;1;38386;0;0;0;0;
579;286;65;-307;-369;2;1;1;0;0;1;1;0;0;0;1;38417;0;0;0;0;
579;286;65;-307;-372;2;1;1;0;0;1;1;0;0;0;1;38448;0;0;0;0;
579;286;64;-307;-372;2;1;1;0;0;1;1;0;0;0;1;38479;0;0;0;0;
579;286;63;-307;-372;2;1;1;0;0;1;1;0;0;0;1;38510;0;0;0;0;
579;286;63;-307;-372;2;1;1;0;0;1;1;0;0;0;1;38541;0;0;0;0;
579;286;65;-307;-374;2;1;1;0;0;1;1;0;0;0;1;38572;0;0;0;0;
579;286;65;-307;-374;2;1;1;0;0;1;1;0;0;0;1;38603;0;0;0;0;
579;286;65;-307;-370;2;1;1;0;0;1;1;0;0;0;1;38634;0;0;0;0;
579;286;64;-307;-374;2;1;1;0;0;1;1;0;0;0;1;38665;0;0;0;0;
579;286;65;-307;-372;2;1;1;0;0;1;1;0;0;0;1;38696;0;0;0;0;
579;286;65;-307;-374;2;1;1;0;0;1;1;0;0;0;1;38727;0;0;0;0;
579;286;65;-307;-372;2;1;1;0;0;1;1;0;0;0;1;38758;0;0;0;0;
579;286;65;-307;-374;2;1;1;0;0;1;1;0;0;0;1;38789;0;0;0;0;
579;286;66;-307;-372;2;1;1;0;0;1;1;0;0;0;1;38820;0;0;0;0;
579;286;67;-307;-372;2;1;1;0;0;1;1;0;0;0;1;38851;0;0;0;0;
579;286;66;-307;-372;2;1;1;0;0;1;1;0;0;0;1;38882;0;0;0;0;
579;286;64;-307;-374;2;1;1;0;0;1;1;0;0;0;1;38913;0;0;0;0;
579;286;65;-307;-375;2;1;1;0;0;1;1;0;0;0;1;38944;0;0;0;0;
579;286;65;-307;-370;2;1;1;0;0;1;1;0;0;0;1;38975;0;0;0;0;
579;286;65;-307;-370;2;1;1;0;0;1;1;0;0;0;1;39006;0;0;0;0;
579;286;67;-307;-372;2;1;1;0;0;1;1;0;0;0;1;39037;0;0;0;0;
579;286;65;-307;-372;2;1;1;0;0;1;1;0;0;0;1;39068;0;0;0;0;
579;286;64;-307;-374;2;1;1;0;0;1;1;0;0;0;1;39099;0;0;0;0;
579;286;66;-307;-370;2;1;1;0;0;1;1;0;0;0;1;39130;0;0;0;0;
579;286;66;-307;-370;2;1;1;0;0;1;1;0;0;0;1;39161;0;0;0;0;
579;286;65;-307;-370;2;1;1;0;0;1;1;0;0;0;1;39192;0;0;0;0;
579;286;65;-307;-374;2;1;1;0;0;1;1;0;0;0;1;39223;0;0;0;0;
579;286;67;-307;-370;2;1;1;0;0;1;1;0;0;0;1;39254;0;0;0;0;
579;286;65;-307;-374;2;1;1;0;0;1;1;0;0;0;1;39285;0;0;0;0;
579;286;67;-307;-370;2;1;1;0;0;1;1;0;0;0;1;39316;0;0;0;0;
579;286;67;-307;-374;2;1;1;0;0;1;1;0;0;0;1;39347;0;0;0;0;
579;286;66;-307;-375;2;1;1;0;0;1;1;0;0;0;1;39378;0;0;0;0;
579;286;67;-307;-374;2;1;1;0;0;1;1;0;0;0;1;39409;0;0;0;0;
579;286;67;-307;-369;2;1;1;0;0;1;1;0;0;0;1;39440;0;0;0;0;
579;286;66;-307;-375;2;1;1;0;0;1;1;0;0;0;1;39471;0;0;0;0;
579;286;68;-307;-370;2;1;1;0;0;1;1;0;0;0;1;39502;0;0;0;0;
579;286;66;-307;-374;2;1;1;0;0;1;1;0;0;0;1;39533;0;0;0;0;
579;286;68;-307;-374;2;1;1;0;0;1;1;0;0;0;1;39564;0;0;0;0;
579;286;67;-307;-374;2;1;1;0;0;1;1;0;0;0;1;39595;0;0;0;0;
579;286;69;-307;-372;1;1;1;0;0;1;1;0;0;0;1;39626;0;0;14;0;
579;286;67;-307;-368;1;1;1;0;0;1;1;0;0;0;1;39657;0;0;45;0;
579;286;68;-307;-358;1;1;1;0;0;1;1;0;0;0;1;39688;0;0;76;0;
579;286;67;-307;-354;1;1;1;0;0;1;1;0;0;0;1;39719;0;0;107;0;
579;286;67;-307;-344;1;1;1;0;0;1;1;0;0;0;1;39750;0;0;138;0;
579;286;65;-307;-344;1;1;1;0;0;1;1;0;0;0;1;39781;0;0;169;0;
579;286;65;-307;-338;1;1;1;0;0;1;1;0;0;0;1;39812;0;0;200;0;
579;286;64;-307;-336;1;1;1;0;0;1;1;0;0;0;1;39843;0;0;231;0;
579;286;64;-307;-330;1;1;1;0;0;1;1;0;0;0;1;39874;0;0;262;0;
579;286;64;-307;-328;1;1;1;0;0;1;1;0;0;0;1;39905;0;0;293;0;
579;286;64;-307;-326;1;1;1;0;0;1;1;0;0;0;1;39936;0;0;324;0;
579;286;63;-307;-328;1;1;1;0;0;1;1;0;0;0;1;39967;0;0;355;0;
579;286;60;-307;-325;1;1;1;0;0;1;1;0;0;0;1;39998;0;0;386;0;
579;286;60;-307;-323;1;1;1;0;0;1;1;0;0;0;1;40029;0;0;417;0;
579;286;60;-307;-322;1;1;1;0;0;1;1;0;0;0;1;40060;0;0;448;0;
579;286;60;-307;-319;1;1;1;0;0;1;1;0;0;0;1;40091;0;0;479;0;
579;286;57;-307;-319;1;1;1;0;0;1;1;0;0;0;1;40122;0;0;510;0;
579;286;55;-307;-322;2;1;1;0;0;1;1;0;0;0;1;40153;0;0;0;0;
579;286;55;-307;-325;2;1;1;0;0;1;1;0;0;0;1;40184;0;0;0;0;
579;286;55;-307;-326;2;1;1;0;0;1;1;0;0;0;1;40215;0;0;0;0;
579;286;55;-307;-338;2;1;1;0;0;1;1;0;0;0;1;40246;0;0;0;0;
579;286;54;-307;-342;2;1;1;0;0;1;1;0;0;0;1;40277;0;0;0;0;
579;286;55;-307;-342;2;1;1;0;0;1;1;0;0;0;1;40308;0;0;0;0;
579;286;54;-307;-349;2;1;1;0;0;1;1;0;0;0;1;40339;0;0;0;0;
579;286;54;-307;-350;2;1;1;0;0;1;1;0;0;0;1;40370;0;0;0;0;
579;286;54;-307;-352;2;1;1;0;0;1;1;0;0;0;1;40401;0;0;0;0;
579;286;54;-307;-349;2;1;1;0;0;1;1;0;0;0;1;40432;0;0;0;0;
579;286;53;-307;-353;2;1;1;0;0;1;1;0;0;0;1;40463;0;0;0;0;
579;286;53;-307;-355;2;1;1;0;0;1;1;0;0;0;1;40494;0;0;0;0;
579;286;54;-307;-355;2;1;1;0;0;1;1;0;0;0;1;40525;0;0;0;0;
579;286;54;-307;-354;2;1;1;0;0;1;1;0;0;0;1;40556;0;0;0;0;
579;286;52;-307;-358;2;1;1;0;0;1;1;0;0;0;1;40587;0;0;0;0;
579;286;52;-307;-357;2;1;1;0;0;1;1;0;0;0;1;40618;0;0;0;0;
579;286;54;-307;-357;2;1;1;0;0;1;1;0;0;0;1;40649;0;0;0;0;
579;286;54;-307;-355;2;1;1;0;0;1;1;0;0;0;1;40680;0;0;0;0;
579;286;52;-307;-357;2;1;1;0;0;1;1;0;0;0;1;40711;0;0;0;0;
579;286;51;-307;-358;2;1;1;0;0;1;1;0;0;0;1;40742;0;0;0;0;
579;286;51;-307;-358;2;1;1;0;0;1;1;0;0;0;1;40773;0;0;0;0;
579;286;53;-307;-359;2;1;1;0;0;1;1;0;0;0;1;40804;0;0;0;0;
579;286;53;-307;-360;2;1;1;0;0;1;1;0;0;0;1;40835;0;0;0;0;
579;286;52;-307;-359;2;1;1;0;0;1;1;0;0;0;1;40866;0;0;0;0;
579;286;52;-307;-362;2;1;1;0;0;1;1;0;0;0;1;40897;0;0;0;0;
579;286;53;-307;-360;2;1;1;0;0;1;1;0;0;0;1;40928;0;0;0;0;
579;286;51;-307;-358;2;1;1;0;0;1;1;0;0;0;1;40959;0;0;0;0;
579;286;53;-307;-362;2;1;1;0;0;1;1;0;0;0;1;40990;0;0;0;0;
579;286;51;-307;-358;2;1;1;0;0;1;1;0;0;0;1;41021;0;0;0;0;
579;286;53;-307;-360;2;1;1;0;0;1;1;0;0;0;1;41052;0;0;0;0;
579;286;52;-307;-362;2;1;1;0;0;1;1;0;0;0;1;41083;0;0;0;0;
579;286;51;-307;-362;2;1;1;0;0;1;1;0;0;0;1;41114;0;0;0;0;
579;286;53;-307;-363;2;1;1;0;0;1;1;0;0;0;1;41145;0;0;0;0;
579;286;53;-307;-365;2;1;1;0;0;1;1;0;0;0;1;41176;0;0;0;0;
579;286;51;-307;-365;2;1;1;0;0;1;1;0;0;0;1;41207;0;0;0;0;
579;286;53;-307;-360;2;1;1;0;0;1;1;0;0;0;1;41238;0;0;0;0;
579;286;52;-307;-365;2;1;1;0;0;1;1;0;0;0;1;41269;0;0;0;0;
579;286;51;-307;-365;2;1;1;0;0;1;1;0;0;0;1;41300;0;0;0;0;
579;286;53;-307;-362;2;1;1;0;0;1;1;0;0;0;1;41331;0;0;0;0;
579;286;51;-307;-365;2;1;1;0;0;1;1;0;0;0;1;41362;0;0;0;0;
579;286;53;-307;-362;2;1;1;0;0;1;1;0;0;0;1;41393;0;0;0;0;
579;286;54;-307;-365;2;1;1;0;0;1;1;0;0;0;1;41424;0;0;0;0;
579;286;52;-307;-362;2;1;1;0;0;1;1;0;0;0;1;41455;0;0;0;0;
579;286;54;-307;-363;2;1;1;0;0;1;1;0;0;0;1;41486;0;0;0;0;
579;286;51;-307;-363;2;1;1;0;0;1;1;0;0;0;1;41517;0;0;0;0;
579;286;53;-307;-366;2;1;1;0;0;1;1;0;0;0;1;41548;0;0;0;0;
579;286;51;-307;-366;2;1;1;0;0;1;1;0;0;0;1;41579;0;0;0;0;
579;286;53;-307;-365;2;1;1;0;0;1;1;0;0;0;1;41610;0;0;0;0;
579;286;53;-307;-365;2;1;1;0;0;1;1;0;0;0;1;41641;0;0;0;0;
579;286;53;-307;-368;2;1;1;0;0;1;1;0;0;0;1;41672;0;0;0;0;
579;286;54;-307;-362;2;1;1;0;0;1;1;0;0;0;1;41703;0;0;0;0;
579;286;53;-307;-363;2;1;1;0;0;1;1;0;0;0;1;41734;0;0;0;0;
579;286;53;-307;-365;2;1;1;0;0;1;1;0;0;0;1;41765;0;0;0;0;
579;286;54;-307;-366;2;1;1;0;0;1;1;0;0;0;1;41796;0;0;0;0;
579;286;54;-307;-368;2;1;1;0;0;1;1;0;0;0;1;41827;0;0;0;0;
579;286;54;-307;-366;2;1;1;0;0;1;1;0;0;0;1;41858;0;0;0;0;
579;286;52;-307;-365;2;1;1;0;0;1;1;0;0;0;1;41889;0;0;0;0;
579;286;53;-307;-366;2;1;1;0;0;1;1;0;0;0;1;41920;0;0;0;0;
579;286;53;-307;-369;2;1;1;0;0;1;1;0;0;0;1;41951;0;0;0;0;
579;286;52;-307;-368;2;1;1;0;0;1;1;0;0;0;1;41982;0;0;0;0;
579;286;53;-307;-369;2;1;1;0;0;1;1;0;0;0;1;42013;0;0;0;0;
579;286;55;-307;-369;2;1;1;0;0;1;1;0;0;0;1;42044;0;0;0;0;
579;286;53;-307;-365;2;1;1;0;0;1;1;0;0;0;1;42075;0;0;0;0;
579;286;55;-307;-366;2;1;1;0;0;1;1;0;0;0;1;42106;0;0;0;0;
579;286;53;-307;-370;2;1;1;0;0;1;1;0;0;0;1;42137;0;0;0;0;
579;286;53;-307;-368;2;1;1;0;0;1;1;0;0;0;1;42168;0;0;0;0;
579;286;54;-307;-365;2;1;1;0;0;1;1;0;0;0;1;42199;0;0;0;0;
579;286;53;-307;-366;2;1;1;0;0;1;1;0;0;0;1;42230;0;0;0;0;
579;286;53;-307;-370;2;1;1;0;0;1;1;0;0;0;1;42261;0;0;0;0;
579;286;55;-307;-370;2;1;1;0;0;1;1;0;0;0;1;42292;0;0;0;0;
579;286;53;-307;-369;2;1;1;0;0;1;1;0;0;0;1;42323;0;0;0;0;
579;286;54;-307;-370;2;1;1;0;0;1;1;0;0;0;1;42354;0;0;0;0;
579;286;54;-307;-368;2;1;1;0;0;1;1;0;0;0;1;42385;0;0;0;0;
579;286;54;-307;-366;2;1;1;0;0;1;1;0;0;0;1;42416;0;0;0;0;
579;286;56;-307;-366;2;1;1;0;0;1;1;0;0;0;1;42447;0;0;0;0;
579;286;55;-307;-366;2;1;1;0;0;1;1;0;0;0;1;42478;0;0;0;0;
579;286;55;-307;-366;2;1;1;0;0;1;1;0;0;0;1;42509;0;0;0;0;
579;286;55;-307;-369;2;1;1;0;0;1;1;0;0;0;1;42540;0;0;0;0;
579;286;52;-307;-368;2;1;1;0;0;1;1;0;0;0;1;42571;0;0;0;0;
579;286;56;-307;-368;2;1;1;0;0;1;1;0;0;0;1;42602;0;0;0;0;
579;286;56;-307;-370;2;1;1;0;0;1;1;0;0;0;1;42633;0;0;0;0;
579;286;55;-307;-370;2;1;1;0;0;1;1;0;0;0;1;42664;0;0;0;0;
579;286;55;-307;-368;2;1;1;0;0;1;1;0;0;0;1;42695;0;0;0;0;
579;286;55;-307;-370;2;1;1;0;0;1;1;0;0;0;1;42726;0;0;0;0;
579;286;55;-307;-372;2;1;1;0;0;1;1;0;0;0;1;42757;0;0;0;0;
579;286;55;-307;-372;2;1;1;0;0;1;1;0;0;0;1;42788;0;0;0;0;
579;286;56;-307;-370;2;1;1;0;0;1;1;0;0;0;1;42819;0;0;0;0;
579;286;56;-307;-368;2;1;1;0;0;1;1;0;0;0;1;42850;0;0;0;0;
579;286;56;-307;-368;2;1;1;0;0;1;1;0;0;0;1;42881;0;0;0;0;
579;286;57;-307;-368;2;1;1;0;0;1;1;0;0;0;1;42912;0;0;0;0;
579;286;55;-307;-372;2;1;1;0;0;1;1;0;0;0;1;42943;0;0;0;0;
579;286;55;-307;-372;2;1;1;0;0;1;1;0;0;0;1;42974;0;0;0;0;
579;286;55;-307;-372;2;1;1;0;0;1;1;0;0;0;1;43005;0;0;0;0;
579;286;55;-307;-370;2;1;1;0;0;1;1;0;0;0;1;43036;0;0;0;0;
579;286;55;-307;-372;2;1;1;0;0;1;1;0;0;0;1;43067;0;0;0;0;
579;286;55;-307;-370;2;1;1;0;0;1;1;0;0;0;1;43098;0;0;0;0;
579;286;55;-307;-368;2;1;1;0;0;1;1;0;0;0;1;43129;0;0;0;0;
579;286;56;-307;-369;2;1;1;0;0;1;1;0;0;0;1;43160;0;0;0;0;
579;286;55;-307;-369;2;1;1;0;0;1;1;0;0;0;1;43191;0;0;0;0;
579;286;57;-307;-368;2;1;1;1;0;1;1;0;2;0;1;0;21;0;0;0;
579;286;55;-307;-357;2;1;1;1;0;1;1;0;2;0;1;0;52;0;0;0;
579;286;55;-307;-320;2;1;1;1;0;1;1;0;2;0;1;0;83;0;0;0;
579;286;55;-307;-290;2;1;1;1;0;1;1;0;2;0;1;0;114;0;0;0;
579;286;55;-307;-260;2;1;1;1;0;1;1;0;2;0;1;0;145;0;0;0;
579;286;56;-307;-237;2;1;1;1;0;1;1;0;2;0;1;0;176;0;0;0;
579;286;56;-307;-217;2;1;1;1;0;1;1;0;2;0;1;0;207;0;0;0;
579;286;57;-307;-201;2;1;1;1;0;1;1;0;2;0;1;0;238;0;0;0;
579;286;58;-307;-189;2;1;1;1;0;1;1;0;2;0;1;0;269;0;0;0;
579;286;57;-307;-181;2;1;1;1;0;1;1;0;2;0;1;0;300;0;0;0;
579;286;57;-307;-174;2;1;1;1;0;1;1;0;2;0;1;0;331;0;0;0;
579;286;56;-307;-168;2;1;1;1;0;1;1;0;2;0;1;0;362;0;0;0;
579;286;56;-307;-163;2;1;1;1;0;1;1;0;2;0;1;0;393;0;0;0;
579;286;55;-307;-157;2;1;1;1;0;1;1;0;2;0;1;0;424;0;0;0;
579;286;55;-307;-150;2;1;1;1;0;1;1;0;2;0;1;0;455;0;0;0;
579;286;57;-307;-146;2;1;1;1;0;1;1;0;2;0;1;0;486;0;0;0;
579;286;58;-307;-141;2;1;1;1;0;1;1;0;2;0;1;0;517;0;0;0;
579;286;58;-307;-136;2;1;1;1;0;1;1;0;2;0;1;0;548;0;0;0;
579;286;56;-307;-133;2;1;1;1;0;1;1;0;2;0;1;0;579;0;0;0;
579;286;56;-307;-129;2;1;1;1;0;1;1;0;2;0;1;0;610;0;0;0;
579;286;55;-307;-123;2;1;1;1;0;1;1;0;2;0;1;0;641;0;0;0;
579;286;57;-307;-120;2;1;1;1;0;1;1;0;2;0;1;0;672;0;0;0;
579;286;57;-307;-114;2;1;1;1;0;1;1;0;2;0;1;0;703;0;0;0;
579;286;58;-307;-110;2;1;1;1;0;1;1;0;2;0;1;0;734;0;0;0;
579;286;57;-307;-105;2;1;1;1;0;1;1;0;2;0;1;0;765;0;0;0;
579;286;57;-307;-100;2;1;1;1;0;1;1;0;2;0;1;0;796;0;0;0;
579;286;58;-307;-95;2;1;1;1;0;1;1;0;2;0;1;0;827;0;0;0;
579;286;58;-307;-91;2;1;1;1;0;1;1;0;2;0;1;0;858;0;0;0;
579;286;57;-307;-87;2;1;1;1;0;1;1;0;2;0;1;0;889;0;0;0;
579;286;59;-307;-83;2;1;1;1;0;1;1;0;2;0;1;0;920;0;0;0;
579;286;58;-307;-80;2;1;1;1;0;1;1;0;2;0;1;0;951;0;0;0;
579;286;57;-307;-74;2;1;1;1;0;1;1;0;2;0;1;0;982;0;0;0;
579;286;56;-307;-72;2;1;1;1;0;1;1;0;2;0;1;0;1013;0;0;0;
579;286;58;-307;-67;2;1;1;1;0;1;1;0;2;0;1;0;1044;0;0;0;
579;286;59;-307;-63;2;1;1;1;0;1;1;0;2;0;1;0;1075;0;0;0;
579;286;58;-307;-59;2;1;1;1;0;1;1;0;2;0;1;0;1106;0;0;0;
579;286;58;-307;-57;2;1;1;1;0;1;1;0;2;0;1;0;1137;0;0;0;
579;286;59;-307;-53;2;1;1;1;0;1;1;0;2;0;1;0;1168;0;0;0;
579;286;58;-307;-49;2;1;1;1;0;1;1;0;2;0;1;0;1199;0;0;0;
579;286;59;-307;-44;2;1;1;1;0;1;1;0;2;0;1;0;1230;0;0;0;
579;286;61;-307;-40;2;1;1;1;0;1;1;0;2;0;1;0;1261;0;0;0;
579;286;60;-307;-36;2;1;1;1;0;1;1;0;2;0;1;0;1292;0;0;0;
579;286;58;-307;-34;2;1;1;1;0;1;1;0;2;0;1;0;1323;0;0;0;
579;286;60;-307;-27;2;1;1;1;0;1;1;0;2;0;1;0;1354;0;0;0;
579;286;60;-307;-24;2;1;1;1;0;1;1;0;2;0;1;0;1385;0;0;0;
579;286;60;-307;-21;2;1;1;1;0;1;1;0;2;0;1;0;1416;0;0;0;
579;286;60;-307;-18;2;1;1;1;0;1;1;0;2;0;1;0;1447;0;0;0;
579;286;60;-307;-15;2;1;1;1;0;1;1;0;2;0;1;0;1478;0;0;0;
579;286;60;-307;-12;2;1;1;1;0;1;1;0;2;0;1;0;1509;0;0;0;
579;286;59;-307;-11;2;1;1;1;0;1;1;0;2;0;1;0;1540;0;0;0;
579;286;60;-307;-9;2;1;1;1;0;1;1;0;2;0;1;0;1571;0;0;0;
579;286;60;-307;-7;2;1;1;1;0;1;1;0;2;0;1;0;1602;0;0;0;
579;286;60;-307;-3;2;1;1;1;0;1;1;0;2;0;1;0;1633;0;0;0;
579;286;60;-307;-2;2;1;1;1;0;1;1;0;2;0;1;0;1664;0;0;0;
579;286;60;-307;1;2;1;1;1;0;1;1;0;2;0;1;0;1695;0;0;0;
579;286;60;-307;9;2;1;1;1;0;1;1;0;2;0;1;0;1726;0;0;0;
579;286;60;-307;13;2;1;1;1;0;1;1;0;2;0;1;0;1757;0;0;0;
579;286;60;-307;20;2;1;1;1;0;1;1;0;2;0;1;0;1788;0;0;0;
579;286;60;-307;24;2;1;1;1;0;1;1;0;2;0;1;0;1819;0;0;0;
579;286;60;-307;30;2;1;1;1;0;1;1;0;2;0;1;0;1850;0;0;0;
579;286;60;-307;35;2;1;1;1;0;1;1;0;2;0;1;0;1881;0;0;0;
579;286;60;-307;40;2;1;1;1;0;1;1;0;2;0;1;0;1912;0;0;0;
579;286;62;-307;44;2;1;1;1;0;1;1;0;2;0;1;0;1943;0;0;0;
579;286;60;-307;49;2;1;1;1;0;1;1;0;2;0;1;0;1974;0;0;0;
579;286;60;-307;55;2;1;1;1;0;1;1;0;2;0;1;0;2005;0;0;0;
579;286;62;-307;58;2;1;1;1;0;1;1;0;2;0;1;0;2036;0;0;0;
579;286;61;-307;64;2;1;1;1;0;1;1;0;2;0;1;0;2067;0;0;0;
579;286;61;-307;69;2;1;1;1;0;1;1;0;2;0;1;0;2098;0;0;0;
579;286;62;-307;75;2;1;1;1;0;1;1;0;2;0;1;0;2129;0;0;0;
579;286;63;-307;80;2;1;1;1;0;1;1;0;2;0;1;0;2160;0;0;0;
579;286;62;-307;82;2;1;1;1;0;1;1;0;2;0;1;0;2191;0;0;0;
579;286;63;-307;87;2;1;1;1;0;1;1;0;2;0;1;0;2222;0;0;0;
579;286;62;-307;91;2;1;1;1;0;1;1;0;2;0;1;0;2253;0;0;0;
579;286;62;-307;96;2;1;1;1;0;1;1;0;2;0;1;0;2284;0;0;0;
579;286;62;-307;102;2;1;1;1;0;1;1;0;2;0;1;0;2315;0;0;0;
579;286;64;-307;107;2;1;1;1;0;1;1;0;2;0;1;0;2346;0;0;0;
579;286;64;-307;110;2;1;1;1;0;1;1;0;2;0;1;0;2377;0;0;0;
579;286;64;-307;118;2;1;1;1;0;1;1;0;2;0;1;0;2408;0;0;0;
579;286;63;-307;123;2;1;1;1;0;1;1;0;2;0;1;0;2439;0;0;0;
579;286;64;-307;124;2;1;1;1;0;1;1;0;2;0;1;0;2470;0;0;0;
579;286;65;-307;132;2;1;1;1;0;1;1;0;2;0;1;0;2501;0;0;0;
579;286;67;-307;136;2;1;1;1;0;1;1;0;2;0;1;0;2532;0;0;0;
579;286;64;-307;140;2;1;1;1;0;1;1;0;2;0;1;0;2563;0;0;0;
579;286;64;-307;143;2;1;1;1;0;1;1;0;2;0;1;0;2594;0;0;0;
579;286;65;-307;146;2;1;1;1;0;1;1;0;2;0;1;0;2625;0;0;0;
579;286;64;-307;149;2;1;1;1;0;1;1;0;2;0;1;0;2656;0;0;0;
579;286;67;-307;156;2;1;1;1;0;1;1;0;2;0;1;0;2687;0;0;0;
579;286;64;-307;158;2;1;1;1;0;1;1;0;2;0;1;0;2718;0;0;0;
579;286;66;-307;162;2;1;1;1;0;1;1;0;2;0;1;0;2749;0;0;0;
579;286;64;-307;167;2;1;1;1;0;1;1;0;2;0;1;0;2780;0;0;0;
579;286;66;-307;171;2;1;1;1;0;1;1;0;2;0;1;0;2811;0;0;0;
579;286;66;-307;172;2;1;1;1;0;1;1;0;2;0;1;0;2842;0;0;0;
579;286;66;-307;176;2;1;1;1;0;1;1;0;2;0;1;0;2873;0;0;0;
579;286;66;-307;181;2;1;1;1;0;1;1;0;2;0;1;0;2904;0;0;0;
579;286;67;-307;185;2;1;1;1;0;1;1;0;2;0;1;0;2935;0;0;0;
579;286;67;-307;188;2;1;1;1;0;1;1;0;2;0;1;0;2966;0;0;0;
579;286;67;-307;192;2;1;1;1;0;1;1;0;2;0;1;0;2997;0;0;0;
579;286;68;-307;197;2;1;1;1;0;1;1;0;2;0;1;0;3028;0;0;0;
579;286;68;-307;201;2;1;1;1;0;1;1;0;2;0;1;0;3059;0;0;0;
579;286;68;-307;201;2;1;1;1;0;1;1;0;2;0;1;0;3090;0;0;0;
579;286;67;-307;207;2;1;1;1;0;1;1;0;2;0;1;0;3121;0;0;0;
579;286;66;-307;210;2;1;1;1;0;1;1;0;2;0;1;0;3152;0;0;0;
579;286;69;-307;213;2;1;1;1;0;1;1;0;2;0;1;0;3183;0;0;0;
579;286;69;-307;218;2;1;1;1;0;1;1;0;2;0;1;0;3214;0;0;0;
579;286;69;-307;220;2;1;1;1;0;1;1;0;2;0;1;0;3245;0;0;0;
579;286;68;-307;223;2;1;1;1;0;1;1;0;2;0;1;0;3276;0;0;0;
579;286;69;-307;226;2;1;1;0;0;1;1;0;0;0;1;5;0;7262;0;0;
579;286;70;-307;231;2;1;1;0;0;1;1;0;0;0;1;36;0;7262;0;0;
579;286;70;-307;222;2;1;1;0;0;1;1;0;0;0;1;67;0;7262;0;0;
579;286;68;-307;207;2;1;1;0;0;1;1;0;0;0;1;98;0;7262;0;0;
579;286;69;-307;188;2;1;1;0;0;1;1;0;0;0;1;129;0;7262;0;0;
579;286;69;-307;171;2;1;1;0;0;1;1;0;0;0;1;160;0;7262;0;0;
579;286;70;-307;156;2;1;1;0;0;1;1;0;0;0;1;191;0;7262;0;0;
579;286;70;-307;144;2;1;1;0;0;1;1;0;0;0;1;222;0;7262;0;0;
579;286;67;-307;132;2;1;1;0;0;1;1;0;0;0;1;253;0;7262;0;0;
579;286;68;-307;123;2;1;1;0;0;1;1;0;0;0;1;284;0;7262;0;0;
579;286;70;-307;118;2;1;1;0;0;1;1;0;0;0;1;315;0;7262;0;0;
579;286;70;-307;112;2;1;1;0;0;1;1;0;0;0;1;346;0;7262;0;0;
579;286;70;-307;108;2;1;1;0;0;1;1;0;0;0;1;377;0;7262;0;0;
579;286;70;-307;102;2;1;1;0;0;1;1;0;0;0;1;408;0;7262;0;0;
579;286;70;-307;97;2;1;1;0;0;1;1;0;0;0;1;439;0;7262;0;0;
579;286;70;-307;85;2;1;1;0;0;1;1;0;0;0;1;470;0;7262;0;0;
579;286;70;-307;76;2;1;1;0;0;1;1;0;0;0;1;501;0;7262;0;0;
579;286;71;-307;64;2;1;1;0;0;1;1;0;0;0;1;532;0;7262;0;0;
579;286;72;-307;51;2;1;1;0;0;1;1;0;0;0;1;563;0;7262;0;0;
579;286;70;-307;40;2;1;1;0;0;1;1;0;0;0;1;594;0;7262;0;0;
579;286;70;-307;29;2;1;1;0;0;1;1;0;0;0;1;625;0;7262;0;0;
579;286;70;-307;21;2;1;1;0;0;1;1;0;0;0;1;656;0;7262;0;0;
579;286;72;-307;10;2;1;1;0;0;1;1;0;0;0;1;687;0;7262;0;0;
579;286;73;-307;2;2;1;1;0;0;1;1;0;0;0;1;718;0;7262;0;0;
579;286;74;-307;-3;2;1;1;0;0;1;1;0;0;0;1;749;0;7262;0;0;
579;286;72;-307;-11;2;1;1;0;0;1;1;0;0;0;1;780;0;7262;0;0;
579;286;73;-307;-15;2;1;1;0;0;1;1;0;0;0;1;811;0;7262;0;0;
579;286;72;-307;-20;2;1;1;0;0;1;1;0;0;0;1;842;0;7262;0;0;
579;286;74;-307;-22;2;1;1;0;0;1;1;0;0;0;1;873;0;7262;0;0;
579;286;73;-307;-27;3;1;1;0;0;1;1;0;0;0;1;904;0;7262;0;0;
579;286;72;-307;-31;1;1;1;0;0;1;1;0;0;0;1;935;0;7262;0;0;
579;286;74;-307;-33;1;1;1;0;0;1;1;0;0;0;1;966;0;7262;0;0;
579;286;74;-307;-37;1;1;1;0;0;1;1;0;0;0;1;997;0;7262;0;0;
579;286;74;-307;-38;1;1;1;0;0;1;1;0;0;0;1;1028;0;7262;0;0;
579;286;74;-307;-39;1;1;1;0;0;1;1;0;0;0;1;1059;0;7262;0;0;
579;286;74;-307;-44;1;1;1;0;0;1;1;0;0;0;1;1090;0;7262;0;0;
579;286;74;-307;-46;1;1;1;0;0;1;1;0;0;0;1;1121;0;7262;0;0;
579;286;75;-307;-50;1;1;1;0;0;1;1;0;0;0;1;1152;0;7262;0;0;
579;286;76;-307;-54;1;1;1;0;0;1;1;0;0;0;1;1183;0;7262;0;0;
579;286;75;-307;-57;1;1;1;0;0;1;1;0;0;0;1;1214;0;7262;0;0;
579;286;75;-307;-60;1;1;1;0;0;1;1;0;0;0;1;1245;0;7262;0;0;
579;286;75;-307;-63;1;1;1;0;0;1;1;0;0;0;1;1276;0;7262;0;0;
579;286;75;-307;-68;1;1;1;0;0;1;1;0;0;0;1;1307;0;7262;0;0;
579;286;75;-307;-71;1;1;1;0;0;1;1;0;0;0;1;1338;0;7262;0;0;
579;286;75;-307;-74;1;1;1;0;0;1;1;0;0;0;1;1369;0;7262;0;0;
579;286;75;-307;-78;1;1;1;0;0;1;1;0;0;0;1;1400;0;7262;0;0;
579;286;75;-307;-82;1;1;1;0;0;1;1;0;0;0;1;1431;0;7262;0;0;
579;286;76;-307;-81;1;1;1;0;0;1;1;0;0;0;1;1462;0;7262;0;0;
579;286;75;-307;-85;1;1;1;0;0;1;1;0;0;0;1;1493;0;7262;0;0;
579;286;76;-307;-87;1;1;1;0;0;1;1;0;0;0;1;1524;0;7262;0;0;
579;286;75;-307;-89;1;1;1;0;0;1;1;0;0;0;1;1555;0;7262;0;0;
579;286;76;-307;-92;1;1;1;0;0;1;1;0;0;0;1;1586;0;7262;0;0;
579;286;75;-307;-93;1;1;1;0;0;1;1;0;0;0;1;1617;0;7262;0;0;
579;286;75;-307;-94;1;1;1;0;0;1;1;0;0;0;1;1648;0;7262;0;0;
579;286;75;-307;-95;1;1;1;0;0;1;1;0;0;0;1;1679;0;7262;0;0;
579;286;75;-307;-96;1;1;1;0;0;1;1;0;0;0;1;1710;0;7262;0;0;
579;286;75;-307;-98;1;1;1;0;0;1;1;0;0;0;1;1741;0;7262;0;0;
579;286;75;-307;-101;1;1;1;0;0;1;1;0;0;0;1;1772;0;7262;0;0;
579;286;75;-307;-102;1;1;1;0;0;1;1;0;0;0;1;1803;0;7262;0;0;
579;286;75;-307;-105;1;1;1;0;0;1;1;0;0;0;1;1834;0;7262;0;0;
579;286;74;-307;-105;1;1;1;0;0;1;1;0;0;0;1;1865;0;7262;0;0;
579;286;75;-307;-105;1;1;1;0;0;1;1;0;0;0;1;1896;0;7262;0;0;
579;286;75;-307;-111;1;1;1;0;0;1;1;0;0;0;1;1927;0;7262;0;0;
579;286;75;-307;-111;1;1;1;0;0;1;1;0;0;0;1;1958;0;0;0;0;
579;286;74;-307;-114;1;1;1;0;0;1;1;0;0;0;1;1989;0;0;0;0;
579;286;75;-307;-114;1;1;1;0;0;1;1;0;0;0;1;2020;0;0;0;0;
579;286;75;-307;-112;1;1;1;0;0;1;1;0;0;0;1;2051;0;0;0;0;
579;286;74;-307;-115;1;1;1;0;0;1;1;0;0;0;1;2082;0;0;0;0;
579;286;74;-307;-117;1;1;1;0;0;1;1;0;0;0;1;2113;0;0;0;0;
579;286;74;-307;-118;1;1;1;0;0;1;1;0;0;0;1;2144;0;0;0;0;
579;286;75;-307;-123;1;1;1;0;0;1;1;0;0;0;1;2175;0;0;0;0;
579;286;75;-307;-125;1;1;1;0;0;1;1;0;0;0;1;2206;0;0;0;0;
579;286;74;-307;-130;1;1;1;0;0;1;1;0;0;0;1;2237;0;0;0;0;
579;286;73;-307;-131;1;1;1;0;0;1;1;0;0;0;1;2268;0;0;0;0;
579;286;73;-307;-133;1;1;1;0;0;1;1;0;0;0;1;2299;0;0;0;0;
579;286;73;-307;-135;1;1;1;0;0;1;1;0;0;0;1;2330;0;0;0;0;
579;286;72;-307;-135;1;1;1;0;0;1;1;0;0;0;1;2361;0;0;0;0;
579;286;73;-307;-138;1;1;1;0;0;1;1;0;0;0;1;2392;0;0;0;0;
579;286;70;-307;-141;1;1;1;0;0;1;1;0;0;0;1;2423;0;0;0;0;
579;286;71;-307;-141;1;1;1;0;0;1;1;0;0;0;1;2454;0;0;0;0;
579;286;70;-307;-144;1;1;1;0;0;1;1;0;0;0;1;2485;0;0;0;0;
579;286;72;-307;-143;1;1;1;0;0;1;1;0;0;0;1;2516;0;0;0;0;
579;286;70;-307;-144;1;1;1;0;0;1;1;0;0;0;1;2547;0;0;0;0;
579;286;72;-307;-144;1;1;1;0;0;1;1;0;0;0;1;2578;0;0;0;0;
579;286;71;-307;-145;1;1;1;0;0;1;1;0;0;0;1;2609;0;0;0;0;
579;286;70;-307;-147;1;1;1;0;0;1;1;0;0;0;1;2640;0;0;0;0;
579;286;68;-307;-149;1;1;1;0;0;1;1;0;0;0;1;2671;0;0;0;0;
579;286;70;-307;-148;1;1;1;0;0;1;1;0;0;0;1;2702;0;0;0;0;
579;286;70;-307;-151;1;1;1;0;0;1;1;0;0;0;1;2733;0;0;0;0;
579;286;70;-307;-152;1;1;1;0;0;1;1;0;0;0;1;2764;0;0;0;0;
579;286;69;-307;-150;1;1;1;0;0;1;1;0;0;0;1;2795;0;0;0;0;
579;286;70;-307;-154;1;1;1;0;0;1;1;0;0;0;1;2826;0;0;0;0;
579;286;69;-307;-152;1;1;1;0;0;1;1;0;0;0;1;2857;0;0;0;0;
579;286;69;-307;-152;1;1;1;0;0;1;1;0;0;0;1;2888;0;0;0;0;
579;286;67;-307;-154;1;1;1;0;0;1;1;0;0;0;1;2919;0;0;0;0;
579;286;68;-307;-155;1;1;1;0;0;1;1;0;0;0;1;2950;0;0;0;0;
579;286;67;-307;-156;1;1;1;0;0;1;1;0;0;0;1;2981;0;0;0;0;
579;286;69;-307;-156;1;1;1;0;0;1;1;0;0;0;1;3012;0;0;0;0;
579;286;69;-307;-157;1;1;1;0;0;1;1;0;0;0;1;3043;0;0;0;0;
579;286;68;-307;-159;1;1;1;0;0;1;1;0;0;0;1;3074;0;0;0;0;
579;286;67;-307;-160;1;1;1;0;0;1;1;0;0;0;1;3105;0;0;0;0;
579;286;65;-307;-160;1;1;1;0;0;1;1;0;0;0;1;3136;0;0;0;0;
579;286;64;-307;-162;1;1;1;0;0;1;1;0;0;0;1;3167;0;0;0;0;
579;286;64;-307;-164;1;1;1;0;0;1;1;0;0;0;1;3198;0;0;0;0;
579;286;65;-307;-164;1;1;1;0;0;1;1;0;0;0;1;3229;0;0;0;0;
579;286;64;-307;-165;1;1;1;0;0;1;1;0;0;0;1;3260;0;0;0;0;
579;286;62;-307;-167;4;0;1;0;0;1;1;0;0;0;1;3291;0;0;0;0;
579;286;64;-307;-170;1;1;1;0;0;1;1;0;0;0;1;3322;0;0;0;0;
579;286;62;-307;-174;2;1;1;0;0;1;1;0;0;0;1;3353;0;0;0;0;
579;286;62;-307;-175;2;1;1;0;0;1;1;0;0;0;1;3384;0;0;0;0;
579;286;61;-307;-183;2;1;1;0;0;1;1;0;0;0;1;3415;0;0;0;0;
579;286;61;-307;-191;2;1;1;0;0;1;1;0;0;0;1;3446;0;0;0;0;
579;286;60;-307;-200;2;1;1;0;0;1;1;0;0;0;1;3477;0;0;0;0;
579;286;61;-307;-204;2;1;1;0;0;1;1;0;0;0;1;3508;0;0;0;0;
579;286;62;-307;-206;2;1;1;0;0;1;1;0;0;0;1;3539;0;0;0;0;
579;286;60;-307;-209;2;1;1;0;0;1;1;0;0;0;1;3570;0;0;0;0;
579;286;60;-307;-212;2;1;1;0;0;1;1;0;0;0;1;3601;0;0;0;0;
579;286;60;-307;-213;2;1;1;0;0;1;1;0;0;0;1;3632;0;0;0;0;
579;286;60;-307;-214;2;1;1;0;0;1;1;0;0;0;1;3663;0;0;0;0;
579;286;60;-307;-217;2;1;1;0;0;1;1;0;0;0;1;3694;0;0;0;0;
579;286;60;-307;-217;2;1;1;0;0;1;1;0;0;0;1;3725;0;0;0;0;
579;286;60;-307;-217;2;1;1;0;0;1;1;0;0;0;1;3756;0;0;0;0;
579;286;60;-307;-218;2;1;1;0;0;1;1;0;0;0;1;3787;0;0;0;0;
579;286;60;-307;-220;2;1;1;0;0;1;1;0;0;0;1;3818;0;0;0;0;
579;286;60;-307;-219;2;1;1;0;0;1;1;0;0;0;1;3849;0;0;0;0;
579;286;60;-307;-223;2;1;1;0;0;1;1;0;0;0;1;3880;0;0;0;0;
579;286;59;-307;-225;2;1;1;0;0;1;1;0;0;0;1;3911;0;0;0;0;
579;286;59;-307;-225;2;1;1;0;0;1;1;0;0;0;1;3942;0;0;0;0;
579;286;60;-307;-225;2;1;1;0;0;1;1;0;0;0;1;3973;0;0;0;0;
579;286;60;-307;-228;2;1;1;0;0;1;1;0;0;0;1;4004;0;0;0;0;
579;286;60;-307;-226;2;1;1;0;0;1;1;0;0;0;1;4035;0;0;0;0;
579;286;60;-307;-228;2;1;1;0;0;1;1;0;0;0;1;4066;0;0;0;0;
579;286;60;-307;-230;2;1;1;0;0;1;1;0;0;0;1;4097;0;0;0;0;
579;286;60;-307;-230;2;1;1;0;0;1;1;0;0;0;1;4128;0;0;0;0;
579;286;59;-307;-233;2;1;1;0;0;1;1;0;0;0;1;4159;0;0;0;0;
579;286;60;-307;-232;2;1;1;0;0;1;1;0;0;0;1;4190;0;0;0;0;
579;286;58;-307;-235;2;1;1;0;0;1;1;0;0;0;1;4221;0;0;0;0;
579;286;59;-307;-232;2;1;1;0;0;1;1;0;0;0;1;4252;0;0;0;0;
579;286;60;-307;-235;2;1;1;0;0;1;1;0;0;0;1;4283;0;0;0;0;
579;286;59;-307;-237;2;1;1;0;0;1;1;0;0;0;1;4314;0;0;0;0;
579;286;58;-307;-238;2;1;1;0;0;1;1;0;0;0;1;4345;0;0;0;0;
579;286;59;-307;-240;2;1;1;0;0;1;1;0;0;0;1;4376;0;0;0;0;
579;286;60;-307;-237;2;1;1;0;0;1;1;0;0;0;1;4407;0;0;0;0;
579;286;57;-307;-240;2;1;1;0;0;1;1;0;0;0;1;4438;0;0;0;0;
579;286;60;-307;-240;2;1;1;0;0;1;1;0;0;0;1;4469;0;0;0;0;
579;286;58;-307;-241;2;1;1;0;0;1;1;0;0;0;1;4500;0;0;0;0;
579;286;60;-307;-242;2;1;1;0;0;1;1;0;0;0;1;4531;0;0;0;0;
579;286;60;-307;-245;2;1;1;0;0;1;1;0;0;0;1;4562;0;0;0;0;
579;286;60;-307;-244;2;1;1;0;0;1;1;0;0;0;1;4593;0;0;0;0;
579;286;60;-307;-245;2;1;1;0;0;1;1;0;0;0;1;4624;0;0;0;0;
579;286;58;-307;-245;2;1;1;0;0;1;1;0;0;0;1;4655;0;0;0;0;
579;286;60;-307;-245;2;1;1;0;0;1;1;0;0;0;1;4686;0;0;0;0;
579;286;60;-307;-248;2;1;1;0;0;1;1;0;0;0;1;4717;0;0;0;0;
579;286;60;-307;-248;2;1;1;0;0;1;1;0;0;0;1;4748;0;0;0;0;
579;286;60;-307;-248;2;1;1;0;0;1;1;0;0;0;1;4779;0;0;0;0;
579;286;60;-307;-249;2;1;1;0;0;1;1;0;0;0;1;4810;0;0;0;0;
579;286;59;-307;-250;2;1;1;0;0;1;1;0;0;0;1;4841;0;0;0;0;
579;286;59;-307;-253;2;1;1;0;0;1;1;0;0;0;1;4872;0;0;0;0;
579;286;61;-307;-251;2;1;1;0;0;1;1;0;0;0;1;4903;0;0;0;0;
579;286;60;-307;-254;2;1;1;0;0;1;1;0;0;0;1;4934;0;0;0;0;
579;286;60;-307;-253;2;1;1;0;0;1;1;0;0;0;1;4965;0;0;0;0;
579;286;59;-307;-257;2;1;1;0;0;1;1;0;0;0;1;4996;0;0;0;0;
579;286;60;-307;-254;2;1;1;0;0;1;1;0;0;0;1;5027;0;0;0;0;
579;286;59;-307;-258;2;1;1;0;0;1;1;0;0;0;1;5058;0;0;0;0;
579;286;60;-307;-259;2;1;1;0;0;1;1;0;0;0;1;5089;0;0;0;0;
579;286;60;-307;-259;2;1;1;0;0;1;1;0;0;0;1;5120;0;0;0;0;
579;286;60;-307;-257;2;1;1;0;0;1;1;0;0;0;1;5151;0;0;0;0;
579;286;60;-307;-258;2;1;1;0;0;1;1;0;0;0;1;5182;0;0;0;0;
579;286;61;-307;-260;2;1;1;0;0;1;1;0;0;0;1;5213;0;0;0;0;
579;286;60;-307;-264;2;1;1;0;0;1;1;0;0;0;1;5244;0;0;0;0;
579;286;59;-307;-262;2;1;1;0;0;1;1;0;0;0;1;5275;0;0;0;0;
579;286;60;-307;-264;2;1;1;0;0;1;1;0;0;0;1;5306;0;0;0;0;
579;286;61;-307;-263;2;1;1;0;0;1;1;0;0;0;1;5337;0;0;0;0;
579;286;60;-307;-265;2;1;1;0;0;1;1;0;0;0;1;5368;0;0;0;0;
579;286;61;-307;-266;2;1;1;0;0;1;1;0;0;0;1;5399;0;0;0;0;
579;286;60;-307;-264;2;1;1;0;0;1;1;0;0;0;1;5430;0;0;0;0;
579;286;60;-307;-269;2;1;1;0;0;1;1;0;0;0;1;5461;0;0;0;0;
579;286;60;-307;-269;2;1;1;0;0;1;1;0;0;0;1;5492;0;0;0;0;
579;286;60;-307;-270;2;1;1;0;0;1;1;0;0;0;1;5523;0;0;0;0;
579;286;60;-307;-270;2;1;1;0;0;1;1;0;0;0;1;5554;0;0;0;0;
579;286;61;-307;-269;2;1;1;0;0;1;1;0;0;0;1;5585;0;0;0;0;
579;286;60;-307;-268;2;1;1;0;0;1;1;0;0;0;1;5616;0;0;0;0;
579;286;60;-307;-273;2;1;1;0;0;1;1;0;0;0;1;5647;0;0;0;0;
579;286;60;-307;-270;2;1;1;0;0;1;1;0;0;0;1;5678;0;0;0;0;
579;286;61;-307;-270;2;1;1;0;0;1;1;0;0;0;1;5709;0;0;0;0;
579;286;60;-307;-275;2;1;1;0;0;1;1;0;0;0;1;5740;0;0;0;0;
579;286;62;-307;-273;2;1;1;0;0;1;1;0;0;0;1;5771;0;0;0;0;
579;286;62;-307;-272;2;1;1;0;0;1;1;0;0;0;1;5802;0;0;0;0;
579;286;61;-307;-276;2;1;1;0;0;1;1;0;0;0;1;5833;0;0;0;0;
579;286;61;-307;-277;2;1;1;0;0;1;1;0;0;0;1;5864;0;0;0;0;
579;286;60;-307;-278;2;1;1;0;0;1;1;0;0;0;1;5895;0;0;0;0;
579;286;61;-307;-279;2;1;1;0;0;1;1;0;0;0;1;5926;0;0;0;0;
579;286;61;-307;-277;2;1;1;0;0;1;1;0;0;0;1;5957;0;0;0;0;
579;286;61;-307;-277;2;1;1;0;0;1;1;0;0;0;1;5988;0;0;0;0;
579;286;64;-307;-279;2;1;1;0;0;1;1;0;0;0;1;6019;0;0;0;0;
579;286;62;-307;-278;2;1;1;0;0;1;1;0;0;0;1;6050;0;0;0;0;
579;286;64;-307;-280;2;1;1;0;0;1;1;0;0;0;1;6081;0;0;0;0;
579;286;61;-307;-283;2;1;1;0;0;1;1;0;0;0;1;6112;0;0;0;0;
579;286;63;-307;-280;2;1;1;0;0;1;1;0;0;0;1;6143;0;0;0;0;
579;286;63;-307;-283;2;1;1;0;0;1;1;0;0;0;1;6174;0;0;0;0;
579;286;61;-307;-285;2;1;1;0;0;1;1;0;0;0;1;6205;0;0;0;0;
579;286;64;-307;-283;2;1;1;0;0;1;1;0;0;0;1;6236;0;0;0;0;
579;286;63;-307;-286;2;1;1;0;0;1;1;0;0;0;1;6267;0;0;0;0;
579;286;64;-307;-285;2;1;1;0;0;1;1;0;0;0;1;6298;0;0;0;0;
579;286;63;-307;-283;2;1;1;0;0;1;1;0;0;0;1;6329;0;0;0;0;
579;286;64;-307;-286;2;1;1;0;0;1;1;0;0;0;1;6360;0;0;0;0;
579;286;62;-307;-288;2;1;1;0;0;1;1;0;0;0;1;6391;0;0;0;0;
579;286;65;-307;-288;2;1;1;0;0;1;1;0;0;0;1;6422;0;0;0;0;
579;286;64;-307;-288;2;1;1;0;0;1;1;0;0;0;1;6453;0;0;0;0;
579;286;63;-307;-289;2;1;1;0;0;1;1;0;0;0;1;6484;0;0;0;0;
579;286;63;-307;-289;2;1;1;0;0;1;1;0;0;0;1;6515;0;0;0;0;
579;286;62;-307;-288;2;1;1;0;0;1;1;0;0;0;1;6546;0;0;0;0;
579;286;65;-307;-287;2;1;1;0;0;1;1;0;0;0;1;6577;0;0;0;0;
579;286;63;-307;-289;2;1;1;0;0;1;1;0;0;0;1;6608;0;0;0;0;
579;286;63;-307;-292;2;1;1;0;0;1;1;0;0;0;1;6639;0;0;0;0;
579;286;63;-307;-292;2;1;1;0;0;1;1;0;0;0;1;6670;0;0;0;0;
579;286;63;-307;-292;2;1;1;0;0;1;1;0;0;0;1;6701;0;0;0;0;
579;286;66;-307;-289;2;1;1;0;0;1;1;0;0;0;1;6732;0;0;0;0;
579;286;65;-307;-290;2;1;1;0;0;1;1;0;0;0;1;6763;0;0;0;0;
579;286;65;-307;-290;2;1;1;0;0;1;1;0;0;0;1;6794;0;0;0;0;
579;286;65;-307;-293;2;1;1;0;0;1;1;0;0;0;1;6825;0;0;0;0;
579;286;65;-307;-292;2;1;1;0;0;1;1;0;0;0;1;6856;0;0;0;0;
579;286;64;-307;-294;2;1;1;0;0;1;1;0;0;0;1;6887;0;0;0;0;
579;286;64;-307;-295;2;1;1;0;0;1;1;0;0;0;1;6918;0;0;0;0;
579;286;66;-307;-292;2;1;1;0;0;1;1;0;0;0;1;6949;0;0;0;0;
579;286;65;-307;-294;2;1;1;0;0;1;1;0;0;0;1;6980;0;0;0;0;
579;286;65;-307;-294;2;1;1;0;0;1;1;0;0;0;1;7011;0;0;0;0;
579;286;66;-307;-296;2;1;1;0;0;1;1;0;0;0;1;7042;0;0;0;0;
579;286;68;-307;-296;2;1;1;0;0;1;1;0;0;0;1;7073;0;0;0;0;
579;286;65;-307;-298;2;1;1;0;0;1;1;0;0;0;1;7104;0;0;0;0;
579;286;65;-307;-296;2;1;1;0;0;1;1;0;0;0;1;7135;0;0;0;0;
579;286;65;-307;-299;2;1;1;0;0;1;1;0;0;0;1;7166;0;0;0;0;
579;286;65;-307;-298;2;1;1;0;0;1;1;0;0;0;1;7197;0;0;0;0;
579;286;67;-307;-297;2;1;1;0;0;1;1;0;0;0;1;7228;0;0;0;0;
579;286;67;-307;-300;2;1;1;0;0;1;1;0;0;0;1;7259;0;0;0;0;
579;286;67;-307;-299;2;1;1;0;0;1;1;0;0;0;1;7290;0;0;0;0;
579;286;65;-307;-302;2;1;1;0;0;1;1;0;0;0;1;7321;0;0;0;0;
579;286;66;-307;-298;2;1;1;0;0;1;1;0;0;0;1;7352;0;0;0;0;
579;286;67;-307;-302;2;1;1;0;0;1;1;0;0;0;1;7383;0;0;0;0;
579;286;67;-307;-299;2;1;1;0;0;1;1;0;0;0;1;7414;0;0;0;0;
579;286;67;-307;-303;2;1;1;0;0;1;1;0;0;0;1;7445;0;0;0;0;
579;286;67;-307;-304;2;1;1;0;0;1;1;0;0;0;1;7476;0;0;0;0;
579;286;66;-307;-303;2;1;1;0;0;1;1;0;0;0;1;7507;0;0;0;0;
579;286;68;-307;-302;2;1;1;0;0;1;1;0;0;0;1;7538;0;0;0;0;
579;286;66;-307;-304;2;1;1;1;0;1;1;0;2;6;1;0;2;0;0;0;
579;286;66;-307;-292;2;1;1;1;0;1;1;0;2;6;1;0;2;0;0;0;
579;286;69;-307;-258;2;1;1;1;0;1;1;0;2;6;1;0;2;0;0;0;
579;286;67;-307;-220;2;1;1;1;0;1;1;0;2;6;1;0;2;0;0;0;
579;286;66;-307;-187;2;1;1;1;0;1;1;0;2;6;1;0;2;0;0;0;
579;286;67;-307;-160;2;1;1;1;0;1;1;0;2;6;1;0;2;0;0;0;
579;286;68;-307;-138;2;1;1;1;0;1;1;0;2;6;1;0;2;0;0;0;
579;286;68;-307;-120;2;1;1;1;0;1;1;0;2;6;1;0;2;0;0;0;
579;286;67;-307;-110;2;1;1;1;0;1;1;0;2;6;1;0;2;0;0;0;
579;286;67;-307;-99;2;1;1;1;0;1;1;0;2;6;1;0;2;0;0;0;
579;286;67;-307;-93;2;1;1;1;0;1;1;0;2;6;1;0;2;0;0;0;
579;286;68;-307;-87;2;1;1;1;0;1;1;0;2;6;1;0;2;0;0;0;
579;286;67;-307;-80;2;1;1;1;0;1;1;0;2;6;1;0;2;0;0;0;
579;286;68;-307;-77;2;1;1;1;0;1;1;0;2;6;1;0;2;0;0;0;
579;286;69;-307;-69;2;1;1;1;0;1;1;0;2;6;1;0;2;0;0;0;
579;286;67;-307;-68;2;1;1;1;0;1;1;0;2;6;1;0;2;0;0;0;
579;286;70;-307;-60;2;1;1;1;0;1;1;0;2;6;1;0;2;0;0;0;
579;286;68;-307;-57;2;1;1;1;0;1;1;0;2;6;1;0;2;0;0;0;
579;286;69;-307;-51;2;1;1;1;0;1;1;0;2;6;1;0;2;0;0;0;
579;286;70;-307;-48;2;1;1;1;0;1;1;0;2;6;1;0;2;0;0;0;
579;286;67;-307;-45;2;1;1;1;0;1;1;0;2;6;1;0;2;0;0;0;
579;286;69;-307;-40;2;1;1;1;0;1;1;0;2;6;1;0;2;0;0;0;
579;286;67;-307;-37;2;1;1;1;0;1;1;0;2;6;1;0;2;0;0;0;
579;286;69;-307;-31;2;1;1;1;0;1;1;0;2;6;1;0;2;0;0;0;
579;286;69;-307;-27;2;1;1;1;0;1;1;0;2;6;1;0;2;0;0;0;
579;286;68;-307;-22;2;1;1;1;0;1;1;0;2;6;1;0;2;0;0;0;
579;286;69;-307;-18;2;1;1;1;0;1;1;0;2;6;1;0;2;0;0;0;
579;286;70;-307;-13;2;1;1;1;0;1;1;0;2;6;1;0;2;0;0;0;
579;286;70;-307;-10;2;1;1;1;0;1;1;0;2;6;1;0;2;0;0;0;
579;286;69;-307;-7;2;1;1;1;0;1;1;0;2;6;1;0;2;0;0;0;
579;286;70;-307;-1;2;1;1;1;0;1;1;0;2;6;1;0;2;0;0;0;
579;286;69;-307;3;2;1;1;1;0;1;1;0;2;6;1;0;2;0;0;0;
579;286;70;-307;9;2;1;1;1;0;1;1;0;2;6;1;0;2;0;0;0;
579;286;70;-307;14;2;1;1;1;0;1;1;0;2;6;1;0;2;0;0;0;
579;286;69;-307;18;2;1;1;1;0;1;1;0;2;6;1;0;2;0;0;0;
579;286;70;-307;25;2;1;1;1;0;1;1;0;2;6;1;0;2;0;0;0;
579;286;70;-307;30;2;1;1;1;0;1;1;0;2;6;1;0;2;0;0;0;
579;286;72;-307;39;2;1;1;1;0;1;1;0;2;6;1;0;2;0;0;0;
579;286;70;-307;46;2;1;1;1;0;1;1;0;2;6;1;0;2;0;0;0;
579;286;71;-307;53;2;1;1;1;0;1;1;0;2;6;1;0;2;0;0;0;
579;286;69;-307;59;2;1;1;1;0;1;1;0;2;6;1;0;2;0;0;0;
579;286;70;-307;69;2;1;1;1;0;1;1;0;2;6;1;0;2;0;0;0;
579;286;71;-307;75;2;1;1;1;0;1;1;0;2;6;1;0;2;0;0;0;
579;286;72;-307;80;2;1;1;1;0;1;1;0;2;6;1;0;2;0;0;0;
579;286;71;-307;87;2;1;1;1;0;1;1;0;2;6;1;0;2;0;0;0;
579;286;71;-307;90;2;1;1;1;0;1;1;0;2;6;1;0;2;0;0;0;
579;286;70;-307;96;2;1;1;1;0;1;1;0;2;6;1;0;2;0;0;0;
579;286;72;-307;101;2;1;1;1;0;1;1;0;2;6;1;0;2;0;0;0;
579;286;72;-307;106;2;1;1;1;0;1;1;0;2;6;1;0;2;0;0;0;
579;286;72;-307;112;2;1;1;1;0;1;1;0;2;6;1;0;2;0;0;0;
579;286;72;-307;115;2;1;1;1;0;1;1;0;2;6;1;0;2;0;0;0;
579;286;70;-307;121;2;1;1;1;0;1;1;0;2;6;1;0;2;0;0;0;
579;286;72;-307;127;2;1;1;1;0;1;1;0;2;6;1;0;2;0;0;0;
579;286;70;-307;130;2;1;1;1;0;1;1;0;2;6;1;0;2;0;0;0;
579;286;73;-307;136;2;1;1;1;0;1;1;0;2;6;1;0;2;0;0;0;
579;286;74;-307;139;2;1;1;1;0;1;1;0;2;6;1;0;2;0;0;0;
579;286;72;-307;143;2;1;1;1;0;1;1;0;2;6;1;0;2;0;0;0;
579;286;72;-307;146;2;1;1;1;0;1;1;0;2;6;1;0;2;0;0;0;
579;286;73;-307;152;2;1;1;1;0;1;1;0;2;6;1;0;2;0;0;0;
579;286;72;-307;156;2;1;1;1;0;1;1;0;2;6;1;0;2;0;0;0;
579;286;75;-307;162;2;1;1;1;0;1;1;0;2;6;1;0;2;0;0;0;
579;286;75;-307;165;2;1;1;1;0;1;1;0;2;6;1;0;2;0;0;0;
579;286;73;-307;168;2;1;1;1;0;1;1;0;2;6;1;0;2;0;0;0;
579;286;72;-307;173;2;1;1;1;0;1;1;0;2;6;1;0;2;0;0;0;
579;286;74;-307;179;2;1;1;1;0;1;1;0;2;6;1;0;2;0;0;0;
579;286;74;-307;178;2;1;1;1;0;1;1;0;2;6;1;0;2;0;0;0;
579;286;72;-307;184;2;1;1;1;0;1;1;0;2;6;1;0;2;0;0;0;
579;286;73;-307;186;2;1;1;1;0;1;1;0;2;6;1;0;2;0;0;0;
579;286;74;-307;194;2;1;1;1;0;1;1;0;2;6;1;0;2;0;0;0;
579;286;75;-307;197;2;1;1;1;0;1;1;0;2;6;1;0;2;0;0;0;
579;286;75;-307;200;2;1;1;1;0;1;1;0;2;6;1;0;2;0;0;0;
579;286;74;-307;203;2;1;1;1;0;1;1;0;2;6;1;0;2;0;0;0;
579;286;74;-307;206;2;1;1;1;0;1;1;0;2;6;1;0;2;0;0;0;
579;286;76;-307;213;2;1;1;1;0;1;1;0;2;6;1;0;2;0;0;0;
579;286;74;-307;217;2;1;1;1;0;1;1;0;2;6;1;0;2;0;0;0;
579;286;76;-307;220;2;1;1;1;0;1;1;0;2;6;1;0;2;0;0;0;
579;286;75;-307;223;2;1;1;1;0;1;1;0;2;6;1;0;2;0;0;0;
579;286;76;-307;230;2;1;1;1;0;1;1;0;2;6;1;0;2;0;0;0;
579;286;75;-307;232;2;1;1;1;0;1;1;0;2;6;1;0;2;0;0;0;
579;286;77;-307;235;2;1;1;1;0;1;1;0;2;6;1;0;2;0;0;0;
579;286;75;-307;236;2;1;1;1;0;1;1;0;2;6;1;0;2;0;0;0;
579;286;75;-307;242;2;1;1;1;0;1;1;0;2;6;1;0;2;0;0;0;
579;286;77;-307;244;2;1;1;1;0;1;1;0;2;6;1;0;2;0;0;0;
579;286;75;-307;244;2;1;1;1;0;1;1;0;2;6;1;0;2;0;0;0;
579;286;78;-307;257;2;1;1;1;0;1;1;0;2;6;1;0;2;0;0;0;
579;286;78;-307;257;2;1;1;1;0;1;1;0;2;6;1;0;2;0;0;0;
579;286;75;-307;258;2;1;1;1;0;1;1;0;2;6;1;0;2;0;0;0;
