579;286;76;-147;-138;1;1;1;0;0;1;1;0;0;0;0;34;0;0;0;0;
579;286;79;-147;-160;1;1;1;0;0;1;1;0;0;0;0;65;0;0;0;0;
579;286;80;-147;-170;1;1;1;0;0;1;1;0;0;0;0;96;0;0;0;0;
579;286;80;-147;-173;1;1;1;0;0;1;1;0;0;0;0;127;0;0;0;0;
579;286;80;-149;-176;1;1;1;0;0;1;1;0;0;0;0;158;0;0;0;0;
579;286;77;-150;-180;1;1;1;0;0;1;1;0;0;0;0;189;0;0;0;0;
579;286;79;-150;-183;1;1;1;0;0;1;1;0;0;0;0;220;0;0;0;0;
579;286;80;-150;-185;1;1;1;0;0;1;1;0;0;0;0;251;0;0;0;0;
579;286;79;-150;-186;1;1;1;0;0;1;1;0;0;0;0;282;0;0;0;0;
579;286;78;-152;-190;1;1;1;0;0;1;1;0;0;0;0;313;0;0;0;0;
579;286;77;-153;-193;1;1;1;0;0;1;1;0;0;0;0;344;0;0;0;0;
579;286;76;-154;-195;1;1;1;0;0;1;1;0;0;0;0;375;0;0;0;0;
579;286;78;-155;-196;1;1;1;0;0;1;1;0;0;0;0;406;0;0;0;0;
579;286;79;-156;-198;1;1;1;0;0;1;1;0;0;0;0;437;0;0;0;0;
579;286;76;-156;-198;1;1;1;0;0;1;1;0;0;0;0;468;0;0;0;0;
579;286;75;-159;-201;1;1;1;0;0;1;1;0;0;0;0;499;0;0;0;0;
579;286;75;-160;-204;1;1;1;0;0;1;1;0;0;0;0;530;0;0;0;0;
579;286;77;-160;-205;1;1;1;0;0;1;1;0;0;0;0;561;0;0;0;0;
579;286;75;-160;-206;1;1;1;0;0;1;1;0;0;0;0;592;0;0;0;0;
579;286;75;-160;-209;1;1;1;0;0;1;1;0;0;0;0;623;0;0;0;0;
579;286;73;-162;-210;1;1;1;0;0;1;1;0;0;0;0;654;0;0;0;0;
579;286;74;-161;-210;1;1;1;0;0;1;1;0;0;0;0;685;0;0;0;0;
579;286;75;-162;-210;1;1;1;0;0;1;1;0;0;0;0;716;0;0;0;0;
579;286;72;-164;-210;1;1;1;0;0;1;1;0;0;0;0;747;0;0;0;0;
579;286;69;-166;-212;1;1;1;0;0;1;1;0;0;0;0;778;0;0;0;0;
579;286;70;-167;-213;1;1;1;0;0;1;1;0;0;0;0;809;0;0;0;0;
579;286;74;-166;-215;1;1;1;0;0;1;1;0;0;0;0;840;0;0;0;0;
579;286;74;-168;-215;1;1;1;0;0;1;1;0;0;0;0;871;0;0;0;0;
579;286;70;-167;-216;1;1;1;0;0;1;1;0;0;0;0;902;0;0;0;0;
579;286;68;-170;-220;1;1;1;0;0;1;1;0;0;0;0;933;0;0;0;0;
579;286;68;-169;-220;1;1;1;0;0;1;1;0;0;0;0;964;0;0;0;0;
579;286;68;-169;-221;1;1;1;0;0;1;1;0;0;0;0;995;0;0;0;0;
579;286;68;-170;-221;1;1;1;0;0;1;1;0;0;0;0;1026;0;0;0;0;
579;286;67;-170;-222;1;1;1;0;0;1;1;0;0;0;0;1057;0;0;0;0;
579;286;65;-172;-223;1;1;1;0;0;1;1;0;0;0;0;1088;0;0;0;0;
579;286;65;-173;-224;1;1;1;0;0;1;1;0;0;0;0;1119;0;0;0;0;
579;286;65;-174;-225;1;1;1;0;0;1;1;0;0;0;0;1150;0;0;0;0;
579;286;66;-173;-225;1;1;1;0;0;1;1;0;0;0;0;1181;0;0;0;0;
579;286;64;-174;-225;1;1;1;0;0;1;1;0;0;0;0;1212;0;0;0;0;
579;286;62;-175;-226;1;1;1;0;0;1;1;0;0;0;0;1243;0;0;0;0;
579;286;61;-175;-225;1;1;1;0;0;1;1;0;0;0;0;1274;0;0;0;0;
579;286;62;-175;-225;1;1;1;0;0;1;1;0;0;0;0;1305;0;0;0;0;
579;286;62;-175;-226;1;1;1;0;0;1;1;0;0;0;0;1336;0;0;0;0;
579;286;60;-177;-227;1;1;1;0;0;1;1;0;0;0;0;1367;0;0;0;0;
579;286;58;-177;-227;1;1;1;0;0;1;1;0;0;0;0;1398;0;0;0;0;
579;286;59;-177;-228;1;1;1;0;0;1;1;0;0;0;0;1429;0;0;0;0;
579;286;59;-177;-230;1;1;1;0;0;1;1;0;0;0;0;1460;0;0;0;0;
579;286;58;-178;-232;1;1;1;0;0;1;1;0;0;0;0;1491;0;0;0;0;
579;286;56;-180;-233;1;1;1;0;0;1;1;0;0;0;0;1522;0;0;0;0;
579;286;55;-180;-235;2;1;1;0;0;1;1;0;0;0;0;1553;0;0;0;0;
579;286;56;-180;-237;2;1;1;0;0;1;1;0;0;0;0;1584;0;0;0;0;
579;286;56;-181;-245;2;1;1;0;0;1;1;0;0;0;0;1615;0;0;0;0;
579;286;56;-181;-250;2;1;1;0;0;1;1;0;0;0;0;1646;0;0;0;0;
579;286;55;-183;-253;2;1;1;0;0;1;1;0;0;0;0;1677;0;0;0;0;
579;286;53;-185;-255;2;1;1;0;0;1;1;0;0;0;0;1708;0;0;0;0;
579;286;53;-186;-258;2;1;1;0;0;1;1;0;0;0;0;1739;0;0;0;0;
579;286;54;-187;-259;2;1;1;0;0;1;1;0;0;0;0;1770;0;0;0;0;
579;286;53;-189;-262;2;1;1;0;0;1;1;0;0;0;0;1801;0;0;0;0;
579;286;51;-191;-264;2;1;1;0;0;1;1;0;0;0;0;1832;0;0;0;0;
579;286;51;-193;-265;2;1;1;0;0;1;1;0;0;0;0;1863;0;0;0;0;
579;286;52;-193;-266;2;1;1;0;0;1;1;0;0;0;0;1894;0;0;0;0;
579;286;53;-195;-267;2;1;1;0;0;1;1;0;0;0;0;1925;0;0;0;0;
579;286;53;-198;-268;2;1;1;0;0;1;1;0;0;0;0;1956;0;0;0;0;
579;286;50;-200;-270;2;1;1;0;0;1;1;0;0;0;0;1987;0;0;0;0;
579;286;51;-200;-272;2;1;1;0;0;1;1;0;0;0;0;2018;0;0;0;0;
579;286;51;-202;-272;2;1;1;0;0;1;1;0;0;0;0;2049;0;0;0;0;
579;286;52;-202;-272;2;1;1;0;0;1;1;0;0;0;0;2080;0;0;0;0;
579;286;51;-205;-275;2;1;1;0;0;1;1;0;0;0;0;2111;0;0;0;0;
579;286;50;-206;-275;2;1;1;0;0;1;1;0;0;0;0;2142;0;0;0;0;
579;286;51;-208;-277;2;1;1;0;0;1;1;0;0;0;0;2173;0;0;0;0;
579;286;51;-210;-277;2;1;1;0;0;1;1;0;0;0;0;2204;0;0;0;0;
579;286;51;-210;-277;2;1;1;0;0;1;1;0;0;0;0;2235;0;0;0;0;
579;286;51;-211;-279;2;1;1;0;0;1;1;0;0;0;0;2266;0;0;0;0;
579;286;49;-214;-282;2;1;1;0;0;1;1;0;0;0;0;2297;0;0;0;0;
579;286;51;-215;-280;2;1;1;0;0;1;1;0;0;0;0;2328;0;0;0;0;
579;286;51;-215;-280;2;1;1;0;0;1;1;0;0;0;0;2359;0;0;0;0;
579;286;51;-216;-282;2;1;1;0;0;1;1;0;0;0;0;2390;0;0;0;0;
579;286;50;-218;-283;2;0;0;0;0;1;1;0;0;0;0;2421;0;0;0;0;
579;286;50;-219;-279;2;0;0;0;0;1;1;0;0;0;0;2452;0;0;0;0;
579;286;50;-220;-273;2;0;0;0;0;1;1;0;0;0;0;2483;0;0;0;0;
579;286;51;-219;-266;2;0;0;0;0;1;1;0;0;0;0;2514;0;0;0;0;
579;286;51;-220;-260;2;0;0;0;0;1;1;0;0;0;0;2545;0;0;0;0;
579;286;50;-220;-249;2;0;0;0;0;1;1;0;0;0;0;2576;0;0;0;0;
579;286;50;-219;-239;2;0;0;0;0;1;1;0;0;0;0;2607;0;0;0;0;
579;286;50;-220;-231;2;0;0;0;0;1;1;0;0;0;0;2638;0;0;0;0;
579;286;51;-219;-225;2;0;0;0;0;1;1;0;0;0;0;2669;0;0;0;0;
579;286;52;-218;-221;2;0;0;0;0;1;1;0;0;0;0;2700;0;0;0;0;
579;286;50;-219;-217;2;0;0;0;0;1;1;0;0;0;0;2731;0;0;0;0;
579;286;50;-220;-216;2;0;0;0;0;1;1;0;0;0;0;2762;0;0;0;0;
579;286;52;-218;-213;2;0;0;0;0;1;1;0;0;0;0;2793;0;0;0;0;
579;286;51;-217;-211;2;0;0;0;0;1;1;0;0;0;0;2824;0;0;0;0;
579;286;52;-216;-210;2;0;0;0;0;1;1;0;0;0;0;2855;0;0;0;0;
579;286;51;-216;-211;2;0;0;0;0;1;1;0;0;0;0;2886;0;0;0;0;
579;286;50;-216;-210;2;0;0;0;0;1;1;0;0;0;0;2917;0;0;0;0;
579;286;52;-216;-210;2;0;0;0;0;1;1;0;0;0;0;2948;0;0;0;0;
579;286;53;-214;-208;2;0;0;0;0;1;1;0;0;0;0;2979;0;0;0;0;
579;286;51;-216;-210;2;0;0;0;0;1;1;0;0;0;0;3010;0;0;0;0;
579;286;51;-214;-210;2;0;0;0;0;1;1;0;0;0;0;3041;0;0;0;0;
579;286;52;-214;-210;2;0;0;0;0;1;1;0;0;0;0;3072;0;0;0;0;
579;286;52;-214;-208;2;0;0;0;0;1;1;0;0;0;0;3103;0;0;0;0;
579;286;55;-212;-208;2;0;0;0;0;1;1;0;0;0;0;3134;0;0;0;0;
579;286;53;-212;-206;2;0;0;0;0;1;1;0;0;0;0;3165;0;0;0;0;
579;286;51;-210;-207;2;0;0;0;0;1;1;0;0;0;0;3196;0;0;0;0;
579;286;51;-210;-208;2;0;0;0;0;1;1;0;0;0;0;3227;0;0;0;0;
579;286;55;-209;-206;2;0;0;0;0;1;1;0;0;0;0;3258;0;0;0;0;
579;286;55;-210;-206;2;0;0;0;0;1;1;0;0;0;0;3289;0;0;0;0;
579;286;54;-210;-206;2;0;0;0;0;1;1;0;0;0;0;3320;0;0;0;0;
579;286;53;-209;-206;2;0;0;0;0;1;1;0;0;0;0;3351;0;0;0;0;
579;286;53;-209;-207;2;0;0;0;0;1;1;0;0;0;0;3382;0;0;0;0;
579;286;53;-208;-205;2;0;0;0;0;1;1;0;0;0;0;3413;0;0;0;0;
579;286;55;-206;-203;2;0;0;0;0;1;1;0;0;0;0;3444;0;0;0;0;
579;286;55;-206;-202;2;0;0;0;0;1;1;0;0;0;0;3475;0;0;0;0;
579;286;53;-206;-203;2;0;0;0;0;1;1;0;0;0;0;3506;0;0;0;0;
579;286;53;-206;-203;2;0;0;0;0;1;1;0;0;0;0;3537;0;0;0;0;
579;286;57;-203;-202;2;0;0;0;0;1;1;0;0;0;0;3568;0;0;0;0;
579;286;54;-202;-201;2;0;0;0;0;1;1;0;0;0;0;3599;0;0;0;0;
579;286;55;-202;-201;2;0;0;0;0;1;1;0;0;0;0;3630;0;0;0;0;
579;286;54;-203;-202;2;0;0;0;0;1;1;0;0;0;0;3661;0;0;0;0;
579;286;55;-201;-200;2;0;0;0;0;1;1;0;0;0;0;3692;0;0;0;0;
579;286;56;-201;-200;2;0;0;0;0;1;1;0;0;0;0;3723;0;0;0;0;
579;286;55;-200;-200;2;0;0;0;0;1;1;0;0;0;0;3754;0;0;0;0;
579;286;54;-201;-200;2;0;0;0;0;1;1;0;0;0;0;3785;0;0;0;0;
579;286;55;-200;-199;2;0;0;0;0;1;1;0;0;0;0;3816;0;0;0;0;
579;286;55;-199;-198;2;0;0;0;0;1;1;0;0;0;0;3847;0;0;0;0;
579;286;59;-199;-198;2;0;0;0;0;1;1;0;0;0;0;3878;0;0;0;0;
579;286;56;-198;-196;2;0;0;0;0;1;1;0;0;0;0;3909;0;0;0;0;
579;286;55;-199;-197;2;0;0;0;0;1;1;0;0;0;0;3940;0;0;0;0;
579;286;55;-197;-196;2;0;0;0;0;1;1;0;0;0;0;3971;0;0;0;0;
579;286;57;-197;-196;2;0;0;0;0;1;1;0;0;0;0;4002;0;0;0;0;
579;286;58;-195;-194;2;0;0;0;0;1;1;0;0;0;0;4033;0;0;0;0;
579;286;56;-195;-194;2;0;0;0;0;1;1;0;0;0;0;4064;0;0;0;0;
579;286;56;-195;-194;2;0;0;0;0;1;1;0;0;0;0;4095;0;0;0;0;
579;286;55;-196;-194;2;0;0;0;0;1;1;0;0;0;0;4126;0;0;0;0;
579;286;60;-194;-192;2;0;0;0;0;1;1;0;0;0;0;4157;0;0;0;0;
579;286;59;-193;-191;2;0;0;0;0;1;1;0;0;0;0;4188;0;0;0;0;
579;286;60;-193;-191;2;0;0;0;0;1;1;0;0;0;0;4219;0;0;0;0;
579;286;56;-193;-192;2;0;0;0;0;1;1;0;0;0;0;4250;0;0;0;0;
579;286;58;-192;-190;2;0;0;0;0;1;1;0;0;0;0;4281;0;0;0;0;
579;286;58;-191;-190;2;0;0;0;0;1;1;0;0;0;0;4312;0;0;0;0;
579;286;60;-190;-190;2;0;0;0;0;1;1;0;0;0;0;4343;0;0;0;0;
579;286;60;-190;-189;2;0;0;0;0;1;1;0;0;0;0;4374;0;0;0;0;
579;286;58;-190;-190;2;0;0;0;0;1;1;0;0;0;0;4405;0;0;0;0;
579;286;59;-190;-189;2;0;0;0;0;1;1;0;0;0;0;4436;0;0;0;0;
579;286;60;-188;-188;2;0;0;0;0;1;1;0;0;0;0;4467;0;0;0;0;
579;286;62;-188;-187;2;0;0;0;0;1;1;0;0;0;0;4498;0;0;0;0;
579;286;60;-188;-187;2;0;0;0;0;1;1;0;0;0;0;4529;0;0;0;0;
579;286;58;-188;-187;2;0;0;0;0;1;1;0;0;0;0;4560;0;0;0;0;
579;286;60;-187;-187;2;0;0;0;0;1;1;0;0;0;0;4591;0;0;0;0;
579;286;60;-186;-186;2;1;1;0;0;1;1;0;0;0;0;4622;0;0;0;0;
579;286;63;-181;-195;2;1;1;0;0;1;1;0;0;0;0;4653;0;0;0;0;
579;286;60;-180;-215;2;1;1;0;0;1;1;0;0;0;0;4684;0;0;0;0;
579;286;60;-181;-227;2;1;1;0;0;1;1;0;0;0;0;4715;0;0;0;0;
579;286;61;-181;-230;2;1;1;0;0;1;1;0;0;0;0;4746;0;0;0;0;
579;286;62;-183;-233;2;1;1;0;0;1;1;0;0;0;0;4777;0;0;0;0;
579;286;63;-184;-237;2;1;1;0;0;1;1;0;0;0;0;4808;0;0;0;0;
579;286;61;-186;-241;2;1;1;0;0;1;1;0;0;0;0;4839;0;0;0;0;
579;286;60;-188;-243;2;1;1;0;0;1;1;0;0;0;0;4870;0;0;0;0;
579;286;61;-190;-248;2;1;1;0;0;1;1;0;0;0;0;4901;0;0;0;0;
579;286;63;-190;-250;2;1;1;0;0;1;1;0;0;0;0;4932;0;0;0;0;
579;286;63;-192;-253;2;1;1;0;0;1;1;0;0;0;0;4963;0;0;0;0;
579;286;62;-194;-256;2;1;1;0;0;1;1;0;0;0;0;4994;0;0;0;0;
579;286;61;-196;-262;2;1;1;0;0;1;1;0;0;0;0;5025;0;0;0;0;
579;286;63;-199;-267;2;1;1;0;0;1;1;0;0;0;0;5056;0;0;0;0;
579;286;64;-199;-273;2;1;1;0;0;1;1;0;0;0;0;5087;0;0;0;0;
579;286;64;-200;-277;2;1;1;0;0;1;1;0;0;0;0;5118;0;0;0;0;
579;286;62;-203;-279;2;1;1;0;0;1;1;0;0;0;0;5149;0;0;0;0;
579;286;63;-204;-280;2;1;1;0;0;1;1;0;0;0;0;5180;0;0;0;0;
579;286;63;-206;-282;2;1;1;0;0;1;1;0;0;0;0;5211;0;0;0;0;
579;286;63;-208;-282;2;1;1;0;0;1;1;0;0;0;0;5242;0;0;0;0;
579;286;65;-209;-283;2;1;1;0;0;1;1;0;0;0;0;5273;0;0;0;0;
579;286;62;-211;-285;2;1;1;0;0;1;1;0;0;0;0;5304;0;0;0;0;
579;286;63;-212;-284;2;1;1;0;0;1;1;0;0;0;0;5335;0;0;0;0;
579;286;64;-213;-284;2;1;1;0;0;1;1;0;0;0;0;5366;0;0;0;0;
579;286;64;-215;-284;2;1;1;0;0;1;1;0;0;0;0;5397;0;0;0;0;
579;286;63;-217;-285;2;1;1;0;0;1;1;0;0;0;0;5428;0;0;0;0;
579;286;63;-219;-287;2;0;0;0;0;1;1;0;0;0;0;5459;0;0;0;0;
579;286;65;-218;-280;2;0;0;0;0;1;1;0;0;0;0;5490;0;0;0;0;
579;286;65;-218;-272;2;0;0;0;0;1;1;0;0;0;0;5521;0;0;0;0;
579;286;66;-218;-266;2;0;0;0;0;1;1;0;0;0;0;5552;0;0;0;0;
579;286;65;-218;-256;2;0;0;0;0;1;1;0;0;0;0;5583;0;0;0;0;
579;286;64;-219;-247;2;0;0;0;0;1;1;0;0;0;0;5614;0;0;0;0;
579;286;65;-219;-238;2;0;0;0;0;1;1;0;0;0;0;5645;0;0;0;0;
579;286;65;-218;-230;2;0;0;0;0;1;1;0;0;0;0;5676;0;0;0;0;
579;286;67;-218;-224;2;0;0;0;0;1;1;0;0;0;0;5707;0;0;0;0;
579;286;66;-218;-220;2;0;0;0;0;1;1;0;0;0;0;5738;0;0;0;0;
579;286;63;-219;-215;2;0;0;0;0;1;1;0;0;0;0;5769;0;0;0;0;
579;286;65;-218;-212;2;0;0;0;0;1;1;0;0;0;0;5800;0;0;0;0;
579;286;67;-218;-210;2;0;0;0;0;1;1;0;0;0;0;5831;0;0;0;0;
579;286;68;-217;-209;2;0;0;0;0;1;1;0;0;0;0;5862;0;0;0;0;
579;286;65;-217;-209;2;0;0;0;0;1;1;0;0;0;0;5893;0;0;0;0;
579;286;66;-217;-210;2;0;0;0;0;1;1;0;0;0;0;5924;0;0;0;0;
579;286;67;-215;-208;2;0;0;0;0;1;1;0;0;0;0;5955;0;0;0;0;
579;286;68;-214;-206;2;0;0;0;0;1;1;0;0;0;0;5986;0;0;0;0;
579;286;68;-214;-207;2;0;0;0;0;1;1;0;0;0;0;6017;0;0;0;0;
579;286;65;-214;-205;2;0;0;0;0;1;1;0;0;0;0;6048;0;0;0;0;
579;286;66;-213;-206;2;0;0;0;0;1;1;0;0;0;0;6079;0;0;0;0;
579;286;67;-212;-206;2;0;0;0;0;1;1;0;0;0;0;6110;0;0;0;0;
579;286;67;-211;-205;2;0;0;0;0;1;1;0;0;0;0;6141;0;0;0;0;
579;286;67;-212;-205;2;0;0;0;0;1;1;0;0;0;0;6172;0;0;0;0;
579;286;66;-212;-206;2;0;0;0;0;1;1;0;0;0;0;6203;0;0;0;0;
579;286;66;-212;-205;2;0;0;0;0;1;1;0;0;0;0;6234;0;0;0;0;
579;286;69;-210;-205;2;0;0;0;0;1;1;0;0;0;0;6265;0;0;0;0;
579;286;70;-210;-205;2;0;0;0;0;1;1;0;0;0;0;6296;0;0;0;0;
579;286;68;-210;-205;2;0;0;0;0;1;1;0;0;0;0;6327;0;0;0;0;
579;286;67;-210;-203;2;0;0;0;0;1;1;0;0;0;0;6358;0;0;0;0;
579;286;68;-208;-203;2;0;0;0;0;1;1;0;0;0;0;6389;0;0;0;0;
579;286;70;-208;-203;2;0;0;0;0;1;1;0;0;0;0;6420;0;0;0;0;
579;286;70;-207;-201;2;0;0;0;0;1;1;0;0;0;0;6451;0;0;0;0;
579;286;69;-208;-202;2;0;0;0;0;1;1;0;0;0;0;6482;0;0;0;0;
579;286;68;-206;-202;2;0;0;0;0;1;1;0;0;0;0;6513;0;0;0;0;
579;286;68;-207;-202;2;0;0;0;0;1;1;0;0;0;0;6544;0;0;0;0;
579;286;70;-205;-201;2;0;0;0;0;1;1;0;0;0;0;6575;0;0;0;0;
579;286;70;-204;-200;2;0;0;0;0;1;1;0;0;0;0;6606;0;0;0;0;
579;286;69;-204;-201;2;0;0;0;0;1;1;0;0;0;0;6637;0;0;0;0;
579;286;68;-203;-200;2;0;0;0;0;1;1;0;0;0;0;6668;0;0;0;0;
579;286;70;-202;-200;2;0;0;0;0;1;1;0;0;0;0;6699;0;0;0;0;
579;286;70;-201;-199;2;0;0;0;0;1;1;0;0;0;0;6730;0;0;0;0;
579;286;70;-202;-199;2;0;0;0;0;1;1;0;0;0;0;6761;0;0;0;0;
579;286;70;-201;-198;2;0;0;0;0;1;1;0;0;0;0;6792;0;0;0;0;
579;286;69;-202;-199;2;0;0;0;0;1;1;0;0;0;0;6823;0;0;0;0;
579;286;70;-200;-198;2;0;0;0;0;1;1;0;0;0;0;6854;0;0;0;0;
579;286;72;-199;-197;2;0;0;0;0;1;1;0;0;0;0;6885;0;0;0;0;
579;286;71;-200;-197;2;0;0;0;0;1;1;0;0;0;0;6916;0;0;0;0;
579;286;71;-199;-196;2;0;0;0;0;1;1;0;0;0;0;6947;0;0;0;0;
579;286;70;-198;-196;2;0;0;0;0;1;1;0;0;0;0;6978;0;0;0;0;
579;286;71;-199;-196;2;0;0;0;0;1;1;0;0;0;0;7009;0;0;0;0;
579;286;73;-197;-193;2;0;0;0;0;1;1;0;0;0;0;7040;0;0;0;0;
579;286;70;-196;-193;2;0;0;0;0;1;1;0;0;0;0;7071;0;0;0;0;
579;286;70;-196;-193;2;0;0;0;0;1;1;0;0;0;0;7102;0;0;0;0;
579;286;70;-197;-194;2;0;0;0;0;1;1;0;0;0;0;7133;0;0;0;0;
579;286;72;-195;-193;2;0;0;0;0;1;1;0;0;0;0;7164;0;0;0;0;
579;286;74;-194;-192;2;0;0;0;0;1;1;0;0;0;0;7195;0;0;0;0;
579;286;72;-194;-191;2;0;0;0;0;1;1;0;0;0;0;7226;0;0;0;0;
579;286;71;-194;-191;2;0;0;0;0;1;1;0;0;0;0;7257;0;0;0;0;
579;286;72;-193;-191;2;0;0;0;0;1;1;0;0;0;0;7288;0;0;0;0;
579;286;73;-192;-190;2;0;0;0;0;1;1;0;0;0;0;7319;0;0;0;0;
579;286;75;-191;-190;2;0;0;0;0;1;1;0;0;0;0;7350;0;0;0;0;
579;286;73;-192;-190;2;0;0;0;0;1;1;0;0;0;0;7381;0;0;0;0;
579;286;72;-191;-190;2;0;0;0;0;1;1;0;0;0;0;7412;0;0;0;0;
579;286;72;-192;-190;2;0;0;0;0;1;1;0;0;0;0;7443;0;0;0;0;
579;286;73;-190;-189;2;0;0;0;0;1;1;0;0;0;0;7474;0;0;0;0;
579;286;74;-190;-187;2;0;0;0;0;1;1;0;0;0;0;7505;0;0;0;0;
579;286;75;-189;-188;2;0;0;0;0;1;1;0;0;0;0;7536;0;0;0;0;
579;286;72;-190;-187;2;0;0;0;0;1;1;0;0;0;0;7567;0;0;0;0;
579;286;74;-188;-186;2;0;0;0;0;1;1;0;0;0;0;7598;0;0;0;0;
579;286;74;-187;-185;2;0;0;0;0;1;1;0;0;0;0;7629;0;0;0;0;
579;286;75;-187;-186;2;0;0;0;0;1;1;0;0;0;0;7660;0;0;0;0;
579;286;73;-188;-185;2;0;0;0;0;1;1;0;0;0;0;7691;0;0;0;0;
579;286;74;-185;-185;1;1;1;0;0;1;1;0;0;0;0;7722;0;0;0;0;
579;286;74;-182;-196;1;1;1;0;0;1;1;0;0;0;0;7753;0;0;0;0;
579;286;76;-180;-210;1;1;1;0;0;1;1;0;0;0;0;7784;0;0;0;0;
579;286;75;-180;-214;1;1;1;0;0;1;1;0;0;0;0;7815;0;0;0;0;
579;286;75;-180;-213;1;1;1;0;0;1;1;0;0;0;0;7846;0;0;0;0;
579;286;73;-180;-212;1;1;1;0;0;1;1;0;0;0;0;7877;0;0;0;0;
579;286;76;-181;-212;1;1;1;0;0;1;1;0;0;0;0;7908;0;0;0;0;
579;286;76;-181;-213;1;1;1;0;0;1;1;0;0;0;0;7939;0;0;0;0;
579;286;78;-181;-216;1;1;1;0;0;1;1;0;0;0;0;7970;0;0;0;0;
579;286;73;-182;-217;1;1;1;0;0;1;1;0;0;0;0;8001;0;0;0;0;
579;286;74;-182;-216;1;1;1;0;0;1;1;0;0;0;0;8032;0;0;0;0;
579;286;73;-181;-217;1;1;1;0;0;1;1;0;0;0;0;8063;0;0;0;0;
579;286;76;-181;-217;4;0;1;0;0;1;1;0;0;0;0;8094;0;0;0;0;
579;286;74;-183;-217;1;1;1;0;0;1;1;0;0;0;0;8125;0;0;0;0;
579;286;70;-184;-220;1;1;1;0;0;1;1;0;0;0;0;8156;0;0;0;0;
579;286;71;-184;-221;1;1;1;0;0;1;1;0;0;0;0;8187;0;0;0;0;
579;286;73;-183;-221;1;1;1;0;0;1;1;0;0;0;0;8218;0;0;0;0;
579;286;76;-181;-220;1;1;1;0;0;1;1;0;0;0;0;8249;0;0;0;0;
579;286;74;-185;-222;1;1;1;0;0;1;1;0;0;0;0;8280;0;0;0;0;
579;286;69;-184;-222;1;1;1;0;0;1;1;0;0;0;0;8311;0;0;0;0;
579;286;70;-185;-223;1;1;1;0;0;1;1;0;0;0;0;8342;0;0;0;0;
579;286;70;-185;-223;1;1;1;0;0;1;1;0;0;0;0;8373;0;0;0;0;
579;286;70;-184;-223;1;1;1;0;0;1;1;0;0;0;0;8404;0;0;0;0;
579;286;70;-185;-225;1;1;1;0;0;1;1;0;0;0;0;8435;0;0;0;0;
579;286;67;-186;-229;1;1;1;0;0;1;1;0;0;0;0;8466;0;0;0;0;
579;286;67;-186;-229;1;1;1;0;0;1;1;0;0;0;0;8497;0;0;0;0;
579;286;68;-186;-229;1;1;1;0;0;1;1;0;0;0;0;8528;0;0;0;0;
579;286;68;-185;-230;1;1;1;0;0;1;1;0;0;0;0;8559;0;0;0;0;
579;286;65;-186;-230;1;1;1;0;0;1;1;0;0;0;0;8590;0;0;0;0;
579;286;65;-187;-231;1;1;1;0;0;1;1;0;0;0;0;8621;0;0;0;0;
579;286;64;-188;-231;1;1;1;0;0;1;1;0;0;0;0;8652;0;0;0;0;
579;286;65;-188;-231;1;1;1;0;0;1;1;0;0;0;0;8683;0;0;0;0;
579;286;64;-187;-231;1;1;1;0;0;1;1;0;0;0;0;8714;0;0;0;0;
579;286;63;-189;-233;1;1;1;0;0;1;1;0;0;0;0;8745;0;0;0;0;
579;286;60;-189;-234;1;1;1;0;0;1;1;0;0;0;0;8776;0;0;0;0;
579;286;60;-189;-234;1;1;1;0;0;1;1;0;0;0;0;8807;0;0;0;0;
579;286;61;-190;-236;1;1;1;0;0;1;1;0;0;0;0;8838;0;0;0;0;
579;286;60;-189;-238;1;1;1;0;0;1;1;0;0;0;0;8869;0;0;0;0;
579;286;58;-190;-240;1;1;1;0;0;1;1;0;0;0;0;8900;0;0;0;0;
579;286;57;-191;-241;1;1;1;0;0;1;1;0;0;0;0;8931;0;0;0;0;
579;286;57;-190;-242;1;1;1;0;0;1;1;0;0;0;0;8962;0;0;0;0;
579;286;56;-190;-243;1;1;1;0;0;1;1;0;0;0;0;8993;0;0;0;0;
579;286;56;-191;-243;2;1;1;0;0;1;1;0;0;0;0;9024;0;0;0;0;
579;286;55;-192;-246;2;1;1;0;0;1;1;0;0;0;0;9055;0;0;0;0;
579;286;55;-192;-251;2;1;1;0;0;1;1;0;0;0;0;9086;0;0;0;0;
579;286;55;-193;-255;2;1;1;0;0;1;1;0;0;0;0;9117;0;0;0;0;
579;286;55;-193;-258;2;1;1;0;0;1;1;0;0;0;0;9148;0;0;0;0;
579;286;55;-196;-262;2;1;1;0;0;1;1;0;0;0;0;9179;0;0;0;0;
579;286;53;-197;-265;2;1;1;0;0;1;1;0;0;0;0;9210;0;0;0;0;
579;286;53;-199;-266;2;1;1;0;0;1;1;0;0;0;0;9241;0;0;0;0;
579;286;54;-200;-268;2;1;1;0;0;1;1;0;0;0;0;9272;0;0;0;0;
579;286;55;-200;-269;2;1;1;0;0;1;1;0;0;0;0;9303;0;0;0;0;
579;286;53;-204;-273;2;1;1;0;0;1;1;0;0;0;0;9334;0;0;0;0;
579;286;53;-207;-275;2;1;1;0;0;1;1;0;0;0;0;9365;0;0;0;0;
579;286;50;-208;-274;2;1;1;0;0;1;1;0;0;0;0;9396;0;0;0;0;
579;286;53;-208;-275;2;1;1;0;0;1;1;0;0;0;0;9427;0;0;0;0;
579;286;54;-210;-276;2;1;1;0;0;1;1;0;0;0;0;9458;0;0;0;0;
579;286;53;-210;-277;2;1;1;0;0;1;1;0;0;0;0;9489;0;0;0;0;
579;286;52;-212;-278;2;1;1;0;0;1;1;0;0;0;0;9520;0;0;0;0;
579;286;53;-213;-279;2;1;1;0;0;1;1;0;0;0;0;9551;0;0;0;0;
579;286;54;-214;-280;2;1;1;0;0;1;1;0;0;0;0;9582;0;0;0;0;
579;286;53;-216;-283;2;1;1;0;0;1;1;0;0;0;0;9613;0;0;0;0;
579;286;52;-217;-282;2;1;1;0;0;1;1;0;0;0;0;9644;0;0;0;0;
579;286;51;-220;-282;2;0;0;0;0;1;1;0;0;0;0;9675;0;0;0;0;
579;286;52;-219;-275;2;0;0;0;0;1;1;0;0;0;0;9706;0;0;0;0;
579;286;51;-220;-269;2;0;0;0;0;1;1;0;0;0;0;9737;0;0;0;0;
579;286;53;-219;-263;2;0;0;0;0;1;1;0;0;0;0;9768;0;0;0;0;
579;286;52;-219;-254;2;0;0;0;0;1;1;0;0;0;0;9799;0;0;0;0;
579;286;51;-221;-243;2;0;0;0;0;1;1;0;0;0;0;9830;0;0;0;0;
579;286;52;-219;-233;2;0;0;0;0;1;1;0;0;0;0;9861;0;0;0;0;
579;286;54;-218;-227;2;0;0;0;0;1;1;0;0;0;0;9892;0;0;0;0;
579;286;53;-219;-221;2;0;0;0;0;1;1;0;0;0;0;9923;0;0;0;0;
579;286;52;-218;-217;2;0;0;0;0;1;1;0;0;0;0;9954;0;0;0;0;
579;286;52;-220;-215;2;0;0;0;0;1;1;0;0;0;0;9985;0;0;0;0;
579;286;52;-218;-212;2;0;0;0;0;1;1;0;0;0;0;10016;0;0;0;0;
579;286;54;-217;-211;2;0;0;0;0;1;1;0;0;0;0;10047;0;0;0;0;
579;286;55;-218;-211;2;0;0;0;0;1;1;0;0;0;0;10078;0;0;0;0;
579;286;52;-219;-210;2;0;0;0;0;1;1;0;0;0;0;10109;0;0;0;0;
579;286;53;-216;-210;2;0;0;0;0;1;1;0;0;0;0;10140;0;0;0;0;
579;286;53;-215;-209;2;0;0;0;0;1;1;0;0;0;0;10171;0;0;0;0;
579;286;55;-214;-209;2;0;0;0;0;1;1;0;0;0;0;10202;0;0;0;0;
579;286;52;-215;-209;2;0;0;0;0;1;1;0;0;0;0;10233;0;0;0;0;
579;286;53;-214;-208;2;0;0;0;0;1;1;0;0;0;0;10264;0;0;0;0;
579;286;52;-213;-208;2;0;0;0;0;1;1;0;0;0;0;10295;0;0;0;0;
579;286;54;-212;-208;2;0;0;0;0;1;1;0;0;0;0;10326;0;0;0;0;
579;286;55;-213;-207;2;0;0;0;0;1;1;0;0;0;0;10357;0;0;0;0;
579;286;54;-211;-206;2;0;0;0;0;1;1;0;0;0;0;10388;0;0;0;0;
579;286;54;-210;-207;2;0;0;0;0;1;1;0;0;0;0;10419;0;0;0;0;
579;286;54;-212;-207;2;0;0;0;0;1;1;0;0;0;0;10450;0;0;0;0;
579;286;54;-210;-206;2;0;0;0;0;1;1;0;0;0;0;10481;0;0;0;0;
579;286;56;-209;-204;2;0;0;0;0;1;1;0;0;0;0;10512;0;0;0;0;
579;286;55;-210;-205;2;0;0;0;0;1;1;0;0;0;0;10543;0;0;0;0;
579;286;52;-210;-205;2;0;0;0;0;1;1;0;0;0;0;10574;0;0;0;0;
579;286;55;-210;-205;2;0;0;0;0;1;1;0;0;0;0;10605;0;0;0;0;
579;286;56;-208;-204;2;0;0;0;0;1;1;0;0;0;0;10636;0;0;0;0;
579;286;55;-207;-203;2;0;0;0;0;1;1;0;0;0;0;10667;0;0;0;0;
579;286;55;-207;-203;2;0;0;0;0;1;1;0;0;0;0;10698;0;0;0;0;
579;286;54;-206;-202;2;0;0;0;0;1;1;0;0;0;0;10729;0;0;0;0;
579;286;54;-206;-202;2;0;0;0;0;1;1;0;0;0;0;10760;0;0;0;0;
579;286;55;-206;-200;2;0;0;0;0;1;1;0;0;0;0;10791;0;0;0;0;
579;286;55;-203;-200;2;0;0;0;0;1;1;0;0;0;0;10822;0;0;0;0;
554;221;55;-202;-200;1;1;1;0;0;1;1;0;0;0;0;10853;0;0;0;0;
554;221;54;-200;-210;1;1;1;0;0;1;1;0;0;0;0;10884;0;0;0;0;
554;221;55;-200;-223;1;1;1;0;0;1;1;0;0;0;0;10915;0;0;0;0;
554;221;57;-197;-228;1;1;1;0;0;1;1;0;0;0;0;10946;0;0;0;0;
554;221;57;-198;-229;1;1;1;0;0;1;1;0;0;0;0;10977;0;0;0;0;
554;221;56;-198;-230;1;1;1;0;0;1;1;0;0;0;0;11008;0;0;0;0;
554;221;55;-198;-230;1;1;1;0;0;1;1;0;0;0;0;11039;0;0;0;0;
554;221;58;-197;-229;1;1;1;0;0;1;1;0;0;0;0;11070;0;0;0;0;
554;221;59;-198;-230;1;1;1;0;0;1;1;0;0;0;0;11101;0;0;0;0;
554;221;56;-197;-230;1;1;1;0;0;1;1;0;0;0;0;11132;0;0;0;0;
554;221;55;-199;-233;1;1;1;0;0;1;1;0;0;0;0;11163;0;0;0;0;
554;221;53;-199;-234;1;1;1;0;0;1;1;0;0;0;0;11194;0;0;0;0;
554;221;53;-199;-234;1;1;1;0;0;1;1;0;0;0;0;11225;0;0;0;0;
554;221;55;-198;-233;1;1;1;0;0;1;1;0;0;0;0;11256;0;0;0;0;
554;221;53;-199;-235;1;1;1;0;0;1;1;0;0;0;0;11287;0;0;0;0;
554;221;51;-200;-236;1;1;1;0;0;1;1;0;0;0;0;11318;0;0;0;0;
554;221;51;-198;-237;1;1;1;0;0;1;1;0;0;0;0;11349;0;0;0;0;
554;221;51;-199;-239;1;1;1;0;0;1;1;0;0;0;0;11380;0;0;0;0;
554;221;51;-198;-239;1;1;1;0;0;1;1;0;0;0;0;11411;0;0;0;0;
554;221;50;-199;-240;1;1;1;0;0;1;1;0;0;0;0;11442;0;0;0;0;
554;221;49;-200;-241;1;1;1;0;0;1;1;0;0;0;0;11473;0;0;0;0;
554;221;49;-199;-241;1;1;1;0;0;1;1;0;0;0;0;11504;0;0;0;0;
554;221;50;-199;-240;1;1;1;0;0;1;1;0;0;0;0;11535;0;0;0;0;
554;221;48;-198;-241;1;1;1;0;0;1;1;0;0;0;0;11566;0;0;0;0;
554;221;48;-200;-245;1;1;1;0;0;1;1;0;0;0;0;11597;0;0;0;0;
554;221;45;-200;-247;1;1;1;0;0;1;1;0;0;0;0;11628;0;0;0;0;
554;221;46;-200;-247;1;1;1;0;0;1;1;0;0;0;0;11659;0;0;0;0;
554;221;46;-200;-248;1;1;1;0;0;1;1;0;0;0;0;11690;0;0;0;0;
554;221;46;-200;-246;1;1;1;0;0;1;1;0;0;0;0;11721;0;0;0;0;
554;221;44;-200;-247;1;1;1;0;0;1;1;0;0;0;0;11752;0;0;0;0;
554;221;43;-201;-248;1;1;1;0;0;1;1;0;0;0;0;11783;0;0;0;0;
554;221;43;-200;-248;1;1;1;0;0;1;1;0;0;0;0;11814;0;0;0;0;
554;221;43;-200;-248;1;1;1;0;0;1;1;0;0;0;0;11845;0;0;0;0;
554;221;43;-200;-249;1;1;1;0;0;1;1;0;0;0;0;11876;0;0;0;0;
554;221;41;-200;-250;1;1;1;0;0;1;1;0;0;0;0;11907;0;0;0;0;
554;221;39;-202;-251;1;1;1;0;0;1;1;0;0;0;0;11938;0;0;0;0;
554;221;39;-202;-251;1;1;1;0;0;1;1;0;0;0;0;11969;0;0;0;0;
554;221;40;-200;-249;1;1;1;0;0;1;1;0;0;0;0;12000;0;0;0;0;
554;221;39;-202;-249;1;1;1;0;0;1;1;0;0;0;0;12031;0;0;0;0;
554;221;37;-202;-249;1;1;1;0;0;1;1;0;0;0;0;12062;0;0;0;0;
554;221;36;-204;-250;1;1;1;0;0;1;1;0;0;0;0;12093;0;0;0;0;
554;221;35;-203;-250;4;1;1;0;0;1;1;0;0;0;0;12124;0;0;0;0;
554;221;36;-201;-250;2;1;1;0;0;1;1;0;0;0;0;12155;0;0;0;0;
554;221;35;-202;-254;2;1;1;0;0;1;1;0;0;0;0;12186;0;0;0;0;
554;221;34;-203;-259;2;1;1;0;0;1;1;0;0;0;0;12217;0;0;0;0;
554;221;33;-205;-264;2;1;1;0;0;1;1;0;0;0;0;12248;0;0;0;0;
554;221;33;-206;-267;2;1;1;0;0;1;1;0;0;0;0;12279;0;0;0;0;
554;221;35;-206;-269;2;1;1;0;0;1;1;0;0;0;0;12310;0;0;0;0;
554;221;34;-208;-270;2;1;1;0;0;1;1;0;0;0;0;12341;0;0;0;0;
554;221;33;-210;-274;2;1;1;0;0;1;1;0;0;0;0;12372;0;0;0;0;
554;221;33;-211;-276;2;1;1;0;0;1;1;0;0;0;0;12403;0;0;0;0;
554;221;34;-212;-277;2;1;1;0;0;1;1;0;0;0;0;12434;0;0;0;0;
554;221;35;-214;-278;2;1;1;0;0;1;1;0;0;0;0;12465;0;0;0;0;
554;221;33;-215;-278;2;1;1;0;0;1;1;0;0;0;0;12496;0;0;0;0;
554;221;32;-217;-280;2;1;1;0;0;1;1;0;0;0;0;12527;0;0;0;0;
554;221;33;-218;-283;2;1;1;0;0;1;1;0;0;0;0;12558;0;0;0;0;
554;221;34;-219;-283;2;1;1;0;0;1;1;0;0;0;0;12589;0;0;0;0;
554;221;34;-220;-284;2;1;1;0;0;1;1;0;0;0;0;12620;0;0;0;0;
554;221;33;-223;-285;2;1;1;0;0;1;1;0;0;0;0;12651;0;0;0;0;
554;221;33;-224;-286;2;1;1;0;0;1;1;0;0;0;0;12682;0;0;0;0;
554;221;32;-225;-287;2;1;1;0;0;1;1;0;0;0;0;12713;0;0;0;0;
554;221;33;-227;-288;2;1;1;0;0;1;1;0;0;0;0;12744;0;0;0;0;
554;221;34;-227;-288;2;1;1;0;0;1;1;0;0;0;0;12775;0;0;0;0;
554;221;31;-230;-289;2;1;1;0;0;1;1;0;0;0;0;12806;0;0;0;0;
554;221;31;-231;-290;2;1;1;0;0;1;1;0;0;0;0;12837;0;0;0;0;
554;221;33;-230;-290;2;1;1;0;0;1;1;0;0;0;0;12868;0;0;0;0;
554;221;33;-230;-290;2;1;1;0;0;1;1;0;0;0;0;12899;0;0;0;0;
554;221;33;-232;-292;2;1;1;0;0;1;1;0;0;0;0;12930;0;0;0;0;
554;221;32;-234;-293;2;1;1;0;0;1;1;0;0;0;0;12961;0;0;0;0;
554;221;32;-235;-294;2;1;1;0;0;1;1;0;0;0;0;12992;0;0;0;0;
554;221;32;-237;-295;2;1;1;0;0;1;1;0;0;0;0;13023;0;0;0;0;
554;221;33;-238;-296;2;1;1;0;0;1;1;0;0;0;0;13054;0;0;0;0;
554;221;33;-237;-296;2;1;1;0;0;1;1;0;0;0;0;13085;0;0;0;0;
554;221;33;-239;-297;2;1;1;0;0;1;1;0;0;0;0;13116;0;0;0;0;
554;221;31;-240;-297;2;1;1;0;0;1;1;0;0;0;0;13147;0;0;0;0;
554;221;34;-242;-298;2;1;1;0;0;1;1;0;0;0;0;13178;0;0;0;0;
554;221;33;-242;-298;2;1;1;0;0;1;1;0;0;0;0;13209;0;0;0;0;
554;221;34;-244;-298;2;1;1;0;0;1;1;0;0;0;0;13240;0;0;0;0;
554;221;32;-244;-300;2;1;1;0;0;1;1;0;0;0;0;13271;0;0;0;0;
554;221;32;-245;-300;2;1;1;0;0;1;1;0;0;0;0;13302;0;0;0;0;
554;221;33;-246;-302;2;1;1;0;0;1;1;0;0;0;0;13333;0;0;0;0;
554;221;34;-247;-302;2;1;1;0;0;1;1;0;0;0;0;13364;0;0;0;0;
554;221;34;-247;-302;2;1;1;0;0;1;1;0;0;0;0;13395;0;0;0;0;
554;221;33;-249;-304;2;1;1;0;0;1;1;0;0;0;0;13426;0;0;0;0;
554;221;33;-249;-304;2;1;1;0;0;1;1;0;0;0;0;13457;0;0;0;0;
554;221;34;-251;-305;2;1;1;0;0;1;1;0;0;0;0;13488;0;0;0;0;
554;221;34;-250;-304;2;1;1;0;0;1;1;0;0;0;0;13519;0;0;0;0;
554;221;33;-251;-305;2;1;1;0;0;1;1;0;0;0;0;13550;0;0;0;0;
554;221;34;-252;-305;2;1;1;0;0;1;1;0;0;0;0;13581;0;0;0;0;
554;221;33;-254;-306;2;1;1;0;0;1;1;0;0;0;0;13612;0;0;0;0;
554;221;34;-254;-307;2;1;1;0;0;1;1;0;0;0;0;13643;0;0;0;0;
554;221;35;-254;-307;2;1;1;0;0;1;1;0;0;0;0;13674;0;0;0;0;
554;221;34;-255;-307;2;1;1;0;0;1;1;0;0;0;0;13705;0;0;0;0;
554;221;33;-257;-308;2;1;1;0;0;1;1;0;0;0;0;13736;0;0;0;0;
554;221;34;-258;-310;2;1;1;0;0;1;1;0;0;0;0;13767;0;0;0;0;
554;221;35;-257;-309;2;1;1;0;0;1;1;0;0;0;0;13798;0;0;0;0;
554;221;36;-256;-309;2;1;1;0;0;1;1;0;0;0;0;13829;0;0;0;0;
554;221;34;-259;-309;2;1;1;0;0;1;1;0;0;0;0;13860;0;0;0;0;
554;221;34;-262;-310;2;1;1;0;0;1;1;0;0;0;0;13891;0;0;0;0;
554;221;35;-260;-310;2;1;1;0;0;1;1;0;0;0;0;13922;0;0;0;0;
554;221;35;-260;-310;2;1;1;0;0;1;1;0;0;0;0;13953;0;0;0;0;
554;221;35;-263;-312;2;1;1;0;0;1;1;0;0;0;0;13984;0;0;0;0;
554;221;35;-264;-313;2;1;1;0;0;1;1;0;0;0;0;14015;0;0;0;0;
554;221;34;-265;-314;2;1;1;0;0;1;1;0;0;0;0;14046;0;0;0;0;
554;221;36;-265;-314;2;1;1;0;0;1;1;0;0;0;0;14077;0;0;0;0;
554;221;35;-265;-314;2;1;1;0;0;1;1;0;0;0;0;14108;0;0;0;0;
554;221;38;-264;-314;2;1;1;0;0;1;1;0;0;0;0;14139;0;0;0;0;
554;221;35;-268;-315;2;1;1;0;0;1;1;0;0;0;0;14170;0;0;0;0;
554;221;35;-267;-315;2;1;1;0;0;1;1;0;0;0;0;14201;0;0;0;0;
554;221;35;-268;-316;2;1;1;0;0;1;1;0;0;0;0;14232;0;0;0;0;
554;221;37;-268;-315;2;1;1;0;0;1;1;0;0;0;0;14263;0;0;0;0;
554;221;38;-267;-316;2;1;1;0;0;1;1;0;0;0;0;14294;0;0;0;0;
554;221;36;-270;-317;2;1;1;0;0;1;1;0;0;0;0;14325;0;0;0;0;
554;221;35;-272;-318;2;1;1;0;0;1;1;0;0;0;0;14356;0;0;0;0;
554;221;37;-270;-317;2;1;1;0;0;1;1;0;0;0;0;14387;0;0;0;0;
554;221;38;-272;-317;2;1;1;0;0;1;1;0;0;0;0;14418;0;0;0;0;
554;221;38;-273;-318;2;1;1;0;0;1;1;0;0;0;0;14449;0;0;0;0;
554;221;36;-273;-318;2;1;1;0;0;1;1;0;0;0;0;14480;0;0;0;0;
554;221;36;-273;-318;2;1;1;0;0;1;1;0;0;0;0;14511;0;0;0;0;
554;221;38;-274;-318;2;1;1;0;0;1;1;0;0;0;0;14542;0;0;0;0;
554;221;40;-275;-319;2;1;1;0;0;1;1;0;0;0;0;14573;0;0;0;0;
554;221;38;-274;-319;2;1;1;0;0;1;1;0;0;0;0;14604;0;0;0;0;
554;221;37;-276;-320;2;1;1;0;0;1;1;0;0;0;0;14635;0;0;0;0;
554;221;37;-277;-320;2;1;1;0;0;1;1;0;0;0;0;14666;0;0;0;0;
554;221;38;-276;-320;2;1;1;0;0;1;1;0;0;0;0;14697;0;0;0;0;
554;221;39;-277;-322;2;1;1;0;0;1;1;0;0;0;0;14728;0;0;0;0;
554;221;38;-277;-322;2;1;1;0;0;1;1;0;0;0;0;14759;0;0;0;0;
554;221;38;-278;-320;2;0;0;0;0;1;1;0;0;0;0;14790;0;0;0;0;
554;221;38;-279;-317;2;0;0;0;0;1;1;0;0;0;0;14821;0;0;0;0;
554;221;39;-277;-313;2;0;0;0;0;1;1;0;0;0;0;14852;0;0;0;0;
554;221;39;-278;-309;2;0;0;0;0;1;1;0;0;0;0;14883;0;0;0;0;
554;221;39;-278;-306;2;0;0;0;0;1;1;0;0;0;0;14914;0;0;0;0;
554;221;38;-278;-300;2;0;0;0;0;1;1;0;0;0;0;14945;0;0;0;0;
554;221;39;-278;-289;2;0;0;0;0;1;1;0;0;0;0;14976;0;0;0;0;
554;221;40;-276;-277;2;0;0;0;0;1;1;0;0;0;0;15007;0;0;0;0;
554;221;40;-277;-272;2;0;0;0;0;1;1;0;0;0;0;15038;0;0;0;0;
554;221;40;-276;-266;2;0;0;0;0;1;1;0;0;0;0;15069;0;0;0;0;
554;221;39;-278;-265;2;0;0;0;0;1;1;0;0;0;0;15100;0;0;0;0;
554;221;39;-276;-260;2;0;0;0;0;1;1;0;0;0;0;15131;0;0;0;0;
554;221;41;-275;-259;2;0;0;0;0;1;1;0;0;0;0;15162;0;0;0;0;
554;221;41;-274;-258;2;0;0;0;0;1;1;0;0;0;0;15193;0;0;0;0;
554;221;40;-275;-258;2;0;0;0;0;1;1;0;0;0;0;15224;0;0;0;0;
554;221;40;-274;-259;2;0;0;0;0;1;1;0;0;0;0;15255;0;0;0;0;
554;221;40;-272;-257;2;0;0;0;0;1;1;0;0;0;0;15286;0;0;0;0;
554;221;42;-272;-257;2;0;0;0;0;1;1;0;0;0;0;15317;0;0;0;0;
554;221;43;-270;-256;2;0;0;0;0;1;1;0;0;0;0;15348;0;0;0;0;
554;221;40;-270;-256;2;0;0;0;0;1;1;0;0;0;0;15379;0;0;0;0;
554;221;40;-269;-256;2;0;0;0;0;1;1;0;0;0;0;15410;0;0;0;0;
554;221;41;-269;-255;2;0;0;0;0;1;1;0;0;0;0;15441;0;0;0;0;
554;221;44;-268;-255;2;0;0;0;0;1;1;0;0;0;0;15472;0;0;0;0;
554;221;43;-267;-255;2;0;0;0;0;1;1;0;0;0;0;15503;0;0;0;0;
554;221;42;-266;-255;2;0;0;0;0;1;1;0;0;0;0;15534;0;0;0;0;
554;221;41;-266;-255;2;0;0;0;0;1;1;0;0;0;0;15565;0;0;0;0;
554;221;43;-265;-255;2;0;0;0;0;1;1;0;0;0;0;15596;0;0;0;0;
554;221;44;-263;-254;2;0;0;0;0;1;1;0;0;0;0;15627;0;0;0;0;
554;221;43;-263;-253;2;0;0;0;0;1;1;0;0;0;0;15658;0;0;0;0;
554;221;43;-263;-254;2;0;0;0;0;1;1;0;0;0;0;15689;0;0;0;0;
554;221;43;-262;-253;2;0;0;0;0;1;1;0;0;0;0;15720;0;0;0;0;
554;221;43;-262;-253;2;0;0;0;0;1;1;0;0;0;0;15751;0;0;0;0;
554;221;44;-259;-251;2;0;0;0;0;1;1;0;0;0;0;15782;0;0;0;0;
554;221;46;-259;-251;2;0;0;0;0;1;1;0;0;0;0;15813;0;0;0;0;
554;221;43;-259;-251;2;0;0;0;0;1;1;0;0;0;0;15844;0;0;0;0;
554;221;43;-259;-252;2;0;0;0;0;1;1;0;0;0;0;15875;0;0;0;0;
554;221;45;-257;-251;2;0;0;0;0;1;1;0;0;0;0;15906;0;0;0;0;
554;221;45;-256;-249;2;0;0;0;0;1;1;0;0;0;0;15937;0;0;0;0;
554;221;45;-257;-250;2;0;0;0;0;1;1;0;0;0;0;15968;0;0;0;0;
554;221;43;-257;-250;2;0;0;0;0;1;1;0;0;0;0;15999;0;0;0;0;
554;221;44;-256;-250;2;0;0;0;0;1;1;0;0;0;0;16030;0;0;0;0;
554;221;48;-253;-248;2;0;0;0;0;1;1;0;0;0;0;16061;0;0;0;0;
554;221;48;-254;-247;2;0;0;0;0;1;1;0;0;0;0;16092;0;0;0;0;
554;221;46;-253;-247;2;0;0;0;0;1;1;0;0;0;0;16123;0;0;0;0;
554;221;45;-254;-248;2;0;0;0;0;1;1;0;0;0;0;16154;0;0;0;0;
554;221;46;-252;-245;2;0;0;0;0;1;1;0;0;0;0;16185;0;0;0;0;
554;221;48;-251;-245;2;0;0;0;0;1;1;0;0;0;0;16216;0;0;0;0;
554;221;46;-249;-245;2;0;0;0;0;1;1;0;0;0;0;16247;0;0;0;0;
554;221;47;-251;-246;2;0;0;0;0;1;1;0;0;0;0;16278;0;0;0;0;
554;221;46;-251;-244;2;0;0;0;0;1;1;0;0;0;0;16309;0;0;0;0;
554;221;49;-248;-243;2;0;0;0;0;1;1;0;0;0;0;16340;0;0;0;0;
554;221;48;-248;-242;2;0;0;0;0;1;1;0;0;0;0;16371;0;0;0;0;
554;221;48;-248;-243;2;0;0;0;0;1;1;0;0;0;0;16402;0;0;0;0;
554;221;46;-248;-243;2;0;0;0;0;1;1;0;0;0;0;16433;0;0;0;0;
554;221;47;-247;-242;2;0;0;0;0;1;1;0;0;0;0;16464;0;0;0;0;
554;221;49;-244;-242;1;1;1;0;0;1;1;0;0;0;0;16495;0;0;0;0;
554;221;50;-239;-249;1;1;1;0;0;1;1;0;0;0;0;16526;0;0;0;0;
554;221;51;-240;-262;1;1;1;0;0;1;1;0;0;0;0;16557;0;0;0;0;
554;221;46;-239;-270;1;1;1;0;0;1;1;0;0;0;0;16588;0;0;0;0;
554;221;47;-238;-270;1;1;1;0;0;1;1;0;0;0;0;16619;0;0;0;0;
554;221;50;-239;-267;1;1;1;0;0;1;1;0;0;0;0;16650;0;0;0;0;
554;221;50;-237;-264;1;1;1;0;0;1;1;0;0;0;0;16681;0;0;0;0;
554;221;48;-238;-263;1;1;1;0;0;1;1;0;0;0;0;16712;0;0;0;0;
554;221;48;-239;-265;1;1;1;0;0;1;1;0;0;0;0;16743;0;0;0;0;
554;221;48;-237;-264;1;1;1;0;0;1;1;0;0;0;0;16774;0;0;0;0;
554;221;48;-237;-264;1;1;1;0;0;1;1;0;0;0;0;16805;0;0;0;0;
554;221;49;-236;-263;1;1;1;0;0;1;1;0;0;0;0;16836;0;0;0;0;
554;221;50;-238;-264;1;1;1;0;0;1;1;0;0;0;0;16867;0;0;0;0;
554;221;46;-237;-265;1;1;1;0;0;1;1;0;0;0;0;16898;0;0;0;0;
554;221;46;-236;-265;1;1;1;0;0;1;1;0;0;0;0;16929;0;0;0;0;
554;221;47;-235;-265;1;1;1;0;0;1;1;0;0;0;0;16960;0;0;0;0;
554;221;48;-235;-267;1;1;1;0;0;1;1;0;0;0;0;16991;0;0;0;0;
554;221;45;-235;-268;1;1;1;0;0;1;1;0;0;0;0;17022;0;0;0;0;
554;221;43;-237;-269;1;1;1;0;0;1;1;0;0;0;0;17053;0;0;0;0;
554;221;43;-236;-270;1;1;1;0;0;1;1;0;0;0;0;17084;0;0;0;0;
554;221;43;-234;-270;1;1;1;0;0;1;1;0;0;0;0;17115;0;0;0;0;
554;221;43;-234;-270;1;1;1;0;0;1;1;0;0;0;0;17146;0;0;0;0;
554;221;41;-234;-270;1;1;1;0;0;1;1;0;0;0;0;17177;0;0;0;0;
554;221;41;-234;-270;1;1;1;0;0;1;1;0;0;0;0;17208;0;0;0;0;
554;221;40;-235;-270;1;1;1;0;0;1;1;0;0;0;0;17239;0;0;0;0;
554;221;40;-234;-270;1;1;1;0;0;1;1;0;0;0;0;17270;0;0;0;0;
554;221;39;-235;-270;1;1;1;0;0;1;1;0;0;0;0;17301;0;0;0;0;
554;221;38;-234;-270;1;1;1;0;0;1;1;0;0;0;0;17332;0;0;0;0;
554;221;35;-235;-272;1;1;1;0;0;1;1;0;0;0;0;17363;0;0;0;0;
554;221;37;-232;-270;1;1;1;0;0;1;1;0;0;0;0;17394;0;0;0;0;
554;221;36;-233;-270;1;1;1;0;0;1;1;0;0;0;0;17425;0;0;0;0;
554;221;35;-233;-270;2;1;1;0;0;1;1;0;0;0;0;17456;0;0;0;0;
554;221;35;-233;-275;2;1;1;0;0;1;1;0;0;0;0;17487;0;0;0;0;
554;221;34;-235;-279;2;1;1;0;0;1;1;0;0;0;0;17518;0;0;0;0;
554;221;34;-233;-283;2;1;1;0;0;1;1;0;0;0;0;17549;0;0;0;0;
554;221;35;-235;-287;2;1;1;0;0;1;1;0;0;0;0;17580;0;0;0;0;
554;221;34;-236;-289;2;1;1;0;0;1;1;0;0;0;0;17611;0;0;0;0;
554;221;33;-237;-292;2;1;1;0;0;1;1;0;0;0;0;17642;0;0;0;0;
554;221;33;-239;-294;2;1;1;0;0;1;1;0;0;0;0;17673;0;0;0;0;
554;221;34;-239;-295;2;1;1;0;0;1;1;0;0;0;0;17704;0;0;0;0;
554;221;34;-240;-296;2;1;1;0;0;1;1;0;0;0;0;17735;0;0;0;0;
554;221;34;-243;-298;2;1;1;0;0;1;1;0;0;0;0;17766;0;0;0;0;
554;221;32;-245;-299;2;1;1;0;0;1;1;0;0;0;0;17797;0;0;0;0;
554;221;32;-245;-299;2;1;1;0;0;1;1;0;0;0;0;17828;0;0;0;0;
554;221;34;-247;-302;2;1;1;0;0;1;1;0;0;0;0;17859;0;0;0;0;
554;221;34;-247;-302;2;1;1;0;0;1;1;0;0;0;0;17890;0;0;0;0;
554;221;33;-248;-303;2;1;1;0;0;1;1;0;0;0;0;17921;0;0;0;0;
554;221;32;-249;-305;2;1;1;0;0;1;1;0;0;0;0;17952;0;0;0;0;
554;221;31;-250;-304;2;1;1;0;0;1;1;0;0;0;0;17983;0;0;0;0;
554;221;34;-250;-305;2;1;1;0;0;1;1;0;0;0;0;18014;0;0;0;0;
554;221;34;-252;-305;2;1;1;0;0;1;1;0;0;0;0;18045;0;0;0;0;
554;221;33;-253;-306;2;1;1;0;0;1;1;0;0;0;0;18076;0;0;0;0;
554;221;31;-255;-307;2;1;1;0;0;1;1;0;0;0;0;18107;0;0;0;0;
554;221;33;-255;-307;2;1;1;0;0;1;1;0;0;0;0;18138;0;0;0;0;
554;221;33;-256;-308;2;1;1;0;0;1;1;0;0;0;0;18169;0;0;0;0;
554;221;34;-257;-308;2;1;1;0;0;1;1;0;0;0;0;18200;0;0;0;0;
554;221;33;-257;-308;2;1;1;0;0;1;1;0;0;0;0;18231;0;0;0;0;
554;221;33;-260;-310;2;1;1;0;0;1;1;0;0;0;0;18262;0;0;0;0;
554;221;34;-260;-310;2;1;1;0;0;1;1;0;0;0;0;18293;0;0;0;0;
554;221;34;-262;-312;2;1;1;0;0;1;1;0;0;0;0;18324;0;0;0;0;
554;221;35;-260;-310;2;1;1;0;0;1;1;0;0;0;0;18355;0;0;0;0;
554;221;33;-264;-313;2;1;1;0;0;1;1;0;0;0;0;18386;0;0;0;0;
554;221;33;-265;-314;2;1;1;0;0;1;1;0;0;0;0;18417;0;0;0;0;
554;221;34;-265;-314;2;1;1;0;0;1;1;0;0;0;0;18448;0;0;0;0;
554;221;35;-265;-313;2;1;1;0;0;1;1;0;0;0;0;18479;0;0;0;0;
554;221;34;-267;-315;2;1;1;0;0;1;1;0;0;0;0;18510;0;0;0;0;
554;221;34;-267;-315;2;1;1;0;0;1;1;0;0;0;0;18541;0;0;0;0;
554;221;33;-268;-315;2;1;1;0;0;1;1;0;0;0;0;18572;0;0;0;0;
554;221;34;-269;-316;2;1;1;0;0;1;1;0;0;0;0;18603;0;0;0;0;
554;221;35;-269;-316;2;1;1;0;0;1;1;0;0;0;0;18634;0;0;0;0;
554;221;35;-269;-316;2;1;1;0;0;1;1;0;0;0;0;18665;0;0;0;0;
554;221;33;-273;-318;2;1;1;0;0;1;1;0;0;0;0;18696;0;0;0;0;
554;221;34;-272;-318;2;1;1;0;0;1;1;0;0;0;0;18727;0;0;0;0;
554;221;34;-274;-318;2;1;1;0;0;1;1;0;0;0;0;18758;0;0;0;0;
554;221;35;-273;-318;2;1;1;0;0;1;1;0;0;0;0;18789;0;0;0;0;
554;221;34;-274;-318;2;1;1;0;0;1;1;0;0;0;0;18820;0;0;0;0;
554;221;34;-276;-320;2;1;1;0;0;1;1;0;0;0;0;18851;0;0;0;0;
554;221;35;-277;-322;2;1;1;0;0;1;1;0;0;0;0;18882;0;0;0;0;
554;221;34;-277;-320;2;1;1;0;0;1;1;0;0;0;0;18913;0;0;0;0;
554;221;35;-276;-320;2;1;1;0;0;1;1;0;0;0;0;18944;0;0;0;0;
554;221;35;-277;-320;2;1;1;0;0;1;1;0;0;0;0;18975;0;0;0;0;
554;221;34;-279;-325;2;0;0;0;0;1;1;0;0;0;0;19006;0;0;0;0;
554;221;35;-278;-319;2;0;0;0;0;1;1;0;0;0;0;19037;0;0;0;0;
554;221;36;-278;-315;2;0;0;0;0;1;1;0;0;0;0;19068;0;0;0;0;
554;221;35;-279;-312;2;0;0;0;0;1;1;0;0;0;0;19099;0;0;0;0;
554;221;35;-278;-308;2;0;0;0;0;1;1;0;0;0;0;19130;0;0;0;0;
554;221;35;-279;-304;2;0;0;0;0;1;1;0;0;0;0;19161;0;0;0;0;
554;221;35;-277;-293;2;0;0;0;0;1;1;0;0;0;0;19192;0;0;0;0;
554;221;35;-278;-283;2;0;0;0;0;1;1;0;0;0;0;19223;0;0;0;0;
554;221;36;-278;-274;2;0;0;0;0;1;1;0;0;0;0;19254;0;0;0;0;
554;221;35;-278;-268;2;0;0;0;0;1;1;0;0;0;0;19285;0;0;0;0;
554;221;36;-277;-264;2;0;0;0;0;1;1;0;0;0;0;19316;0;0;0;0;
554;221;37;-277;-262;2;0;0;0;0;1;1;0;0;0;0;19347;0;0;0;0;
554;221;39;-275;-258;2;0;0;0;0;1;1;0;0;0;0;19378;0;0;0;0;
554;221;39;-274;-257;2;0;0;0;0;1;1;0;0;0;0;19409;0;0;0;0;
554;221;37;-275;-257;2;0;0;0;0;1;1;0;0;0;0;19440;0;0;0;0;
554;221;37;-276;-258;2;0;0;0;0;1;1;0;0;0;0;19471;0;0;0;0;
554;221;39;-275;-256;2;0;0;0;0;1;1;0;0;0;0;19502;0;0;0;0;
554;221;40;-272;-256;2;0;0;0;0;1;1;0;0;0;0;19533;0;0;0;0;
554;221;39;-273;-255;2;0;0;0;0;1;1;0;0;0;0;19564;0;0;0;0;
554;221;38;-273;-256;2;0;0;0;0;1;1;0;0;0;0;19595;0;0;0;0;
554;221;38;-272;-256;2;0;0;0;0;1;1;0;0;0;0;19626;0;0;0;0;
554;221;39;-272;-256;2;0;0;0;0;1;1;0;0;0;0;19657;0;0;0;0;
554;221;40;-268;-254;2;0;0;0;0;1;1;0;0;0;0;19688;0;0;0;0;
554;221;41;-267;-254;2;0;0;0;0;1;1;0;0;0;0;19719;0;0;0;0;
554;221;40;-268;-255;2;0;0;0;0;1;1;0;0;0;0;19750;0;0;0;0;
554;221;39;-267;-254;2;0;0;0;0;1;1;0;0;0;0;19781;0;0;0;0;
554;221;40;-267;-254;2;0;0;0;0;1;1;0;0;0;0;19812;0;0;0;0;
554;221;42;-265;-252;2;0;0;0;0;1;1;0;0;0;0;19843;0;0;0;0;
554;221;42;-266;-253;2;0;0;0;0;1;1;0;0;0;0;19874;0;0;0;0;
554;221;40;-264;-252;2;0;0;0;0;1;1;0;0;0;0;19905;0;0;0;0;
554;221;40;-265;-252;2;0;0;0;0;1;1;0;0;0;0;19936;0;0;0;0;
554;221;43;-263;-252;2;0;0;0;0;1;1;0;0;0;0;19967;0;0;0;0;
554;221;41;-262;-250;2;0;0;0;0;1;1;0;0;0;0;19998;0;0;0;0;
554;221;41;-262;-250;2;0;0;0;0;1;1;0;0;0;0;20029;0;0;0;0;
554;221;40;-262;-250;2;0;0;0;0;1;1;0;0;0;0;20060;0;0;0;0;
554;221;40;-260;-251;2;0;0;0;0;1;1;0;0;0;0;20091;0;0;0;0;
554;221;43;-260;-250;2;0;0;0;0;1;1;0;0;0;0;20122;0;0;0;0;
554;221;43;-259;-249;2;0;0;0;0;1;1;0;0;0;0;20153;0;0;0;0;
554;221;42;-258;-248;2;0;0;0;0;1;1;0;0;0;0;20184;0;0;0;0;
554;221;40;-258;-250;2;0;0;0;0;1;1;0;0;0;0;20215;0;0;0;0;
554;221;42;-256;-248;2;0;0;0;0;1;1;0;0;0;0;20246;0;0;0;0;
554;221;43;-257;-248;2;0;0;0;0;1;1;0;0;0;0;20277;0;0;0;0;
554;221;43;-256;-248;2;0;0;0;0;1;1;0;0;0;0;20308;0;0;0;0;
554;221;46;-255;-247;2;0;0;0;0;1;1;0;0;0;0;20339;0;0;0;0;
554;221;42;-256;-248;2;0;0;0;0;1;1;0;0;0;0;20370;0;0;0;0;
554;221;43;-254;-246;2;0;0;0;0;1;1;0;0;0;0;20401;0;0;0;0;
554;221;45;-252;-245;2;0;0;0;0;1;1;0;0;0;0;20432;0;0;0;0;
554;221;43;-252;-245;2;0;0;0;0;1;1;0;0;0;0;20463;0;0;0;0;
554;221;43;-252;-245;2;0;0;0;0;1;1;0;0;0;0;20494;0;0;0;0;
554;221;43;-252;-245;2;0;0;0;0;1;1;0;0;0;0;20525;0;0;0;0;
554;221;43;-251;-244;2;0;0;0;0;1;1;0;0;0;0;20556;0;0;0;0;
554;221;44;-250;-244;2;0;0;0;0;1;1;0;0;0;0;20587;0;0;0;0;
554;221;46;-249;-243;2;0;0;0;0;1;1;0;0;0;0;20618;0;0;0;0;
554;221;44;-248;-243;2;0;0;0;0;1;1;0;0;0;0;20649;0;0;0;0;
554;221;43;-251;-242;2;0;0;0;0;1;1;0;0;0;0;20680;0;0;0;0;
554;221;46;-247;-241;2;0;0;0;0;1;1;0;0;0;0;20711;0;0;0;0;
554;221;47;-246;-240;2;0;0;0;0;1;1;0;0;0;0;20742;0;0;0;0;
554;221;46;-246;-240;2;0;0;0;0;1;1;0;0;0;0;20773;0;0;0;0;
554;221;44;-246;-240;1;1;1;0;0;1;1;0;0;0;0;20804;0;0;0;0;
554;221;46;-241;-243;1;1;1;0;0;1;1;0;0;0;0;20835;0;0;0;0;
554;221;46;-240;-249;1;1;1;0;0;1;1;0;0;0;0;20866;0;0;0;0;
554;221;50;-237;-257;1;1;1;0;0;1;1;0;0;0;0;20897;0;0;0;0;
554;221;48;-239;-259;1;1;1;0;0;1;1;0;0;0;0;20928;0;0;0;0;
554;221;44;-238;-257;1;1;1;0;0;1;1;0;0;0;0;20959;0;0;0;0;
554;221;46;-239;-257;1;1;1;0;0;1;1;0;0;0;0;20990;0;0;0;0;
554;221;46;-237;-257;1;1;1;0;0;1;1;0;0;0;0;21021;0;0;0;0;
554;221;50;-237;-257;1;1;1;0;0;1;1;0;0;0;0;21052;0;0;0;0;
554;221;47;-237;-258;1;1;1;0;0;1;1;0;0;0;0;21083;0;0;0;0;
554;221;44;-237;-260;1;1;1;0;0;1;1;0;0;0;0;21114;0;0;0;0;
554;221;46;-237;-260;1;1;1;0;0;1;1;0;0;0;0;21145;0;0;0;0;
554;221;46;-235;-260;1;1;1;0;0;1;1;0;0;0;0;21176;0;0;0;0;
554;221;45;-237;-262;1;1;1;0;0;1;1;0;0;0;0;21207;0;0;0;0;
554;221;45;-236;-263;1;1;1;0;0;1;1;0;0;0;0;21238;0;0;0;0;
554;221;43;-237;-265;1;1;1;0;0;1;1;0;0;0;0;21269;0;0;0;0;
554;221;43;-235;-266;1;1;1;0;0;1;1;0;0;0;0;21300;0;0;0;0;
554;221;43;-236;-266;1;1;1;0;0;1;1;0;0;0;0;21331;0;0;0;0;
554;221;45;-235;-268;1;1;1;0;0;1;1;0;0;0;0;21362;0;0;0;0;
554;221;43;-235;-270;1;1;1;0;0;1;1;0;0;0;0;21393;0;0;0;0;
554;221;40;-235;-273;1;1;1;0;0;1;1;0;0;0;0;21424;0;0;0;0;
554;221;40;-235;-274;1;1;1;0;0;1;1;0;0;0;0;21455;0;0;0;0;
554;221;43;-234;-274;1;1;1;0;0;1;1;0;0;0;0;21486;0;0;0;0;
554;221;40;-234;-274;1;1;1;0;0;1;1;0;0;0;0;21517;0;0;0;0;
554;221;39;-234;-274;1;1;1;0;0;1;1;0;0;0;0;21548;0;0;0;0;
554;221;37;-235;-275;1;1;1;0;0;1;1;0;0;0;0;21579;0;0;0;0;
554;221;38;-234;-274;1;1;1;0;0;1;1;0;0;0;0;21610;0;0;0;0;
554;221;37;-233;-273;2;1;1;0;0;1;1;0;0;0;0;21641;0;0;0;0;
554;221;36;-233;-274;2;1;1;0;0;1;1;0;0;0;0;21672;0;0;0;0;
554;221;35;-234;-279;2;1;1;0;0;1;1;0;0;0;0;21703;0;0;0;0;
554;221;34;-235;-284;2;1;1;0;0;1;1;0;0;0;0;21734;0;0;0;0;
554;221;35;-235;-287;2;1;1;0;0;1;1;0;0;0;0;21765;0;0;0;0;
554;221;35;-236;-289;2;1;1;0;0;1;1;0;0;0;0;21796;0;0;0;0;
554;221;35;-238;-292;2;1;1;0;0;1;1;0;0;0;0;21827;0;0;0;0;
554;221;33;-240;-295;2;1;1;0;0;1;1;0;0;0;0;21858;0;0;0;0;
554;221;33;-240;-296;2;1;1;0;0;1;1;0;0;0;0;21889;0;0;0;0;
554;221;34;-242;-297;2;1;1;0;0;1;1;0;0;0;0;21920;0;0;0;0;
554;221;35;-242;-297;2;1;1;0;0;1;1;0;0;0;0;21951;0;0;0;0;
554;221;34;-243;-298;2;1;1;0;0;1;1;0;0;0;0;21982;0;0;0;0;
554;221;33;-245;-299;2;1;1;0;0;1;1;0;0;0;0;22013;0;0;0;0;
554;221;33;-247;-302;2;1;1;0;0;1;1;0;0;0;0;22044;0;0;0;0;
554;221;34;-247;-302;2;1;1;0;0;1;1;0;0;0;0;22075;0;0;0;0;
554;221;35;-248;-304;2;1;1;0;0;1;1;0;0;0;0;22106;0;0;0;0;
554;221;34;-251;-304;2;1;1;0;0;1;1;0;0;0;0;22137;0;0;0;0;
554;221;33;-251;-305;2;1;1;0;0;1;1;0;0;0;0;22168;0;0;0;0;
554;221;33;-253;-306;2;1;1;0;0;1;1;0;0;0;0;22199;0;0;0;0;
554;221;34;-253;-306;2;1;1;0;0;1;1;0;0;0;0;22230;0;0;0;0;
554;221;35;-254;-306;2;1;1;0;0;1;1;0;0;0;0;22261;0;0;0;0;
554;221;34;-254;-307;2;1;1;0;0;1;1;0;0;0;0;22292;0;0;0;0;
554;221;31;-257;-308;2;1;1;0;0;1;1;0;0;0;0;22323;0;0;0;0;
554;221;34;-258;-309;2;1;1;0;0;1;1;0;0;0;0;22354;0;0;0;0;
554;221;35;-257;-309;2;1;1;0;0;1;1;0;0;0;0;22385;0;0;0;0;
554;221;35;-258;-309;2;1;1;0;0;1;1;0;0;0;0;22416;0;0;0;0;
554;221;34;-262;-310;2;1;1;0;0;1;1;0;0;0;0;22447;0;0;0;0;
554;221;33;-263;-313;2;1;1;0;0;1;1;0;0;0;0;22478;0;0;0;0;
