>> A 09:37:02.494 09:37:02.625
;554;221;36;-252;-323;2;1;1;0;0;1;1;0;2;0;1;0;1358;0;0;0;

>> A 09:37:33.694 09:37:33.825
;554;221;35;-252;-326;2;1;1;0;0;1;1;0;2;0;1;0;1389;0;0;0;

>> A 09:38:04.899 09:38:05.029
;554;221;34;-252;-325;2;1;1;0;0;1;1;0;2;0;1;0;1420;0;0;0;

>> A 09:38:36.102 09:38:36.245
;554;221;35;-252;-328;2;1;1;0;0;1;1;0;2;0;1;0;1451;0;0;0;

>> A 09:39:07.314 09:39:07.448
;554;221;35;-252;-329;2;1;1;0;0;1;1;0;2;0;1;0;1482;0;0;0;

>> A 09:39:38.520 09:39:38.665
;554;221;38;-252;-326;2;0;1;0;0;1;1;0;2;0;1;0;1513;0;0;0;

>> A 09:40:09.726 09:40:09.858
;554;221;35;-252;-330;2;1;1;0;0;1;1;0;2;0;1;0;1544;0;0;0;

>> A 09:40:40.928 09:40:41.069
;554;221;35;-252;-332;2;1;1;0;0;1;1;0;2;0;1;0;1575;0;0;0;

>> A 09:41:12.131 09:41:12.264
;554;221;35;-252;-332;2;1;1;0;0;1;1;0;2;0;1;0;1606;0;0;0;

>> A 09:41:43.332 09:41:43.474
;554;221;33;-252;-330;2;1;1;0;0;1;1;0;2;0;1;0;1637;0;0;0;

>> A 09:42:14.541 09:42:14.673
;554;221;35;-252;-330;2;1;1;0;0;1;1;0;2;0;1;0;1668;0;0;0;

>> A 09:42:45.744 09:42:45.884
;554;221;35;-252;-332;2;1;1;0;0;1;1;0;2;0;1;0;1699;0;0;0;

>> A 09:43:16.955 09:43:17.087
;554;221;35;-252;-330;2;1;1;0;0;1;1;0;2;0;1;0;1730;0;0;0;

>> A 09:43:48.161 09:43:48.294
;554;221;35;-252;-333;2;1;1;0;0;1;1;0;2;0;1;0;1761;0;0;0;

>> A 09:44:19.372 09:44:19.505
;554;221;38;-252;-333;2;1;1;0;0;1;1;0;2;0;1;0;1792;0;0;0;

>> A 09:44:50.571 09:44:50.714
;554;221;36;-252;-332;2;1;1;0;0;1;1;0;2;0;1;0;1823;0;0;0;

>> A 09:45:21.775 09:45:21.920
;554;221;35;-252;-335;2;1;1;0;0;1;1;0;2;0;1;0;1854;0;0;0;

>> A 09:45:52.983 09:45:53.127
;554;221;34;-252;-338;2;1;1;0;0;1;1;0;2;0;1;0;1885;0;0;0;
