579;286;61;-178;-184;2;1;1;0;0;1;1;0;0;0;0;34;0;0;0;0;
579;286;62;-176;-202;2;1;1;0;0;1;1;0;0;0;0;65;0;0;0;0;
579;286;63;-177;-215;2;1;1;0;0;1;1;0;0;0;0;96;0;0;0;0;
579;286;65;-177;-222;2;1;1;0;0;1;1;0;0;0;0;127;0;0;0;0;
579;286;64;-180;-227;2;1;1;0;0;1;1;0;0;0;0;158;0;0;0;0;
579;286;62;-182;-231;2;1;1;0;0;1;1;0;0;0;0;189;0;0;0;0;
579;286;63;-185;-235;2;1;1;0;0;1;1;0;0;0;0;220;0;0;0;0;
579;286;65;-185;-238;2;1;1;0;0;1;1;0;0;0;0;251;0;0;0;0;
579;286;65;-185;-241;2;1;1;0;0;1;1;0;0;0;0;282;0;0;0;0;
579;286;64;-189;-246;2;1;1;0;0;1;1;0;0;0;0;313;0;0;0;0;
579;286;64;-191;-250;2;1;1;0;0;1;1;0;0;0;0;344;0;0;0;0;
579;286;64;-192;-252;2;1;1;0;0;1;1;0;0;0;0;375;0;0;0;0;
579;286;65;-193;-255;2;1;1;0;0;1;1;0;0;0;0;406;0;0;0;0;
579;286;67;-195;-258;2;1;1;0;0;1;1;0;0;0;0;437;0;0;0;0;
579;286;65;-198;-262;2;1;1;0;0;1;1;0;0;0;0;468;0;0;0;0;
579;286;65;-200;-265;2;1;1;0;0;1;1;0;0;0;0;499;0;0;0;0;
579;286;65;-200;-268;2;1;1;0;0;1;1;0;0;0;0;530;0;0;0;0;
579;286;66;-202;-273;2;1;1;0;0;1;1;0;0;0;0;561;0;0;0;0;
579;286;67;-203;-276;2;1;1;0;0;1;1;0;0;0;0;592;0;0;0;0;
579;286;66;-205;-278;2;1;1;0;0;1;1;0;0;0;0;623;0;0;0;0;
579;286;65;-207;-279;2;1;1;0;0;1;1;0;0;0;0;654;0;0;0;0;
579;286;66;-208;-280;3;1;1;0;0;1;1;0;0;0;0;685;0;0;0;0;
579;286;68;-210;-279;1;1;1;0;0;1;1;0;0;0;0;716;0;0;0;0;
579;286;67;-210;-274;1;1;1;0;0;1;1;0;0;0;0;747;0;0;0;0;
579;286;66;-210;-270;1;1;1;0;0;1;1;0;0;0;0;778;0;0;0;0;
579;286;67;-211;-266;1;1;1;0;0;1;1;0;0;0;0;809;0;0;0;0;
579;286;67;-210;-262;1;1;1;0;0;1;1;0;0;0;0;840;0;0;0;0;
579;286;70;-210;-257;1;1;1;0;0;1;1;0;0;0;0;871;0;0;0;0;
579;286;66;-210;-255;1;1;1;0;0;1;1;0;0;0;0;902;0;0;0;0;
579;286;65;-210;-253;1;1;1;0;0;1;1;0;0;0;0;933;0;0;0;0;
579;286;66;-210;-252;1;1;1;0;0;1;1;0;0;0;0;964;0;0;0;0;
579;286;67;-210;-252;1;1;1;0;0;1;1;0;0;0;0;995;0;0;0;0;
579;286;67;-210;-253;1;1;1;0;0;1;1;0;0;0;0;1026;0;0;0;0;
579;286;65;-210;-253;1;1;1;0;0;1;1;0;0;0;0;1057;0;0;0;0;
579;286;62;-210;-253;1;1;1;0;0;1;1;0;0;0;0;1088;0;0;0;0;
579;286;64;-210;-254;1;1;1;0;0;1;1;0;0;0;0;1119;0;0;0;0;
579;286;64;-209;-253;1;1;1;0;0;1;1;0;0;0;0;1150;0;0;0;0;
579;286;63;-209;-251;1;1;1;0;0;1;1;0;0;0;0;1181;0;0;0;0;
579;286;62;-210;-252;1;1;1;0;0;1;1;0;0;0;0;1212;0;0;0;0;
579;286;60;-210;-253;1;1;1;0;0;1;1;0;0;0;0;1243;0;0;0;0;
579;286;60;-210;-252;1;1;1;0;0;1;1;0;0;0;0;1274;0;0;0;0;
579;286;60;-209;-252;1;1;1;0;0;1;1;0;0;0;0;1305;0;0;0;0;
579;286;59;-209;-252;1;1;1;0;0;1;1;0;0;0;0;1336;0;0;0;0;
579;286;59;-210;-253;1;1;1;0;0;1;1;0;0;0;0;1367;0;0;0;0;
579;286;56;-210;-253;1;1;1;0;0;1;1;0;0;0;0;1398;0;0;0;0;
579;286;55;-209;-253;1;1;1;0;0;1;1;0;0;0;0;1429;0;0;0;0;
579;286;55;-209;-252;1;1;1;0;0;1;1;0;0;0;0;1460;0;0;0;0;
579;286;55;-209;-252;2;1;1;0;0;1;1;0;0;0;0;1491;0;0;0;0;
579;286;54;-210;-258;2;1;1;0;0;1;1;0;0;0;0;1522;0;0;0;0;
579;286;53;-210;-264;2;1;1;0;0;1;1;0;0;0;0;1553;0;0;0;0;
579;286;54;-210;-268;2;1;1;0;0;1;1;0;0;0;0;1584;0;0;0;0;
579;286;54;-210;-270;2;1;1;0;0;1;1;0;0;0;0;1615;0;0;0;0;
579;286;53;-212;-273;2;1;1;0;0;1;1;0;0;0;0;1646;0;0;0;0;
579;286;52;-214;-276;2;1;1;0;0;1;1;0;0;0;0;1677;0;0;0;0;
579;286;52;-215;-278;2;1;1;0;0;1;1;0;0;0;0;1708;0;0;0;0;
579;286;52;-216;-279;2;1;1;0;0;1;1;0;0;0;0;1739;0;0;0;0;
579;286;54;-217;-280;2;1;1;0;0;1;1;0;0;0;0;1770;0;0;0;0;
579;286;52;-219;-282;2;1;1;0;0;1;1;0;0;0;0;1801;0;0;0;0;
579;286;51;-220;-284;2;0;0;0;0;1;1;0;0;0;0;1832;0;0;0;0;
579;286;51;-221;-278;2;0;0;0;0;1;1;0;0;0;0;1863;0;0;0;0;
579;286;53;-220;-272;2;0;0;0;0;1;1;0;0;0;0;1894;0;0;0;0;
579;286;53;-220;-266;2;0;0;0;0;1;1;0;0;0;0;1925;0;0;0;0;
579;286;52;-221;-257;2;0;0;0;0;1;1;0;0;0;0;1956;0;0;0;0;
579;286;50;-222;-247;2;0;0;0;0;1;1;0;0;0;0;1987;0;0;0;0;
579;286;51;-221;-237;2;0;0;0;0;1;1;0;0;0;0;2018;0;0;0;0;
579;286;53;-221;-229;2;0;0;0;0;1;1;0;0;0;0;2049;0;0;0;0;
579;286;53;-221;-223;2;0;0;0;0;1;1;0;0;0;0;2080;0;0;0;0;
579;286;53;-221;-220;2;0;0;0;0;1;1;0;0;0;0;2111;0;0;0;0;
579;286;51;-221;-217;2;0;0;0;0;1;1;0;0;0;0;2142;0;0;0;0;
579;286;51;-221;-214;2;0;0;0;0;1;1;0;0;0;0;2173;0;0;0;0;
579;286;52;-220;-212;2;0;0;0;0;1;1;0;0;0;0;2204;0;0;0;0;
579;286;54;-220;-210;2;0;0;0;0;1;1;0;0;0;0;2235;0;0;0;0;
579;286;51;-220;-210;2;0;0;0;0;1;1;0;0;0;0;2266;0;0;0;0;
579;286;51;-220;-211;2;0;0;0;0;1;1;0;0;0;0;2297;0;0;0;0;
579;286;51;-218;-210;2;0;0;0;0;1;1;0;0;0;0;2328;0;0;0;0;
579;286;51;-218;-210;2;0;0;0;0;1;1;0;0;0;0;2359;0;0;0;0;
579;286;52;-216;-209;2;0;0;0;0;1;1;0;0;0;0;2390;0;0;0;0;
579;286;53;-217;-210;2;0;0;0;0;1;1;0;0;0;0;2421;0;0;0;0;
579;286;51;-217;-210;2;0;0;0;0;1;1;0;0;0;0;2452;0;0;0;0;
579;286;52;-215;-209;2;0;0;0;0;1;1;0;0;0;0;2483;0;0;0;0;
579;286;53;-214;-208;2;0;0;0;0;1;1;0;0;0;0;2514;0;0;0;0;
579;286;53;-214;-208;2;0;0;0;0;1;1;0;0;0;0;2545;0;0;0;0;
579;286;51;-214;-208;2;0;0;0;0;1;1;0;0;0;0;2576;0;0;0;0;
579;286;51;-214;-208;2;0;0;0;0;1;1;0;0;0;0;2607;0;0;0;0;
579;286;53;-212;-207;2;0;0;0;0;1;1;0;0;0;0;2638;0;0;0;0;
579;286;53;-211;-206;2;0;0;0;0;1;1;0;0;0;0;2669;0;0;0;0;
579;286;55;-210;-207;2;0;0;0;0;1;1;0;0;0;0;2700;0;0;0;0;
579;286;53;-211;-207;2;0;0;0;0;1;1;0;0;0;0;2731;0;0;0;0;
579;286;52;-210;-205;2;0;0;0;0;1;1;0;0;0;0;2762;0;0;0;0;
579;286;53;-210;-205;2;0;0;0;0;1;1;0;0;0;0;2793;0;0;0;0;
579;286;55;-208;-204;2;0;0;0;0;1;1;0;0;0;0;2824;0;0;0;0;
579;286;54;-208;-204;2;0;0;0;0;1;1;0;0;0;0;2855;0;0;0;0;
579;286;52;-208;-204;2;0;0;0;0;1;1;0;0;0;0;2886;0;0;0;0;
579;286;53;-209;-203;2;0;0;0;0;1;1;0;0;0;0;2917;0;0;0;0;
579;286;55;-207;-202;2;0;0;0;0;1;1;0;0;0;0;2948;0;0;0;0;
579;286;55;-206;-201;2;0;0;0;0;1;1;0;0;0;0;2979;0;0;0;0;
579;286;54;-207;-201;2;0;0;0;0;1;1;0;0;0;0;3010;0;0;0;0;
579;286;54;-206;-202;2;0;0;0;0;1;1;0;0;0;0;3041;0;0;0;0;
579;286;54;-206;-201;2;0;0;0;0;1;1;0;0;0;0;3072;0;0;0;0;
579;286;54;-204;-200;2;0;0;0;0;1;1;0;0;0;0;3103;0;0;0;0;
579;286;56;-203;-200;2;0;0;0;0;1;1;0;0;0;0;3134;0;0;0;0;
579;286;56;-203;-200;2;0;0;0;0;1;1;0;0;0;0;3165;0;0;0;0;
579;286;54;-203;-200;2;0;0;0;0;1;1;0;0;0;0;3196;0;0;0;0;
579;286;55;-203;-200;2;0;0;0;0;1;1;0;0;0;0;3227;0;0;0;0;
579;286;55;-201;-198;2;0;0;0;0;1;1;0;0;0;0;3258;0;0;0;0;
579;286;55;-200;-197;2;0;0;0;0;1;1;0;0;0;0;3289;0;0;0;0;
579;286;55;-201;-198;2;0;0;0;0;1;1;0;0;0;0;3320;0;0;0;0;
579;286;54;-201;-198;2;0;0;0;0;1;1;0;0;0;0;3351;0;0;0;0;
579;286;55;-200;-197;2;0;0;0;0;1;1;0;0;0;0;3382;0;0;0;0;
579;286;55;-200;-196;2;0;0;0;0;1;1;0;0;0;0;3413;0;0;0;0;
579;286;57;-199;-195;2;0;0;0;0;1;1;0;0;0;0;3444;0;0;0;0;
579;286;55;-198;-195;2;0;0;0;0;1;1;0;0;0;0;3475;0;0;0;0;
579;286;55;-199;-195;2;0;0;0;0;1;1;0;0;0;0;3506;0;0;0;0;
579;286;55;-197;-194;2;0;0;0;0;1;1;0;0;0;0;3537;0;0;0;0;
579;286;57;-196;-193;2;0;0;0;0;1;1;0;0;0;0;3568;0;0;0;0;
579;286;58;-196;-193;2;0;0;0;0;1;1;0;0;0;0;3599;0;0;0;0;
579;286;55;-195;-193;2;0;0;0;0;1;1;0;0;0;0;3630;0;0;0;0;
579;286;54;-196;-192;2;0;0;0;0;1;1;0;0;0;0;3661;0;0;0;0;
579;286;59;-194;-192;2;0;0;0;0;1;1;0;0;0;0;3692;0;0;0;0;
579;286;60;-194;-191;2;0;0;0;0;1;1;0;0;0;0;3723;0;0;0;0;
579;286;58;-193;-190;2;0;0;0;0;1;1;0;0;0;0;3754;0;0;0;0;
579;286;56;-193;-191;2;0;0;0;0;1;1;0;0;0;0;3785;0;0;0;0;
579;286;57;-193;-190;2;0;0;0;0;1;1;0;0;0;0;3816;0;0;0;0;
579;286;58;-193;-190;2;0;0;0;0;1;1;0;0;0;0;3847;0;0;0;0;
579;286;58;-190;-187;2;0;0;0;0;1;1;0;0;0;0;3878;0;0;0;0;
579;286;60;-190;-189;2;0;0;0;0;1;1;0;0;0;0;3909;0;0;0;0;
579;286;56;-192;-189;2;0;0;0;0;1;1;0;0;0;0;3940;0;0;0;0;
579;286;55;-190;-188;2;0;0;0;0;1;1;0;0;0;0;3971;0;0;0;0;
579;286;59;-190;-188;2;0;0;0;0;1;1;0;0;0;0;4002;0;0;0;0;
579;286;60;-188;-186;2;0;0;0;0;1;1;0;0;0;0;4033;0;0;0;0;
579;286;60;-189;-185;2;0;0;0;0;1;1;0;0;0;0;4064;0;0;0;0;
579;286;57;-189;-186;2;0;0;0;0;1;1;0;0;0;0;4095;0;0;0;0;
579;286;58;-189;-186;2;0;0;0;0;1;1;0;0;0;0;4126;0;0;0;0;
579;286;58;-188;-185;2;0;0;0;0;1;1;0;0;0;0;4157;0;0;0;0;
579;286;61;-187;-185;2;0;0;0;0;1;1;0;0;0;0;4188;0;0;0;0;
579;286;60;-186;-184;2;1;1;0;0;1;1;0;0;0;0;4219;0;0;0;0;
579;286;58;-184;-196;2;1;1;0;0;1;1;0;0;0;0;4250;0;0;0;0;
579;286;59;-183;-215;2;1;1;0;0;1;1;0;0;0;0;4281;0;0;0;0;
579;286;62;-184;-230;2;1;1;0;0;1;1;0;0;0;0;4312;0;0;0;0;
579;286;61;-185;-233;2;1;1;0;0;1;1;0;0;0;0;4343;0;0;0;0;
579;286;60;-187;-238;2;1;1;0;0;1;1;0;0;0;0;4374;0;0;0;0;
579;286;60;-190;-242;2;1;1;0;0;1;1;0;0;0;0;4405;0;0;0;0;
579;286;60;-190;-245;2;1;1;0;0;1;1;0;0;0;0;4436;0;0;0;0;
579;286;66;-191;-250;2;1;1;0;0;1;1;0;0;0;0;4467;0;0;0;0;
579;286;61;-192;-252;2;1;1;0;0;1;1;0;0;0;0;4498;0;0;0;0;
579;286;61;-197;-256;2;1;1;0;0;1;1;0;0;0;0;4529;0;0;0;0;
579;286;59;-198;-260;2;1;1;0;0;1;1;0;0;0;0;4560;0;0;0;0;
579;286;60;-200;-265;2;1;1;0;0;1;1;0;0;0;0;4591;0;0;0;0;
579;286;62;-201;-272;2;1;1;0;0;1;1;0;0;0;0;4622;0;0;0;0;
579;286;61;-202;-274;2;1;1;0;0;1;1;0;0;0;0;4653;0;0;0;0;
579;286;63;-205;-278;2;1;1;0;0;1;1;0;0;0;0;4684;0;0;0;0;
579;286;60;-207;-280;2;1;1;0;0;1;1;0;0;0;0;4715;0;0;0;0;
579;286;61;-208;-282;2;1;1;0;0;1;1;0;0;0;0;4746;0;0;0;0;
579;286;65;-209;-282;2;1;1;0;0;1;1;0;0;0;0;4777;0;0;0;0;
579;286;62;-210;-283;2;1;1;0;0;1;1;0;0;0;0;4808;0;0;0;0;
579;286;62;-212;-283;2;1;1;0;0;1;1;0;0;0;0;4839;0;0;0;0;
579;286;62;-214;-285;2;1;1;0;0;1;1;0;0;0;0;4870;0;0;0;0;
579;286;63;-214;-285;2;1;1;0;0;1;1;0;0;0;0;4901;0;0;0;0;
579;286;65;-215;-285;2;1;1;0;0;1;1;0;0;0;0;4932;0;0;0;0;
579;286;63;-217;-286;2;1;1;0;0;1;1;0;0;0;0;4963;0;0;0;0;
579;286;61;-219;-287;2;1;1;0;0;1;1;0;0;0;0;4994;0;0;0;0;
579;286;62;-220;-284;2;0;0;0;0;1;1;0;0;0;0;5025;0;0;0;0;
579;286;63;-219;-276;2;0;0;0;0;1;1;0;0;0;0;5056;0;0;0;0;
579;286;65;-219;-269;2;0;0;0;0;1;1;0;0;0;0;5087;0;0;0;0;
579;286;64;-220;-262;2;0;0;0;0;1;1;0;0;0;0;5118;0;0;0;0;
579;286;63;-221;-252;2;0;0;0;0;1;1;0;0;0;0;5149;0;0;0;0;
579;286;64;-221;-243;2;0;0;0;0;1;1;0;0;0;0;5180;0;0;0;0;
579;286;65;-221;-234;2;0;0;0;0;1;1;0;0;0;0;5211;0;0;0;0;
579;286;65;-220;-227;2;0;0;0;0;1;1;0;0;0;0;5242;0;0;0;0;
579;286;65;-220;-223;2;0;0;0;0;1;1;0;0;0;0;5273;0;0;0;0;
579;286;63;-221;-220;2;0;0;0;0;1;1;0;0;0;0;5304;0;0;0;0;
579;286;64;-220;-216;2;0;0;0;0;1;1;0;0;0;0;5335;0;0;0;0;
579;286;65;-220;-214;2;0;0;0;0;1;1;0;0;0;0;5366;0;0;0;0;
579;286;66;-219;-212;2;0;0;0;0;1;1;0;0;0;0;5397;0;0;0;0;
579;286;65;-219;-212;2;0;0;0;0;1;1;0;0;0;0;5428;0;0;0;0;
579;286;64;-219;-212;2;0;0;0;0;1;1;0;0;0;0;5459;0;0;0;0;
579;286;64;-218;-211;2;0;0;0;0;1;1;0;0;0;0;5490;0;0;0;0;
579;286;67;-217;-210;2;0;0;0;0;1;1;0;0;0;0;5521;0;0;0;0;
579;286;67;-216;-210;2;0;0;0;0;1;1;0;0;0;0;5552;0;0;0;0;
579;286;66;-216;-210;2;0;0;0;0;1;1;0;0;0;0;5583;0;0;0;0;
579;286;65;-216;-210;2;0;0;0;0;1;1;0;0;0;0;5614;0;0;0;0;
579;286;67;-215;-210;2;0;0;0;0;1;1;0;0;0;0;5645;0;0;0;0;
579;286;69;-213;-209;2;0;0;0;0;1;1;0;0;0;0;5676;0;0;0;0;
579;286;67;-213;-209;2;0;0;0;0;1;1;0;0;0;0;5707;0;0;0;0;
579;286;66;-214;-209;2;0;0;0;0;1;1;0;0;0;0;5738;0;0;0;0;
579;286;65;-213;-209;2;0;0;0;0;1;1;0;0;0;0;5769;0;0;0;0;
579;286;66;-212;-208;2;0;0;0;0;1;1;0;0;0;0;5800;0;0;0;0;
579;286;69;-211;-208;2;0;0;0;0;1;1;0;0;0;0;5831;0;0;0;0;
579;286;67;-210;-207;2;0;0;0;0;1;1;0;0;0;0;5862;0;0;0;0;
579;286;67;-211;-208;2;0;0;0;0;1;1;0;0;0;0;5893;0;0;0;0;
579;286;67;-210;-207;2;0;0;0;0;1;1;0;0;0;0;5924;0;0;0;0;
579;286;68;-210;-206;2;0;0;0;0;1;1;0;0;0;0;5955;0;0;0;0;
579;286;68;-209;-204;2;0;0;0;0;1;1;0;0;0;0;5986;0;0;0;0;
579;286;70;-209;-205;2;0;0;0;0;1;1;0;0;0;0;6017;0;0;0;0;
579;286;67;-208;-206;2;0;0;0;0;1;1;0;0;0;0;6048;0;0;0;0;
579;286;67;-207;-205;2;0;0;0;0;1;1;0;0;0;0;6079;0;0;0;0;
579;286;69;-207;-204;2;0;0;0;0;1;1;0;0;0;0;6110;0;0;0;0;
579;286;71;-205;-203;2;0;0;0;0;1;1;0;0;0;0;6141;0;0;0;0;
579;286;70;-205;-203;2;0;0;0;0;1;1;0;0;0;0;6172;0;0;0;0;
579;286;68;-205;-202;2;0;0;0;0;1;1;0;0;0;0;6203;0;0;0;0;
579;286;69;-205;-202;2;0;0;0;0;1;1;0;0;0;0;6234;0;0;0;0;
579;286;69;-204;-201;2;0;0;0;0;1;1;0;0;0;0;6265;0;0;0;0;
579;286;74;-203;-201;2;0;0;0;0;1;1;0;0;0;0;6296;0;0;0;0;
579;286;70;-203;-200;2;0;0;0;0;1;1;0;0;0;0;6327;0;0;0;0;
579;286;69;-203;-200;2;0;0;0;0;1;1;0;0;0;0;6358;0;0;0;0;
579;286;70;-202;-200;2;0;0;0;0;1;1;0;0;0;0;6389;0;0;0;0;
579;286;70;-200;-200;2;0;0;0;0;1;1;0;0;0;0;6420;0;0;0;0;
579;286;70;-200;-199;2;0;0;0;0;1;1;0;0;0;0;6451;0;0;0;0;
579;286;70;-200;-198;2;0;0;0;0;1;1;0;0;0;0;6482;0;0;0;0;
579;286;69;-200;-199;2;0;0;0;0;1;1;0;0;0;0;6513;0;0;0;0;
579;286;70;-200;-199;2;0;0;0;0;1;1;0;0;0;0;6544;0;0;0;0;
579;286;75;-198;-198;2;0;0;0;0;1;1;0;0;0;0;6575;0;0;0;0;
579;286;71;-198;-195;2;0;0;0;0;1;1;0;0;0;0;6606;0;0;0;0;
579;286;75;-197;-197;2;0;0;0;0;1;1;0;0;0;0;6637;0;0;0;0;
579;286;70;-198;-197;2;0;0;0;0;1;1;0;0;0;0;6668;0;0;0;0;
579;286;72;-198;-196;2;0;0;0;0;1;1;0;0;0;0;6699;0;0;0;0;
579;286;72;-196;-195;2;0;0;0;0;1;1;0;0;0;0;6730;0;0;0;0;
579;286;72;-195;-193;2;0;0;0;0;1;1;0;0;0;0;6761;0;0;0;0;
579;286;71;-195;-195;2;0;0;0;0;1;1;0;0;0;0;6792;0;0;0;0;
579;286;70;-195;-194;2;0;0;0;0;1;1;0;0;0;0;6823;0;0;0;0;
579;286;74;-194;-193;2;0;0;0;0;1;1;0;0;0;0;6854;0;0;0;0;
579;286;75;-193;-191;2;0;0;0;0;1;1;0;0;0;0;6885;0;0;0;0;
579;286;72;-193;-190;2;0;0;0;0;1;1;0;0;0;0;6916;0;0;0;0;
579;286;72;-193;-192;2;0;0;0;0;1;1;0;0;0;0;6947;0;0;0;0;
579;286;73;-193;-192;2;0;0;0;0;1;1;0;0;0;0;6978;0;0;0;0;
579;286;73;-192;-190;2;0;0;0;0;1;1;0;0;0;0;7009;0;0;0;0;
579;286;74;-191;-189;2;0;0;0;0;1;1;0;0;0;0;7040;0;0;0;0;
579;286;78;-190;-190;2;0;0;0;0;1;1;0;0;0;0;7071;0;0;0;0;
579;286;72;-191;-189;2;0;0;0;0;1;1;0;0;0;0;7102;0;0;0;0;
579;286;72;-190;-189;2;0;0;0;0;1;1;0;0;0;0;7133;0;0;0;0;
579;286;78;-188;-188;2;0;0;0;0;1;1;0;0;0;0;7164;0;0;0;0;
579;286;76;-188;-186;2;0;0;0;0;1;1;0;0;0;0;7195;0;0;0;0;
579;286;75;-189;-186;2;0;0;0;0;1;1;0;0;0;0;7226;0;0;0;0;
579;286;74;-189;-188;2;0;0;0;0;1;1;0;0;0;0;7257;0;0;0;0;
579;286;73;-189;-188;2;0;0;0;0;1;1;0;0;0;0;7288;0;0;0;0;
579;286;75;-187;-185;2;0;0;0;0;1;1;0;0;0;0;7319;0;0;0;0;
579;286;76;-185;-185;1;1;1;0;0;1;1;0;0;0;0;7350;0;0;0;0;
579;286;77;-184;-197;1;1;1;0;0;1;1;0;0;0;0;7381;0;0;0;0;
579;286;73;-184;-212;1;1;1;0;0;1;1;0;0;0;0;7412;0;0;0;0;
579;286;75;-184;-216;1;1;1;0;0;1;1;0;0;0;0;7443;0;0;0;0;
579;286;76;-182;-216;1;1;1;0;0;1;1;0;0;0;0;7474;0;0;0;0;
579;286;76;-184;-215;1;1;1;0;0;1;1;0;0;0;0;7505;0;0;0;0;
579;286;75;-185;-214;1;1;1;0;0;1;1;0;0;0;0;7536;0;0;0;0;
579;286;74;-185;-215;1;1;1;0;0;1;1;0;0;0;0;7567;0;0;0;0;
579;286;75;-186;-218;1;1;1;0;0;1;1;0;0;0;0;7598;0;0;0;0;
579;286;77;-185;-219;1;1;1;0;0;1;1;0;0;0;0;7629;0;0;0;0;
579;286;76;-186;-220;1;1;1;0;0;1;1;0;0;0;0;7660;0;0;0;0;
579;286;75;-186;-220;1;1;1;0;0;1;1;0;0;0;0;7691;0;0;0;0;
579;286;72;-187;-221;1;1;1;0;0;1;1;0;0;0;0;7722;0;0;0;0;
579;286;73;-188;-223;1;1;1;0;0;1;1;0;0;0;0;7753;0;0;0;0;
579;286;76;-187;-224;1;1;1;0;0;1;1;0;0;0;0;7784;0;0;0;0;
579;286;73;-188;-225;1;1;1;0;0;1;1;0;0;0;0;7815;0;0;0;0;
579;286;72;-190;-226;1;1;1;0;0;1;1;0;0;0;0;7846;0;0;0;0;
579;286;72;-190;-228;1;1;1;0;0;1;1;0;0;0;0;7877;0;0;0;0;
579;286;71;-190;-228;1;1;1;0;0;1;1;0;0;0;0;7908;0;0;0;0;
579;286;73;-189;-227;1;1;1;0;0;1;1;0;0;0;0;7939;0;0;0;0;
579;286;72;-190;-228;1;1;1;0;0;1;1;0;0;0;0;7970;0;0;0;0;
579;286;70;-191;-229;1;1;1;0;0;1;1;0;0;0;0;8001;0;0;0;0;
579;286;69;-191;-229;1;1;1;0;0;1;1;0;0;0;0;8032;0;0;0;0;
579;286;70;-191;-229;1;1;1;0;0;1;1;0;0;0;0;8063;0;0;0;0;
579;286;69;-191;-229;1;1;1;0;0;1;1;0;0;0;0;8094;0;0;0;0;
579;286;69;-191;-230;1;1;1;0;0;1;1;0;0;0;0;8125;0;0;0;0;
579;286;67;-192;-231;1;1;1;0;0;1;1;0;0;0;0;8156;0;0;0;0;
579;286;65;-192;-232;1;1;1;0;0;1;1;0;0;0;0;8187;0;0;0;0;
579;286;65;-192;-232;1;1;1;0;0;1;1;0;0;0;0;8218;0;0;0;0;
579;286;66;-192;-232;1;1;1;0;0;1;1;0;0;0;0;8249;0;0;0;0;
579;286;64;-193;-234;1;1;1;0;0;1;1;0;0;0;0;8280;0;0;0;0;
579;286;63;-193;-235;1;1;1;0;0;1;1;0;0;0;0;8311;0;0;0;0;
579;286;61;-194;-235;1;1;1;0;0;1;1;0;0;0;0;8342;0;0;0;0;
579;286;62;-193;-235;1;1;1;0;0;1;1;0;0;0;0;8373;0;0;0;0;
579;286;62;-194;-235;1;1;1;0;0;1;1;0;0;0;0;8404;0;0;0;0;
579;286;60;-194;-235;1;1;1;0;0;1;1;0;0;0;0;8435;0;0;0;0;
579;286;58;-196;-238;1;1;1;0;0;1;1;0;0;0;0;8466;0;0;0;0;
579;286;58;-195;-237;1;1;1;0;0;1;1;0;0;0;0;8497;0;0;0;0;
579;286;58;-195;-238;1;1;1;0;0;1;1;0;0;0;0;8528;0;0;0;0;
579;286;58;-195;-239;1;1;1;0;0;1;1;0;0;0;0;8559;0;0;0;0;
579;286;55;-195;-240;4;1;1;0;0;1;1;0;0;0;0;8590;0;0;0;0;
579;286;54;-197;-243;2;1;1;0;0;1;1;0;0;0;0;8621;0;0;0;0;
579;286;55;-197;-249;2;1;1;0;0;1;1;0;0;0;0;8652;0;0;0;0;
579;286;55;-197;-254;2;1;1;0;0;1;1;0;0;0;0;8683;0;0;0;0;
579;286;55;-198;-257;2;1;1;0;0;1;1;0;0;0;0;8714;0;0;0;0;
579;286;53;-200;-263;2;1;1;0;0;1;1;0;0;0;0;8745;0;0;0;0;
579;286;52;-201;-265;2;1;1;0;0;1;1;0;0;0;0;8776;0;0;0;0;
579;286;53;-202;-268;2;1;1;0;0;1;1;0;0;0;0;8807;0;0;0;0;
579;286;54;-203;-269;2;1;1;0;0;1;1;0;0;0;0;8838;0;0;0;0;
579;286;54;-204;-270;2;1;1;0;0;1;1;0;0;0;0;8869;0;0;0;0;
579;286;52;-206;-273;2;1;1;0;0;1;1;0;0;0;0;8900;0;0;0;0;
579;286;51;-209;-275;2;1;1;0;0;1;1;0;0;0;0;8931;0;0;0;0;
579;286;51;-209;-276;2;1;1;0;0;1;1;0;0;0;0;8962;0;0;0;0;
579;286;53;-210;-277;2;1;1;0;0;1;1;0;0;0;0;8993;0;0;0;0;
579;286;53;-210;-278;2;1;1;0;0;1;1;0;0;0;0;9024;0;0;0;0;
579;286;51;-213;-280;2;1;1;0;0;1;1;0;0;0;0;9055;0;0;0;0;
579;286;52;-214;-280;2;1;1;0;0;1;1;0;0;0;0;9086;0;0;0;0;
579;286;51;-215;-282;2;1;1;0;0;1;1;0;0;0;0;9117;0;0;0;0;
579;286;52;-216;-282;2;1;1;0;0;1;1;0;0;0;0;9148;0;0;0;0;
579;286;52;-217;-283;2;1;1;0;0;1;1;0;0;0;0;9179;0;0;0;0;
579;286;50;-220;-284;2;0;0;0;0;1;1;0;0;0;0;9210;0;0;0;0;
579;286;50;-220;-279;2;0;0;0;0;1;1;0;0;0;0;9241;0;0;0;0;
579;286;51;-220;-273;2;0;0;0;0;1;1;0;0;0;0;9272;0;0;0;0;
579;286;51;-219;-267;2;0;0;0;0;1;1;0;0;0;0;9303;0;0;0;0;
579;286;50;-221;-263;2;0;0;0;0;1;1;0;0;0;0;9334;0;0;0;0;
579;286;50;-221;-252;2;0;0;0;0;1;1;0;0;0;0;9365;0;0;0;0;
579;286;50;-221;-241;2;0;0;0;0;1;1;0;0;0;0;9396;0;0;0;0;
579;286;50;-221;-233;2;0;0;0;0;1;1;0;0;0;0;9427;0;0;0;0;
579;286;53;-221;-226;2;0;0;0;0;1;1;0;0;0;0;9458;0;0;0;0;
579;286;51;-220;-222;2;0;0;0;0;1;1;0;0;0;0;9489;0;0;0;0;
579;286;50;-221;-218;2;0;0;0;0;1;1;0;0;0;0;9520;0;0;0;0;
579;286;51;-220;-215;2;0;0;0;0;1;1;0;0;0;0;9551;0;0;0;0;
579;286;51;-219;-213;2;0;0;0;0;1;1;0;0;0;0;9582;0;0;0;0;
579;286;52;-218;-211;2;0;0;0;0;1;1;0;0;0;0;9613;0;0;0;0;
579;286;50;-220;-210;2;0;0;0;0;1;1;0;0;0;0;9644;0;0;0;0;
579;286;50;-218;-210;2;0;0;0;0;1;1;0;0;0;0;9675;0;0;0;0;
579;286;50;-217;-210;2;0;0;0;0;1;1;0;0;0;0;9706;0;0;0;0;
579;286;51;-216;-210;2;0;0;0;0;1;1;0;0;0;0;9737;0;0;0;0;
579;286;51;-217;-208;2;0;0;0;0;1;1;0;0;0;0;9768;0;0;0;0;
579;286;50;-216;-210;2;0;0;0;0;1;1;0;0;0;0;9799;0;0;0;0;
579;286;51;-216;-210;2;0;0;0;0;1;1;0;0;0;0;9830;0;0;0;0;
579;286;54;-214;-210;2;0;0;0;0;1;1;0;0;0;0;9861;0;0;0;0;
579;286;53;-214;-208;2;0;0;0;0;1;1;0;0;0;0;9892;0;0;0;0;
579;286;51;-213;-208;2;0;0;0;0;1;1;0;0;0;0;9923;0;0;0;0;
579;286;51;-213;-208;2;0;0;0;0;1;1;0;0;0;0;9954;0;0;0;0;
579;286;51;-213;-208;2;0;0;0;0;1;1;0;0;0;0;9985;0;0;0;0;
579;286;53;-212;-207;2;0;0;0;0;1;1;0;0;0;0;10016;0;0;0;0;
579;286;54;-211;-206;2;0;0;0;0;1;1;0;0;0;0;10047;0;0;0;0;
579;286;51;-210;-207;2;0;0;0;0;1;1;0;0;0;0;10078;0;0;0;0;
579;286;51;-210;-206;2;0;0;0;0;1;1;0;0;0;0;10109;0;0;0;0;
579;286;51;-210;-206;2;0;0;0;0;1;1;0;0;0;0;10140;0;0;0;0;
579;286;52;-210;-205;2;0;0;0;0;1;1;0;0;0;0;10171;0;0;0;0;
579;286;53;-208;-203;2;0;0;0;0;1;1;0;0;0;0;10202;0;0;0;0;
579;286;53;-208;-205;2;0;0;0;0;1;1;0;0;0;0;10233;0;0;0;0;
579;286;51;-208;-205;2;0;0;0;0;1;1;0;0;0;0;10264;0;0;0;0;
579;286;50;-208;-204;2;0;0;0;0;1;1;0;0;0;0;10295;0;0;0;0;
579;286;53;-207;-203;2;0;0;0;0;1;1;0;0;0;0;10326;0;0;0;0;
579;286;55;-206;-202;2;0;0;0;0;1;1;0;0;0;0;10357;0;0;0;0;
579;286;52;-205;-202;2;0;0;0;0;1;1;0;0;0;0;10388;0;0;0;0;
579;286;52;-206;-203;2;0;0;0;0;1;1;0;0;0;0;10419;0;0;0;0;
579;286;52;-205;-202;2;0;0;0;0;1;1;0;0;0;0;10450;0;0;0;0;
579;286;53;-204;-200;2;0;0;0;0;1;1;0;0;0;0;10481;0;0;0;0;
579;286;54;-203;-200;2;0;0;0;0;1;1;0;0;0;0;10512;0;0;0;0;
579;286;53;-202;-200;2;0;0;0;0;1;1;0;0;0;0;10543;0;0;0;0;
579;286;53;-203;-200;2;0;0;0;0;1;1;0;0;0;0;10574;0;0;0;0;
579;286;53;-202;-200;2;0;0;0;0;1;1;0;0;0;0;10605;0;0;0;0;
579;286;54;-201;-199;2;0;0;0;0;1;1;0;0;0;0;10636;0;0;0;0;
579;286;56;-200;-197;2;0;0;0;0;1;1;0;0;0;0;10667;0;0;0;0;
579;286;53;-200;-198;2;0;0;0;0;1;1;0;0;0;0;10698;0;0;0;0;
579;286;53;-200;-198;2;0;0;0;0;1;1;0;0;0;0;10729;0;0;0;0;
579;286;55;-200;-197;2;0;0;0;0;1;1;0;0;0;0;10760;0;0;0;0;
579;286;56;-199;-196;2;0;0;0;0;1;1;0;0;0;0;10791;0;0;0;0;
579;286;55;-198;-196;2;0;0;0;0;1;1;0;0;0;0;10822;0;0;0;0;
579;286;55;-197;-195;2;0;0;0;0;1;1;0;0;0;0;10853;0;0;0;0;
579;286;53;-198;-195;2;0;0;0;0;1;1;0;0;0;0;10884;0;0;0;0;
579;286;55;-196;-195;2;0;0;0;0;1;1;0;0;0;0;10915;0;0;0;0;
579;286;58;-195;-193;2;0;0;0;0;1;1;0;0;0;0;10946;0;0;0;0;
579;286;55;-194;-193;2;0;0;0;0;1;1;0;0;0;0;10977;0;0;0;0;
579;286;55;-196;-193;2;0;0;0;0;1;1;0;0;0;0;11008;0;0;0;0;
579;286;55;-195;-193;2;0;0;0;0;1;1;0;0;0;0;11039;0;0;0;0;
579;286;55;-194;-191;2;0;0;0;0;1;1;0;0;0;0;11070;0;0;0;0;
579;286;55;-191;-190;2;0;0;0;0;1;1;0;0;0;0;11101;0;0;0;0;
579;286;60;-193;-190;2;0;0;0;0;1;1;0;0;0;0;11132;0;0;0;0;
579;286;55;-193;-190;2;0;0;0;0;1;1;0;0;0;0;11163;0;0;0;0;
579;286;55;-192;-190;2;0;0;0;0;1;1;0;0;0;0;11194;0;0;0;0;
579;286;55;-192;-190;2;0;0;0;0;1;1;0;0;0;0;11225;0;0;0;0;
579;286;60;-190;-189;2;0;0;0;0;1;1;0;0;0;0;11256;0;0;0;0;
579;286;60;-190;-189;2;0;0;0;0;1;1;0;0;0;0;11287;0;0;0;0;
579;286;55;-190;-189;2;0;0;0;0;1;1;0;0;0;0;11318;0;0;0;0;
579;286;55;-190;-189;2;0;0;0;0;1;1;0;0;0;0;11349;0;0;0;0;
579;286;59;-189;-188;2;0;0;0;0;1;1;0;0;0;0;11380;0;0;0;0;
579;286;59;-189;-186;2;0;0;0;0;1;1;0;0;0;0;11411;0;0;0;0;
579;286;57;-188;-186;2;0;0;0;0;1;1;0;0;0;0;11442;0;0;0;0;
579;286;56;-189;-188;2;0;0;0;0;1;1;0;0;0;0;11473;0;0;0;0;
579;286;57;-188;-186;2;0;0;0;0;1;1;0;0;0;0;11504;0;0;0;0;
579;286;60;-187;-185;2;0;0;0;0;1;1;0;0;0;0;11535;0;0;0;0;
579;286;62;-185;-187;2;1;1;0;0;1;1;0;0;0;0;11566;0;0;0;0;
579;286;58;-183;-203;2;1;1;0;0;1;1;0;0;0;0;11597;0;0;0;0;
579;286;57;-184;-221;2;1;1;0;0;1;1;0;0;0;0;11628;0;0;0;0;
579;286;58;-184;-230;2;1;1;0;0;1;1;0;0;0;0;11659;0;0;0;0;
579;286;60;-185;-233;2;1;1;0;0;1;1;0;0;0;0;11690;0;0;0;0;
579;286;60;-186;-237;2;1;1;0;0;1;1;0;0;0;0;11721;0;0;0;0;
579;286;59;-189;-241;2;1;1;0;0;1;1;0;0;0;0;11752;0;0;0;0;
579;286;57;-191;-245;2;1;1;0;0;1;1;0;0;0;0;11783;0;0;0;0;
579;286;59;-192;-248;2;1;1;0;0;1;1;0;0;0;0;11814;0;0;0;0;
579;286;60;-194;-252;2;1;1;0;0;1;1;0;0;0;0;11845;0;0;0;0;
579;286;61;-195;-254;2;1;1;0;0;1;1;0;0;0;0;11876;0;0;0;0;
579;286;60;-197;-258;2;1;1;0;0;1;1;0;0;0;0;11907;0;0;0;0;
579;286;60;-200;-264;2;1;1;0;0;1;1;0;0;0;0;11938;0;0;0;0;
579;286;61;-200;-267;2;1;1;0;0;1;1;0;0;0;0;11969;0;0;0;0;
579;286;60;-201;-270;2;1;1;0;0;1;1;0;0;0;0;12000;0;0;0;0;
579;286;60;-202;-275;2;1;1;0;0;1;1;0;0;0;0;12031;0;0;0;0;
579;286;60;-205;-278;2;1;1;0;0;1;1;0;0;0;0;12062;0;0;0;0;
579;286;60;-207;-282;2;1;1;0;0;1;1;0;0;0;0;12093;0;0;0;0;
579;286;60;-209;-282;2;1;1;0;0;1;1;0;0;0;0;12124;0;0;0;0;
579;286;61;-210;-282;2;1;1;0;0;1;1;0;0;0;0;12155;0;0;0;0;
579;286;61;-210;-283;2;1;1;0;0;1;1;0;0;0;0;12186;0;0;0;0;
579;286;61;-212;-285;2;1;1;0;0;1;1;0;0;0;0;12217;0;0;0;0;
579;286;61;-214;-285;2;1;1;0;0;1;1;0;0;0;0;12248;0;0;0;0;
579;286;62;-215;-286;2;1;1;0;0;1;1;0;0;0;0;12279;0;0;0;0;
579;286;63;-215;-285;2;1;1;0;0;1;1;0;0;0;0;12310;0;0;0;0;
579;286;63;-217;-286;2;1;1;0;0;1;1;0;0;0;0;12341;0;0;0;0;
579;286;60;-220;-288;2;0;0;0;0;1;1;0;0;0;0;12372;0;0;0;0;
579;286;60;-220;-284;2;0;0;0;0;1;1;0;0;0;0;12403;0;0;0;0;
579;286;62;-220;-276;2;0;0;0;0;1;1;0;0;0;0;12434;0;0;0;0;
579;286;63;-220;-268;2;0;0;0;0;1;1;0;0;0;0;12465;0;0;0;0;
579;286;62;-220;-262;2;0;0;0;0;1;1;0;0;0;0;12496;0;0;0;0;
579;286;61;-221;-251;2;0;0;0;0;1;1;0;0;0;0;12527;0;0;0;0;
579;286;62;-221;-242;2;0;0;0;0;1;1;0;0;0;0;12558;0;0;0;0;
579;286;63;-222;-234;2;0;0;0;0;1;1;0;0;0;0;12589;0;0;0;0;
579;286;65;-219;-227;2;0;0;0;0;1;1;0;0;0;0;12620;0;0;0;0;
579;286;63;-220;-223;2;0;0;0;0;1;1;0;0;0;0;12651;0;0;0;0;
579;286;63;-220;-219;2;0;0;0;0;1;1;0;0;0;0;12682;0;0;0;0;
579;286;63;-220;-216;2;0;0;0;0;1;1;0;0;0;0;12713;0;0;0;0;
579;286;66;-219;-214;2;0;0;0;0;1;1;0;0;0;0;12744;0;0;0;0;
579;286;66;-219;-212;2;0;0;0;0;1;1;0;0;0;0;12775;0;0;0;0;
579;286;67;-218;-212;2;0;0;0;0;1;1;0;0;0;0;12806;0;0;0;0;
579;286;63;-219;-213;2;0;0;0;0;1;1;0;0;0;0;12837;0;0;0;0;
579;286;65;-218;-212;2;0;0;0;0;1;1;0;0;0;0;12868;0;0;0;0;
579;286;65;-217;-210;2;0;0;0;0;1;1;0;0;0;0;12899;0;0;0;0;
579;286;70;-215;-210;2;0;0;0;0;1;1;0;0;0;0;12930;0;0;0;0;
579;286;65;-216;-211;2;0;0;0;0;1;1;0;0;0;0;12961;0;0;0;0;
579;286;64;-216;-211;2;0;0;0;0;1;1;0;0;0;0;12992;0;0;0;0;
579;286;65;-215;-210;2;0;0;0;0;1;1;0;0;0;0;13023;0;0;0;0;
579;286;65;-214;-210;2;0;0;0;0;1;1;0;0;0;0;13054;0;0;0;0;
579;286;67;-213;-209;2;0;0;0;0;1;1;0;0;0;0;13085;0;0;0;0;
579;286;65;-213;-210;2;0;0;0;0;1;1;0;0;0;0;13116;0;0;0;0;
579;286;65;-213;-210;2;0;0;0;0;1;1;0;0;0;0;13147;0;0;0;0;
579;286;65;-212;-209;2;0;0;0;0;1;1;0;0;0;0;13178;0;0;0;0;
579;286;66;-210;-208;2;0;0;0;0;1;1;0;0;0;0;13209;0;0;0;0;
579;286;67;-210;-207;2;0;0;0;0;1;1;0;0;0;0;13240;0;0;0;0;
579;286;65;-211;-209;2;0;0;0;0;1;1;0;0;0;0;13271;0;0;0;0;
579;286;65;-210;-209;2;0;0;0;0;1;1;0;0;0;0;13302;0;0;0;0;
579;286;68;-210;-207;2;0;0;0;0;1;1;0;0;0;0;13333;0;0;0;0;
579;286;70;-208;-206;2;0;0;0;0;1;1;0;0;0;0;13364;0;0;0;0;
579;286;67;-209;-205;2;0;0;0;0;1;1;0;0;0;0;13395;0;0;0;0;
579;286;65;-208;-206;2;0;0;0;0;1;1;0;0;0;0;13426;0;0;0;0;
579;286;65;-207;-205;2;0;0;0;0;1;1;0;0;0;0;13457;0;0;0;0;
579;286;70;-206;-204;2;0;0;0;0;1;1;0;0;0;0;13488;0;0;0;0;
579;286;68;-205;-203;2;0;0;0;0;1;1;0;0;0;0;13519;0;0;0;0;
579;286;69;-205;-203;2;0;0;0;0;1;1;0;0;0;0;13550;0;0;0;0;
579;286;65;-206;-204;2;0;0;0;0;1;1;0;0;0;0;13581;0;0;0;0;
579;286;67;-205;-203;2;0;0;0;0;1;1;0;0;0;0;13612;0;0;0;0;
579;286;67;-203;-202;2;0;0;0;0;1;1;0;0;0;0;13643;0;0;0;0;
579;286;69;-203;-200;2;0;0;0;0;1;1;0;0;0;0;13674;0;0;0;0;
579;286;70;-202;-201;2;0;0;0;0;1;1;0;0;0;0;13705;0;0;0;0;
579;286;67;-203;-201;2;0;0;0;0;1;1;0;0;0;0;13736;0;0;0;0;
579;286;69;-202;-200;2;0;0;0;0;1;1;0;0;0;0;13767;0;0;0;0;
579;286;69;-200;-200;2;0;0;0;0;1;1;0;0;0;0;13798;0;0;0;0;
579;286;69;-200;-199;2;0;0;0;0;1;1;0;0;0;0;13829;0;0;0;0;
579;286;70;-200;-200;2;0;0;0;0;1;1;0;0;0;0;13860;0;0;0;0;
579;286;66;-200;-200;2;0;0;0;0;1;1;0;0;0;0;13891;0;0;0;0;
579;286;70;-200;-199;2;0;0;0;0;1;1;0;0;0;0;13922;0;0;0;0;
579;286;70;-199;-198;2;0;0;0;0;1;1;0;0;0;0;13953;0;0;0;0;
579;286;72;-197;-198;2;0;0;0;0;1;1;0;0;0;0;13984;0;0;0;0;
579;286;71;-198;-198;2;0;0;0;0;1;1;0;0;0;0;14015;0;0;0;0;
579;286;68;-198;-197;2;0;0;0;0;1;1;0;0;0;0;14046;0;0;0;0;
579;286;70;-197;-196;2;0;0;0;0;1;1;0;0;0;0;14077;0;0;0;0;
579;286;75;-196;-195;2;0;0;0;0;1;1;0;0;0;0;14108;0;0;0;0;
579;286;71;-195;-194;2;0;0;0;0;1;1;0;0;0;0;14139;0;0;0;0;
579;286;70;-196;-194;2;0;0;0;0;1;1;0;0;0;0;14170;0;0;0;0;
579;286;70;-196;-194;2;0;0;0;0;1;1;0;0;0;0;14201;0;0;0;0;
579;286;70;-194;-193;2;0;0;0;0;1;1;0;0;0;0;14232;0;0;0;0;
579;286;72;-193;-192;2;0;0;0;0;1;1;0;0;0;0;14263;0;0;0;0;
579;286;74;-193;-192;2;0;0;0;0;1;1;0;0;0;0;14294;0;0;0;0;
579;286;70;-193;-192;2;0;0;0;0;1;1;0;0;0;0;14325;0;0;0;0;
579;286;70;-193;-192;2;0;0;0;0;1;1;0;0;0;0;14356;0;0;0;0;
579;286;72;-192;-191;2;0;0;0;0;1;1;0;0;0;0;14387;0;0;0;0;
579;286;74;-190;-190;2;0;0;0;0;1;1;0;0;0;0;14418;0;0;0;0;
579;286;73;-191;-190;2;0;0;0;0;1;1;0;0;0;0;14449;0;0;0;0;
579;286;71;-191;-190;2;0;0;0;0;1;1;0;0;0;0;14480;0;0;0;0;
579;286;71;-191;-190;2;0;0;0;0;1;1;0;0;0;0;14511;0;0;0;0;
579;286;73;-190;-189;2;0;0;0;0;1;1;0;0;0;0;14542;0;0;0;0;
579;286;74;-189;-188;2;0;0;0;0;1;1;0;0;0;0;14573;0;0;0;0;
579;286;74;-188;-187;2;0;0;0;0;1;1;0;0;0;0;14604;0;0;0;0;
579;286;70;-188;-188;2;0;0;0;0;1;1;0;0;0;0;14635;0;0;0;0;
579;286;73;-188;-188;2;0;0;0;0;1;1;0;0;0;0;14666;0;0;0;0;
579;286;75;-187;-186;2;0;0;0;0;1;1;0;0;0;0;14697;0;0;0;0;
579;286;75;-187;-185;2;0;0;0;0;1;1;0;0;0;0;14728;0;0;0;0;
579;286;75;-185;-186;1;1;1;0;0;1;1;0;0;0;0;14759;0;0;0;0;
579;286;73;-184;-198;1;1;1;0;0;1;1;0;0;0;0;14790;0;0;0;0;
579;286;74;-183;-211;1;1;1;0;0;1;1;0;0;0;0;14821;0;0;0;0;
579;286;75;-183;-215;1;1;1;0;0;1;1;0;0;0;0;14852;0;0;0;0;
579;286;75;-183;-215;1;1;1;0;0;1;1;0;0;0;0;14883;0;0;0;0;
579;286;74;-185;-214;1;1;1;0;0;1;1;0;0;0;0;14914;0;0;0;0;
579;286;74;-185;-215;1;1;1;0;0;1;1;0;0;0;0;14945;0;0;0;0;
579;286;73;-185;-216;1;1;1;0;0;1;1;0;0;0;0;14976;0;0;0;0;
579;286;75;-185;-217;1;1;1;0;0;1;1;0;0;0;0;15007;0;0;0;0;
579;286;74;-185;-219;1;1;1;0;0;1;1;0;0;0;0;15038;0;0;0;0;
579;286;74;-186;-220;1;1;1;0;0;1;1;0;0;0;0;15069;0;0;0;0;
579;286;70;-187;-222;1;1;1;0;0;1;1;0;0;0;0;15100;0;0;0;0;
579;286;72;-187;-223;1;1;1;0;0;1;1;0;0;0;0;15131;0;0;0;0;
579;286;72;-187;-225;1;1;1;0;0;1;1;0;0;0;0;15162;0;0;0;0;
579;286;74;-188;-226;1;1;1;0;0;1;1;0;0;0;0;15193;0;0;0;0;
579;286;72;-189;-228;1;1;1;0;0;1;1;0;0;0;0;15224;0;0;0;0;
579;286;71;-190;-228;1;1;1;0;0;1;1;0;0;0;0;15255;0;0;0;0;
579;286;71;-190;-228;1;1;1;0;0;1;1;0;0;0;0;15286;0;0;0;0;
579;286;71;-188;-227;1;1;1;0;0;1;1;0;0;0;0;15317;0;0;0;0;
579;286;71;-190;-228;1;1;1;0;0;1;1;0;0;0;0;15348;0;0;0;0;
579;286;70;-190;-229;1;1;1;0;0;1;1;0;0;0;0;15379;0;0;0;0;
579;286;69;-190;-229;1;1;1;0;0;1;1;0;0;0;0;15410;0;0;0;0;
579;286;70;-190;-229;1;1;1;0;0;1;1;0;0;0;0;15441;0;0;0;0;
579;286;70;-190;-230;1;1;1;0;0;1;1;0;0;0;0;15472;0;0;0;0;
579;286;68;-191;-230;1;1;1;0;0;1;1;0;0;0;0;15503;0;0;0;0;
579;286;66;-191;-231;1;1;1;0;0;1;1;0;0;0;0;15534;0;0;0;0;
579;286;65;-192;-232;1;1;1;0;0;1;1;0;0;0;0;15565;0;0;0;0;
579;286;67;-191;-232;1;1;1;0;0;1;1;0;0;0;0;15596;0;0;0;0;
579;286;65;-191;-232;1;1;1;0;0;1;1;0;0;0;0;15627;0;0;0;0;
579;286;64;-193;-234;1;1;1;0;0;1;1;0;0;0;0;15658;0;0;0;0;
579;286;60;-194;-235;1;1;1;0;0;1;1;0;0;0;0;15689;0;0;0;0;
579;286;62;-193;-235;1;1;1;0;0;1;1;0;0;0;0;15720;0;0;0;0;
579;286;61;-193;-235;1;1;1;0;0;1;1;0;0;0;0;15751;0;0;0;0;
579;286;61;-193;-235;1;1;1;0;0;1;1;0;0;0;0;15782;0;0;0;0;
579;286;60;-194;-235;1;1;1;0;0;1;1;0;0;0;0;15813;0;0;0;0;
579;286;59;-194;-237;1;1;1;0;0;1;1;0;0;0;0;15844;0;0;0;0;
579;286;58;-194;-237;1;1;1;0;0;1;1;0;0;0;0;15875;0;0;0;0;
579;286;59;-195;-238;1;1;1;0;0;1;1;0;0;0;0;15906;0;0;0;0;
579;286;57;-194;-240;1;1;1;0;0;1;1;0;0;0;0;15937;0;0;0;0;
579;286;55;-195;-239;4;1;1;0;0;1;1;0;0;0;0;15968;0;0;0;0;
579;286;53;-196;-241;2;1;1;0;0;1;1;0;0;0;0;15999;0;0;0;0;
579;286;55;-196;-247;2;1;1;0;0;1;1;0;0;0;0;16030;0;0;0;0;
579;286;55;-197;-253;2;1;1;0;0;1;1;0;0;0;0;16061;0;0;0;0;
579;286;54;-197;-258;2;1;1;0;0;1;1;0;0;0;0;16092;0;0;0;0;
579;286;54;-200;-263;2;1;1;0;0;1;1;0;0;0;0;16123;0;0;0;0;
579;286;52;-200;-266;2;1;1;0;0;1;1;0;0;0;0;16154;0;0;0;0;
579;286;53;-201;-267;2;1;1;0;0;1;1;0;0;0;0;16185;0;0;0;0;
579;286;54;-203;-269;2;1;1;0;0;1;1;0;0;0;0;16216;0;0;0;0;
579;286;53;-204;-270;2;1;1;0;0;1;1;0;0;0;0;16247;0;0;0;0;
579;286;53;-206;-273;2;1;1;0;0;1;1;0;0;0;0;16278;0;0;0;0;
579;286;51;-208;-275;2;1;1;0;0;1;1;0;0;0;0;16309;0;0;0;0;
579;286;52;-208;-276;2;1;1;0;0;1;1;0;0;0;0;16340;0;0;0;0;
579;286;53;-210;-277;2;1;1;0;0;1;1;0;0;0;0;16371;0;0;0;0;
579;286;53;-210;-277;2;1;1;0;0;1;1;0;0;0;0;16402;0;0;0;0;
579;286;51;-212;-279;2;1;1;0;0;1;1;0;0;0;0;16433;0;0;0;0;
579;286;51;-214;-280;2;1;1;0;0;1;1;0;0;0;0;16464;0;0;0;0;
579;286;51;-214;-280;2;1;1;0;0;1;1;0;0;0;0;16495;0;0;0;0;
579;286;53;-215;-282;2;1;1;0;0;1;1;0;0;0;0;16526;0;0;0;0;
579;286;51;-216;-283;2;1;1;0;0;1;1;0;0;0;0;16557;0;0;0;0;
579;286;51;-219;-284;2;1;1;0;0;1;1;0;0;0;0;16588;0;0;0;0;
579;286;51;-220;-282;2;0;0;0;0;1;1;0;0;0;0;16619;0;0;0;0;
579;286;52;-220;-275;2;0;0;0;0;1;1;0;0;0;0;16650;0;0;0;0;
579;286;51;-219;-269;2;0;0;0;0;1;1;0;0;0;0;16681;0;0;0;0;
579;286;51;-220;-264;2;0;0;0;0;1;1;0;0;0;0;16712;0;0;0;0;
579;286;50;-221;-256;2;0;0;0;0;1;1;0;0;0;0;16743;0;0;0;0;
579;286;50;-220;-244;2;0;0;0;0;1;1;0;0;0;0;16774;0;0;0;0;
579;286;51;-220;-235;2;0;0;0;0;1;1;0;0;0;0;16805;0;0;0;0;
579;286;51;-220;-228;2;0;0;0;0;1;1;0;0;0;0;16836;0;0;0;0;
579;286;50;-220;-222;2;0;0;0;0;1;1;0;0;0;0;16867;0;0;0;0;
579;286;50;-221;-220;2;0;0;0;0;1;1;0;0;0;0;16898;0;0;0;0;
579;286;50;-220;-215;2;0;0;0;0;1;1;0;0;0;0;16929;0;0;0;0;
579;286;53;-219;-213;2;0;0;0;0;1;1;0;0;0;0;16960;0;0;0;0;
579;286;54;-217;-211;2;0;0;0;0;1;1;0;0;0;0;16991;0;0;0;0;
579;286;51;-218;-210;2;0;0;0;0;1;1;0;0;0;0;17022;0;0;0;0;
579;286;50;-219;-211;2;0;0;0;0;1;1;0;0;0;0;17053;0;0;0;0;
579;286;51;-217;-210;2;0;0;0;0;1;1;0;0;0;0;17084;0;0;0;0;
579;286;51;-217;-210;2;0;0;0;0;1;1;0;0;0;0;17115;0;0;0;0;
579;286;52;-216;-209;2;0;0;0;0;1;1;0;0;0;0;17146;0;0;0;0;
579;286;51;-216;-210;2;0;0;0;0;1;1;0;0;0;0;17177;0;0;0;0;
579;286;50;-216;-210;2;0;0;0;0;1;1;0;0;0;0;17208;0;0;0;0;
579;286;51;-215;-209;2;0;0;0;0;1;1;0;0;0;0;17239;0;0;0;0;
579;286;53;-214;-208;2;0;0;0;0;1;1;0;0;0;0;17270;0;0;0;0;
579;286;52;-214;-207;2;0;0;0;0;1;1;0;0;0;0;17301;0;0;0;0;
579;286;51;-213;-207;2;0;0;0;0;1;1;0;0;0;0;17332;0;0;0;0;
579;286;50;-213;-208;2;0;0;0;0;1;1;0;0;0;0;17363;0;0;0;0;
579;286;51;-212;-207;2;0;0;0;0;1;1;0;0;0;0;17394;0;0;0;0;
579;286;52;-210;-206;2;0;0;0;0;1;1;0;0;0;0;17425;0;0;0;0;
579;286;53;-210;-206;2;0;0;0;0;1;1;0;0;0;0;17456;0;0;0;0;
579;286;51;-210;-206;2;0;0;0;0;1;1;0;0;0;0;17487;0;0;0;0;
579;286;51;-210;-206;2;0;0;0;0;1;1;0;0;0;0;17518;0;0;0;0;
579;286;53;-210;-205;2;0;0;0;0;1;1;0;0;0;0;17549;0;0;0;0;
579;286;54;-207;-204;2;0;0;0;0;1;1;0;0;0;0;17580;0;0;0;0;
579;286;55;-207;-203;2;0;0;0;0;1;1;0;0;0;0;17611;0;0;0;0;
579;286;51;-208;-203;2;0;0;0;0;1;1;0;0;0;0;17642;0;0;0;0;
579;286;51;-208;-204;2;0;0;0;0;1;1;0;0;0;0;17673;0;0;0;0;
579;286;52;-206;-203;2;0;0;0;0;1;1;0;0;0;0;17704;0;0;0;0;
579;286;53;-205;-201;2;0;0;0;0;1;1;0;0;0;0;17735;0;0;0;0;
579;286;53;-204;-201;2;0;0;0;0;1;1;0;0;0;0;17766;0;0;0;0;
579;286;51;-205;-202;2;0;0;0;0;1;1;0;0;0;0;17797;0;0;0;0;
579;286;52;-204;-201;2;0;0;0;0;1;1;0;0;0;0;17828;0;0;0;0;
579;286;53;-204;-200;2;0;0;0;0;1;1;0;0;0;0;17859;0;0;0;0;
579;286;54;-202;-200;2;0;0;0;0;1;1;0;0;0;0;17890;0;0;0;0;
579;286;55;-202;-200;2;0;0;0;0;1;1;0;0;0;0;17921;0;0;0;0;
579;286;53;-202;-200;2;0;0;0;0;1;1;0;0;0;0;17952;0;0;0;0;
579;286;54;-202;-200;2;0;0;0;0;1;1;0;0;0;0;17983;0;0;0;0;
579;286;54;-200;-199;2;0;0;0;0;1;1;0;0;0;0;18014;0;0;0;0;
579;286;55;-200;-197;2;0;0;0;0;1;1;0;0;0;0;18045;0;0;0;0;
579;286;54;-200;-198;2;0;0;0;0;1;1;0;0;0;0;18076;0;0;0;0;
579;286;53;-200;-198;2;0;0;0;0;1;1;0;0;0;0;18107;0;0;0;0;
579;286;55;-200;-197;2;0;0;0;0;1;1;0;0;0;0;18138;0;0;0;0;
579;286;55;-199;-196;2;0;0;0;0;1;1;0;0;0;0;18169;0;0;0;0;
579;286;56;-198;-195;2;0;0;0;0;1;1;0;0;0;0;18200;0;0;0;0;
579;286;55;-198;-195;2;0;0;0;0;1;1;0;0;0;0;18231;0;0;0;0;
579;286;55;-198;-196;2;0;0;0;0;1;1;0;0;0;0;18262;0;0;0;0;
579;286;55;-197;-194;2;0;0;0;0;1;1;0;0;0;0;18293;0;0;0;0;
579;286;57;-195;-192;2;0;0;0;0;1;1;0;0;0;0;18324;0;0;0;0;
579;286;55;-195;-193;2;0;0;0;0;1;1;0;0;0;0;18355;0;0;0;0;
579;286;55;-195;-192;2;0;0;0;0;1;1;0;0;0;0;18386;0;0;0;0;
579;286;54;-195;-193;2;0;0;0;0;1;1;0;0;0;0;18417;0;0;0;0;
579;286;56;-194;-192;2;0;0;0;0;1;1;0;0;0;0;18448;0;0;0;0;
579;286;57;-192;-190;2;0;0;0;0;1;1;0;0;0;0;18479;0;0;0;0;
579;286;58;-192;-190;2;0;0;0;0;1;1;0;0;0;0;18510;0;0;0;0;
579;286;55;-193;-190;2;0;0;0;0;1;1;0;0;0;0;18541;0;0;0;0;
579;286;55;-192;-190;2;0;0;0;0;1;1;0;0;0;0;18572;0;0;0;0;
579;286;56;-191;-190;2;0;0;0;0;1;1;0;0;0;0;18603;0;0;0;0;
579;286;58;-190;-189;2;0;0;0;0;1;1;0;0;0;0;18634;0;0;0;0;
579;286;57;-190;-190;2;0;0;0;0;1;1;0;0;0;0;18665;0;0;0;0;
579;286;55;-190;-189;2;0;0;0;0;1;1;0;0;0;0;18696;0;0;0;0;
579;286;56;-190;-188;2;0;0;0;0;1;1;0;0;0;0;18727;0;0;0;0;
579;286;57;-190;-188;2;0;0;0;0;1;1;0;0;0;0;18758;0;0;0;0;
579;286;58;-187;-186;2;0;0;0;0;1;1;0;0;0;0;18789;0;0;0;0;
579;286;59;-188;-186;2;0;0;0;0;1;1;0;0;0;0;18820;0;0;0;0;
579;286;55;-189;-187;2;0;0;0;0;1;1;0;0;0;0;18851;0;0;0;0;
579;286;58;-187;-186;2;0;0;0;0;1;1;0;0;0;0;18882;0;0;0;0;
579;286;58;-185;-187;2;1;1;0;0;1;1;0;0;0;0;18913;0;0;0;0;
579;286;60;-184;-202;2;1;1;0;0;1;1;0;0;0;0;18944;0;0;0;0;
579;286;58;-182;-220;2;1;1;0;0;1;1;0;0;0;0;18975;0;0;0;0;
579;286;58;-185;-230;2;1;1;0;0;1;1;0;0;0;0;19006;0;0;0;0;
579;286;59;-185;-235;2;1;1;0;0;1;1;0;0;0;0;19037;0;0;0;0;
579;286;60;-187;-237;2;1;1;0;0;1;1;0;0;0;0;19068;0;0;0;0;
579;286;60;-189;-240;2;1;1;0;0;1;1;0;0;0;0;19099;0;0;0;0;
579;286;60;-190;-245;2;1;1;0;0;1;1;0;0;0;0;19130;0;0;0;0;
579;286;57;-191;-248;2;1;1;0;0;1;1;0;0;0;0;19161;0;0;0;0;
579;286;60;-194;-252;2;1;1;0;0;1;1;0;0;0;0;19192;0;0;0;0;
579;286;60;-194;-255;2;1;1;0;0;1;1;0;0;0;0;19223;0;0;0;0;
579;286;63;-197;-258;2;1;1;0;0;1;1;0;0;0;0;19254;0;0;0;0;
579;286;63;-199;-263;2;1;1;0;0;1;1;0;0;0;0;19285;0;0;0;0;
579;286;60;-201;-266;2;1;1;0;0;1;1;0;0;0;0;19316;0;0;0;0;
579;286;60;-202;-268;2;1;1;0;0;1;1;0;0;0;0;19347;0;0;0;0;
579;286;61;-203;-274;2;1;1;0;0;1;1;0;0;0;0;19378;0;0;0;0;
579;286;64;-205;-276;2;1;1;0;0;1;1;0;0;0;0;19409;0;0;0;0;
579;286;61;-207;-280;2;1;1;0;0;1;1;0;0;0;0;19440;0;0;0;0;
579;286;60;-209;-282;2;1;1;0;0;1;1;0;0;0;0;19471;0;0;0;0;
579;286;60;-210;-283;2;1;1;0;0;1;1;0;0;0;0;19502;0;0;0;0;
579;286;62;-210;-283;2;1;1;0;0;1;1;0;0;0;0;19533;0;0;0;0;
579;286;62;-211;-284;2;1;1;0;0;1;1;0;0;0;0;19564;0;0;0;0;
579;286;62;-212;-285;2;1;1;0;0;1;1;0;0;0;0;19595;0;0;0;0;
579;286;60;-215;-286;2;1;1;0;0;1;1;0;0;0;0;19626;0;0;0;0;
579;286;61;-216;-286;2;1;1;0;0;1;1;0;0;0;0;19657;0;0;0;0;
579;286;64;-217;-286;2;1;1;0;0;1;1;0;0;0;0;19688;0;0;0;0;
579;286;62;-218;-286;2;1;1;0;0;1;1;0;0;0;0;19719;0;0;0;0;
579;286;60;-221;-288;2;0;0;0;0;1;1;0;0;0;0;19750;0;0;0;0;
579;286;61;-221;-282;2;0;0;0;0;1;1;0;0;0;0;19781;0;0;0;0;
579;286;65;-220;-274;2;0;0;0;0;1;1;0;0;0;0;19812;0;0;0;0;
579;286;65;-221;-267;2;0;0;0;0;1;1;0;0;0;0;19843;0;0;0;0;
579;286;63;-221;-256;2;0;0;0;0;1;1;0;0;0;0;19874;0;0;0;0;
579;286;61;-222;-247;2;0;0;0;0;1;1;0;0;0;0;19905;0;0;0;0;
579;286;64;-221;-239;2;0;0;0;0;1;1;0;0;0;0;19936;0;0;0;0;
579;286;65;-220;-231;2;0;0;0;0;1;1;0;0;0;0;19967;0;0;0;0;
579;286;64;-220;-225;2;0;0;0;0;1;1;0;0;0;0;19998;0;0;0;0;
579;286;63;-221;-221;2;0;0;0;0;1;1;0;0;0;0;20029;0;0;0;0;
579;286;62;-221;-219;2;0;0;0;0;1;1;0;0;0;0;20060;0;0;0;0;
579;286;63;-220;-215;2;0;0;0;0;1;1;0;0;0;0;20091;0;0;0;0;
579;286;63;-218;-213;2;0;0;0;0;1;1;0;0;0;0;20122;0;0;0;0;
579;286;65;-218;-211;2;0;0;0;0;1;1;0;0;0;0;20153;0;0;0;0;
579;286;65;-219;-212;2;0;0;0;0;1;1;0;0;0;0;20184;0;0;0;0;
579;286;63;-219;-212;2;0;0;0;0;1;1;0;0;0;0;20215;0;0;0;0;
579;286;64;-218;-211;2;0;0;0;0;1;1;0;0;0;0;20246;0;0;0;0;
579;286;67;-217;-210;2;0;0;0;0;1;1;0;0;0;0;20277;0;0;0;0;
579;286;68;-217;-210;2;0;0;0;0;1;1;0;0;0;0;20308;0;0;0;0;
579;286;67;-216;-210;2;0;0;0;0;1;1;0;0;0;0;20339;0;0;0;0;
579;286;62;-217;-210;2;0;0;0;0;1;1;0;0;0;0;20370;0;0;0;0;
579;286;66;-215;-210;2;0;0;0;0;1;1;0;0;0;0;20401;0;0;0;0;
579;286;69;-215;-210;2;0;0;0;0;1;1;0;0;0;0;20432;0;0;0;0;
579;286;68;-213;-208;2;0;0;0;0;1;1;0;0;0;0;20463;0;0;0;0;
579;286;65;-213;-209;2;0;0;0;0;1;1;0;0;0;0;20494;0;0;0;0;
579;286;65;-213;-210;2;0;0;0;0;1;1;0;0;0;0;20525;0;0;0;0;
579;286;67;-213;-209;2;0;0;0;0;1;1;0;0;0;0;20556;0;0;0;0;
579;286;68;-210;-208;2;0;0;0;0;1;1;0;0;0;0;20587;0;0;0;0;
579;286;70;-210;-208;2;0;0;0;0;1;1;0;0;0;0;20618;0;0;0;0;
579;286;65;-211;-208;2;0;0;0;0;1;1;0;0;0;0;20649;0;0;0;0;
579;286;66;-211;-208;2;0;0;0;0;1;1;0;0;0;0;20680;0;0;0;0;
579;286;67;-210;-207;2;0;0;0;0;1;1;0;0;0;0;20711;0;0;0;0;
579;286;69;-209;-205;2;0;0;0;0;1;1;0;0;0;0;20742;0;0;0;0;
579;286;70;-207;-205;2;0;0;0;0;1;1;0;0;0;0;20773;0;0;0;0;
579;286;67;-209;-207;2;0;0;0;0;1;1;0;0;0;0;20804;0;0;0;0;
579;286;66;-208;-205;2;0;0;0;0;1;1;0;0;0;0;20835;0;0;0;0;
579;286;70;-206;-205;2;0;0;0;0;1;1;0;0;0;0;20866;0;0;0;0;
579;286;70;-206;-204;2;0;0;0;0;1;1;0;0;0;0;20897;0;0;0;0;
579;286;68;-206;-203;2;0;0;0;0;1;1;0;0;0;0;20928;0;0;0;0;
579;286;67;-206;-204;2;0;0;0;0;1;1;0;0;0;0;20959;0;0;0;0;
579;286;68;-205;-204;2;0;0;0;0;1;1;0;0;0;0;20990;0;0;0;0;
579;286;70;-204;-202;2;0;0;0;0;1;1;0;0;0;0;21021;0;0;0;0;
579;286;70;-204;-200;2;0;0;0;0;1;1;0;0;0;0;21052;0;0;0;0;
579;286;69;-202;-200;2;0;0;0;0;1;1;0;0;0;0;21083;0;0;0;0;
579;286;68;-203;-201;2;0;0;0;0;1;1;0;0;0;0;21114;0;0;0;0;
579;286;70;-202;-200;2;0;0;0;0;1;1;0;0;0;0;21145;0;0;0;0;
579;286;70;-202;-200;2;0;0;0;0;1;1;0;0;0;0;21176;0;0;0;0;
579;286;71;-200;-200;2;0;0;0;0;1;1;0;0;0;0;21207;0;0;0;0;
579;286;70;-200;-200;2;0;0;0;0;1;1;0;0;0;0;21238;0;0;0;0;
579;286;68;-200;-200;2;0;0;0;0;1;1;0;0;0;0;21269;0;0;0;0;
579;286;70;-200;-198;2;0;0;0;0;1;1;0;0;0;0;21300;0;0;0;0;
579;286;70;-199;-197;2;0;0;0;0;1;1;0;0;0;0;21331;0;0;0;0;
579;286;71;-200;-196;2;0;0;0;0;1;1;0;0;0;0;21362;0;0;0;0;
579;286;70;-198;-197;2;0;0;0;0;1;1;0;0;0;0;21393;0;0;0;0;
579;286;70;-198;-198;2;0;0;0;0;1;1;0;0;0;0;21424;0;0;0;0;
579;286;70;-198;-196;2;0;0;0;0;1;1;0;0;0;0;21455;0;0;0;0;
579;286;71;-196;-195;2;0;0;0;0;1;1;0;0;0;0;21486;0;0;0;0;
579;286;72;-196;-195;2;0;0;0;0;1;1;0;0;0;0;21517;0;0;0;0;
579;286;70;-196;-195;2;0;0;0;0;1;1;0;0;0;0;21548;0;0;0;0;
579;286;70;-196;-195;2;0;0;0;0;1;1;0;0;0;0;21579;0;0;0;0;
579;286;72;-195;-194;2;0;0;0;0;1;1;0;0;0;0;21610;0;0;0;0;
579;286;73;-194;-192;2;0;0;0;0;1;1;0;0;0;0;21641;0;0;0;0;
579;286;74;-193;-192;2;0;0;0;0;1;1;0;0;0;0;21672;0;0;0;0;
579;286;72;-193;-193;2;0;0;0;0;1;1;0;0;0;0;21703;0;0;0;0;
579;286;70;-193;-192;2;0;0;0;0;1;1;0;0;0;0;21734;0;0;0;0;
579;286;73;-193;-192;2;0;0;0;0;1;1;0;0;0;0;21765;0;0;0;0;
579;286;73;-191;-191;2;0;0;0;0;1;1;0;0;0;0;21796;0;0;0;0;
579;286;74;-191;-190;2;0;0;0;0;1;1;0;0;0;0;21827;0;0;0;0;
579;286;72;-191;-190;2;0;0;0;0;1;1;0;0;0;0;21858;0;0;0;0;
579;286;72;-190;-190;2;0;0;0;0;1;1;0;0;0;0;21889;0;0;0;0;
579;286;73;-190;-189;2;0;0;0;0;1;1;0;0;0;0;21920;0;0;0;0;
579;286;75;-190;-188;2;0;0;0;0;1;1;0;0;0;0;21951;0;0;0;0;
579;286;75;-189;-188;2;0;0;0;0;1;1;0;0;0;0;21982;0;0;0;0;
579;286;73;-189;-189;2;0;0;0;0;1;1;0;0;0;0;22013;0;0;0;0;
579;286;74;-189;-188;2;0;0;0;0;1;1;0;0;0;0;22044;0;0;0;0;
579;286;74;-188;-187;2;0;0;0;0;1;1;0;0;0;0;22075;0;0;0;0;
579;286;75;-187;-185;2;0;0;0;0;1;1;0;0;0;0;22106;0;0;0;0;
579;286;75;-187;-186;2;0;0;0;0;1;1;0;0;0;0;22137;0;0;0;0;
579;286;73;-185;-189;1;1;1;0;0;1;1;0;0;0;0;22168;0;0;0;0;
579;286;74;-183;-202;1;1;1;0;0;1;1;0;0;0;0;22199;0;0;0;0;
579;286;76;-181;-212;1;1;1;0;0;1;1;0;0;0;0;22230;0;0;0;0;
579;286;76;-182;-213;1;1;1;0;0;1;1;0;0;0;0;22261;0;0;0;0;
579;286;75;-182;-214;1;1;1;0;0;1;1;0;0;0;0;22292;0;0;0;0;
579;286;73;-185;-214;1;1;1;0;0;1;1;0;0;0;0;22323;0;0;0;0;
579;286;74;-185;-213;1;1;1;0;0;1;1;0;0;0;0;22354;0;0;0;0;
579;286;76;-185;-214;1;1;1;0;0;1;1;0;0;0;0;22385;0;0;0;0;
579;286;75;-185;-214;1;1;1;0;0;1;1;0;0;0;0;22416;0;0;0;0;
579;286;74;-185;-219;1;1;1;0;0;1;1;0;0;0;0;22447;0;0;0;0;
579;286;74;-186;-220;1;1;1;0;0;1;1;0;0;0;0;22478;0;0;0;0;
579;286;74;-186;-220;1;1;1;0;0;1;1;0;0;0;0;22509;0;0;0;0;
579;286;76;-186;-220;1;1;1;0;0;1;1;0;0;0;0;22540;0;0;0;0;
579;286;73;-186;-219;1;1;1;0;0;1;1;0;0;0;0;22571;0;0;0;0;
579;286;70;-188;-221;1;1;1;0;0;1;1;0;0;0;0;22602;0;0;0;0;
579;286;72;-187;-224;1;1;1;0;0;1;1;0;0;0;0;22633;0;0;0;0;
579;286;72;-187;-225;1;1;1;0;0;1;1;0;0;0;0;22664;0;0;0;0;
579;286;73;-187;-226;1;1;1;0;0;1;1;0;0;0;0;22695;0;0;0;0;
579;286;71;-189;-226;1;1;1;0;0;1;1;0;0;0;0;22726;0;0;0;0;
579;286;71;-189;-227;1;1;1;0;0;1;1;0;0;0;0;22757;0;0;0;0;
579;286;70;-190;-228;1;1;1;0;0;1;1;0;0;0;0;22788;0;0;0;0;
579;286;70;-189;-228;1;1;1;0;0;1;1;0;0;0;0;22819;0;0;0;0;
579;286;70;-189;-227;1;1;1;0;0;1;1;0;0;0;0;22850;0;0;0;0;
579;286;70;-190;-228;1;1;1;0;0;1;1;0;0;0;0;22881;0;0;0;0;
579;286;67;-190;-228;1;1;1;0;0;1;1;0;0;0;0;22912;0;0;0;0;
579;286;67;-191;-230;1;1;1;0;0;1;1;0;0;0;0;22943;0;0;0;0;
579;286;67;-190;-230;1;1;1;0;0;1;1;0;0;0;0;22974;0;0;0;0;
579;286;68;-191;-230;1;1;1;0;0;1;1;0;0;0;0;23005;0;0;0;0;
579;286;66;-191;-231;1;1;1;0;0;1;1;0;0;0;0;23036;0;0;0;0;
579;286;64;-191;-232;1;1;1;0;0;1;1;0;0;0;0;23067;0;0;0;0;
579;286;64;-191;-233;1;1;1;0;0;1;1;0;0;0;0;23098;0;0;0;0;
579;286;63;-191;-233;1;1;1;0;0;1;1;0;0;0;0;23129;0;0;0;0;
579;286;64;-191;-234;1;1;1;0;0;1;1;0;0;0;0;23160;0;0;0;0;
579;286;61;-193;-235;1;1;1;0;0;1;1;0;0;0;0;23191;0;0;0;0;
579;286;59;-193;-236;1;1;1;0;0;1;1;0;0;0;0;23222;0;0;0;0;
579;286;60;-193;-235;1;1;1;0;0;1;1;0;0;0;0;23253;0;0;0;0;
579;286;59;-193;-236;1;1;1;0;0;1;1;0;0;0;0;23284;0;0;0;0;
579;286;59;-193;-236;1;1;1;0;0;1;1;0;0;0;0;23315;0;0;0;0;
579;286;57;-195;-235;1;1;1;0;0;1;1;0;0;0;0;23346;0;0;0;0;
579;286;56;-195;-238;4;1;1;0;0;1;1;0;0;0;0;23377;0;0;0;0;
579;286;55;-194;-238;2;1;1;0;0;1;1;0;0;0;0;23408;0;0;0;0;
579;286;55;-194;-244;2;1;1;0;0;1;1;0;0;0;0;23439;0;0;0;0;
579;286;57;-196;-252;2;1;1;0;0;1;1;0;0;0;0;23470;0;0;0;0;
579;286;54;-198;-258;2;1;1;0;0;1;1;0;0;0;0;23501;0;0;0;0;
579;286;53;-199;-263;2;1;1;0;0;1;1;0;0;0;0;23532;0;0;0;0;
579;286;54;-200;-265;2;1;1;0;0;1;1;0;0;0;0;23563;0;0;0;0;
579;286;55;-200;-267;2;1;1;0;0;1;1;0;0;0;0;23594;0;0;0;0;
579;286;55;-201;-269;2;1;1;0;0;1;1;0;0;0;0;23625;0;0;0;0;
579;286;51;-204;-272;2;1;1;0;0;1;1;0;0;0;0;23656;0;0;0;0;
579;286;51;-205;-273;2;1;1;0;0;1;1;0;0;0;0;23687;0;0;0;0;
579;286;52;-206;-274;2;1;1;0;0;1;1;0;0;0;0;23718;0;0;0;0;
579;286;54;-207;-276;2;1;1;0;0;1;1;0;0;0;0;23749;0;0;0;0;
579;286;53;-210;-276;2;1;1;0;0;1;1;0;0;0;0;23780;0;0;0;0;
579;286;52;-210;-278;2;1;1;0;0;1;1;0;0;0;0;23811;0;0;0;0;
579;286;50;-212;-280;2;1;1;0;0;1;1;0;0;0;0;23842;0;0;0;0;
579;286;52;-212;-280;2;1;1;0;0;1;1;0;0;0;0;23873;0;0;0;0;
579;286;53;-214;-280;2;1;1;0;0;1;1;0;0;0;0;23904;0;0;0;0;
579;286;54;-215;-283;2;1;1;0;0;1;1;0;0;0;0;23935;0;0;0;0;
579;286;51;-217;-284;2;1;1;0;0;1;1;0;0;0;0;23966;0;0;0;0;
579;286;51;-218;-285;2;1;1;0;0;1;1;0;0;0;0;23997;0;0;0;0;
579;286;51;-220;-285;2;0;0;0;0;1;1;0;0;0;0;24028;0;0;0;0;
579;286;52;-220;-280;2;0;0;0;0;1;1;0;0;0;0;24059;0;0;0;0;
579;286;51;-220;-275;2;0;0;0;0;1;1;0;0;0;0;24090;0;0;0;0;
579;286;50;-222;-269;2;0;0;0;0;1;1;0;0;0;0;24121;0;0;0;0;
579;286;50;-221;-265;2;0;0;0;0;1;1;0;0;0;0;24152;0;0;0;0;
579;286;51;-221;-253;2;0;0;0;0;1;1;0;0;0;0;24183;0;0;0;0;
579;286;53;-220;-242;2;0;0;0;0;1;1;0;0;0;0;24214;0;0;0;0;
579;286;51;-221;-234;2;0;0;0;0;1;1;0;0;0;0;24245;0;0;0;0;
579;286;50;-221;-228;2;0;0;0;0;1;1;0;0;0;0;24276;0;0;0;0;
579;286;51;-221;-223;2;0;0;0;0;1;1;0;0;0;0;24307;0;0;0;0;
579;286;55;-219;-218;2;0;0;0;0;1;1;0;0;0;0;24338;0;0;0;0;
579;286;51;-220;-214;2;0;0;0;0;1;1;0;0;0;0;24369;0;0;0;0;
579;286;51;-220;-212;2;0;0;0;0;1;1;0;0;0;0;24400;0;0;0;0;
579;286;47;-220;-212;2;0;0;0;0;1;1;0;0;0;0;24431;0;0;0;0;
579;286;51;-220;-211;2;0;0;0;0;1;1;0;0;0;0;24462;0;0;0;0;
579;286;51;-218;-210;2;0;0;0;0;1;1;0;0;0;0;24493;0;0;0;0;
579;286;53;-218;-210;2;0;0;0;0;1;1;0;0;0;0;24524;0;0;0;0;
579;286;51;-217;-210;2;0;0;0;0;1;1;0;0;0;0;24555;0;0;0;0;
579;286;50;-218;-210;2;0;0;0;0;1;1;0;0;0;0;24586;0;0;0;0;
579;286;51;-216;-210;2;0;0;0;0;1;1;0;0;0;0;24617;0;0;0;0;
579;286;51;-215;-209;2;0;0;0;0;1;1;0;0;0;0;24648;0;0;0;0;
579;286;52;-215;-209;2;0;0;0;0;1;1;0;0;0;0;24679;0;0;0;0;
579;286;51;-215;-210;2;0;0;0;0;1;1;0;0;0;0;24710;0;0;0;0;
579;286;51;-215;-209;2;0;0;0;0;1;1;0;0;0;0;24741;0;0;0;0;
579;286;51;-214;-209;2;0;0;0;0;1;1;0;0;0;0;24772;0;0;0;0;
579;286;52;-212;-207;2;0;0;0;0;1;1;0;0;0;0;24803;0;0;0;0;
579;286;53;-212;-207;2;0;0;0;0;1;1;0;0;0;0;24834;0;0;0;0;
579;286;52;-212;-208;2;0;0;0;0;1;1;0;0;0;0;24865;0;0;0;0;
579;286;51;-212;-207;2;0;0;0;0;1;1;0;0;0;0;24896;0;0;0;0;
579;286;53;-211;-206;2;0;0;0;0;1;1;0;0;0;0;24927;0;0;0;0;
579;286;55;-210;-206;2;0;0;0;0;1;1;0;0;0;0;24958;0;0;0;0;
579;286;54;-210;-205;2;0;0;0;0;1;1;0;0;0;0;24989;0;0;0;0;
579;286;51;-210;-206;2;0;0;0;0;1;1;0;0;0;0;25020;0;0;0;0;
579;286;51;-210;-206;2;0;0;0;0;1;1;0;0;0;0;25051;0;0;0;0;
579;286;54;-209;-204;2;0;0;0;0;1;1;0;0;0;0;25082;0;0;0;0;
579;286;55;-207;-203;2;0;0;0;0;1;1;0;0;0;0;25113;0;0;0;0;
579;286;53;-207;-204;2;0;0;0;0;1;1;0;0;0;0;25144;0;0;0;0;
579;286;53;-207;-203;2;0;0;0;0;1;1;0;0;0;0;25175;0;0;0;0;
579;286;53;-206;-203;2;0;0;0;0;1;1;0;0;0;0;25206;0;0;0;0;
579;286;54;-205;-202;2;0;0;0;0;1;1;0;0;0;0;25237;0;0;0;0;
579;286;55;-204;-201;2;0;0;0;0;1;1;0;0;0;0;25268;0;0;0;0;
579;286;54;-204;-201;2;0;0;0;0;1;1;0;0;0;0;25299;0;0;0;0;
579;286;52;-204;-202;2;0;0;0;0;1;1;0;0;0;0;25330;0;0;0;0;
579;286;54;-204;-201;2;0;0;0;0;1;1;0;0;0;0;25361;0;0;0;0;
579;286;55;-202;-200;2;0;0;0;0;1;1;0;0;0;0;25392;0;0;0;0;
579;286;56;-201;-200;2;0;0;0;0;1;1;0;0;0;0;25423;0;0;0;0;
579;286;55;-201;-200;2;0;0;0;0;1;1;0;0;0;0;25454;0;0;0;0;
579;286;53;-201;-200;2;0;0;0;0;1;1;0;0;0;0;25485;0;0;0;0;
579;286;54;-201;-199;2;0;0;0;0;1;1;0;0;0;0;25516;0;0;0;0;
579;286;55;-200;-198;2;0;0;0;0;1;1;0;0;0;0;25547;0;0;0;0;
579;286;55;-199;-198;2;0;0;0;0;1;1;0;0;0;0;25578;0;0;0;0;
579;286;55;-200;-197;2;0;0;0;0;1;1;0;0;0;0;25609;0;0;0;0;
579;286;54;-199;-198;2;0;0;0;0;1;1;0;0;0;0;25640;0;0;0;0;
579;286;55;-198;-196;2;0;0;0;0;1;1;0;0;0;0;25671;0;0;0;0;
579;286;57;-197;-195;2;0;0;0;0;1;1;0;0;0;0;25702;0;0;0;0;
579;286;55;-197;-195;2;0;0;0;0;1;1;0;0;0;0;25733;0;0;0;0;
579;286;55;-197;-194;2;0;0;0;0;1;1;0;0;0;0;25764;0;0;0;0;
579;286;54;-196;-195;2;0;0;0;0;1;1;0;0;0;0;25795;0;0;0;0;
579;286;55;-195;-194;2;0;0;0;0;1;1;0;0;0;0;25826;0;0;0;0;
579;286;56;-194;-193;2;0;0;0;0;1;1;0;0;0;0;25857;0;0;0;0;
579;286;56;-194;-191;2;0;0;0;0;1;1;0;0;0;0;25888;0;0;0;0;
579;286;56;-194;-191;2;0;0;0;0;1;1;0;0;0;0;25919;0;0;0;0;
579;286;55;-194;-192;2;0;0;0;0;1;1;0;0;0;0;25950;0;0;0;0;
579;286;55;-193;-191;2;0;0;0;0;1;1;0;0;0;0;25981;0;0;0;0;
579;286;59;-191;-190;2;0;0;0;0;1;1;0;0;0;0;26012;0;0;0;0;
579;286;58;-191;-190;2;0;0;0;0;1;1;0;0;0;0;26043;0;0;0;0;
579;286;55;-192;-190;2;0;0;0;0;1;1;0;0;0;0;26074;0;0;0;0;
579;286;55;-191;-190;2;0;0;0;0;1;1;0;0;0;0;26105;0;0;0;0;
579;286;56;-190;-189;2;0;0;0;0;1;1;0;0;0;0;26136;0;0;0;0;
579;286;60;-190;-188;2;0;0;0;0;1;1;0;0;0;0;26167;0;0;0;0;
579;286;58;-190;-188;2;0;0;0;0;1;1;0;0;0;0;26198;0;0;0;0;
579;286;55;-190;-189;2;0;0;0;0;1;1;0;0;0;0;26229;0;0;0;0;
579;286;56;-189;-188;2;0;0;0;0;1;1;0;0;0;0;26260;0;0;0;0;
579;286;60;-189;-187;2;0;0;0;0;1;1;0;0;0;0;26291;0;0;0;0;
579;286;59;-188;-185;2;0;0;0;0;1;1;0;0;0;0;26322;0;0;0;0;
579;286;60;-187;-186;2;0;0;0;0;1;1;0;0;0;0;26353;0;0;0;0;
579;286;57;-188;-186;2;0;0;0;0;1;1;0;0;0;0;26384;0;0;0;0;
579;286;56;-186;-185;2;1;1;0;0;1;1;0;0;0;0;26415;0;0;0;0;
579;286;60;-183;-191;2;1;1;0;0;1;1;0;0;0;0;26446;0;0;0;0;
579;286;60;-181;-213;2;1;1;0;0;1;1;0;0;0;0;26477;0;0;0;0;
579;286;59;-183;-228;2;1;1;0;0;1;1;0;0;0;0;26508;0;0;0;0;
579;286;60;-185;-232;2;1;1;0;0;1;1;0;0;0;0;26539;0;0;0;0;
579;286;59;-186;-235;2;1;1;0;0;1;1;0;0;0;0;26570;0;0;0;0;
579;286;61;-186;-238;2;1;1;0;0;1;1;0;0;0;0;26601;0;0;0;0;
579;286;60;-188;-241;2;1;1;0;0;1;1;0;0;0;0;26632;0;0;0;0;
579;286;59;-190;-245;2;1;1;0;0;1;1;0;0;0;0;26663;0;0;0;0;
579;286;59;-192;-248;2;1;1;0;0;1;1;0;0;0;0;26694;0;0;0;0;
579;286;59;-194;-253;2;1;1;0;0;1;1;0;0;0;0;26725;0;0;0;0;
579;286;60;-194;-255;2;1;1;0;0;1;1;0;0;0;0;26756;0;0;0;0;
579;286;60;-197;-257;2;1;1;0;0;1;1;0;0;0;0;26787;0;0;0;0;
579;286;59;-200;-263;2;1;1;0;0;1;1;0;0;0;0;26818;0;0;0;0;
579;286;60;-201;-266;2;1;1;0;0;1;1;0;0;0;0;26849;0;0;0;0;
579;286;60;-201;-270;2;1;1;0;0;1;1;0;0;0;0;26880;0;0;0;0;
579;286;60;-203;-274;2;1;1;0;0;1;1;0;0;0;0;26911;0;0;0;0;
579;286;61;-205;-274;2;1;1;0;0;1;1;0;0;0;0;26942;0;0;0;0;
579;286;60;-208;-278;2;1;1;0;0;1;1;0;0;0;0;26973;0;0;0;0;
579;286;60;-209;-280;2;1;1;0;0;1;1;0;0;0;0;27004;0;0;0;0;
579;286;61;-209;-284;2;1;1;0;0;1;1;0;0;0;0;27035;0;0;0;0;
579;286;62;-210;-285;2;1;1;0;0;1;1;0;0;0;0;27066;0;0;0;0;
579;286;62;-212;-286;2;1;1;0;0;1;1;0;0;0;0;27097;0;0;0;0;
579;286;60;-214;-287;2;1;1;0;0;1;1;0;0;0;0;27128;0;0;0;0;
579;286;60;-215;-287;2;1;1;0;0;1;1;0;0;0;0;27159;0;0;0;0;
579;286;61;-215;-288;2;1;1;0;0;1;1;0;0;0;0;27190;0;0;0;0;
579;286;65;-216;-288;2;1;1;0;0;1;1;0;0;0;0;27221;0;0;0;0;
579;286;62;-218;-288;2;1;1;0;0;1;1;0;0;0;0;27252;0;0;0;0;
579;286;60;-221;-289;2;0;0;0;0;1;1;0;0;0;0;27283;0;0;0;0;
579;286;61;-221;-282;2;0;0;0;0;1;1;0;0;0;0;27314;0;0;0;0;
579;286;63;-221;-274;2;0;0;0;0;1;1;0;0;0;0;27345;0;0;0;0;
579;286;65;-220;-267;2;0;0;0;0;1;1;0;0;0;0;27376;0;0;0;0;
579;286;63;-221;-257;2;0;0;0;0;1;1;0;0;0;0;27407;0;0;0;0;
579;286;61;-222;-248;2;0;0;0;0;1;1;0;0;0;0;27438;0;0;0;0;
579;286;62;-221;-240;2;0;0;0;0;1;1;0;0;0;0;27469;0;0;0;0;
579;286;66;-221;-233;2;0;0;0;0;1;1;0;0;0;0;27500;0;0;0;0;
579;286;65;-220;-227;2;0;0;0;0;1;1;0;0;0;0;27531;0;0;0;0;
579;286;63;-221;-223;2;0;0;0;0;1;1;0;0;0;0;27562;0;0;0;0;
579;286;62;-221;-219;2;0;0;0;0;1;1;0;0;0;0;27593;0;0;0;0;
579;286;63;-220;-216;2;0;0;0;0;1;1;0;0;0;0;27624;0;0;0;0;
579;286;65;-220;-214;2;0;0;0;0;1;1;0;0;0;0;27655;0;0;0;0;
579;286;66;-219;-213;2;0;0;0;0;1;1;0;0;0;0;27686;0;0;0;0;
579;286;63;-219;-212;2;0;0;0;0;1;1;0;0;0;0;27717;0;0;0;0;
579;286;64;-219;-212;2;0;0;0;0;1;1;0;0;0;0;27748;0;0;0;0;
579;286;64;-218;-212;2;0;0;0;0;1;1;0;0;0;0;27779;0;0;0;0;
579;286;65;-216;-210;2;0;0;0;0;1;1;0;0;0;0;27810;0;0;0;0;
579;286;66;-216;-211;2;0;0;0;0;1;1;0;0;0;0;27841;0;0;0;0;
579;286;64;-217;-212;2;0;0;0;0;1;1;0;0;0;0;27872;0;0;0;0;
579;286;65;-217;-211;2;0;0;0;0;1;1;0;0;0;0;27903;0;0;0;0;
579;286;65;-215;-211;2;0;0;0;0;1;1;0;0;0;0;27934;0;0;0;0;
579;286;65;-214;-210;2;0;0;0;0;1;1;0;0;0;0;27965;0;0;0;0;
579;286;67;-214;-210;2;0;0;0;0;1;1;0;0;0;0;27996;0;0;0;0;
579;286;68;-214;-210;2;0;0;0;0;1;1;0;0;0;0;28027;0;0;0;0;
579;286;65;-214;-210;2;0;0;0;0;1;1;0;0;0;0;28058;0;0;0;0;
579;286;65;-212;-210;2;0;0;0;0;1;1;0;0;0;0;28089;0;0;0;0;
579;286;69;-212;-208;2;0;0;0;0;1;1;0;0;0;0;28120;0;0;0;0;
579;286;67;-210;-209;2;0;0;0;0;1;1;0;0;0;0;28151;0;0;0;0;
579;286;65;-212;-209;2;0;0;0;0;1;1;0;0;0;0;28182;0;0;0;0;
579;286;66;-211;-209;2;0;0;0;0;1;1;0;0;0;0;28213;0;0;0;0;
579;286;67;-210;-208;2;0;0;0;0;1;1;0;0;0;0;28244;0;0;0;0;
579;286;68;-208;-206;2;0;0;0;0;1;1;0;0;0;0;28275;0;0;0;0;
579;286;67;-210;-205;2;0;0;0;0;1;1;0;0;0;0;28306;0;0;0;0;
579;286;68;-209;-208;2;0;0;0;0;1;1;0;0;0;0;28337;0;0;0;0;
579;286;67;-208;-207;2;0;0;0;0;1;1;0;0;0;0;28368;0;0;0;0;
579;286;69;-208;-205;2;0;0;0;0;1;1;0;0;0;0;28399;0;0;0;0;
579;286;70;-206;-205;2;0;0;0;0;1;1;0;0;0;0;28430;0;0;0;0;
579;286;67;-206;-204;2;0;0;0;0;1;1;0;0;0;0;28461;0;0;0;0;
579;286;67;-207;-205;2;0;0;0;0;1;1;0;0;0;0;28492;0;0;0;0;
579;286;67;-205;-204;2;0;0;0;0;1;1;0;0;0;0;28523;0;0;0;0;
579;286;70;-204;-203;2;0;0;0;0;1;1;0;0;0;0;28554;0;0;0;0;
579;286;69;-205;-202;2;0;0;0;0;1;1;0;0;0;0;28585;0;0;0;0;
579;286;69;-203;-202;2;0;0;0;0;1;1;0;0;0;0;28616;0;0;0;0;
579;286;67;-204;-202;2;0;0;0;0;1;1;0;0;0;0;28647;0;0;0;0;
579;286;68;-202;-202;2;0;0;0;0;1;1;0;0;0;0;28678;0;0;0;0;
579;286;70;-202;-200;2;0;0;0;0;1;1;0;0;0;0;28709;0;0;0;0;
579;286;70;-201;-200;2;0;0;0;0;1;1;0;0;0;0;28740;0;0;0;0;
579;286;70;-200;-200;2;0;0;0;0;1;1;0;0;0;0;28771;0;0;0;0;
579;286;68;-201;-200;2;1;1;0;0;1;1;0;2;0;0;0;1;0;0;0;
579;286;70;-197;-202;1;1;1;0;0;1;1;0;2;0;0;0;32;0;0;0;
579;286;70;-194;-217;1;1;1;0;0;1;1;0;2;0;0;0;63;0;0;0;
579;286;71;-194;-226;1;1;1;0;0;1;1;0;2;0;0;0;94;0;0;0;
579;286;69;-195;-228;1;1;1;0;0;1;1;0;2;0;0;0;125;0;0;0;
579;286;69;-196;-227;1;1;1;0;0;1;1;0;2;0;0;0;156;0;0;0;
579;286;70;-195;-225;1;1;1;0;0;1;1;0;2;0;0;0;187;0;0;0;
579;286;70;-195;-226;1;1;1;0;0;1;1;0;2;0;0;0;218;0;0;0;
579;286;70;-195;-227;1;1;1;0;0;1;1;0;2;0;0;0;249;0;0;0;
579;286;70;-196;-228;1;1;1;0;0;1;1;0;2;0;0;0;280;0;0;0;
579;286;70;-197;-230;1;1;1;0;0;1;1;0;2;0;0;0;311;0;0;0;
579;286;69;-196;-229;1;1;1;0;0;1;1;0;2;0;0;0;342;0;0;0;
579;286;73;-195;-229;1;1;1;0;0;1;1;0;2;0;0;0;373;0;0;0;
579;286;70;-196;-230;1;1;1;0;0;1;1;0;2;0;0;0;404;0;0;0;
579;286;67;-197;-230;1;1;1;0;0;1;1;0;2;0;0;0;435;0;0;0;
579;286;68;-197;-232;1;1;1;0;0;1;1;0;2;0;0;0;466;0;0;0;
579;286;68;-197;-233;1;1;1;0;0;1;1;0;2;0;0;0;497;0;0;0;
579;286;70;-195;-233;1;1;1;0;0;1;1;0;2;0;0;0;528;0;0;0;
579;286;66;-197;-232;1;1;1;0;0;1;1;0;2;0;0;0;559;0;0;0;
579;286;65;-198;-234;1;1;1;0;0;1;1;0;2;0;0;0;590;0;0;0;
579;286;65;-198;-234;1;1;1;0;0;1;1;0;2;0;0;0;621;0;0;0;
579;286;65;-198;-234;1;1;1;0;0;1;1;0;2;0;0;0;652;0;0;0;
579;286;65;-197;-234;1;1;1;0;0;1;1;0;2;0;0;0;683;0;0;0;
579;286;64;-198;-236;1;1;1;0;0;1;1;0;2;0;0;0;714;0;0;0;
579;286;61;-199;-237;1;1;1;0;0;1;1;0;2;0;0;0;745;0;0;0;
579;286;61;-199;-236;1;1;1;0;0;1;1;0;2;0;0;0;776;0;0;0;
579;286;61;-198;-236;1;1;1;0;0;1;1;0;2;0;0;0;807;0;0;0;
579;286;63;-198;-237;1;1;1;0;0;1;1;0;2;0;0;0;838;0;0;0;
579;286;60;-199;-237;1;1;1;0;0;1;1;0;2;0;0;0;869;0;0;0;
579;286;57;-200;-238;1;1;1;0;0;1;1;0;2;0;0;0;900;0;0;0;
579;286;59;-200;-239;1;1;1;0;0;1;1;0;2;0;0;0;931;0;0;0;
579;286;60;-200;-239;1;1;1;0;0;1;1;0;2;0;0;0;962;0;0;0;
579;286;60;-199;-240;2;1;1;0;0;1;1;0;2;0;0;0;993;0;0;0;
579;286;55;-199;-243;2;1;1;0;0;1;1;0;2;0;0;0;1024;0;0;0;
579;286;55;-200;-251;2;1;1;0;0;1;1;0;2;0;0;0;1055;0;0;0;
579;286;55;-202;-260;2;1;1;0;0;1;1;0;2;0;0;0;1086;0;0;0;
579;286;55;-202;-265;2;1;1;0;0;1;1;0;2;0;0;0;1117;0;0;0;
579;286;56;-203;-269;2;1;1;0;0;1;1;0;2;0;0;0;1148;0;0;0;
579;286;53;-205;-273;2;1;1;0;0;1;1;0;2;0;0;0;1179;0;0;0;
579;286;54;-207;-274;2;1;1;0;0;1;1;0;2;0;0;0;1210;0;0;0;
579;286;54;-208;-276;2;1;1;0;0;1;1;0;2;0;0;0;1241;0;0;0;
579;286;54;-209;-277;2;1;1;0;0;1;1;0;2;0;0;0;1272;0;0;0;
579;286;54;-210;-278;2;1;1;0;0;1;1;0;2;0;0;0;1303;0;0;0;
579;286;51;-211;-280;2;1;1;0;0;1;1;0;2;0;0;0;1334;0;0;0;
579;286;53;-213;-282;2;1;1;0;0;1;1;0;2;0;0;0;1365;0;0;0;
579;286;53;-215;-282;2;1;1;0;0;1;1;0;2;0;0;0;1396;0;0;0;
579;286;55;-215;-282;2;1;1;0;0;1;1;0;2;0;0;0;1427;0;0;0;
579;286;53;-216;-283;2;1;1;0;0;1;1;0;2;0;0;0;1458;0;0;0;
579;286;51;-219;-285;2;1;1;0;0;1;1;0;2;0;0;0;1489;0;0;0;
579;286;52;-220;-286;2;1;1;0;0;1;1;0;2;0;0;0;1520;0;0;0;
579;286;54;-221;-286;2;1;1;0;0;1;1;0;2;0;0;0;1551;0;0;0;
579;286;53;-222;-287;2;1;1;0;0;1;1;0;2;0;0;0;1582;0;0;0;
579;286;53;-224;-289;2;1;1;0;0;1;1;0;2;0;0;0;1613;0;0;0;
579;286;52;-225;-289;2;1;1;0;0;1;1;0;2;0;0;0;1644;0;0;0;
579;286;51;-227;-290;2;1;1;0;0;1;1;0;2;0;0;0;1675;0;0;0;
579;286;53;-226;-290;2;1;1;0;0;1;1;0;2;0;0;0;1706;0;0;0;
579;286;53;-227;-292;2;1;1;0;0;1;1;0;2;0;0;0;1737;0;0;0;
579;286;53;-229;-293;2;1;1;0;0;1;1;0;2;0;0;0;1768;0;0;0;
579;286;51;-230;-293;2;1;1;0;0;1;1;0;2;0;0;0;1799;0;0;0;
579;286;51;-230;-294;2;0;0;1;0;1;1;0;2;0;0;0;1830;0;0;0;
579;286;53;-230;-283;2;0;0;1;0;1;1;0;2;0;0;0;1861;0;0;0;
579;286;53;-231;-259;2;0;0;1;0;1;1;0;2;0;0;0;1892;0;0;0;
579;286;52;-231;-230;2;0;0;1;0;1;1;0;2;0;0;0;1923;0;0;0;
579;286;51;-230;-195;2;0;0;1;0;1;1;0;2;0;0;0;1954;0;0;0;
579;286;51;-227;-158;2;0;0;1;0;1;1;0;2;0;0;0;1985;0;0;0;
579;286;53;-223;-120;2;0;0;1;0;1;1;0;2;0;0;0;2016;0;0;0;
579;286;51;-216;-89;2;0;0;1;0;1;1;0;2;0;0;0;2047;0;0;0;
579;286;52;-209;-67;2;0;0;1;0;1;1;0;2;0;0;0;2078;0;0;0;
579;286;51;-201;-50;2;0;0;1;0;1;1;0;2;0;0;0;2109;0;0;0;
579;286;52;-193;-34;2;0;0;1;0;1;1;0;2;0;0;0;2140;0;0;0;
579;286;52;-182;-11;2;0;0;1;0;1;1;0;2;0;0;0;2171;0;0;0;
579;286;54;-172;17;2;0;0;1;0;1;1;0;2;0;0;0;2202;0;0;0;
579;286;53;-160;48;2;0;0;1;0;1;1;0;2;0;0;0;2233;0;0;0;
579;286;51;-148;73;2;0;0;1;0;1;1;0;2;0;0;0;2264;0;0;0;
579;286;52;-135;99;2;0;0;1;0;1;1;0;2;0;0;0;2295;0;0;0;
579;286;57;-119;120;2;0;0;1;0;1;1;0;2;0;0;0;2326;0;0;0;
579;286;52;-105;143;2;0;0;1;0;1;1;0;2;0;0;0;2357;0;0;0;
579;286;52;-92;157;2;0;0;1;0;1;1;0;2;0;0;0;2388;0;0;0;
579;286;51;-76;174;2;0;0;1;0;1;1;0;2;0;0;0;2419;0;0;0;
579;286;53;-60;192;2;0;0;1;0;1;1;0;2;0;0;0;2450;0;0;0;
579;286;53;-44;213;2;0;0;1;0;1;1;0;2;0;0;0;2481;0;0;0;
579;286;53;-28;232;2;0;0;1;0;1;1;0;2;0;0;0;2512;0;0;0;
579;286;51;-13;246;2;0;0;1;0;1;1;0;2;0;0;0;2543;0;0;0;
579;286;53;4;261;2;0;0;1;0;1;1;0;2;0;0;0;2574;0;0;0;
579;286;54;22;275;2;0;0;1;0;1;1;0;2;0;0;0;2605;0;0;0;
579;286;54;39;295;2;0;0;1;0;1;1;0;2;0;0;0;2636;0;0;0;
579;286;54;55;303;2;0;0;1;0;1;1;0;2;0;0;0;2667;0;0;0;
579;286;53;70;303;2;0;0;1;0;1;1;0;2;0;0;0;2698;0;0;0;
579;286;54;85;315;2;0;0;1;0;1;1;0;2;0;0;0;2729;0;0;0;
579;286;55;100;325;2;0;0;1;0;1;1;0;2;0;0;0;2760;0;0;0;
579;286;55;115;336;2;0;1;0;0;1;1;0;0;0;1;16;0;2704;0;0;
579;286;53;126;336;2;0;1;0;0;1;1;0;0;0;1;47;0;2704;0;0;
579;286;52;131;330;2;0;1;0;0;1;1;0;0;0;1;78;0;2704;0;0;
579;286;53;140;318;2;0;1;0;0;1;1;0;0;0;1;109;0;2704;0;0;
579;286;55;150;311;2;0;1;0;0;1;1;0;0;0;1;140;0;2704;0;0;
579;286;55;153;303;2;0;1;0;0;1;1;0;0;0;1;171;0;2704;0;0;
579;286;54;154;291;2;0;1;0;0;1;1;0;0;0;1;202;0;2704;0;0;
579;286;53;152;274;2;0;1;0;0;1;1;0;0;0;1;233;0;2704;0;0;
579;286;55;154;263;2;0;1;0;0;1;1;0;0;0;1;264;0;2704;0;0;
579;286;56;154;255;2;0;1;0;0;1;1;0;0;0;1;295;0;2704;0;0;
579;286;55;155;245;2;0;1;0;0;1;1;0;0;0;1;326;0;2704;0;0;
579;286;55;150;237;2;0;1;0;0;1;1;0;0;0;1;357;0;2704;0;0;
579;286;54;149;226;2;0;1;0;0;1;1;0;0;0;1;388;0;2704;0;0;
579;286;55;145;220;2;0;1;0;0;1;1;0;0;0;1;419;0;2704;0;0;
579;286;56;145;213;2;0;1;0;0;1;1;0;0;0;1;450;0;2704;0;0;
579;286;56;142;202;2;0;1;0;0;1;1;0;0;0;1;481;0;2704;0;0;
579;286;55;136;195;2;0;1;0;0;1;1;0;0;0;1;512;0;2704;0;0;
579;286;55;131;182;2;0;1;0;0;1;1;0;0;0;1;543;0;2704;0;0;
579;286;55;127;172;2;0;1;0;0;1;1;0;0;0;1;574;0;2704;0;0;
579;286;56;122;162;2;0;1;0;0;1;1;0;0;0;1;605;0;2704;0;0;
579;286;57;116;147;2;0;1;0;0;1;1;0;0;0;1;636;0;2704;0;0;
579;286;53;107;129;2;0;1;0;0;1;1;0;0;0;1;667;0;2704;0;0;
579;286;55;96;109;2;0;1;0;0;1;1;0;0;0;1;698;0;2704;0;0;
579;286;56;84;90;2;1;1;0;0;1;1;0;0;0;1;729;0;2704;0;0;
579;286;58;33;22;2;1;1;0;0;1;1;0;0;0;1;760;0;2704;0;0;
579;286;56;-4;-51;2;1;1;0;0;1;1;0;0;0;1;791;0;2704;0;0;
579;286;55;-28;-101;2;1;1;0;0;1;1;0;0;0;1;822;0;2704;0;0;
579;286;55;-45;-132;2;1;1;0;0;1;1;0;0;0;1;853;0;2704;0;0;
579;286;60;-58;-150;2;1;1;0;0;1;1;0;0;0;1;884;0;2704;0;0;
579;286;58;-69;-160;2;1;1;0;0;1;1;0;0;0;1;915;0;2704;0;0;
579;286;61;-77;-169;2;1;1;0;0;1;1;0;0;0;1;946;0;2704;0;0;
579;286;56;-87;-175;2;1;1;0;0;1;1;0;0;0;1;977;0;2704;0;0;
579;286;58;-93;-179;2;1;1;0;0;1;1;0;0;0;1;1008;0;2704;0;0;
579;286;58;-98;-180;2;1;1;0;0;1;1;0;0;0;1;1039;0;2704;0;0;
579;286;58;-103;-181;2;1;1;0;0;1;1;0;0;0;1;1070;0;2704;0;0;
579;286;59;-109;-185;2;1;1;0;0;1;1;0;0;0;1;1101;0;2704;0;0;
579;286;55;-115;-190;2;1;1;0;0;1;1;0;0;0;1;1132;0;2704;0;0;
579;286;59;-120;-192;2;1;1;0;0;1;1;0;0;0;1;1163;0;2704;0;0;
579;286;59;-122;-195;2;1;1;0;0;1;1;0;0;0;1;1194;0;2704;0;0;
579;286;60;-127;-199;2;1;1;0;0;1;1;0;0;0;1;1225;0;2704;0;0;
579;286;58;-131;-201;2;1;1;0;0;1;1;0;0;0;1;1256;0;2704;0;0;
579;286;58;-135;-206;2;1;1;0;0;1;1;0;0;0;1;1287;0;2704;0;0;
579;286;58;-137;-209;2;1;1;0;0;1;1;0;0;0;1;1318;0;2704;0;0;
579;286;60;-140;-210;2;1;1;0;0;1;1;0;0;0;1;1349;0;2704;0;0;
579;286;60;-143;-212;2;1;1;0;0;1;1;0;0;0;1;1380;0;2704;0;0;
579;286;60;-146;-219;2;1;1;0;0;1;1;0;0;0;1;1411;0;2704;0;0;
579;286;59;-148;-227;2;1;1;0;0;1;1;0;0;0;1;1442;0;2704;0;0;
579;286;60;-150;-231;2;1;1;0;0;1;1;0;0;0;1;1473;0;2704;0;0;
579;286;61;-152;-233;2;1;1;0;0;1;1;0;0;0;1;1504;0;2704;0;0;
579;286;60;-155;-236;2;1;1;0;0;1;1;0;0;0;1;1535;0;2704;0;0;
579;286;60;-157;-238;2;1;1;0;0;1;1;0;0;0;1;1566;0;2704;0;0;
579;286;60;-160;-240;2;1;1;0;0;1;1;0;0;0;1;1597;0;2704;0;0;
579;286;60;-160;-242;2;1;1;0;0;1;1;0;0;0;1;1628;0;2704;0;0;
579;286;61;-162;-243;2;1;1;0;0;1;1;0;0;0;1;1659;0;2704;0;0;
579;286;61;-165;-243;2;1;1;0;0;1;1;0;0;0;1;1690;0;2704;0;0;
579;286;60;-168;-246;2;1;1;0;0;1;1;0;0;0;1;1721;0;2704;0;0;
579;286;60;-170;-247;2;1;1;0;0;1;1;0;0;0;1;1752;0;2704;0;0;
579;286;61;-170;-248;2;1;1;0;0;1;1;0;0;0;1;1783;0;2704;0;0;
579;286;61;-172;-248;2;1;1;0;0;1;1;0;0;0;1;1814;0;2704;0;0;
579;286;62;-174;-249;2;1;1;0;0;1;1;0;0;0;1;1845;0;2704;0;0;
579;286;60;-177;-251;2;1;1;0;0;1;1;0;0;0;1;1876;0;2704;0;0;
579;286;60;-178;-253;2;1;1;0;0;1;1;0;0;0;1;1907;0;2704;0;0;
579;286;62;-179;-253;2;1;1;0;0;1;1;0;0;0;1;1938;0;2704;0;0;
579;286;62;-180;-254;2;1;1;0;0;1;1;0;0;0;1;1969;0;2704;0;0;
579;286;61;-182;-254;2;1;1;0;0;1;1;0;0;0;1;2000;0;2704;0;0;
579;286;61;-183;-256;2;1;1;0;0;1;1;0;0;0;1;2031;0;2704;0;0;
579;286;61;-185;-256;2;1;1;0;0;1;1;0;0;0;1;2062;0;2704;0;0;
579;286;63;-186;-258;2;1;1;0;0;1;1;0;0;0;1;2093;0;2704;0;0;
579;286;64;-187;-259;2;1;1;0;0;1;1;0;0;0;1;2124;0;2704;0;0;
579;286;62;-188;-259;2;1;1;0;0;1;1;0;0;0;1;2155;0;2704;0;0;
579;286;61;-191;-262;2;1;1;0;0;1;1;0;0;0;1;2186;0;2704;0;0;
579;286;62;-191;-263;2;1;1;0;0;1;1;0;0;0;1;2217;0;2704;0;0;
579;286;64;-193;-263;2;1;1;0;0;1;1;0;0;0;1;2248;0;2704;0;0;
579;286;65;-193;-264;2;1;1;0;0;1;1;0;0;0;1;2279;0;2704;0;0;
579;286;63;-195;-266;2;1;1;0;0;1;1;0;0;0;1;2310;0;2704;0;0;
579;286;62;-197;-267;2;1;1;0;0;1;1;0;0;0;1;2341;0;2704;0;0;
579;286;63;-198;-268;2;1;1;0;0;1;1;0;0;0;1;2372;0;2704;0;0;
579;286;64;-199;-269;2;1;1;0;0;1;1;0;0;0;1;2403;0;2704;0;0;
579;286;64;-200;-269;2;1;1;0;0;1;1;0;0;0;1;2434;0;2704;0;0;
579;286;63;-201;-272;2;1;1;0;0;1;1;0;0;0;1;2465;0;2704;0;0;
579;286;63;-203;-273;2;1;1;0;0;1;1;0;0;0;1;2496;0;2704;0;0;
579;286;63;-203;-273;2;1;1;0;0;1;1;0;0;0;1;2527;0;2704;0;0;
579;286;64;-204;-273;2;1;1;0;0;1;1;0;0;0;1;2558;0;2704;0;0;
579;286;65;-205;-274;2;1;1;0;0;1;1;0;0;0;1;2589;0;2704;0;0;
579;286;64;-207;-275;2;1;1;0;0;1;1;0;0;0;1;2620;0;2704;0;0;
579;286;64;-209;-277;2;1;1;0;0;1;1;0;0;0;1;2651;0;2704;0;0;
579;286;64;-209;-277;2;1;1;0;0;1;1;0;0;0;1;2682;0;2704;0;0;
579;286;65;-210;-278;2;1;1;0;0;1;1;0;0;0;1;2713;0;2704;0;0;
579;286;65;-210;-279;2;1;1;0;0;1;1;0;0;0;1;2744;0;2704;0;0;
579;286;65;-212;-280;2;1;1;0;0;1;1;0;0;0;1;2775;0;2704;0;0;
579;286;64;-213;-282;2;1;1;0;0;1;1;0;0;0;1;2806;0;2704;0;0;
579;286;65;-214;-283;2;1;1;0;0;1;1;0;0;0;1;2837;0;2704;0;0;
579;286;68;-214;-283;2;1;1;0;0;1;1;0;0;0;1;2868;0;2704;0;0;
579;286;66;-215;-284;2;1;1;0;0;1;1;0;0;0;1;2899;0;2704;0;0;
579;286;65;-217;-285;2;1;1;0;0;1;1;0;0;0;1;2930;0;2704;0;0;
579;286;65;-217;-286;2;1;1;0;0;1;1;0;0;0;1;2961;0;2704;0;0;
579;286;66;-219;-286;2;1;1;0;0;1;1;0;0;0;1;2992;0;2704;0;0;
579;286;67;-219;-284;2;0;0;0;0;1;1;0;0;0;1;3023;0;2704;0;0;
579;286;66;-220;-278;2;0;0;0;0;1;1;0;0;0;1;3054;0;2704;0;0;
579;286;65;-221;-273;2;0;0;0;0;1;1;0;0;0;1;3085;0;2704;0;0;
579;286;65;-221;-267;2;0;0;0;0;1;1;0;0;0;1;3116;0;2704;0;0;
579;286;65;-221;-262;2;0;0;0;0;1;1;0;0;0;1;3147;0;2704;0;0;
579;286;67;-221;-247;2;0;0;0;0;1;1;0;0;0;1;3178;0;2704;0;0;
579;286;67;-221;-238;2;0;0;0;0;1;1;0;0;0;1;3209;0;2704;0;0;
579;286;65;-223;-230;2;0;0;0;0;1;1;0;0;0;1;3240;0;2704;0;0;
579;286;66;-222;-225;2;0;0;0;0;1;1;0;0;0;1;3271;0;2704;0;0;
579;286;68;-221;-220;2;0;0;0;0;1;1;0;0;0;1;3302;0;2704;0;0;
579;286;70;-220;-216;2;0;0;0;0;1;1;0;0;0;1;3333;0;2704;0;0;
579;286;67;-221;-214;2;0;0;0;0;1;1;0;0;0;1;3364;0;2704;0;0;
579;286;67;-221;-214;2;0;0;0;0;1;1;0;0;0;1;3395;0;2704;0;0;
579;286;66;-220;-212;2;0;0;0;0;1;1;0;0;0;1;3426;0;2704;0;0;
579;286;70;-219;-211;2;0;0;0;0;1;1;0;0;0;1;3457;0;2704;0;0;
579;286;70;-219;-211;2;0;0;0;0;1;1;0;0;0;1;3488;0;2704;0;0;
579;286;68;-218;-210;2;0;0;0;0;1;1;0;0;0;1;3519;0;2704;0;0;
579;286;67;-219;-210;2;0;0;0;0;1;1;0;0;0;1;3550;0;2704;0;0;
579;286;68;-217;-210;2;0;0;0;0;1;1;0;0;0;1;3581;0;2704;0;0;
579;286;71;-216;-210;2;0;0;0;0;1;1;0;0;0;1;3612;0;2704;0;0;
579;286;70;-215;-209;2;0;0;0;0;1;1;0;0;0;1;3643;0;2704;0;0;
579;286;67;-215;-208;2;0;0;0;0;1;1;0;0;0;1;3674;0;2704;0;0;
579;286;66;-215;-208;2;0;0;0;0;1;1;0;0;0;1;3705;0;2704;0;0;
579;286;68;-214;-207;2;0;0;0;0;1;1;0;0;0;1;3736;0;2704;0;0;
579;286;69;-213;-206;2;0;0;0;0;1;1;0;0;0;1;3767;0;2704;0;0;
579;286;70;-212;-205;2;0;0;0;0;1;1;0;0;0;1;3798;0;2704;0;0;
579;286;67;-212;-205;2;0;0;0;0;1;1;0;0;0;1;3829;0;2704;0;0;
579;286;68;-212;-205;2;0;0;0;0;1;1;0;0;0;1;3860;0;2704;0;0;
579;286;69;-211;-205;2;0;0;0;0;1;1;0;0;0;1;3891;0;2704;0;0;
579;286;72;-209;-203;2;0;0;0;0;1;1;0;0;0;1;3922;0;2704;0;0;
579;286;72;-209;-204;2;0;0;0;0;1;1;0;0;0;1;3953;0;2704;0;0;
579;286;69;-210;-203;2;0;0;0;0;1;1;0;0;0;1;3984;0;2704;0;0;
579;286;69;-209;-203;2;0;0;0;0;1;1;0;0;0;1;4015;0;2704;0;0;
579;286;70;-208;-202;2;0;0;0;0;1;1;0;0;0;1;4046;0;2704;0;0;
579;286;70;-206;-201;2;0;0;0;0;1;1;0;0;0;1;4077;0;2704;0;0;
579;286;71;-206;-201;2;0;0;0;0;1;1;0;0;0;1;4108;0;2704;0;0;
579;286;70;-206;-202;2;0;0;0;0;1;1;0;0;0;1;4139;0;2704;0;0;
579;286;70;-205;-200;2;0;0;0;0;1;1;0;0;0;1;4170;0;2704;0;0;
579;286;70;-205;-199;2;0;0;0;0;1;1;0;0;0;1;4201;0;2704;0;0;
579;286;72;-202;-200;2;0;0;0;0;1;1;0;0;0;1;4232;0;2704;0;0;
579;286;71;-203;-200;2;0;0;0;0;1;1;0;0;0;1;4263;0;2704;0;0;
579;286;70;-203;-200;2;0;0;0;0;1;1;0;0;0;1;4294;0;2704;0;0;
579;286;70;-202;-199;2;0;0;0;0;1;1;0;0;0;1;4325;0;2704;0;0;
579;286;75;-200;-198;2;0;0;0;0;1;1;0;0;0;1;4356;0;2704;0;0;
579;286;73;-200;-197;2;0;0;0;0;1;1;0;0;0;1;4387;0;2704;0;0;
579;286;72;-200;-197;2;0;0;0;0;1;1;0;0;0;1;4418;0;2704;0;0;
579;286;69;-200;-196;2;0;0;0;0;1;1;0;0;0;1;4449;0;2704;0;0;
579;286;72;-199;-196;2;0;0;0;0;1;1;0;0;0;1;4480;0;2704;0;0;
579;286;74;-198;-194;2;0;0;0;0;1;1;0;0;0;1;4511;0;2704;0;0;
579;286;73;-198;-193;2;0;0;0;0;1;1;0;0;0;1;4542;0;2704;0;0;
579;286;72;-198;-195;2;0;0;0;0;1;1;0;0;0;1;4573;0;2704;0;0;
579;286;71;-198;-194;2;0;0;0;0;1;1;0;0;0;1;4604;0;2704;0;0;
579;286;72;-197;-193;2;0;0;0;0;1;1;0;0;0;1;4635;0;2704;0;0;
579;286;75;-195;-193;2;0;0;0;0;1;1;0;0;0;1;4666;0;2704;0;0;
579;286;74;-195;-191;2;0;0;0;0;1;1;0;0;0;1;4697;0;2704;0;0;
579;286;72;-195;-191;2;0;0;0;0;1;1;0;0;0;1;4728;0;2704;0;0;
579;286;72;-195;-192;2;0;0;0;0;1;1;0;0;0;1;4759;0;2704;0;0;
579;286;73;-194;-190;2;0;0;0;0;1;1;0;0;0;1;4790;0;2704;0;0;
579;286;75;-192;-190;2;0;0;0;0;1;1;0;0;0;1;4821;0;2704;0;0;
579;286;76;-191;-190;2;0;0;0;0;1;1;0;0;0;1;4852;0;2704;0;0;
579;286;73;-193;-190;2;0;0;0;0;1;1;0;0;0;1;4883;0;2704;0;0;
579;286;73;-191;-190;2;0;0;0;0;1;1;0;0;0;1;4914;0;2704;0;0;
579;286;75;-190;-189;2;0;0;0;0;1;1;0;0;0;1;4945;0;2704;0;0;
579;286;75;-190;-187;2;0;0;0;0;1;1;0;0;0;1;4976;0;2704;0;0;
579;286;75;-190;-187;2;0;0;0;0;1;1;0;0;0;1;5007;0;2704;0;0;
579;286;74;-190;-187;2;0;0;0;0;1;1;0;0;0;1;5038;0;2704;0;0;
579;286;74;-190;-187;2;0;0;0;0;1;1;0;0;0;1;5069;0;2704;0;0;
579;286;75;-188;-186;2;0;0;0;0;1;1;0;0;0;1;5100;0;2704;0;0;
579;286;77;-187;-185;2;0;0;0;0;1;1;0;0;0;1;5131;0;2704;0;0;
579;286;75;-186;-185;2;0;0;0;0;1;1;0;0;0;1;5162;0;2704;0;0;
579;286;75;-188;-186;2;0;0;0;0;1;1;0;0;0;1;5193;0;2704;0;0;
579;286;74;-184;-187;1;1;1;0;0;1;1;0;0;0;1;5224;0;2704;0;0;
579;286;76;-180;-200;1;1;1;0;0;1;1;0;0;0;1;5255;0;2704;0;0;
579;286;76;-180;-210;1;1;1;0;0;1;1;0;0;0;1;5286;0;2704;0;0;
579;286;76;-180;-215;1;1;1;0;0;1;1;0;0;0;1;5317;0;2704;0;0;
579;286;75;-181;-214;1;1;1;0;0;1;1;0;0;0;1;5348;0;2704;0;0;
579;286;75;-182;-215;1;1;1;0;0;1;1;0;0;0;1;5379;0;2704;0;0;
579;286;75;-182;-217;1;1;1;0;0;1;1;0;0;0;1;5410;0;2704;0;0;
579;286;77;-183;-217;1;1;1;0;0;1;1;0;0;0;1;5441;0;2704;0;0;
579;286;75;-183;-220;1;1;1;0;0;1;1;0;0;0;1;5472;0;2704;0;0;
579;286;72;-185;-222;1;1;1;0;0;1;1;0;0;0;1;5503;0;2704;0;0;
579;286;75;-185;-224;1;1;1;0;0;1;1;0;0;0;1;5534;0;2704;0;0;
579;286;76;-185;-225;1;1;1;0;0;1;1;0;0;0;1;5565;0;2704;0;0;
579;286;74;-185;-225;1;1;1;0;0;1;1;0;0;0;1;5596;0;2704;0;0;
579;286;75;-185;-227;1;1;1;0;0;1;1;0;0;0;1;5627;0;2704;0;0;
579;286;71;-186;-227;1;1;1;0;0;1;1;0;0;0;1;5658;0;2704;0;0;
579;286;75;-186;-227;1;1;1;0;0;1;1;0;0;0;1;5689;0;2704;0;0;
579;286;75;-187;-228;1;1;1;0;0;1;1;0;0;0;1;5720;0;2704;0;0;
579;286;75;-188;-228;1;1;1;0;0;1;1;0;0;0;1;5751;0;2704;0;0;
579;286;70;-189;-229;1;1;1;0;0;1;1;0;0;0;1;5782;0;2704;0;0;
579;286;70;-189;-230;1;1;1;0;0;1;1;0;0;0;1;5813;0;2704;0;0;
579;286;72;-188;-231;1;1;1;0;0;1;1;0;0;0;1;5844;0;2704;0;0;
579;286;71;-188;-231;1;1;1;0;0;1;1;0;0;0;1;5875;0;2704;0;0;
579;286;71;-189;-232;1;1;1;0;0;1;1;0;0;0;1;5906;0;2704;0;0;
579;286;69;-189;-233;1;1;1;0;0;1;1;0;0;0;1;5937;0;2704;0;0;
579;286;67;-190;-234;1;1;1;0;0;1;1;0;0;0;1;5968;0;2704;0;0;
579;286;68;-190;-233;1;1;1;0;0;1;1;0;0;0;1;5999;0;2704;0;0;
579;286;70;-190;-233;1;1;1;0;0;1;1;0;0;0;1;6030;0;2704;0;0;
579;286;67;-190;-232;1;1;1;0;0;1;1;0;0;0;1;6061;0;2704;0;0;
579;286;64;-191;-234;1;1;1;0;0;1;1;0;0;0;1;6092;0;2704;0;0;
579;286;64;-191;-234;1;1;1;0;0;1;1;0;0;0;1;6123;0;2704;0;0;
579;286;65;-191;-234;1;1;1;0;0;1;1;0;0;0;1;6154;0;2704;0;0;
579;286;65;-191;-234;1;1;1;0;0;1;1;0;0;0;1;6185;0;2704;0;0;
579;286;63;-191;-234;1;1;1;0;0;1;1;0;0;0;1;6216;0;2704;0;0;
579;286;60;-193;-235;1;1;1;0;0;1;1;0;0;0;1;6247;0;2704;0;0;
579;286;60;-192;-236;1;1;1;0;0;1;1;0;0;0;1;6278;0;2704;0;0;
579;286;60;-193;-237;1;1;1;0;0;1;1;0;0;0;1;6309;0;2704;0;0;
579;286;61;-192;-239;1;1;1;0;0;1;1;0;0;0;1;6340;0;2704;0;0;
579;286;59;-193;-241;1;1;1;0;0;1;1;0;0;0;1;6371;0;2704;0;0;
579;286;57;-194;-241;1;1;1;0;0;1;1;0;0;0;1;6402;0;2704;0;0;
579;286;56;-194;-242;1;1;1;0;0;1;1;0;0;0;1;6433;0;2704;0;0;
579;286;55;-194;-240;2;1;1;0;0;1;1;0;0;0;1;6464;0;0;0;0;
579;286;55;-193;-241;2;1;1;0;0;1;1;0;0;0;1;6495;0;0;0;0;
579;286;54;-194;-248;2;1;1;0;0;1;1;0;0;0;1;6526;0;0;0;0;
579;286;53;-195;-254;2;1;1;0;0;1;1;0;0;0;1;6557;0;0;0;0;
579;286;52;-197;-259;2;1;1;0;0;1;1;0;0;0;1;6588;0;0;0;0;
579;286;55;-198;-263;2;1;1;0;0;1;1;0;0;0;1;6619;0;0;0;0;
579;286;54;-198;-265;2;1;1;0;0;1;1;0;0;0;1;6650;0;0;0;0;
579;286;53;-200;-267;2;1;1;0;0;1;1;0;0;0;1;6681;0;0;0;0;
579;286;52;-202;-269;2;1;1;0;0;1;1;0;0;0;1;6712;0;0;0;0;
579;286;53;-203;-270;2;1;1;0;0;1;1;0;0;0;1;6743;0;0;0;0;
579;286;54;-203;-273;2;1;1;0;0;1;1;0;0;0;1;6774;0;0;0;0;
579;286;53;-205;-274;2;1;1;0;0;1;1;0;0;0;1;6805;0;0;0;0;
579;286;53;-207;-276;2;1;1;0;0;1;1;0;0;0;1;6836;0;0;0;0;
579;286;51;-209;-277;2;1;1;0;0;1;1;0;0;0;1;6867;0;0;0;0;
579;286;52;-210;-277;2;1;1;0;0;1;1;0;0;0;1;6898;0;0;0;0;
579;286;51;-210;-278;2;1;1;0;0;1;1;0;0;0;1;6929;0;0;0;0;
579;286;52;-212;-279;2;1;1;0;0;1;1;0;0;0;1;6960;0;0;0;0;
579;286;51;-213;-280;2;1;1;0;0;1;1;0;0;0;1;6991;0;0;0;0;
579;286;51;-215;-282;2;1;1;0;0;1;1;0;0;0;1;7022;0;0;0;0;
579;286;51;-215;-283;2;1;1;0;0;1;1;0;0;0;1;7053;0;0;0;0;
579;286;53;-216;-283;2;1;1;0;0;1;1;0;0;0;1;7084;0;0;0;0;
579;286;51;-217;-284;2;1;1;0;0;1;1;0;0;0;1;7115;0;0;0;0;
579;286;50;-220;-285;2;0;0;0;0;1;1;0;0;0;1;7146;0;0;0;0;
579;286;51;-220;-282;2;0;0;0;0;1;1;0;0;0;1;7177;0;0;0;0;
579;286;51;-221;-274;2;0;0;0;0;1;1;0;0;0;1;7208;0;0;0;0;
579;286;53;-220;-268;2;0;0;0;0;1;1;0;0;0;1;7239;0;0;0;0;
579;286;51;-221;-263;2;0;0;0;0;1;1;0;0;0;1;7270;0;0;0;0;
579;286;50;-222;-251;2;0;0;0;0;1;1;0;0;0;1;7301;0;0;0;0;
579;286;51;-222;-241;2;0;0;0;0;1;1;0;0;0;1;7332;0;0;0;0;
579;286;51;-221;-232;2;0;0;0;0;1;1;0;0;0;1;7363;0;0;0;0;
579;286;52;-221;-226;2;0;0;0;0;1;1;0;0;0;1;7394;0;0;0;0;
579;286;51;-221;-222;2;0;0;0;0;1;1;0;0;0;1;7425;0;0;0;0;
579;286;51;-221;-218;2;0;0;0;0;1;1;0;0;0;1;7456;0;0;0;0;
579;286;51;-221;-215;2;0;0;0;0;1;1;0;0;0;1;7487;0;0;0;0;
579;286;53;-220;-213;2;0;0;0;0;1;1;0;0;0;1;7518;0;0;0;0;
579;286;52;-219;-211;2;0;0;0;0;1;1;0;0;0;1;7549;0;0;0;0;
579;286;51;-220;-210;2;0;0;0;0;1;1;0;0;0;1;7580;0;0;0;0;
579;286;50;-219;-211;2;0;0;0;0;1;1;0;0;0;1;7611;0;0;0;0;
579;286;51;-219;-210;2;0;0;0;0;1;1;0;0;0;1;7642;0;0;0;0;
579;286;51;-218;-209;2;0;0;0;0;1;1;0;0;0;1;7673;0;0;0;0;
579;286;51;-216;-209;2;0;0;0;0;1;1;0;0;0;1;7704;0;0;0;0;
579;286;53;-217;-210;2;0;0;0;0;1;1;0;0;0;1;7735;0;0;0;0;
579;286;51;-217;-210;2;0;0;0;0;1;1;0;0;0;1;7766;0;0;0;0;
579;286;53;-216;-210;2;0;0;0;0;1;1;0;0;0;1;7797;0;0;0;0;
579;286;52;-213;-208;2;0;0;0;0;1;1;0;0;0;1;7828;0;0;0;0;
579;286;53;-215;-206;2;0;0;0;0;1;1;0;0;0;1;7859;0;0;0;0;
579;286;51;-215;-207;2;0;0;0;0;1;1;0;0;0;1;7890;0;0;0;0;
579;286;51;-214;-209;2;0;0;0;0;1;1;0;0;0;1;7921;0;0;0;0;
579;286;54;-213;-207;2;0;0;0;0;1;1;0;0;0;1;7952;0;0;0;0;
579;286;55;-211;-206;2;0;0;0;0;1;1;0;0;0;1;7983;0;0;0;0;
579;286;55;-211;-206;2;0;0;0;0;1;1;0;0;0;1;8014;0;0;0;0;
579;286;51;-212;-206;2;0;0;0;0;1;1;0;0;0;1;8045;0;0;0;0;
579;286;51;-210;-206;2;0;0;0;0;1;1;0;0;0;1;8076;0;0;0;0;
579;286;54;-210;-205;2;0;0;0;0;1;1;0;0;0;1;8107;0;0;0;0;
579;286;55;-209;-205;2;0;0;0;0;1;1;0;0;0;1;8138;0;0;0;0;
579;286;53;-209;-204;2;0;0;0;0;1;1;0;0;0;1;8169;0;0;0;0;
579;286;52;-209;-204;2;0;0;0;0;1;1;0;0;0;1;8200;0;0;0;0;
579;286;52;-208;-204;2;0;0;0;0;1;1;0;0;0;1;8231;0;0;0;0;
579;286;56;-207;-203;2;0;0;0;0;1;1;0;0;0;1;8262;0;0;0;0;
579;286;55;-206;-200;2;0;0;0;0;1;1;0;0;0;1;8293;0;0;0;0;
579;286;54;-206;-202;2;0;0;0;0;1;1;0;0;0;1;8324;0;0;0;0;
579;286;52;-207;-202;2;0;0;0;0;1;1;0;0;0;1;8355;0;0;0;0;
579;286;52;-205;-202;2;0;0;0;0;1;1;0;0;0;1;8386;0;0;0;0;
579;286;54;-205;-200;2;0;0;0;0;1;1;0;0;0;1;8417;0;0;0;0;
579;286;55;-203;-200;2;0;0;0;0;1;1;0;0;0;1;8448;0;0;0;0;
579;286;54;-203;-200;2;0;0;0;0;1;1;0;0;0;1;8479;0;0;0;0;
579;286;53;-203;-200;2;0;0;0;0;1;1;0;0;0;1;8510;0;0;0;0;
579;286;53;-202;-200;2;0;0;0;0;1;1;0;0;0;1;8541;0;0;0;0;
579;286;55;-201;-198;2;0;0;0;0;1;1;0;0;0;1;8572;0;0;0;0;
579;286;55;-200;-198;2;0;0;0;0;1;1;0;0;0;1;8603;0;0;0;0;
579;286;55;-200;-198;2;0;0;0;0;1;1;0;0;0;1;8634;0;0;0;0;
579;286;53;-201;-197;2;0;0;0;0;1;1;0;0;0;1;8665;0;0;0;0;
579;286;55;-200;-198;2;0;0;0;0;1;1;0;0;0;1;8696;0;0;0;0;
579;286;55;-199;-196;2;0;0;0;0;1;1;0;0;0;1;8727;0;0;0;0;
579;286;56;-199;-195;2;0;0;0;0;1;1;0;0;0;1;8758;0;0;0;0;
579;286;55;-198;-195;2;0;0;0;0;1;1;0;0;0;1;8789;0;0;0;0;
579;286;55;-198;-196;2;0;0;0;0;1;1;0;0;0;1;8820;0;0;0;0;
579;286;55;-197;-195;2;0;0;0;0;1;1;0;0;0;1;8851;0;0;0;0;
579;286;56;-196;-194;2;0;0;0;0;1;1;0;0;0;1;8882;0;0;0;0;
579;286;55;-195;-193;2;0;0;0;0;1;1;0;0;0;1;8913;0;0;0;0;
579;286;55;-196;-193;2;0;0;0;0;1;1;0;0;0;1;8944;0;0;0;0;
579;286;55;-195;-193;2;0;0;0;0;1;1;0;0;0;1;8975;0;0;0;0;
579;286;56;-194;-192;2;0;0;0;0;1;1;0;0;0;1;9006;0;0;0;0;
579;286;58;-194;-191;2;0;0;0;0;1;1;0;0;0;1;9037;0;0;0;0;
579;286;56;-193;-190;2;0;0;0;0;1;1;0;0;0;1;9068;0;0;0;0;
579;286;56;-193;-191;2;0;0;0;0;1;1;0;0;0;1;9099;0;0;0;0;
579;286;56;-193;-190;2;0;0;0;0;1;1;0;0;0;1;9130;0;0;0;0;
579;286;57;-191;-190;2;0;0;0;0;1;1;0;0;0;1;9161;0;0;0;0;
579;286;59;-191;-188;2;0;0;0;0;1;1;0;0;0;1;9192;0;0;0;0;
579;286;57;-190;-189;2;0;0;0;0;1;1;0;0;0;1;9223;0;0;0;0;
579;286;55;-190;-189;2;0;0;0;0;1;1;0;0;0;1;9254;0;0;0;0;
579;286;56;-190;-188;2;0;0;0;0;1;1;0;0;0;1;9285;0;0;0;0;
579;286;58;-190;-188;2;0;0;0;0;1;1;0;0;0;1;9316;0;0;0;0;
579;286;59;-188;-186;2;0;0;0;0;1;1;0;0;0;1;9347;0;0;0;0;
579;286;58;-188;-186;2;0;0;0;0;1;1;0;0;0;1;9378;0;0;0;0;
579;286;57;-189;-187;2;0;0;0;0;1;1;0;0;0;1;9409;0;0;0;0;
579;286;57;-188;-186;2;0;0;0;0;1;1;0;0;0;1;9440;0;0;0;0;
579;286;60;-187;-186;2;0;0;0;0;1;1;0;0;0;1;9471;0;0;0;0;
579;286;60;-186;-185;2;0;0;0;0;1;1;0;0;0;1;9502;0;0;0;0;
