579;286;60;-181;-158;4;1;1;0;0;1;1;0;0;0;0;3;0;0;0;0;
579;286;58;-180;-166;2;1;1;0;0;1;1;0;0;0;0;34;0;0;0;0;
579;286;58;-179;-187;2;1;1;0;0;1;1;0;0;0;0;65;0;0;0;0;
579;286;59;-179;-201;2;1;1;0;0;1;1;0;0;0;0;96;0;0;0;0;
579;286;60;-179;-211;2;1;1;0;0;1;1;0;0;0;0;127;0;0;0;0;
579;286;60;-180;-217;2;1;1;0;0;1;1;0;0;0;0;158;0;0;0;0;
579;286;58;-182;-225;2;1;1;0;0;1;1;0;0;0;0;189;0;0;0;0;
579;286;59;-184;-230;2;1;1;0;0;1;1;0;0;0;0;220;0;0;0;0;
579;286;60;-184;-236;2;1;1;0;0;1;1;0;0;0;0;251;0;0;0;0;
579;286;60;-186;-241;2;1;1;0;0;1;1;0;0;0;0;282;0;0;0;0;
579;286;59;-188;-246;2;1;1;0;0;1;1;0;0;0;0;313;0;0;0;0;
579;286;58;-189;-252;2;1;1;0;0;1;1;0;0;0;0;344;0;0;0;0;
579;286;60;-190;-256;2;1;1;0;0;1;1;0;0;0;0;375;0;0;0;0;
579;286;60;-191;-258;2;1;1;0;0;1;1;0;0;0;0;406;0;0;0;0;
579;286;60;-193;-262;2;1;1;0;0;1;1;0;0;0;0;437;0;0;0;0;
579;286;59;-195;-268;2;1;1;0;0;1;1;0;0;0;0;468;0;0;0;0;
579;286;59;-197;-272;2;1;1;0;0;1;1;0;0;0;0;499;0;0;0;0;
579;286;60;-198;-274;2;1;1;0;0;1;1;0;0;0;0;530;0;0;0;0;
579;286;60;-198;-275;2;1;1;0;0;1;1;0;0;0;0;561;0;0;0;0;
579;286;60;-200;-276;2;1;1;0;0;1;1;0;0;0;0;592;0;0;0;0;
579;286;59;-202;-277;2;1;1;0;0;1;1;0;0;0;0;623;0;0;0;0;
579;286;59;-204;-278;2;1;1;0;0;1;1;0;0;0;0;654;0;0;0;0;
579;286;60;-205;-279;2;1;1;0;0;1;1;0;0;0;0;685;0;0;0;0;
579;286;60;-205;-278;2;1;1;0;0;1;1;0;0;0;0;716;0;0;0;0;
579;286;60;-207;-279;2;1;1;0;0;1;1;0;0;0;0;747;0;0;0;0;
579;286;59;-208;-279;2;1;1;0;0;1;1;0;0;0;0;778;0;0;0;0;
579;286;59;-210;-282;2;1;1;0;0;1;1;0;0;0;0;809;0;0;0;0;
579;286;60;-210;-282;2;1;1;0;0;1;1;0;0;0;0;840;0;0;0;0;
579;286;60;-212;-282;2;1;1;0;0;1;1;0;0;0;0;871;0;0;0;0;
579;286;60;-213;-284;2;1;1;0;0;1;1;0;0;0;0;902;0;0;0;0;
579;286;59;-215;-285;2;1;1;0;0;1;1;0;0;0;0;933;0;0;0;0;
579;286;59;-215;-285;2;1;1;0;0;1;1;0;0;0;0;964;0;0;0;0;
579;286;60;-217;-286;2;1;1;0;0;1;1;0;0;0;0;995;0;0;0;0;
579;286;61;-217;-286;2;1;1;0;0;1;1;0;0;0;0;1026;0;0;0;0;
579;286;61;-219;-287;2;1;1;0;0;1;1;0;0;0;0;1057;0;0;0;0;
579;286;59;-220;-285;2;0;0;0;0;1;1;0;0;0;0;1088;0;0;0;0;
579;286;59;-221;-278;2;0;0;0;0;1;1;0;0;0;0;1119;0;0;0;0;
579;286;61;-220;-272;2;0;0;0;0;1;1;0;0;0;0;1150;0;0;0;0;
579;286;61;-220;-266;2;0;0;0;0;1;1;0;0;0;0;1181;0;0;0;0;
579;286;60;-221;-258;2;0;0;0;0;1;1;0;0;0;0;1212;0;0;0;0;
579;286;60;-222;-248;2;0;0;0;0;1;1;0;0;0;0;1243;0;0;0;0;
579;286;60;-221;-238;2;0;0;0;0;1;1;0;0;0;0;1274;0;0;0;0;
579;286;60;-221;-230;2;0;0;0;0;1;1;0;0;0;0;1305;0;0;0;0;
579;286;61;-221;-224;2;0;0;0;0;1;1;0;0;0;0;1336;0;0;0;0;
579;286;61;-221;-220;2;0;0;0;0;1;1;0;0;0;0;1367;0;0;0;0;
579;286;60;-221;-217;2;0;0;0;0;1;1;0;0;0;0;1398;0;0;0;0;
579;286;61;-220;-215;2;0;0;0;0;1;1;0;0;0;0;1429;0;0;0;0;
579;286;63;-220;-213;2;0;0;0;0;1;1;0;0;0;0;1460;0;0;0;0;
579;286;63;-220;-212;2;0;0;0;0;1;1;0;0;0;0;1491;0;0;0;0;
579;286;60;-219;-212;2;0;0;0;0;1;1;0;0;0;0;1522;0;0;0;0;
579;286;60;-218;-212;2;0;0;0;0;1;1;0;0;0;0;1553;0;0;0;0;
579;286;61;-218;-212;2;0;0;0;0;1;1;0;0;0;0;1584;0;0;0;0;
579;286;62;-217;-210;2;0;0;0;0;1;1;0;0;0;0;1615;0;0;0;0;
579;286;63;-217;-210;2;0;0;0;0;1;1;0;0;0;0;1646;0;0;0;0;
579;286;62;-217;-210;2;0;0;0;0;1;1;0;0;0;0;1677;0;0;0;0;
579;286;61;-216;-210;2;0;0;0;0;1;1;0;0;0;0;1708;0;0;0;0;
579;286;63;-214;-210;2;0;0;0;0;1;1;0;0;0;0;1739;0;0;0;0;
579;286;65;-213;-208;2;0;0;0;0;1;1;0;0;0;0;1770;0;0;0;0;
579;286;61;-214;-208;2;0;0;0;0;1;1;0;0;0;0;1801;0;0;0;0;
579;286;62;-214;-210;2;0;0;0;0;1;1;0;0;0;0;1832;0;0;0;0;
579;286;61;-213;-209;2;0;0;0;0;1;1;0;0;0;0;1863;0;0;0;0;
579;286;67;-211;-208;2;0;0;0;0;1;1;0;0;0;0;1894;0;0;0;0;
579;286;64;-211;-206;2;0;0;0;0;1;1;0;0;0;0;1925;0;0;0;0;
579;286;63;-210;-207;2;0;0;0;0;1;1;0;0;0;0;1956;0;0;0;0;
579;286;62;-210;-207;2;0;0;0;0;1;1;0;0;0;0;1987;0;0;0;0;
579;286;62;-210;-207;2;0;0;0;0;1;1;0;0;0;0;2018;0;0;0;0;
579;286;65;-209;-206;2;0;0;0;0;1;1;0;0;0;0;2049;0;0;0;0;
579;286;65;-207;-205;2;0;0;0;0;1;1;0;0;0;0;2080;0;0;0;0;
579;286;65;-208;-205;2;0;0;0;0;1;1;0;0;0;0;2111;0;0;0;0;
579;286;64;-208;-206;2;0;0;0;0;1;1;0;0;0;0;2142;0;0;0;0;
579;286;64;-207;-205;2;0;0;0;0;1;1;0;0;0;0;2173;0;0;0;0;
579;286;66;-205;-204;2;0;0;0;0;1;1;0;0;0;0;2204;0;0;0;0;
579;286;67;-206;-203;2;0;0;0;0;1;1;0;0;0;0;2235;0;0;0;0;
579;286;65;-205;-202;2;0;0;0;0;1;1;0;0;0;0;2266;0;0;0;0;
579;286;64;-205;-203;2;0;0;0;0;1;1;0;0;0;0;2297;0;0;0;0;
579;286;65;-204;-202;2;0;0;0;0;1;1;0;0;0;0;2328;0;0;0;0;
579;286;65;-202;-202;2;0;0;0;0;1;1;0;0;0;0;2359;0;0;0;0;
579;286;68;-202;-200;2;0;0;0;0;1;1;0;0;0;0;2390;0;0;0;0;
579;286;65;-202;-200;2;0;0;0;0;1;1;0;0;0;0;2421;0;0;0;0;
579;286;65;-202;-201;2;0;0;0;0;1;1;0;0;0;0;2452;0;0;0;0;
579;286;67;-200;-200;2;0;0;0;0;1;1;0;0;0;0;2483;0;0;0;0;
579;286;67;-200;-199;2;0;0;0;0;1;1;0;0;0;0;2514;0;0;0;0;
579;286;69;-200;-198;2;0;0;0;0;1;1;0;0;0;0;2545;0;0;0;0;
579;286;65;-200;-199;2;0;0;0;0;1;1;0;0;0;0;2576;0;0;0;0;
579;286;66;-200;-198;2;0;0;0;0;1;1;0;0;0;0;2607;0;0;0;0;
579;286;66;-198;-197;2;0;0;0;0;1;1;0;0;0;0;2638;0;0;0;0;
579;286;71;-197;-197;2;0;0;0;0;1;1;0;0;0;0;2669;0;0;0;0;
579;286;67;-198;-195;2;0;0;0;0;1;1;0;0;0;0;2700;0;0;0;0;
579;286;66;-197;-196;2;0;0;0;0;1;1;0;0;0;0;2731;0;0;0;0;
579;286;67;-196;-195;2;0;0;0;0;1;1;0;0;0;0;2762;0;0;0;0;
579;286;68;-196;-195;2;0;0;0;0;1;1;0;0;0;0;2793;0;0;0;0;
579;286;70;-195;-194;2;0;0;0;0;1;1;0;0;0;0;2824;0;0;0;0;
579;286;70;-194;-194;2;0;0;0;0;1;1;0;0;0;0;2855;0;0;0;0;
579;286;67;-195;-194;2;0;0;0;0;1;1;0;0;0;0;2886;0;0;0;0;
579;286;67;-194;-193;2;0;0;0;0;1;1;0;0;0;0;2917;0;0;0;0;
579;286;70;-193;-193;2;0;0;0;0;1;1;0;0;0;0;2948;0;0;0;0;
579;286;72;-192;-192;2;0;0;0;0;1;1;0;0;0;0;2979;0;0;0;0;
579;286;70;-192;-191;2;0;0;0;0;1;1;0;0;0;0;3010;0;0;0;0;
579;286;69;-192;-191;2;0;0;0;0;1;1;0;0;0;0;3041;0;0;0;0;
579;286;68;-192;-191;2;0;0;0;0;1;1;0;0;0;0;3072;0;0;0;0;
579;286;69;-190;-189;2;0;0;0;0;1;1;0;0;0;0;3103;0;0;0;0;
579;286;71;-189;-189;2;0;0;0;0;1;1;0;0;0;0;3134;0;0;0;0;
579;286;70;-190;-190;2;0;0;0;0;1;1;0;0;0;0;3165;0;0;0;0;
579;286;66;-190;-190;2;0;0;0;0;1;1;0;0;0;0;3196;0;0;0;0;
579;286;70;-189;-189;2;0;0;0;0;1;1;0;0;0;0;3227;0;0;0;0;
579;286;73;-188;-188;2;0;0;0;0;1;1;0;0;0;0;3258;0;0;0;0;
579;286;73;-187;-187;2;0;0;0;0;1;1;0;0;0;0;3289;0;0;0;0;
579;286;70;-187;-186;2;0;0;0;0;1;1;0;0;0;0;3320;0;0;0;0;
579;286;70;-187;-187;3;1;1;0;0;1;1;0;0;0;0;3351;0;0;0;0;
579;286;70;-184;-193;1;1;1;0;0;1;1;0;0;0;0;3382;0;0;0;0;
579;286;70;-181;-206;1;1;1;0;0;1;1;0;0;0;0;3413;0;0;0;0;
579;286;73;-180;-213;1;1;1;0;0;1;1;0;0;0;0;3444;0;0;0;0;
579;286;70;-181;-216;1;1;1;0;0;1;1;0;0;0;0;3475;0;0;0;0;
579;286;70;-182;-215;1;1;1;0;0;1;1;0;0;0;0;3506;0;0;0;0;
579;286;70;-183;-215;1;1;1;0;0;1;1;0;0;0;0;3537;0;0;0;0;
579;286;71;-183;-217;1;1;1;0;0;1;1;0;0;0;0;3568;0;0;0;0;
579;286;72;-183;-220;1;1;1;0;0;1;1;0;0;0;0;3599;0;0;0;0;
579;286;70;-185;-220;1;1;1;0;0;1;1;0;0;0;0;3630;0;0;0;0;
579;286;69;-185;-221;1;1;1;0;0;1;1;0;0;0;0;3661;0;0;0;0;
579;286;70;-185;-220;1;1;1;0;0;1;1;0;0;0;0;3692;0;0;0;0;
579;286;72;-185;-223;1;1;1;0;0;1;1;0;0;0;0;3723;0;0;0;0;
579;286;71;-185;-225;1;1;1;0;0;1;1;0;0;0;0;3754;0;0;0;0;
579;286;68;-186;-227;1;1;1;0;0;1;1;0;0;0;0;3785;0;0;0;0;
579;286;69;-187;-229;1;1;1;0;0;1;1;0;0;0;0;3816;0;0;0;0;
579;286;70;-186;-228;1;1;1;0;0;1;1;0;0;0;0;3847;0;0;0;0;
579;286;71;-186;-227;1;1;1;0;0;1;1;0;0;0;0;3878;0;0;0;0;
579;286;68;-187;-228;1;1;1;0;0;1;1;0;0;0;0;3909;0;0;0;0;
579;286;67;-188;-228;1;1;1;0;0;1;1;0;0;0;0;3940;0;0;0;0;
579;286;66;-188;-230;1;1;1;0;0;1;1;0;0;0;0;3971;0;0;0;0;
579;286;67;-188;-230;1;1;1;0;0;1;1;0;0;0;0;4002;0;0;0;0;
579;286;68;-187;-232;1;1;1;0;0;1;1;0;0;0;0;4033;0;0;0;0;
579;286;65;-189;-233;1;1;1;0;0;1;1;0;0;0;0;4064;0;0;0;0;
579;286;64;-190;-235;1;1;1;0;0;1;1;0;0;0;0;4095;0;0;0;0;
579;286;62;-190;-235;1;1;1;0;0;1;1;0;0;0;0;4126;0;0;0;0;
579;286;63;-190;-235;1;1;1;0;0;1;1;0;0;0;0;4157;0;0;0;0;
579;286;63;-190;-235;1;1;1;0;0;1;1;0;0;0;0;4188;0;0;0;0;
579;286;61;-190;-236;1;1;1;0;0;1;1;0;0;0;0;4219;0;0;0;0;
579;286;60;-191;-237;1;1;1;0;0;1;1;0;0;0;0;4250;0;0;0;0;
579;286;60;-191;-239;1;1;1;0;0;1;1;0;0;0;0;4281;0;0;0;0;
579;286;60;-191;-240;1;1;1;0;0;1;1;0;0;0;0;4312;0;0;0;0;
579;286;60;-191;-241;1;1;1;0;0;1;1;0;0;0;0;4343;0;0;0;0;
579;286;58;-192;-243;1;1;1;0;0;1;1;0;0;0;0;4374;0;0;0;0;
579;286;57;-193;-243;1;1;1;0;0;1;1;0;0;0;0;4405;0;0;0;0;
579;286;56;-192;-243;1;1;1;0;0;1;1;0;0;0;0;4436;0;0;0;0;
579;286;56;-192;-242;1;1;1;0;0;1;1;0;0;0;0;4467;0;0;0;0;
579;286;55;-192;-243;2;1;1;0;0;1;1;0;0;0;0;4498;0;0;0;0;
579;286;55;-193;-246;2;1;1;0;0;1;1;0;0;0;0;4529;0;0;0;0;
579;286;54;-194;-252;2;1;1;0;0;1;1;0;0;0;0;4560;0;0;0;0;
579;286;54;-195;-257;2;1;1;0;0;1;1;0;0;0;0;4591;0;0;0;0;
579;286;54;-195;-259;2;1;1;0;0;1;1;0;0;0;0;4622;0;0;0;0;
579;286;55;-197;-263;2;1;1;0;0;1;1;0;0;0;0;4653;0;0;0;0;
579;286;53;-199;-266;2;1;1;0;0;1;1;0;0;0;0;4684;0;0;0;0;
579;286;53;-200;-268;2;1;1;0;0;1;1;0;0;0;0;4715;0;0;0;0;
579;286;52;-200;-270;2;1;1;0;0;1;1;0;0;0;0;4746;0;0;0;0;
579;286;53;-202;-272;2;1;1;0;0;1;1;0;0;0;0;4777;0;0;0;0;
579;286;53;-203;-273;2;1;1;0;0;1;1;0;0;0;0;4808;0;0;0;0;
579;286;51;-206;-274;2;1;1;0;0;1;1;0;0;0;0;4839;0;0;0;0;
579;286;52;-207;-275;2;1;1;0;0;1;1;0;0;0;0;4870;0;0;0;0;
579;286;52;-208;-276;2;1;1;0;0;1;1;0;0;0;0;4901;0;0;0;0;
579;286;54;-210;-277;2;1;1;0;0;1;1;0;0;0;0;4932;0;0;0;0;
579;286;53;-210;-278;2;1;1;0;0;1;1;0;0;0;0;4963;0;0;0;0;
579;286;52;-212;-279;2;1;1;0;0;1;1;0;0;0;0;4994;0;0;0;0;
579;286;51;-213;-280;2;1;1;0;0;1;1;0;0;0;0;5025;0;0;0;0;
579;286;51;-213;-282;2;1;1;0;0;1;1;0;0;0;0;5056;0;0;0;0;
579;286;53;-214;-283;2;1;1;0;0;1;1;0;0;0;0;5087;0;0;0;0;
579;286;51;-216;-283;2;1;1;0;0;1;1;0;0;0;0;5118;0;0;0;0;
579;286;50;-217;-286;2;1;1;0;0;1;1;0;0;0;0;5149;0;0;0;0;
579;286;51;-219;-285;2;1;1;0;0;1;1;0;0;0;0;5180;0;0;0;0;
579;286;51;-220;-285;2;0;0;0;0;1;1;0;0;0;0;5211;0;0;0;0;
579;286;52;-220;-282;2;0;0;0;0;1;1;0;0;0;0;5242;0;0;0;0;
579;286;50;-221;-276;2;0;0;0;0;1;1;0;0;0;0;5273;0;0;0;0;
579;286;50;-222;-272;2;0;0;0;0;1;1;0;0;0;0;5304;0;0;0;0;
579;286;51;-222;-265;2;0;0;0;0;1;1;0;0;0;0;5335;0;0;0;0;
579;286;51;-221;-253;2;0;0;0;0;1;1;0;0;0;0;5366;0;0;0;0;
579;286;51;-221;-242;2;0;0;0;0;1;1;0;0;0;0;5397;0;0;0;0;
579;286;51;-222;-233;2;0;0;0;0;1;1;0;0;0;0;5428;0;0;0;0;
579;286;50;-223;-228;2;0;0;0;0;1;1;0;0;0;0;5459;0;0;0;0;
579;286;50;-222;-224;2;0;0;0;0;1;1;0;0;0;0;5490;0;0;0;0;
579;286;51;-221;-219;2;0;0;0;0;1;1;0;0;0;0;5521;0;0;0;0;
579;286;55;-220;-216;2;0;0;0;0;1;1;0;0;0;0;5552;0;0;0;0;
579;286;51;-220;-215;2;0;0;0;0;1;1;0;0;0;0;5583;0;0;0;0;
579;286;50;-220;-214;2;0;0;0;0;1;1;0;0;0;0;5614;0;0;0;0;
579;286;51;-220;-213;2;0;0;0;0;1;1;0;0;0;0;5645;0;0;0;0;
579;286;51;-218;-212;2;0;0;0;0;1;1;0;0;0;0;5676;0;0;0;0;
579;286;54;-219;-212;2;0;0;0;0;1;1;0;0;0;0;5707;0;0;0;0;
579;286;51;-218;-211;2;0;0;0;0;1;1;0;0;0;0;5738;0;0;0;0;
579;286;49;-218;-211;2;0;0;0;0;1;1;0;0;0;0;5769;0;0;0;0;
579;286;51;-217;-212;2;0;0;0;0;1;1;0;0;0;0;5800;0;0;0;0;
579;286;53;-216;-210;2;0;0;0;0;1;1;0;0;0;0;5831;0;0;0;0;
579;286;53;-216;-210;2;0;0;0;0;1;1;0;0;0;0;5862;0;0;0;0;
579;286;55;-215;-210;2;0;0;0;0;1;1;0;0;0;0;5893;0;0;0;0;
579;286;51;-215;-210;2;0;0;0;0;1;1;0;0;0;0;5924;0;0;0;0;
579;286;53;-215;-210;2;0;0;0;0;1;1;0;0;0;0;5955;0;0;0;0;
579;286;55;-213;-209;2;0;0;0;0;1;1;0;0;0;0;5986;0;0;0;0;
579;286;53;-213;-209;2;0;0;0;0;1;1;0;0;0;0;6017;0;0;0;0;
579;286;51;-213;-209;2;0;0;0;0;1;1;0;0;0;0;6048;0;0;0;0;
579;286;52;-212;-209;2;0;0;0;0;1;1;0;0;0;0;6079;0;0;0;0;
579;286;53;-211;-208;2;0;0;0;0;1;1;0;0;0;0;6110;0;0;0;0;
579;286;55;-210;-207;2;0;0;0;0;1;1;0;0;0;0;6141;0;0;0;0;
579;286;54;-210;-206;2;0;0;0;0;1;1;0;0;0;0;6172;0;0;0;0;
579;286;53;-210;-207;2;0;0;0;0;1;1;0;0;0;0;6203;0;0;0;0;
579;286;53;-210;-207;2;0;0;0;0;1;1;0;0;0;0;6234;0;0;0;0;
579;286;54;-209;-206;2;0;0;0;0;1;1;0;0;0;0;6265;0;0;0;0;
579;286;55;-208;-204;2;0;0;0;0;1;1;0;0;0;0;6296;0;0;0;0;
579;286;56;-207;-204;2;0;0;0;0;1;1;0;0;0;0;6327;0;0;0;0;
579;286;54;-208;-204;2;0;0;0;0;1;1;0;0;0;0;6358;0;0;0;0;
579;286;53;-206;-204;2;0;0;0;0;1;1;0;0;0;0;6389;0;0;0;0;
579;286;55;-205;-203;2;0;0;0;0;1;1;0;0;0;0;6420;0;0;0;0;
579;286;55;-204;-201;2;0;0;0;0;1;1;0;0;0;0;6451;0;0;0;0;
579;286;54;-204;-202;2;0;0;0;0;1;1;0;0;0;0;6482;0;0;0;0;
579;286;53;-204;-202;2;0;0;0;0;1;1;0;0;0;0;6513;0;0;0;0;
579;286;54;-204;-202;2;0;0;0;0;1;1;0;0;0;0;6544;0;0;0;0;
579;286;55;-202;-200;2;0;0;0;0;1;1;0;0;0;0;6575;0;0;0;0;
579;286;56;-202;-200;2;0;0;0;0;1;1;0;0;0;0;6606;0;0;0;0;
579;286;55;-201;-200;2;0;0;0;0;1;1;0;0;0;0;6637;0;0;0;0;
579;286;55;-201;-200;2;0;0;0;0;1;1;0;0;0;0;6668;0;0;0;0;
579;286;55;-201;-199;2;0;0;0;0;1;1;0;0;0;0;6699;0;0;0;0;
579;286;58;-199;-198;2;0;0;0;0;1;1;0;0;0;0;6730;0;0;0;0;
579;286;58;-200;-199;2;0;0;0;0;1;1;0;0;0;0;6761;0;0;0;0;
579;286;55;-200;-198;2;0;0;0;0;1;1;0;0;0;0;6792;0;0;0;0;
579;286;55;-199;-199;2;0;0;0;0;1;1;0;0;0;0;6823;0;0;0;0;
579;286;57;-198;-197;2;0;0;0;0;1;1;0;0;0;0;6854;0;0;0;0;
579;286;58;-198;-196;2;0;0;0;0;1;1;0;0;0;0;6885;0;0;0;0;
579;286;57;-196;-195;2;0;0;0;0;1;1;0;0;0;0;6916;0;0;0;0;
579;286;55;-197;-195;2;0;0;0;0;1;1;0;0;0;0;6947;0;0;0;0;
579;286;56;-196;-195;2;0;0;0;0;1;1;0;0;0;0;6978;0;0;0;0;
579;286;57;-195;-194;2;0;0;0;0;1;1;0;0;0;0;7009;0;0;0;0;
579;286;61;-194;-193;2;0;0;0;0;1;1;0;0;0;0;7040;0;0;0;0;
579;286;56;-194;-191;2;0;0;0;0;1;1;0;0;0;0;7071;0;0;0;0;
579;286;55;-195;-193;2;0;0;0;0;1;1;0;0;0;0;7102;0;0;0;0;
579;286;55;-194;-193;2;0;0;0;0;1;1;0;0;0;0;7133;0;0;0;0;
579;286;60;-192;-192;2;0;0;0;0;1;1;0;0;0;0;7164;0;0;0;0;
579;286;58;-191;-190;2;0;0;0;0;1;1;0;0;0;0;7195;0;0;0;0;
579;286;58;-192;-190;2;0;0;0;0;1;1;0;0;0;0;7226;0;0;0;0;
579;286;56;-193;-190;2;0;0;0;0;1;1;0;0;0;0;7257;0;0;0;0;
579;286;58;-191;-190;2;0;0;0;0;1;1;0;0;0;0;7288;0;0;0;0;
579;286;60;-190;-189;2;0;0;0;0;1;1;0;0;0;0;7319;0;0;0;0;
579;286;59;-190;-188;2;0;0;0;0;1;1;0;0;0;0;7350;0;0;0;0;
579;286;60;-190;-188;2;0;0;0;0;1;1;0;0;0;0;7381;0;0;0;0;
579;286;58;-190;-189;2;0;0;0;0;1;1;0;0;0;0;7412;0;0;0;0;
579;286;60;-189;-188;2;0;0;0;0;1;1;0;0;0;0;7443;0;0;0;0;
579;286;61;-188;-187;2;0;0;0;0;1;1;0;0;0;0;7474;0;0;0;0;
579;286;61;-187;-186;2;0;0;0;0;1;1;0;0;0;0;7505;0;0;0;0;
579;286;60;-188;-185;2;0;0;0;0;1;1;0;0;0;0;7536;0;0;0;0;
579;286;60;-186;-186;2;1;1;0;0;1;1;0;0;0;0;7567;0;0;0;0;
579;286;61;-183;-195;2;1;1;0;0;1;1;0;0;0;0;7598;0;0;0;0;
579;286;62;-181;-212;2;1;1;0;0;1;1;0;0;0;0;7629;0;0;0;0;
579;286;63;-181;-224;2;1;1;0;0;1;1;0;0;0;0;7660;0;0;0;0;
579;286;60;-183;-229;2;1;1;0;0;1;1;0;0;0;0;7691;0;0;0;0;
579;286;60;-186;-232;2;1;1;0;0;1;1;0;0;0;0;7722;0;0;0;0;
579;286;60;-186;-236;2;1;1;0;0;1;1;0;0;0;0;7753;0;0;0;0;
579;286;61;-186;-240;2;1;1;0;0;1;1;0;0;0;0;7784;0;0;0;0;
579;286;62;-189;-246;2;1;1;0;0;1;1;0;0;0;0;7815;0;0;0;0;
579;286;61;-191;-251;2;1;1;0;0;1;1;0;0;0;0;7846;0;0;0;0;
579;286;60;-193;-254;2;1;1;0;0;1;1;0;0;0;0;7877;0;0;0;0;
579;286;62;-195;-256;2;1;1;0;0;1;1;0;0;0;0;7908;0;0;0;0;
579;286;63;-197;-260;2;1;1;0;0;1;1;0;0;0;0;7939;0;0;0;0;
579;286;62;-198;-265;2;1;1;0;0;1;1;0;0;0;0;7970;0;0;0;0;
579;286;62;-200;-269;2;1;1;0;0;1;1;0;0;0;0;8001;0;0;0;0;
579;286;62;-201;-273;2;1;1;0;0;1;1;0;0;0;0;8032;0;0;0;0;
579;286;63;-202;-274;2;1;1;0;0;1;1;0;0;0;0;8063;0;0;0;0;
579;286;65;-204;-277;2;1;1;0;0;1;1;0;0;0;0;8094;0;0;0;0;
579;286;63;-206;-280;2;1;1;0;0;1;1;0;0;0;0;8125;0;0;0;0;
579;286;62;-208;-283;2;1;1;0;0;1;1;0;0;0;0;8156;0;0;0;0;
579;286;63;-210;-284;2;1;1;0;0;1;1;0;0;0;0;8187;0;0;0;0;
579;286;64;-210;-284;2;1;1;0;0;1;1;0;0;0;0;8218;0;0;0;0;
579;286;65;-210;-284;2;1;1;0;0;1;1;0;0;0;0;8249;0;0;0;0;
579;286;65;-212;-285;2;1;1;0;0;1;1;0;0;0;0;8280;0;0;0;0;
579;286;62;-215;-286;2;1;1;0;0;1;1;0;0;0;0;8311;0;0;0;0;
579;286;65;-215;-287;2;1;1;0;0;1;1;0;0;0;0;8342;0;0;0;0;
579;286;65;-215;-286;2;1;1;0;0;1;1;0;0;0;0;8373;0;0;0;0;
579;286;67;-217;-286;2;1;1;0;0;1;1;0;0;0;0;8404;0;0;0;0;
579;286;64;-218;-288;2;1;1;0;0;1;1;0;0;0;0;8435;0;0;0;0;
579;286;63;-220;-288;2;0;0;0;0;1;1;0;0;0;0;8466;0;0;0;0;
579;286;65;-220;-280;2;0;0;0;0;1;1;0;0;0;0;8497;0;0;0;0;
579;286;66;-220;-274;2;0;0;0;0;1;1;0;0;0;0;8528;0;0;0;0;
579;286;67;-220;-266;2;0;0;0;0;1;1;0;0;0;0;8559;0;0;0;0;
579;286;66;-221;-255;2;0;0;0;0;1;1;0;0;0;0;8590;0;0;0;0;
579;286;65;-222;-246;2;0;0;0;0;1;1;0;0;0;0;8621;0;0;0;0;
579;286;66;-221;-237;2;0;0;0;0;1;1;0;0;0;0;8652;0;0;0;0;
579;286;68;-220;-230;2;0;0;0;0;1;1;0;0;0;0;8683;0;0;0;0;
579;286;67;-220;-223;2;0;0;0;0;1;1;0;0;0;0;8714;0;0;0;0;
579;286;67;-221;-220;2;0;0;0;0;1;1;0;0;0;0;8745;0;0;0;0;
579;286;65;-221;-217;2;0;0;0;0;1;1;0;0;0;0;8776;0;0;0;0;
579;286;66;-220;-214;2;0;0;0;0;1;1;0;0;0;0;8807;0;0;0;0;
579;286;68;-220;-212;2;0;0;0;0;1;1;0;0;0;0;8838;0;0;0;0;
579;286;68;-219;-212;2;0;0;0;0;1;1;0;0;0;0;8869;0;0;0;0;
579;286;67;-219;-211;2;0;0;0;0;1;1;0;0;0;0;8900;0;0;0;0;
579;286;66;-219;-211;2;0;0;0;0;1;1;0;0;0;0;8931;0;0;0;0;
579;286;67;-219;-210;2;0;0;0;0;1;1;0;0;0;0;8962;0;0;0;0;
579;286;68;-217;-210;2;0;0;0;0;1;1;0;0;0;0;8993;0;0;0;0;
579;286;69;-217;-210;2;0;0;0;0;1;1;0;0;0;0;9024;0;0;0;0;
579;286;67;-216;-210;2;0;0;0;0;1;1;0;0;0;0;9055;0;0;0;0;
579;286;67;-215;-210;2;0;0;0;0;1;1;0;0;0;0;9086;0;0;0;0;
579;286;69;-214;-210;2;0;0;0;0;1;1;0;0;0;0;9117;0;0;0;0;
579;286;70;-213;-209;2;0;0;0;0;1;1;0;0;0;0;9148;0;0;0;0;
579;286;69;-213;-209;2;0;0;0;0;1;1;0;0;0;0;9179;0;0;0;0;
579;286;67;-213;-209;2;0;0;0;0;1;1;0;0;0;0;9210;0;0;0;0;
579;286;67;-214;-209;2;0;0;0;0;1;1;0;0;0;0;9241;0;0;0;0;
579;286;70;-212;-208;2;0;0;0;0;1;1;0;0;0;0;9272;0;0;0;0;
579;286;73;-211;-208;2;0;0;0;0;1;1;0;0;0;0;9303;0;0;0;0;
579;286;70;-211;-207;2;0;0;0;0;1;1;0;0;0;0;9334;0;0;0;0;
579;286;69;-210;-208;2;0;0;0;0;1;1;0;0;0;0;9365;0;0;0;0;
579;286;69;-210;-207;2;0;0;0;0;1;1;0;0;0;0;9396;0;0;0;0;
579;286;70;-208;-205;2;0;0;0;0;1;1;0;0;0;0;9427;0;0;0;0;
579;286;71;-209;-204;2;0;0;0;0;1;1;0;0;0;0;9458;0;0;0;0;
579;286;70;-209;-205;2;0;0;0;0;1;1;0;0;0;0;9489;0;0;0;0;
579;286;69;-208;-206;2;0;0;0;0;1;1;0;0;0;0;9520;0;0;0;0;
579;286;70;-208;-205;2;0;0;0;0;1;1;0;0;0;0;9551;0;0;0;0;
579;286;71;-206;-205;2;0;0;0;0;1;1;0;0;0;0;9582;0;0;0;0;
579;286;74;-206;-203;2;0;0;0;0;1;1;0;0;0;0;9613;0;0;0;0;
579;286;70;-206;-202;2;0;0;0;0;1;1;0;0;0;0;9644;0;0;0;0;
579;286;70;-205;-203;2;0;0;0;0;1;1;0;0;0;0;9675;0;0;0;0;
579;286;72;-204;-202;2;0;0;0;0;1;1;0;0;0;0;9706;0;0;0;0;
579;286;71;-202;-200;2;0;0;0;0;1;1;0;0;0;0;9737;0;0;0;0;
579;286;72;-203;-199;2;0;0;0;0;1;1;0;0;0;0;9768;0;0;0;0;
579;286;73;-203;-200;2;0;0;0;0;1;1;0;0;0;0;9799;0;0;0;0;
579;286;71;-202;-200;2;0;0;0;0;1;1;0;0;0;0;9830;0;0;0;0;
579;286;73;-201;-200;2;0;0;0;0;1;1;0;0;0;0;9861;0;0;0;0;
579;286;75;-200;-200;2;0;0;0;0;1;1;0;0;0;0;9892;0;0;0;0;
579;286;73;-200;-197;2;0;0;0;0;1;1;0;0;0;0;9923;0;0;0;0;
579;286;72;-200;-198;2;0;0;0;0;1;1;0;0;0;0;9954;0;0;0;0;
579;286;72;-200;-199;2;0;0;0;0;1;1;0;0;0;0;9985;0;0;0;0;
579;286;73;-198;-197;2;0;0;0;0;1;1;0;0;0;0;10016;0;0;0;0;
579;286;73;-198;-196;2;0;0;0;0;1;1;0;0;0;0;10047;0;0;0;0;
579;286;75;-198;-197;2;0;0;0;0;1;1;0;0;0;0;10078;0;0;0;0;
579;286;74;-198;-197;2;0;0;0;0;1;1;0;0;0;0;10109;0;0;0;0;
579;286;72;-198;-197;2;0;0;0;0;1;1;0;0;0;0;10140;0;0;0;0;
579;286;74;-197;-196;2;0;0;0;0;1;1;0;0;0;0;10171;0;0;0;0;
579;286;76;-196;-194;2;0;0;0;0;1;1;0;0;0;0;10202;0;0;0;0;
579;286;75;-194;-194;2;0;0;0;0;1;1;0;0;0;0;10233;0;0;0;0;
579;286;73;-195;-194;2;0;0;0;0;1;1;0;0;0;0;10264;0;0;0;0;
579;286;72;-195;-194;2;0;0;0;0;1;1;0;0;0;0;10295;0;0;0;0;
579;286;75;-194;-192;2;0;0;0;0;1;1;0;0;0;0;10326;0;0;0;0;
579;286;76;-192;-190;2;0;0;0;0;1;1;0;0;0;0;10357;0;0;0;0;
579;286;75;-193;-190;2;0;0;0;0;1;1;0;0;0;0;10388;0;0;0;0;
579;286;73;-192;-191;2;0;0;0;0;1;1;0;0;0;0;10419;0;0;0;0;
579;286;75;-192;-190;2;0;0;0;0;1;1;0;0;0;0;10450;0;0;0;0;
579;286;75;-189;-191;1;1;1;0;0;1;1;0;0;0;0;10481;0;0;0;0;
579;286;79;-185;-204;1;1;1;0;0;1;1;0;0;0;0;10512;0;0;0;0;
579;286;75;-186;-217;1;1;1;0;0;1;1;0;0;0;0;10543;0;0;0;0;
579;286;75;-186;-222;1;1;1;0;0;1;1;0;0;0;0;10574;0;0;0;0;
579;286;75;-186;-220;1;1;1;0;0;1;1;0;0;0;0;10605;0;0;0;0;
579;286;79;-186;-219;1;1;1;0;0;1;1;0;0;0;0;10636;0;0;0;0;
579;286;77;-187;-219;1;1;1;0;0;1;1;0;0;0;0;10667;0;0;0;0;
579;286;76;-188;-221;1;1;1;0;0;1;1;0;0;0;0;10698;0;0;0;0;
579;286;75;-189;-223;1;1;1;0;0;1;1;0;0;0;0;10729;0;0;0;0;
579;286;75;-189;-223;1;1;1;0;0;1;1;0;0;0;0;10760;0;0;0;0;
579;286;76;-187;-223;1;1;1;0;0;1;1;0;0;0;0;10791;0;0;0;0;
579;286;77;-189;-223;1;1;1;0;0;1;1;0;0;0;0;10822;0;0;0;0;
579;286;75;-190;-226;1;1;1;0;0;1;1;0;0;0;0;10853;0;0;0;0;
579;286;74;-190;-227;1;1;1;0;0;1;1;0;0;0;0;10884;0;0;0;0;
579;286;75;-190;-228;1;1;1;0;0;1;1;0;0;0;0;10915;0;0;0;0;
579;286;74;-190;-229;1;1;1;0;0;1;1;0;0;0;0;10946;0;0;0;0;
579;286;76;-190;-228;1;1;1;0;0;1;1;0;0;0;0;10977;0;0;0;0;
579;286;73;-190;-230;1;1;1;0;0;1;1;0;0;0;0;11008;0;0;0;0;
579;286;73;-191;-230;1;1;1;0;0;1;1;0;0;0;0;11039;0;0;0;0;
579;286;72;-191;-230;1;1;1;0;0;1;1;0;0;0;0;11070;0;0;0;0;
579;286;72;-190;-230;1;1;1;0;0;1;1;0;0;0;0;11101;0;0;0;0;
579;286;72;-192;-231;1;1;1;0;0;1;1;0;0;0;0;11132;0;0;0;0;
579;286;71;-192;-232;1;1;1;0;0;1;1;0;0;0;0;11163;0;0;0;0;
579;286;70;-192;-233;1;1;1;0;0;1;1;0;0;0;0;11194;0;0;0;0;
579;286;70;-192;-233;1;1;1;0;0;1;1;0;0;0;0;11225;0;0;0;0;
579;286;70;-192;-234;1;1;1;0;0;1;1;0;0;0;0;11256;0;0;0;0;
579;286;69;-192;-235;1;1;1;0;0;1;1;0;0;0;0;11287;0;0;0;0;
579;286;66;-194;-235;1;1;1;0;0;1;1;0;0;0;0;11318;0;0;0;0;
579;286;66;-194;-237;1;1;1;0;0;1;1;0;0;0;0;11349;0;0;0;0;
579;286;65;-193;-237;1;1;1;0;0;1;1;0;0;0;0;11380;0;0;0;0;
579;286;65;-193;-237;1;1;1;0;0;1;1;0;0;0;0;11411;0;0;0;0;
579;286;65;-194;-238;1;1;1;0;0;1;1;0;0;0;0;11442;0;0;0;0;
579;286;63;-195;-240;1;1;1;0;0;1;1;0;0;0;0;11473;0;0;0;0;
579;286;62;-194;-242;1;1;1;0;0;1;1;0;0;0;0;11504;0;0;0;0;
579;286;62;-194;-243;1;1;1;0;0;1;1;0;0;0;0;11535;0;0;0;0;
579;286;62;-194;-243;1;1;1;0;0;1;1;0;0;0;0;11566;0;0;0;0;
579;286;60;-195;-244;1;1;1;0;0;1;1;0;0;0;0;11597;0;0;0;0;
579;286;59;-196;-246;1;1;1;0;0;1;1;0;0;0;0;11628;0;0;0;0;
579;286;59;-196;-244;1;1;1;0;0;1;1;0;0;0;0;11659;0;0;0;0;
579;286;59;-195;-244;1;1;1;0;0;1;1;0;0;0;0;11690;0;0;0;0;
579;286;58;-196;-245;1;1;1;0;0;1;1;0;0;0;0;11721;0;0;0;0;
579;286;56;-196;-245;1;1;1;0;0;1;1;0;0;0;0;11752;0;0;0;0;
579;286;55;-197;-245;2;1;1;0;0;1;1;0;0;0;0;11783;0;0;0;0;
579;286;53;-197;-247;2;1;1;0;0;1;1;0;0;0;0;11814;0;0;0;0;
579;286;55;-197;-251;2;1;1;0;0;1;1;0;0;0;0;11845;0;0;0;0;
579;286;55;-198;-256;2;1;1;0;0;1;1;0;0;0;0;11876;0;0;0;0;
579;286;53;-200;-260;2;1;1;0;0;1;1;0;0;0;0;11907;0;0;0;0;
579;286;54;-200;-264;2;1;1;0;0;1;1;0;0;0;0;11938;0;0;0;0;
579;286;53;-201;-266;2;1;1;0;0;1;1;0;0;0;0;11969;0;0;0;0;
579;286;54;-202;-268;2;1;1;0;0;1;1;0;0;0;0;12000;0;0;0;0;
579;286;53;-203;-270;2;1;1;0;0;1;1;0;0;0;0;12031;0;0;0;0;
579;286;52;-206;-273;2;1;1;0;0;1;1;0;0;0;0;12062;0;0;0;0;
579;286;52;-207;-275;2;1;1;0;0;1;1;0;0;0;0;12093;0;0;0;0;
579;286;53;-208;-276;2;1;1;0;0;1;1;0;0;0;0;12124;0;0;0;0;
579;286;53;-209;-277;2;1;1;0;0;1;1;0;0;0;0;12155;0;0;0;0;
579;286;52;-210;-277;2;1;1;0;0;1;1;0;0;0;0;12186;0;0;0;0;
579;286;51;-212;-279;2;1;1;0;0;1;1;0;0;0;0;12217;0;0;0;0;
579;286;51;-213;-280;2;1;1;0;0;1;1;0;0;0;0;12248;0;0;0;0;
579;286;51;-214;-280;2;1;1;0;0;1;1;0;0;0;0;12279;0;0;0;0;
579;286;54;-215;-280;2;1;1;0;0;1;1;0;0;0;0;12310;0;0;0;0;
579;286;53;-216;-283;2;1;1;0;0;1;1;0;0;0;0;12341;0;0;0;0;
579;286;51;-218;-284;2;1;1;0;0;1;1;0;0;0;0;12372;0;0;0;0;
579;286;51;-219;-285;2;1;1;0;0;1;1;0;0;0;0;12403;0;0;0;0;
579;286;51;-220;-284;2;0;0;0;0;1;1;0;0;0;0;12434;0;0;0;0;
579;286;52;-220;-277;2;0;0;0;0;1;1;0;0;0;0;12465;0;0;0;0;
579;286;52;-220;-272;2;0;0;0;0;1;1;0;0;0;0;12496;0;0;0;0;
579;286;50;-222;-267;2;0;0;0;0;1;1;0;0;0;0;12527;0;0;0;0;
579;286;51;-221;-258;2;0;0;0;0;1;1;0;0;0;0;12558;0;0;0;0;
579;286;51;-221;-246;2;0;0;0;0;1;1;0;0;0;0;12589;0;0;0;0;
579;286;51;-221;-236;2;0;0;0;0;1;1;0;0;0;0;12620;0;0;0;0;
579;286;51;-221;-229;2;0;0;0;0;1;1;0;0;0;0;12651;0;0;0;0;
579;286;51;-221;-225;2;0;0;0;0;1;1;0;0;0;0;12682;0;0;0;0;
579;286;51;-221;-220;2;0;0;0;0;1;1;0;0;0;0;12713;0;0;0;0;
579;286;51;-220;-217;2;0;0;0;0;1;1;0;0;0;0;12744;0;0;0;0;
579;286;54;-220;-214;2;0;0;0;0;1;1;0;0;0;0;12775;0;0;0;0;
579;286;51;-220;-214;2;0;0;0;0;1;1;0;0;0;0;12806;0;0;0;0;
579;286;51;-219;-213;2;0;0;0;0;1;1;0;0;0;0;12837;0;0;0;0;
579;286;51;-219;-212;2;0;0;0;0;1;1;0;0;0;0;12868;0;0;0;0;
579;286;54;-218;-211;2;0;0;0;0;1;1;0;0;0;0;12899;0;0;0;0;
579;286;53;-217;-211;2;0;0;0;0;1;1;0;0;0;0;12930;0;0;0;0;
579;286;51;-217;-212;2;0;0;0;0;1;1;0;0;0;0;12961;0;0;0;0;
579;286;51;-217;-211;2;0;0;0;0;1;1;0;0;0;0;12992;0;0;0;0;
579;286;52;-216;-211;2;0;0;0;0;1;1;0;0;0;0;13023;0;0;0;0;
579;286;55;-215;-210;2;0;0;0;0;1;1;0;0;0;0;13054;0;0;0;0;
579;286;53;-215;-210;2;0;0;0;0;1;1;0;0;0;0;13085;0;0;0;0;
579;286;52;-215;-210;2;0;0;0;0;1;1;0;0;0;0;13116;0;0;0;0;
579;286;52;-214;-210;2;0;0;0;0;1;1;0;0;0;0;13147;0;0;0;0;
579;286;53;-213;-209;2;0;0;0;0;1;1;0;0;0;0;13178;0;0;0;0;
579;286;54;-212;-208;2;0;0;0;0;1;1;0;0;0;0;13209;0;0;0;0;
579;286;53;-212;-208;2;0;0;0;0;1;1;0;0;0;0;13240;0;0;0;0;
579;286;53;-212;-208;2;0;0;0;0;1;1;0;0;0;0;13271;0;0;0;0;
579;286;52;-210;-208;2;0;0;0;0;1;1;0;0;0;0;13302;0;0;0;0;
579;286;53;-210;-206;2;0;0;0;0;1;1;0;0;0;0;13333;0;0;0;0;
579;286;55;-209;-206;2;0;0;0;0;1;1;0;0;0;0;13364;0;0;0;0;
579;286;53;-210;-206;2;0;0;0;0;1;1;0;0;0;0;13395;0;0;0;0;
579;286;53;-210;-206;2;0;0;0;0;1;1;0;0;0;0;13426;0;0;0;0;
579;286;53;-209;-205;2;0;0;0;0;1;1;0;0;0;0;13457;0;0;0;0;
579;286;54;-208;-204;2;0;0;0;0;1;1;0;0;0;0;13488;0;0;0;0;
579;286;55;-207;-203;2;0;0;0;0;1;1;0;0;0;0;13519;0;0;0;0;
579;286;54;-207;-203;2;0;0;0;0;1;1;0;0;0;0;13550;0;0;0;0;
579;286;53;-207;-204;2;0;0;0;0;1;1;0;0;0;0;13581;0;0;0;0;
579;286;53;-205;-203;2;0;0;0;0;1;1;0;0;0;0;13612;0;0;0;0;
579;286;54;-205;-202;2;0;0;0;0;1;1;0;0;0;0;13643;0;0;0;0;
579;286;55;-204;-201;2;0;0;0;0;1;1;0;0;0;0;13674;0;0;0;0;
579;286;55;-204;-201;2;0;0;0;0;1;1;0;0;0;0;13705;0;0;0;0;
579;286;53;-204;-201;2;0;0;0;0;1;1;0;0;0;0;13736;0;0;0;0;
579;286;55;-203;-200;2;0;0;0;0;1;1;0;0;0;0;13767;0;0;0;0;
579;286;55;-202;-200;2;0;0;0;0;1;1;0;0;0;0;13798;0;0;0;0;
579;286;55;-201;-199;2;0;0;0;0;1;1;0;0;0;0;13829;0;0;0;0;
579;286;55;-201;-199;2;0;0;0;0;1;1;0;0;0;0;13860;0;0;0;0;
579;286;54;-200;-199;2;0;0;0;0;1;1;0;0;0;0;13891;0;0;0;0;
579;286;55;-200;-198;2;0;0;0;0;1;1;0;0;0;0;13922;0;0;0;0;
579;286;56;-200;-198;2;0;0;0;0;1;1;0;0;0;0;13953;0;0;0;0;
579;286;55;-198;-197;2;0;0;0;0;1;1;0;0;0;0;13984;0;0;0;0;
579;286;56;-198;-196;2;0;0;0;0;1;1;0;0;0;0;14015;0;0;0;0;
579;286;55;-199;-197;2;0;0;0;0;1;1;0;0;0;0;14046;0;0;0;0;
579;286;56;-198;-196;2;0;0;0;0;1;1;0;0;0;0;14077;0;0;0;0;
579;286;59;-196;-195;2;0;0;0;0;1;1;0;0;0;0;14108;0;0;0;0;
579;286;58;-196;-194;2;0;0;0;0;1;1;0;0;0;0;14139;0;0;0;0;
579;286;56;-196;-194;2;0;0;0;0;1;1;0;0;0;0;14170;0;0;0;0;
579;286;55;-197;-194;2;0;0;0;0;1;1;0;0;0;0;14201;0;0;0;0;
579;286;58;-195;-193;2;0;0;0;0;1;1;0;0;0;0;14232;0;0;0;0;
579;286;59;-194;-191;2;0;0;0;0;1;1;0;0;0;0;14263;0;0;0;0;
579;286;59;-193;-192;2;0;0;0;0;1;1;0;0;0;0;14294;0;0;0;0;
579;286;57;-192;-192;2;0;0;0;0;1;1;0;0;0;0;14325;0;0;0;0;
579;286;57;-193;-192;2;0;0;0;0;1;1;0;0;0;0;14356;0;0;0;0;
579;286;59;-193;-191;2;0;0;0;0;1;1;0;0;0;0;14387;0;0;0;0;
579;286;62;-191;-190;2;0;0;0;0;1;1;0;0;0;0;14418;0;0;0;0;
579;286;59;-192;-188;2;0;0;0;0;1;1;0;0;0;0;14449;0;0;0;0;
579;286;57;-192;-189;2;0;0;0;0;1;1;0;0;0;0;14480;0;0;0;0;
579;286;57;-191;-189;2;0;0;0;0;1;1;0;0;0;0;14511;0;0;0;0;
579;286;60;-190;-188;2;0;0;0;0;1;1;0;0;0;0;14542;0;0;0;0;
579;286;61;-189;-187;2;0;0;0;0;1;1;0;0;0;0;14573;0;0;0;0;
579;286;59;-189;-186;2;0;0;0;0;1;1;0;0;0;0;14604;0;0;0;0;
579;286;57;-189;-188;2;0;0;0;0;1;1;0;0;0;0;14635;0;0;0;0;
579;286;60;-189;-186;2;0;0;0;0;1;1;0;0;0;0;14666;0;0;0;0;
579;286;60;-187;-186;2;0;0;0;0;1;1;0;0;0;0;14697;0;0;0;0;
579;286;65;-185;-186;2;1;1;0;0;1;1;0;0;0;0;14728;0;0;0;0;
579;286;60;-183;-200;2;1;1;0;0;1;1;0;0;0;0;14759;0;0;0;0;
579;286;60;-183;-218;2;1;1;0;0;1;1;0;0;0;0;14790;0;0;0;0;
579;286;60;-184;-228;2;1;1;0;0;1;1;0;0;0;0;14821;0;0;0;0;
579;286;61;-185;-232;2;1;1;0;0;1;1;0;0;0;0;14852;0;0;0;0;
579;286;62;-186;-237;2;1;1;0;0;1;1;0;0;0;0;14883;0;0;0;0;
579;286;61;-187;-241;2;1;1;0;0;1;1;0;0;0;0;14914;0;0;0;0;
579;286;60;-190;-247;2;1;1;0;0;1;1;0;0;0;0;14945;0;0;0;0;
579;286;61;-192;-251;2;1;1;0;0;1;1;0;0;0;0;14976;0;0;0;0;
579;286;61;-191;-254;2;1;1;0;0;1;1;0;0;0;0;15007;0;0;0;0;
579;286;63;-195;-257;2;1;1;0;0;1;1;0;0;0;0;15038;0;0;0;0;
579;286;62;-197;-262;2;1;1;0;0;1;1;0;0;0;0;15069;0;0;0;0;
579;286;62;-199;-269;2;1;1;0;0;1;1;0;0;0;0;15100;0;0;0;0;
579;286;62;-200;-273;2;1;1;0;0;1;1;0;0;0;0;15131;0;0;0;0;
579;286;63;-201;-276;2;1;1;0;0;1;1;0;0;0;0;15162;0;0;0;0;
579;286;64;-203;-278;2;1;1;0;0;1;1;0;0;0;0;15193;0;0;0;0;
579;286;62;-205;-280;2;1;1;0;0;1;1;0;0;0;0;15224;0;0;0;0;
579;286;62;-207;-282;2;1;1;0;0;1;1;0;0;0;0;15255;0;0;0;0;
579;286;64;-208;-282;2;1;1;0;0;1;1;0;0;0;0;15286;0;0;0;0;
579;286;65;-209;-282;2;1;1;0;0;1;1;0;0;0;0;15317;0;0;0;0;
579;286;64;-210;-284;2;1;1;0;0;1;1;0;0;0;0;15348;0;0;0;0;
579;286;64;-212;-285;2;1;1;0;0;1;1;0;0;0;0;15379;0;0;0;0;
579;286;63;-212;-285;2;1;1;0;0;1;1;0;0;0;0;15410;0;0;0;0;
579;286;64;-214;-285;2;1;1;0;0;1;1;0;0;0;0;15441;0;0;0;0;
579;286;64;-215;-284;2;1;1;0;0;1;1;0;0;0;0;15472;0;0;0;0;
579;286;65;-216;-286;2;1;1;0;0;1;1;0;0;0;0;15503;0;0;0;0;
579;286;64;-218;-287;2;1;1;0;0;1;1;0;0;0;0;15534;0;0;0;0;
579;286;63;-220;-287;2;0;0;0;0;1;1;0;0;0;0;15565;0;0;0;0;
579;286;64;-220;-280;2;0;0;0;0;1;1;0;0;0;0;15596;0;0;0;0;
579;286;66;-219;-274;2;0;0;0;0;1;1;0;0;0;0;15627;0;0;0;0;
579;286;65;-220;-267;2;0;0;0;0;1;1;0;0;0;0;15658;0;0;0;0;
579;286;64;-221;-259;2;0;0;0;0;1;1;0;0;0;0;15689;0;0;0;0;
579;286;65;-221;-248;2;0;0;0;0;1;1;0;0;0;0;15720;0;0;0;0;
579;286;66;-220;-239;2;0;0;0;0;1;1;0;0;0;0;15751;0;0;0;0;
579;286;67;-220;-230;2;0;0;0;0;1;1;0;0;0;0;15782;0;0;0;0;
579;286;66;-220;-227;2;0;0;0;0;1;1;0;0;0;0;15813;0;0;0;0;
579;286;64;-221;-222;2;0;0;0;0;1;1;0;0;0;0;15844;0;0;0;0;
579;286;65;-220;-218;2;0;0;0;0;1;1;0;0;0;0;15875;0;0;0;0;
579;286;66;-220;-215;2;0;0;0;0;1;1;0;0;0;0;15906;0;0;0;0;
579;286;70;-219;-214;2;0;0;0;0;1;1;0;0;0;0;15937;0;0;0;0;
579;286;67;-219;-213;2;0;0;0;0;1;1;0;0;0;0;15968;0;0;0;0;
579;286;65;-219;-213;2;0;0;0;0;1;1;0;0;0;0;15999;0;0;0;0;
579;286;67;-217;-212;2;0;0;0;0;1;1;0;0;0;0;16030;0;0;0;0;
579;286;68;-217;-212;2;0;0;0;0;1;1;0;0;0;0;16061;0;0;0;0;
579;286;69;-217;-211;2;0;0;0;0;1;1;0;0;0;0;16092;0;0;0;0;
579;286;67;-216;-211;2;0;0;0;0;1;1;0;0;0;0;16123;0;0;0;0;
579;286;67;-215;-211;2;0;0;0;0;1;1;0;0;0;0;16154;0;0;0;0;
579;286;67;-215;-211;2;0;0;0;0;1;1;0;0;0;0;16185;0;0;0;0;
579;286;70;-213;-210;2;0;0;0;0;1;1;0;0;0;0;16216;0;0;0;0;
579;286;69;-214;-210;2;0;0;0;0;1;1;0;0;0;0;16247;0;0;0;0;
579;286;68;-213;-210;2;0;0;0;0;1;1;0;0;0;0;16278;0;0;0;0;
579;286;68;-213;-210;2;0;0;0;0;1;1;0;0;0;0;16309;0;0;0;0;
579;286;69;-212;-209;2;0;0;0;0;1;1;0;0;0;0;16340;0;0;0;0;
579;286;70;-210;-208;2;0;0;0;0;1;1;0;0;0;0;16371;0;0;0;0;
579;286;68;-210;-207;2;0;0;0;0;1;1;0;0;0;0;16402;0;0;0;0;
579;286;68;-211;-207;2;0;0;0;0;1;1;0;0;0;0;16433;0;0;0;0;
579;286;69;-210;-208;2;0;0;0;0;1;1;0;0;0;0;16464;0;0;0;0;
579;286;70;-210;-207;2;0;0;0;0;1;1;0;0;0;0;16495;0;0;0;0;
579;286;70;-208;-205;2;0;0;0;0;1;1;0;0;0;0;16526;0;0;0;0;
579;286;70;-209;-206;2;0;0;0;0;1;1;0;0;0;0;16557;0;0;0;0;
579;286;69;-209;-206;2;0;0;0;0;1;1;0;0;0;0;16588;0;0;0;0;
579;286;69;-208;-205;2;0;0;0;0;1;1;0;0;0;0;16619;0;0;0;0;
579;286;71;-206;-204;2;0;0;0;0;1;1;0;0;0;0;16650;0;0;0;0;
579;286;73;-206;-203;2;0;0;0;0;1;1;0;0;0;0;16681;0;0;0;0;
579;286;70;-205;-203;2;0;0;0;0;1;1;0;0;0;0;16712;0;0;0;0;
579;286;70;-205;-203;2;0;0;0;0;1;1;0;0;0;0;16743;0;0;0;0;
579;286;71;-205;-203;2;0;0;0;0;1;1;0;0;0;0;16774;0;0;0;0;
579;286;73;-204;-202;2;0;0;0;0;1;1;0;0;0;0;16805;0;0;0;0;
579;286;74;-202;-201;2;0;0;0;0;1;1;0;0;0;0;16836;0;0;0;0;
579;286;71;-203;-201;2;0;0;0;0;1;1;0;0;0;0;16867;0;0;0;0;
579;286;70;-203;-200;2;0;0;0;0;1;1;0;0;0;0;16898;0;0;0;0;
579;286;72;-202;-200;2;0;0;0;0;1;1;0;0;0;0;16929;0;0;0;0;
579;286;73;-200;-200;2;0;0;0;0;1;1;0;0;0;0;16960;0;0;0;0;
579;286;73;-200;-197;2;0;0;0;0;1;1;0;0;0;0;16991;0;0;0;0;
579;286;76;-200;-199;2;0;0;0;0;1;1;0;0;0;0;17022;0;0;0;0;
579;286;71;-200;-200;2;0;0;0;0;1;1;0;0;0;0;17053;0;0;0;0;
579;286;72;-200;-199;2;0;0;0;0;1;1;0;0;0;0;17084;0;0;0;0;
579;286;73;-198;-197;2;0;0;0;0;1;1;0;0;0;0;17115;0;0;0;0;
579;286;75;-196;-196;2;0;0;0;0;1;1;0;0;0;0;17146;0;0;0;0;
579;286;73;-198;-197;2;0;0;0;0;1;1;0;0;0;0;17177;0;0;0;0;
579;286;72;-199;-197;2;0;0;0;0;1;1;0;0;0;0;17208;0;0;0;0;
579;286;74;-197;-196;2;0;0;0;0;1;1;0;0;0;0;17239;0;0;0;0;
579;286;76;-195;-194;2;0;0;0;0;1;1;0;0;0;0;17270;0;0;0;0;
579;286;74;-196;-194;2;0;0;0;0;1;1;0;0;0;0;17301;0;0;0;0;
579;286;73;-196;-194;2;0;0;0;0;1;1;0;0;0;0;17332;0;0;0;0;
579;286;73;-194;-194;2;0;0;0;0;1;1;0;0;0;0;17363;0;0;0;0;
579;286;75;-194;-193;2;0;0;0;0;1;1;0;0;0;0;17394;0;0;0;0;
579;286;76;-192;-192;2;0;0;0;0;1;1;0;0;0;0;17425;0;0;0;0;
579;286;77;-193;-192;2;0;0;0;0;1;1;0;0;0;0;17456;0;0;0;0;
579;286;75;-192;-192;2;0;0;0;0;1;1;0;0;0;0;17487;0;0;0;0;
579;286;75;-192;-190;2;0;0;0;0;1;1;0;0;0;0;17518;0;0;0;0;
579;286;76;-190;-190;2;0;0;0;0;1;1;0;0;0;0;17549;0;0;0;0;
579;286;77;-190;-190;2;0;0;0;0;1;1;0;0;0;0;17580;0;0;0;0;
579;286;76;-190;-189;2;0;0;0;0;1;1;0;0;0;0;17611;0;0;0;0;
579;286;75;-190;-190;1;1;1;0;0;1;1;0;0;0;0;17642;0;0;0;0;
579;286;75;-186;-202;1;1;1;0;0;1;1;0;0;0;0;17673;0;0;0;0;
579;286;76;-186;-216;1;1;1;0;0;1;1;0;0;0;0;17704;0;0;0;0;
579;286;78;-185;-220;1;1;1;0;0;1;1;0;0;0;0;17735;0;0;0;0;
579;286;75;-185;-219;1;1;1;0;0;1;1;0;0;0;0;17766;0;0;0;0;
579;286;74;-187;-218;1;1;1;0;0;1;1;0;0;0;0;17797;0;0;0;0;
579;286;78;-186;-219;1;1;1;0;0;1;1;0;0;0;0;17828;0;0;0;0;
579;286;76;-186;-219;1;1;1;0;0;1;1;0;0;0;0;17859;0;0;0;0;
579;286;76;-187;-221;1;1;1;0;0;1;1;0;0;0;0;17890;0;0;0;0;
579;286;76;-188;-222;1;1;1;0;0;1;1;0;0;0;0;17921;0;0;0;0;
579;286;75;-188;-224;1;1;1;0;0;1;1;0;0;0;0;17952;0;0;0;0;
579;286;75;-190;-226;1;1;1;0;0;1;1;0;0;0;0;17983;0;0;0;0;
579;286;76;-189;-227;1;1;1;0;0;1;1;0;0;0;0;18014;0;0;0;0;
579;286;75;-189;-228;1;1;1;0;0;1;1;0;0;0;0;18045;0;0;0;0;
579;286;75;-190;-229;1;1;1;0;0;1;1;0;0;0;0;18076;0;0;0;0;
579;286;74;-190;-230;1;1;1;0;0;1;1;0;0;0;0;18107;0;0;0;0;
579;286;74;-190;-230;1;1;1;0;0;1;1;0;0;0;0;18138;0;0;0;0;
579;286;74;-190;-230;1;1;1;0;0;1;1;0;0;0;0;18169;0;0;0;0;
579;286;74;-190;-231;1;1;1;0;0;1;1;0;0;0;0;18200;0;0;0;0;
579;286;73;-191;-232;1;1;1;0;0;1;1;0;0;0;0;18231;0;0;0;0;
579;286;72;-191;-233;1;1;1;0;0;1;1;0;0;0;0;18262;0;0;0;0;
579;286;72;-192;-232;1;1;1;0;0;1;1;0;0;0;0;18293;0;0;0;0;
579;286;72;-191;-232;1;1;1;0;0;1;1;0;0;0;0;18324;0;0;0;0;
579;286;70;-191;-232;1;1;1;0;0;1;1;0;0;0;0;18355;0;0;0;0;
579;286;70;-192;-233;1;1;1;0;0;1;1;0;0;0;0;18386;0;0;0;0;
579;286;70;-192;-234;1;1;1;0;0;1;1;0;0;0;0;18417;0;0;0;0;
579;286;69;-193;-235;1;1;1;0;0;1;1;0;0;0;0;18448;0;0;0;0;
579;286;68;-192;-236;1;1;1;0;0;1;1;0;0;0;0;18479;0;0;0;0;
579;286;68;-193;-238;1;1;1;0;0;1;1;0;0;0;0;18510;0;0;0;0;
579;286;67;-194;-240;1;1;1;0;0;1;1;0;0;0;0;18541;0;0;0;0;
579;286;65;-194;-240;1;1;1;0;0;1;1;0;0;0;0;18572;0;0;0;0;
579;286;66;-194;-241;1;1;1;0;0;1;1;0;0;0;0;18603;0;0;0;0;
579;286;65;-194;-241;1;1;1;0;0;1;1;0;0;0;0;18634;0;0;0;0;
579;286;62;-194;-241;1;1;1;0;0;1;1;0;0;0;0;18665;0;0;0;0;
579;286;61;-195;-241;1;1;1;0;0;1;1;0;0;0;0;18696;0;0;0;0;
579;286;60;-195;-242;1;1;1;0;0;1;1;0;0;0;0;18727;0;0;0;0;
579;286;60;-195;-243;1;1;1;0;0;1;1;0;0;0;0;18758;0;0;0;0;
579;286;62;-195;-243;1;1;1;0;0;1;1;0;0;0;0;18789;0;0;0;0;
579;286;60;-195;-243;1;1;1;0;0;1;1;0;0;0;0;18820;0;0;0;0;
579;286;58;-197;-244;1;1;1;0;0;1;1;0;0;0;0;18851;0;0;0;0;
579;286;57;-196;-245;1;1;1;0;0;1;1;0;0;0;0;18882;0;0;0;0;
579;286;57;-196;-245;1;1;1;0;0;1;1;0;0;0;0;18913;0;0;0;0;
579;286;57;-196;-244;1;1;1;0;0;1;1;0;0;0;0;18944;0;0;0;0;
579;286;55;-196;-245;2;1;1;0;0;1;1;0;0;0;0;18975;0;0;0;0;
579;286;54;-198;-250;2;1;1;0;0;1;1;0;0;0;0;19006;0;0;0;0;
579;286;54;-198;-253;2;1;1;0;0;1;1;0;0;0;0;19037;0;0;0;0;
579;286;55;-198;-257;2;1;1;0;0;1;1;0;0;0;0;19068;0;0;0;0;
579;286;54;-200;-260;2;1;1;0;0;1;1;0;0;0;0;19099;0;0;0;0;
579;286;53;-200;-264;2;1;1;0;0;1;1;0;0;0;0;19130;0;0;0;0;
579;286;51;-202;-267;2;1;1;0;0;1;1;0;0;0;0;19161;0;0;0;0;
579;286;53;-203;-269;2;1;1;0;0;1;1;0;0;0;0;19192;0;0;0;0;
579;286;54;-204;-272;2;1;1;0;0;1;1;0;0;0;0;19223;0;0;0;0;
579;286;55;-205;-273;2;1;1;0;0;1;1;0;0;0;0;19254;0;0;0;0;
579;286;53;-208;-275;2;1;1;0;0;1;1;0;0;0;0;19285;0;0;0;0;
579;286;51;-209;-276;2;1;1;0;0;1;1;0;0;0;0;19316;0;0;0;0;
579;286;51;-210;-276;2;1;1;0;0;1;1;0;0;0;0;19347;0;0;0;0;
579;286;53;-211;-278;2;1;1;0;0;1;1;0;0;0;0;19378;0;0;0;0;
579;286;54;-211;-279;2;1;1;0;0;1;1;0;0;0;0;19409;0;0;0;0;
579;286;52;-214;-280;2;1;1;0;0;1;1;0;0;0;0;19440;0;0;0;0;
579;286;51;-215;-283;2;1;1;0;0;1;1;0;0;0;0;19471;0;0;0;0;
579;286;52;-215;-283;2;1;1;0;0;1;1;0;0;0;0;19502;0;0;0;0;
579;286;53;-216;-282;2;1;1;0;0;1;1;0;0;0;0;19533;0;0;0;0;
579;286;53;-217;-284;2;1;1;0;0;1;1;0;0;0;0;19564;0;0;0;0;
579;286;51;-220;-285;2;0;0;0;0;1;1;0;0;0;0;19595;0;0;0;0;
579;286;51;-220;-280;2;0;0;0;0;1;1;0;0;0;0;19626;0;0;0;0;
579;286;52;-220;-274;2;0;0;0;0;1;1;0;0;0;0;19657;0;0;0;0;
579;286;53;-220;-268;2;0;0;0;0;1;1;0;0;0;0;19688;0;0;0;0;
579;286;53;-220;-264;2;0;0;0;0;1;1;0;0;0;0;19719;0;0;0;0;
579;286;50;-221;-253;2;0;0;0;0;1;1;0;0;0;0;19750;0;0;0;0;
579;286;51;-222;-242;2;0;0;0;0;1;1;0;0;0;0;19781;0;0;0;0;
579;286;52;-220;-233;2;0;0;0;0;1;1;0;0;0;0;19812;0;0;0;0;
579;286;53;-220;-225;2;0;0;0;0;1;1;0;0;0;0;19843;0;0;0;0;
579;286;51;-220;-220;2;0;0;0;0;1;1;0;0;0;0;19874;0;0;0;0;
579;286;50;-221;-217;2;0;0;0;0;1;1;0;0;0;0;19905;0;0;0;0;
579;286;51;-220;-214;2;0;0;0;0;1;1;0;0;0;0;19936;0;0;0;0;
579;286;52;-220;-212;2;0;0;0;0;1;1;0;0;0;0;19967;0;0;0;0;
579;286;54;-219;-210;2;0;0;0;0;1;1;0;0;0;0;19998;0;0;0;0;
579;286;53;-218;-210;2;0;0;0;0;1;1;0;0;0;0;20029;0;0;0;0;
579;286;51;-219;-210;2;0;0;0;0;1;1;0;0;0;0;20060;0;0;0;0;
579;286;52;-218;-210;2;0;0;0;0;1;1;0;0;0;0;20091;0;0;0;0;
579;286;53;-217;-208;2;0;0;0;0;1;1;0;0;0;0;20122;0;0;0;0;
579;286;53;-216;-208;2;0;0;0;0;1;1;0;0;0;0;20153;0;0;0;0;
579;286;52;-216;-208;2;0;0;0;0;1;1;0;0;0;0;20184;0;0;0;0;
579;286;52;-216;-209;2;0;0;0;0;1;1;0;0;0;0;20215;0;0;0;0;
579;286;52;-215;-208;2;0;0;0;0;1;1;0;0;0;0;20246;0;0;0;0;
579;286;55;-214;-207;2;0;0;0;0;1;1;0;0;0;0;20277;0;0;0;0;
579;286;55;-213;-207;2;0;0;0;0;1;1;0;0;0;0;20308;0;0;0;0;
579;286;53;-213;-206;2;0;0;0;0;1;1;0;0;0;0;20339;0;0;0;0;
579;286;52;-213;-206;2;0;0;0;0;1;1;0;0;0;0;20370;0;0;0;0;
579;286;53;-212;-206;2;0;0;0;0;1;1;0;0;0;0;20401;0;0;0;0;
579;286;56;-210;-205;2;0;0;0;0;1;1;0;0;0;0;20432;0;0;0;0;
579;286;55;-211;-204;2;0;0;0;0;1;1;0;0;0;0;20463;0;0;0;0;
579;286;53;-210;-204;2;0;0;0;0;1;1;0;0;0;0;20494;0;0;0;0;
579;286;52;-210;-204;2;0;0;0;0;1;1;0;0;0;0;20525;0;0;0;0;
579;286;53;-210;-203;2;0;0;0;0;1;1;0;0;0;0;20556;0;0;0;0;
579;286;55;-209;-203;2;0;0;0;0;1;1;0;0;0;0;20587;0;0;0;0;
579;286;55;-208;-202;2;0;0;0;0;1;1;0;0;0;0;20618;0;0;0;0;
579;286;54;-208;-203;2;0;0;0;0;1;1;0;0;0;0;20649;0;0;0;0;
579;286;54;-207;-202;2;0;0;0;0;1;1;0;0;0;0;20680;0;0;0;0;
579;286;55;-206;-201;2;0;0;0;0;1;1;0;0;0;0;20711;0;0;0;0;
579;286;55;-205;-200;2;0;0;0;0;1;1;0;0;0;0;20742;0;0;0;0;
579;286;56;-205;-200;2;0;0;0;0;1;1;0;0;0;0;20773;0;0;0;0;
579;286;55;-205;-200;2;0;0;0;0;1;1;0;0;0;0;20804;0;0;0;0;
579;286;54;-205;-200;2;0;0;0;0;1;1;0;0;0;0;20835;0;0;0;0;
579;286;55;-204;-200;2;0;0;0;0;1;1;0;0;0;0;20866;0;0;0;0;
579;286;58;-202;-199;2;0;0;0;0;1;1;0;0;0;0;20897;0;0;0;0;
579;286;56;-202;-198;2;0;0;0;0;1;1;0;0;0;0;20928;0;0;0;0;
579;286;55;-202;-199;2;0;0;0;0;1;1;0;0;0;0;20959;0;0;0;0;
579;286;55;-201;-198;2;0;0;0;0;1;1;0;0;0;0;20990;0;0;0;0;
579;286;56;-200;-198;2;0;0;0;0;1;1;0;0;0;0;21021;0;0;0;0;
579;286;59;-200;-197;2;0;0;0;0;1;1;0;0;0;0;21052;0;0;0;0;
579;286;57;-199;-196;2;0;0;0;0;1;1;0;0;0;0;21083;0;0;0;0;
579;286;55;-200;-197;2;0;0;0;0;1;1;0;0;0;0;21114;0;0;0;0;
579;286;55;-200;-196;2;0;0;0;0;1;1;0;0;0;0;21145;0;0;0;0;
579;286;55;-198;-194;2;0;0;0;0;1;1;0;0;0;0;21176;0;0;0;0;
579;286;60;-198;-194;2;0;0;0;0;1;1;0;0;0;0;21207;0;0;0;0;
579;286;58;-196;-194;2;0;0;0;0;1;1;0;0;0;0;21238;0;0;0;0;
579;286;55;-198;-194;2;0;0;0;0;1;1;0;0;0;0;21269;0;0;0;0;
579;286;55;-195;-193;2;0;0;0;0;1;1;0;0;0;0;21300;0;0;0;0;
579;286;61;-194;-193;2;0;0;0;0;1;1;0;0;0;0;21331;0;0;0;0;
579;286;58;-194;-191;2;0;0;0;0;1;1;0;0;0;0;21362;0;0;0;0;
579;286;58;-194;-192;2;0;0;0;0;1;1;0;0;0;0;21393;0;0;0;0;
579;286;56;-194;-191;2;0;0;0;0;1;1;0;0;0;0;21424;0;0;0;0;
579;286;57;-194;-190;2;0;0;0;0;1;1;0;0;0;0;21455;0;0;0;0;
579;286;60;-192;-190;2;0;0;0;0;1;1;0;0;0;0;21486;0;0;0;0;
579;286;60;-192;-190;2;0;0;0;0;1;1;0;0;0;0;21517;0;0;0;0;
579;286;58;-192;-190;2;0;0;0;0;1;1;0;0;0;0;21548;0;0;0;0;
579;286;57;-192;-190;2;0;0;0;0;1;1;0;0;0;0;21579;0;0;0;0;
579;286;58;-190;-188;2;0;0;0;0;1;1;0;0;0;0;21610;0;0;0;0;
579;286;58;-190;-186;2;0;0;0;0;1;1;0;0;0;0;21641;0;0;0;0;
579;286;59;-190;-186;2;0;0;0;0;1;1;0;0;0;0;21672;0;0;0;0;
579;286;59;-190;-188;2;0;0;0;0;1;1;0;0;0;0;21703;0;0;0;0;
579;286;59;-190;-187;2;0;0;0;0;1;1;0;0;0;0;21734;0;0;0;0;
579;286;60;-188;-186;2;0;0;0;0;1;1;0;0;0;0;21765;0;0;0;0;
579;286;60;-187;-185;2;0;0;0;0;1;1;0;0;0;0;21796;0;0;0;0;
579;286;61;-187;-185;2;0;0;0;0;1;1;0;0;0;0;21827;0;0;0;0;
579;286;60;-187;-185;2;1;1;0;0;1;1;0;0;0;0;21858;0;0;0;0;
579;286;60;-184;-190;2;1;1;0;0;1;1;0;0;0;0;21889;0;0;0;0;
579;286;60;-183;-209;2;1;1;0;0;1;1;0;0;0;0;21920;0;0;0;0;
579;286;62;-182;-225;2;1;1;0;0;1;1;0;0;0;0;21951;0;0;0;0;
579;286;60;-185;-234;2;1;1;0;0;1;1;0;0;0;0;21982;0;0;0;0;
579;286;60;-186;-238;2;1;1;0;0;1;1;0;0;0;0;22013;0;0;0;0;
579;286;60;-188;-241;2;1;1;0;0;1;1;0;0;0;0;22044;0;0;0;0;
579;286;61;-189;-245;2;1;1;0;0;1;1;0;0;0;0;22075;0;0;0;0;
579;286;62;-190;-248;2;1;1;0;0;1;1;0;0;0;0;22106;0;0;0;0;
579;286;62;-193;-252;2;1;1;0;0;1;1;0;0;0;0;22137;0;0;0;0;
579;286;60;-195;-257;2;1;1;0;0;1;1;0;0;0;0;22168;0;0;0;0;
579;286;61;-196;-262;2;1;1;0;0;1;1;0;0;0;0;22199;0;0;0;0;
579;286;64;-198;-268;2;1;1;0;0;1;1;0;0;0;0;22230;0;0;0;0;
579;286;64;-199;-273;2;1;1;0;0;1;1;0;0;0;0;22261;0;0;0;0;
579;286;61;-201;-276;2;1;1;0;0;1;1;0;0;0;0;22292;0;0;0;0;
579;286;61;-204;-278;2;1;1;0;0;1;1;0;0;0;0;22323;0;0;0;0;
579;286;63;-204;-279;2;1;1;0;0;1;1;0;0;0;0;22354;0;0;0;0;
579;286;64;-206;-280;2;1;1;0;0;1;1;0;0;0;0;22385;0;0;0;0;
579;286;65;-208;-280;2;1;1;0;0;1;1;0;0;0;0;22416;0;0;0;0;
579;286;63;-209;-283;2;1;1;0;0;1;1;0;0;0;0;22447;0;0;0;0;
579;286;63;-210;-284;2;1;1;0;0;1;1;0;0;0;0;22478;0;0;0;0;
579;286;64;-211;-283;2;1;1;0;0;1;1;0;0;0;0;22509;0;0;0;0;
579;286;65;-212;-283;2;1;1;0;0;1;1;0;0;0;0;22540;0;0;0;0;
579;286;65;-213;-283;2;1;1;0;0;1;1;0;0;0;0;22571;0;0;0;0;
579;286;65;-215;-284;2;1;1;0;0;1;1;0;0;0;0;22602;0;0;0;0;
579;286;63;-216;-285;2;1;1;0;0;1;1;0;0;0;0;22633;0;0;0;0;
579;286;65;-217;-286;2;1;1;0;0;1;1;0;0;0;0;22664;0;0;0;0;
579;286;66;-219;-286;2;1;1;0;0;1;1;0;0;0;0;22695;0;0;0;0;
579;286;66;-219;-286;2;0;0;0;0;1;1;0;0;0;0;22726;0;0;0;0;
579;286;64;-220;-280;2;0;0;0;0;1;1;0;0;0;0;22757;0;0;0;0;
579;286;65;-221;-274;2;0;0;0;0;1;1;0;0;0;0;22788;0;0;0;0;
579;286;66;-220;-267;2;0;0;0;0;1;1;0;0;0;0;22819;0;0;0;0;
579;286;68;-221;-256;2;0;0;0;0;1;1;0;0;0;0;22850;0;0;0;0;
579;286;67;-221;-246;2;0;0;0;0;1;1;0;0;0;0;22881;0;0;0;0;
579;286;65;-222;-238;2;0;0;0;0;1;1;0;0;0;0;22912;0;0;0;0;
579;286;65;-221;-230;2;0;0;0;0;1;1;0;0;0;0;22943;0;0;0;0;
579;286;69;-220;-224;2;0;0;0;0;1;1;0;0;0;0;22974;0;0;0;0;
579;286;69;-220;-220;2;0;0;0;0;1;1;0;0;0;0;23005;0;0;0;0;
579;286;66;-221;-217;2;0;0;0;0;1;1;0;0;0;0;23036;0;0;0;0;
579;286;65;-221;-215;2;0;0;0;0;1;1;0;0;0;0;23067;0;0;0;0;
579;286;67;-220;-213;2;0;0;0;0;1;1;0;0;0;0;23098;0;0;0;0;
579;286;69;-219;-212;2;0;0;0;0;1;1;0;0;0;0;23129;0;0;0;0;
579;286;69;-219;-210;2;0;0;0;0;1;1;0;0;0;0;23160;0;0;0;0;
579;286;68;-218;-210;2;0;0;0;0;1;1;0;0;0;0;23191;0;0;0;0;
579;286;66;-218;-211;2;0;0;0;0;1;1;0;0;0;0;23222;0;0;0;0;
579;286;67;-217;-211;2;0;0;0;0;1;1;0;0;0;0;23253;0;0;0;0;
579;286;69;-217;-210;2;0;0;0;0;1;1;0;0;0;0;23284;0;0;0;0;
579;286;70;-215;-209;2;0;0;0;0;1;1;0;0;0;0;23315;0;0;0;0;
579;286;70;-215;-210;2;0;0;0;0;1;1;0;0;0;0;23346;0;0;0;0;
579;286;68;-215;-210;2;0;0;0;0;1;1;0;0;0;0;23377;0;0;0;0;
579;286;69;-215;-209;2;0;0;0;0;1;1;0;0;0;0;23408;0;0;0;0;
579;286;69;-213;-209;2;0;0;0;0;1;1;0;0;0;0;23439;0;0;0;0;
579;286;70;-213;-207;2;0;0;0;0;1;1;0;0;0;0;23470;0;0;0;0;
579;286;70;-212;-208;2;0;0;0;0;1;1;0;0;0;0;23501;0;0;0;0;
579;286;69;-212;-208;2;0;0;0;0;1;1;0;0;0;0;23532;0;0;0;0;
579;286;70;-211;-207;2;0;0;0;0;1;1;0;0;0;0;23563;0;0;0;0;
579;286;70;-210;-206;2;0;0;0;0;1;1;0;0;0;0;23594;0;0;0;0;
579;286;70;-210;-206;2;0;0;0;0;1;1;0;0;0;0;23625;0;0;0;0;
579;286;70;-210;-206;2;0;0;0;0;1;1;0;0;0;0;23656;0;0;0;0;
579;286;70;-210;-206;2;0;0;0;0;1;1;0;0;0;0;23687;0;0;0;0;
579;286;70;-209;-205;2;0;0;0;0;1;1;0;0;0;0;23718;0;0;0;0;
579;286;72;-207;-204;2;0;0;0;0;1;1;0;0;0;0;23749;0;0;0;0;
579;286;72;-208;-203;2;0;0;0;0;1;1;0;0;0;0;23780;0;0;0;0;
579;286;70;-208;-203;2;0;0;0;0;1;1;0;0;0;0;23811;0;0;0;0;
579;286;70;-207;-203;2;0;0;0;0;1;1;0;0;0;0;23842;0;0;0;0;
579;286;71;-205;-202;2;0;0;0;0;1;1;0;0;0;0;23873;0;0;0;0;
579;286;73;-205;-201;2;0;0;0;0;1;1;0;0;0;0;23904;0;0;0;0;
579;286;74;-204;-202;2;0;0;0;0;1;1;0;0;0;0;23935;0;0;0;0;
579;286;70;-204;-201;2;0;0;0;0;1;1;0;0;0;0;23966;0;0;0;0;
579;286;71;-204;-201;2;0;0;0;0;1;1;0;0;0;0;23997;0;0;0;0;
579;286;72;-202;-200;2;0;0;0;0;1;1;0;0;0;0;24028;0;0;0;0;
579;286;74;-201;-200;2;0;0;0;0;1;1;0;0;0;0;24059;0;0;0;0;
579;286;74;-202;-200;2;0;0;0;0;1;1;0;0;0;0;24090;0;0;0;0;
579;286;71;-202;-200;2;0;0;0;0;1;1;0;0;0;0;24121;0;0;0;0;
579;286;72;-201;-199;2;0;0;0;0;1;1;0;0;0;0;24152;0;0;0;0;
579;286;73;-200;-198;2;0;0;0;0;1;1;0;0;0;0;24183;0;0;0;0;
579;286;75;-199;-198;2;0;0;0;0;1;1;0;0;0;0;24214;0;0;0;0;
579;286;75;-200;-198;2;0;0;0;0;1;1;0;0;0;0;24245;0;0;0;0;
579;286;73;-200;-198;2;0;0;0;0;1;1;0;0;0;0;24276;0;0;0;0;
579;286;74;-199;-197;2;0;0;0;0;1;1;0;0;0;0;24307;0;0;0;0;
579;286;77;-198;-196;2;0;0;0;0;1;1;0;0;0;0;24338;0;0;0;0;
579;286;75;-196;-195;2;0;0;0;0;1;1;0;0;0;0;24369;0;0;0;0;
579;286;75;-197;-195;2;0;0;0;0;1;1;0;0;0;0;24400;0;0;0;0;
579;286;73;-197;-195;2;0;0;0;0;1;1;0;0;0;0;24431;0;0;0;0;
579;286;75;-196;-195;2;0;0;0;0;1;1;0;0;0;0;24462;0;0;0;0;
579;286;76;-194;-194;2;0;0;0;0;1;1;0;0;0;0;24493;0;0;0;0;
579;286;78;-194;-193;2;0;0;0;0;1;1;0;0;0;0;24524;0;0;0;0;
579;286;75;-195;-193;2;0;0;0;0;1;1;0;0;0;0;24555;0;0;0;0;
579;286;74;-195;-193;2;0;0;0;0;1;1;0;0;0;0;24586;0;0;0;0;
579;286;75;-193;-192;2;0;0;0;0;1;1;0;0;0;0;24617;0;0;0;0;
579;286;75;-193;-191;2;0;0;0;0;1;1;0;0;0;0;24648;0;0;0;0;
579;286;76;-193;-191;2;0;0;0;0;1;1;0;0;0;0;24679;0;0;0;0;
579;286;75;-192;-190;2;0;0;0;0;1;1;0;0;0;0;24710;0;0;0;0;
579;286;75;-192;-191;2;0;0;0;0;1;1;0;0;0;0;24741;0;0;0;0;
579;286;75;-190;-190;2;0;0;0;0;1;1;0;0;0;0;24772;0;0;0;0;
579;286;77;-190;-188;2;0;0;0;0;1;1;0;0;0;0;24803;0;0;0;0;
579;286;79;-189;-189;2;0;0;0;0;1;1;0;0;0;0;24834;0;0;0;0;
579;286;76;-190;-189;2;0;0;0;0;1;1;0;0;0;0;24865;0;0;0;0;
579;286;76;-189;-188;2;0;0;0;0;1;1;0;0;0;0;24896;0;0;0;0;
579;286;77;-190;-187;2;0;0;0;0;1;1;0;0;0;0;24927;0;0;0;0;
579;286;79;-187;-186;2;0;0;0;0;1;1;0;0;0;0;24958;0;0;0;0;
579;286;77;-188;-186;2;0;0;0;0;1;1;0;0;0;0;24989;0;0;0;0;
579;286;76;-188;-187;2;0;0;0;0;1;1;0;0;0;0;25020;0;0;0;0;
579;286;76;-187;-186;2;0;0;0;0;1;1;0;0;0;0;25051;0;0;0;0;
579;286;79;-184;-188;1;1;1;0;0;1;1;0;0;0;0;25082;0;0;0;0;
579;286;80;-181;-201;1;1;1;0;0;1;1;0;0;0;0;25113;0;0;0;0;
579;286;79;-181;-210;1;1;1;0;0;1;1;0;0;0;0;25144;0;0;0;0;
579;286;78;-183;-213;1;1;1;0;0;1;1;0;0;0;0;25175;0;0;0;0;
579;286;78;-182;-212;1;1;1;0;0;1;1;0;0;0;0;25206;0;0;0;0;
579;286;79;-182;-212;1;1;1;0;0;1;1;0;0;0;0;25237;0;0;0;0;
579;286;80;-182;-213;1;1;1;0;0;1;1;0;0;0;0;25268;0;0;0;0;
579;286;79;-183;-216;1;1;1;0;0;1;1;0;0;0;0;25299;0;0;0;0;
579;286;77;-185;-218;1;1;1;0;0;1;1;0;0;0;0;25330;0;0;0;0;
579;286;78;-185;-219;1;1;1;0;0;1;1;0;0;0;0;25361;0;0;0;0;
579;286;79;-185;-220;1;1;1;0;0;1;1;0;0;0;0;25392;0;0;0;0;
579;286;78;-185;-222;1;1;1;0;0;1;1;0;0;0;0;25423;0;0;0;0;
579;286;77;-185;-224;1;1;1;0;0;1;1;0;0;0;0;25454;0;0;0;0;
579;286;76;-186;-225;1;1;1;0;0;1;1;0;0;0;0;25485;0;0;0;0;
579;286;76;-186;-226;1;1;1;0;0;1;1;0;0;0;0;25516;0;0;0;0;
579;286;76;-186;-226;1;1;1;0;0;1;1;0;0;0;0;25547;0;0;0;0;
579;286;77;-187;-226;1;1;1;0;0;1;1;0;0;0;0;25578;0;0;0;0;
579;286;75;-188;-227;1;1;1;0;0;1;1;0;0;0;0;25609;0;0;0;0;
579;286;74;-188;-227;1;1;1;0;0;1;1;0;0;0;0;25640;0;0;0;0;
579;286;75;-188;-228;1;1;1;0;0;1;1;0;0;0;0;25671;0;0;0;0;
579;286;75;-188;-228;1;1;1;0;0;1;1;0;0;0;0;25702;0;0;0;0;
579;286;75;-189;-229;1;1;1;0;0;1;1;0;0;0;0;25733;0;0;0;0;
579;286;73;-190;-230;1;1;1;0;0;1;1;0;0;0;0;25764;0;0;0;0;
579;286;72;-190;-230;1;1;1;0;0;1;1;0;0;0;0;25795;0;0;0;0;
579;286;72;-190;-231;1;1;1;0;0;1;1;0;0;0;0;25826;0;0;0;0;
579;286;72;-189;-230;1;1;1;0;0;1;1;0;0;0;0;25857;0;0;0;0;
579;286;70;-190;-231;1;1;1;0;0;1;1;0;0;0;0;25888;0;0;0;0;
579;286;70;-190;-232;1;1;1;0;0;1;1;0;0;0;0;25919;0;0;0;0;
579;286;70;-191;-234;1;1;1;0;0;1;1;0;0;0;0;25950;0;0;0;0;
579;286;70;-191;-234;1;1;1;0;0;1;1;0;0;0;0;25981;0;0;0;0;
579;286;70;-190;-235;1;1;1;0;0;1;1;0;0;0;0;26012;0;0;0;0;
579;286;68;-191;-238;1;1;1;0;0;1;1;0;0;0;0;26043;0;0;0;0;
579;286;66;-191;-239;1;1;1;0;0;1;1;0;0;0;0;26074;0;0;0;0;
579;286;66;-192;-239;1;1;1;0;0;1;1;0;0;0;0;26105;0;0;0;0;
579;286;65;-192;-240;1;1;1;0;0;1;1;0;0;0;0;26136;0;0;0;0;
579;286;65;-192;-240;1;1;1;0;0;1;1;0;0;0;0;26167;0;0;0;0;
579;286;63;-192;-240;1;1;1;0;0;1;1;0;0;0;0;26198;0;0;0;0;
579;286;60;-193;-241;1;1;1;0;0;1;1;0;0;0;0;26229;0;0;0;0;
579;286;61;-193;-241;1;1;1;0;0;1;1;0;0;0;0;26260;0;0;0;0;
579;286;61;-193;-242;1;1;1;0;0;1;1;0;0;0;0;26291;0;0;0;0;
579;286;60;-193;-242;1;1;1;0;0;1;1;0;0;0;0;26322;0;0;0;0;
579;286;60;-194;-243;1;1;1;0;0;1;1;0;0;0;0;26353;0;0;0;0;
579;286;57;-194;-243;1;1;1;0;0;1;1;0;0;0;0;26384;0;0;0;0;
579;286;57;-194;-242;1;1;1;0;0;1;1;0;0;0;0;26415;0;0;0;0;
579;286;57;-194;-243;1;1;1;0;0;1;1;0;0;0;0;26446;0;0;0;0;
579;286;56;-194;-243;2;1;1;0;0;1;1;0;0;0;0;26477;0;0;0;0;
579;286;54;-195;-245;2;1;1;0;0;1;1;0;0;0;0;26508;0;0;0;0;
579;286;54;-195;-249;2;1;1;0;0;1;1;0;0;0;0;26539;0;0;0;0;
579;286;54;-196;-254;2;1;1;0;0;1;1;0;0;0;0;26570;0;0;0;0;
579;286;55;-198;-258;2;1;1;0;0;1;1;0;0;0;0;26601;0;0;0;0;
579;286;55;-199;-262;2;1;1;0;0;1;1;0;0;0;0;26632;0;0;0;0;
579;286;54;-200;-265;2;1;1;0;0;1;1;0;0;0;0;26663;0;0;0;0;
579;286;53;-201;-267;2;1;1;0;0;1;1;0;0;0;0;26694;0;0;0;0;
579;286;53;-202;-269;2;1;1;0;0;1;1;0;0;0;0;26725;0;0;0;0;
579;286;54;-203;-270;2;1;1;0;0;1;1;0;0;0;0;26756;0;0;0;0;
579;286;54;-205;-273;2;1;1;0;0;1;1;0;0;0;0;26787;0;0;0;0;
579;286;53;-206;-274;2;1;1;0;0;1;1;0;0;0;0;26818;0;0;0;0;
579;286;51;-208;-276;2;1;1;0;0;1;1;0;0;0;0;26849;0;0;0;0;
579;286;52;-210;-277;2;1;1;0;0;1;1;0;0;0;0;26880;0;0;0;0;
579;286;53;-210;-277;2;1;1;0;0;1;1;0;0;0;0;26911;0;0;0;0;
579;286;52;-210;-278;2;1;1;0;0;1;1;0;0;0;0;26942;0;0;0;0;
579;286;51;-213;-279;2;1;1;0;0;1;1;0;0;0;0;26973;0;0;0;0;
579;286;51;-215;-280;2;1;1;0;0;1;1;0;0;0;0;27004;0;0;0;0;
579;286;52;-215;-280;2;1;1;0;0;1;1;0;0;0;0;27035;0;0;0;0;
579;286;53;-215;-282;2;1;1;0;0;1;1;0;0;0;0;27066;0;0;0;0;
579;286;52;-216;-283;2;1;1;0;0;1;1;0;0;0;0;27097;0;0;0;0;
579;286;51;-219;-285;2;1;1;0;0;1;1;0;0;0;0;27128;0;0;0;0;
579;286;50;-220;-286;2;0;0;0;0;1;1;0;0;0;0;27159;0;0;0;0;
579;286;51;-220;-280;2;0;0;0;0;1;1;0;0;0;0;27190;0;0;0;0;
579;286;53;-219;-274;2;0;0;0;0;1;1;0;0;0;0;27221;0;0;0;0;
579;286;51;-220;-269;2;0;0;0;0;1;1;0;0;0;0;27252;0;0;0;0;
579;286;50;-222;-262;2;0;0;0;0;1;1;0;0;0;0;27283;0;0;0;0;
579;286;51;-221;-249;2;0;0;0;0;1;1;0;0;0;0;27314;0;0;0;0;
579;286;52;-221;-239;2;0;0;0;0;1;1;0;0;0;0;27345;0;0;0;0;
579;286;53;-221;-231;2;0;0;0;0;1;1;0;0;0;0;27376;0;0;0;0;
579;286;51;-221;-226;2;0;0;0;0;1;1;0;0;0;0;27407;0;0;0;0;
579;286;51;-221;-222;2;0;0;0;0;1;1;0;0;0;0;27438;0;0;0;0;
579;286;51;-221;-218;2;0;0;0;0;1;1;0;0;0;0;27469;0;0;0;0;
579;286;53;-220;-215;2;0;0;0;0;1;1;0;0;0;0;27500;0;0;0;0;
579;286;52;-220;-213;2;0;0;0;0;1;1;0;0;0;0;27531;0;0;0;0;
579;286;53;-219;-213;2;0;0;0;0;1;1;0;0;0;0;27562;0;0;0;0;
579;286;51;-219;-213;2;0;0;0;0;1;1;0;0;0;0;27593;0;0;0;0;
579;286;52;-218;-212;2;0;0;0;0;1;1;0;0;0;0;27624;0;0;0;0;
579;286;52;-218;-211;2;0;0;0;0;1;1;0;0;0;0;27655;0;0;0;0;
579;286;52;-216;-210;2;0;0;0;0;1;1;0;0;0;0;27686;0;0;0;0;
579;286;52;-217;-211;2;0;0;0;0;1;1;0;0;0;0;27717;0;0;0;0;
579;286;51;-216;-211;2;0;0;0;0;1;1;0;0;0;0;27748;0;0;0;0;
579;286;52;-215;-210;2;0;0;0;0;1;1;0;0;0;0;27779;0;0;0;0;
579;286;53;-214;-210;2;0;0;0;0;1;1;0;0;0;0;27810;0;0;0;0;
579;286;54;-214;-210;2;0;0;0;0;1;1;0;0;0;0;27841;0;0;0;0;
579;286;53;-214;-209;2;0;0;0;0;1;1;0;0;0;0;27872;0;0;0;0;
579;286;52;-214;-209;2;0;0;0;0;1;1;0;0;0;0;27903;0;0;0;0;
579;286;53;-212;-209;2;0;0;0;0;1;1;0;0;0;0;27934;0;0;0;0;
579;286;54;-212;-207;2;0;0;0;0;1;1;0;0;0;0;27965;0;0;0;0;
579;286;53;-211;-207;2;0;0;0;0;1;1;0;0;0;0;27996;0;0;0;0;
579;286;53;-211;-208;2;0;0;0;0;1;1;0;0;0;0;28027;0;0;0;0;
579;286;52;-210;-207;2;0;0;0;0;1;1;0;0;0;0;28058;0;0;0;0;
579;286;53;-210;-207;2;0;0;0;0;1;1;0;0;0;0;28089;0;0;0;0;
579;286;55;-209;-205;2;0;0;0;0;1;1;0;0;0;0;28120;0;0;0;0;
579;286;54;-208;-205;2;0;0;0;0;1;1;0;0;0;0;28151;0;0;0;0;
579;286;53;-209;-205;2;0;0;0;0;1;1;0;0;0;0;28182;0;0;0;0;
579;286;53;-208;-205;2;0;0;0;0;1;1;0;0;0;0;28213;0;0;0;0;
579;286;55;-207;-204;2;0;0;0;0;1;1;0;0;0;0;28244;0;0;0;0;
579;286;56;-206;-202;2;0;0;0;0;1;1;0;0;0;0;28275;0;0;0;0;
579;286;55;-206;-201;2;0;0;0;0;1;1;0;0;0;0;28306;0;0;0;0;
579;286;54;-206;-204;2;0;0;0;0;1;1;0;0;0;0;28337;0;0;0;0;
579;286;54;-205;-202;2;0;0;0;0;1;1;0;0;0;0;28368;0;0;0;0;
579;286;55;-204;-202;2;0;0;0;0;1;1;0;0;0;0;28399;0;0;0;0;
579;286;56;-202;-200;2;0;0;0;0;1;1;0;0;0;0;28430;0;0;0;0;
579;286;55;-202;-200;2;0;0;0;0;1;1;0;0;0;0;28461;0;0;0;0;
579;286;54;-203;-200;2;0;0;0;0;1;1;0;0;0;0;28492;0;0;0;0;
579;286;55;-202;-200;2;0;0;0;0;1;1;0;0;0;0;28523;0;0;0;0;
579;286;56;-201;-199;2;0;0;0;0;1;1;0;0;0;0;28554;0;0;0;0;
579;286;55;-200;-198;2;0;0;0;0;1;1;0;0;0;0;28585;0;0;0;0;
579;286;56;-200;-199;2;0;0;0;0;1;1;0;0;0;0;28616;0;0;0;0;
579;286;55;-200;-199;2;0;0;0;0;1;1;0;0;0;0;28647;0;0;0;0;
579;286;55;-200;-198;2;0;0;0;0;1;1;0;0;0;0;28678;0;0;0;0;
579;286;56;-199;-197;2;0;0;0;0;1;1;0;0;0;0;28709;0;0;0;0;
579;286;57;-198;-195;2;0;0;0;0;1;1;0;0;0;0;28740;0;0;0;0;
579;286;56;-198;-196;2;0;0;0;0;1;1;0;0;0;0;28771;0;0;0;0;
579;286;55;-198;-196;2;0;0;0;0;1;1;0;0;0;0;28802;0;0;0;0;
579;286;56;-197;-195;2;0;0;0;0;1;1;0;0;0;0;28833;0;0;0;0;
579;286;59;-196;-195;2;0;0;0;0;1;1;0;0;0;0;28864;0;0;0;0;
579;286;59;-195;-193;2;0;0;0;0;1;1;0;0;0;0;28895;0;0;0;0;
579;286;57;-196;-193;2;0;0;0;0;1;1;0;0;0;0;28926;0;0;0;0;
579;286;56;-195;-193;2;0;0;0;0;1;1;0;0;0;0;28957;0;0;0;0;
579;286;57;-194;-193;2;0;0;0;0;1;1;0;0;0;0;28988;0;0;0;0;
579;286;58;-192;-191;2;0;0;0;0;1;1;0;0;0;0;29019;0;0;0;0;
579;286;58;-193;-190;2;0;0;0;0;1;1;0;0;0;0;29050;0;0;0;0;
579;286;57;-192;-191;2;0;0;0;0;1;1;0;0;0;0;29081;0;0;0;0;
579;286;57;-192;-191;2;0;0;0;0;1;1;0;0;0;0;29112;0;0;0;0;
579;286;58;-191;-190;2;0;0;0;0;1;1;0;0;0;0;29143;0;0;0;0;
579;286;60;-190;-189;2;0;0;0;0;1;1;0;0;0;0;29174;0;0;0;0;
579;286;62;-189;-189;2;0;0;0;0;1;1;0;0;0;0;29205;0;0;0;0;
579;286;56;-191;-189;2;0;0;0;0;1;1;0;0;0;0;29236;0;0;0;0;
579;286;59;-190;-189;2;0;0;0;0;1;1;0;0;0;0;29267;0;0;0;0;
579;286;60;-188;-188;2;0;0;0;0;1;1;0;0;0;0;29298;0;0;0;0;
579;286;63;-188;-187;2;0;0;0;0;1;1;0;0;0;0;29329;0;0;0;0;
579;286;60;-188;-185;2;0;0;0;0;1;1;0;0;0;0;29360;0;0;0;0;
579;286;58;-188;-187;2;0;0;0;0;1;1;0;0;0;0;29391;0;0;0;0;
579;286;60;-187;-187;2;0;0;0;0;1;1;0;0;0;0;29422;0;0;0;0;
579;286;61;-186;-185;2;1;1;0;0;1;1;0;0;0;0;29453;0;0;0;0;
579;286;60;-183;-194;2;1;1;0;0;1;1;0;0;0;0;29484;0;0;0;0;
579;286;62;-181;-215;2;1;1;0;0;1;1;0;0;0;0;29515;0;0;0;0;
579;286;59;-184;-227;2;1;1;0;0;1;1;0;0;0;0;29546;0;0;0;0;
579;286;60;-185;-231;2;1;1;0;0;1;1;0;0;0;0;29577;0;0;0;0;
579;286;61;-186;-236;2;1;1;0;0;1;1;0;0;0;0;29608;0;0;0;0;
579;286;62;-186;-240;2;1;1;0;0;1;1;0;0;0;0;29639;0;0;0;0;
579;286;62;-189;-244;2;1;1;0;0;1;1;0;0;0;0;29670;0;0;0;0;
579;286;60;-190;-249;2;1;1;0;0;1;1;0;0;0;0;29701;0;0;0;0;
579;286;61;-193;-253;2;1;1;0;0;1;1;0;0;0;0;29732;0;0;0;0;
579;286;62;-194;-256;2;1;1;0;0;1;1;0;0;0;0;29763;0;0;0;0;
579;286;65;-196;-263;2;1;1;0;0;1;1;0;0;0;0;29794;0;0;0;0;
579;286;61;-198;-267;2;1;1;0;0;1;1;0;0;0;0;29825;0;0;0;0;
579;286;61;-200;-273;2;1;1;0;0;1;1;0;0;0;0;29856;0;0;0;0;
579;286;62;-200;-277;2;1;1;0;0;1;1;0;0;0;0;29887;0;0;0;0;
579;286;64;-202;-278;2;1;1;0;0;1;1;0;0;0;0;29918;0;0;0;0;
579;286;64;-204;-279;2;1;1;0;0;1;1;0;0;0;0;29949;0;0;0;0;
579;286;62;-206;-282;2;1;1;0;0;1;1;0;0;0;0;29980;0;0;0;0;
579;286;62;-207;-282;2;1;1;0;0;1;1;0;0;0;0;30011;0;0;0;0;
579;286;63;-208;-282;2;1;1;0;0;1;1;0;0;0;0;30042;0;0;0;0;
579;286;64;-210;-282;2;1;1;0;0;1;1;0;0;0;0;30073;0;0;0;0;
579;286;65;-211;-283;2;1;1;0;0;1;1;0;0;0;0;30104;0;0;0;0;
579;286;63;-212;-284;2;1;1;0;0;1;1;0;0;0;0;30135;0;0;0;0;
579;286;64;-214;-284;2;1;1;0;0;1;1;0;0;0;0;30166;0;0;0;0;
579;286;65;-215;-285;2;1;1;0;0;1;1;0;0;0;0;30197;0;0;0;0;
579;286;66;-216;-285;2;1;1;0;0;1;1;0;0;0;0;30228;0;0;0;0;
579;286;65;-217;-285;2;1;1;0;0;1;1;0;0;0;0;30259;0;0;0;0;
579;286;63;-218;-287;2;1;1;0;0;1;1;0;0;0;0;30290;0;0;0;0;
579;286;65;-220;-288;2;0;0;0;0;1;1;0;0;0;0;30321;0;0;0;0;
579;286;66;-220;-282;2;0;0;0;0;1;1;0;0;0;0;30352;0;0;0;0;
579;286;67;-220;-275;2;0;0;0;0;1;1;0;0;0;0;30383;0;0;0;0;
579;286;66;-220;-269;2;0;0;0;0;1;1;0;0;0;0;30414;0;0;0;0;
579;286;65;-222;-259;2;0;0;0;0;1;1;0;0;0;0;30445;0;0;0;0;
579;286;65;-221;-249;2;0;0;0;0;1;1;0;0;0;0;30476;0;0;0;0;
579;286;65;-221;-240;2;0;0;0;0;1;1;0;0;0;0;30507;0;0;0;0;
579;286;66;-221;-231;2;0;0;0;0;1;1;0;0;0;0;30538;0;0;0;0;
579;286;65;-221;-227;2;0;0;0;0;1;1;0;0;0;0;30569;0;0;0;0;
579;286;65;-222;-223;2;0;0;0;0;1;1;0;0;0;0;30600;0;0;0;0;
579;286;66;-220;-219;2;0;0;0;0;1;1;0;0;0;0;30631;0;0;0;0;
579;286;67;-220;-216;2;0;0;0;0;1;1;0;0;0;0;30662;0;0;0;0;
579;286;67;-220;-214;2;0;0;0;0;1;1;0;0;0;0;30693;0;0;0;0;
579;286;67;-220;-213;2;0;0;0;0;1;1;0;0;0;0;30724;0;0;0;0;
579;286;65;-219;-213;2;0;0;0;0;1;1;0;0;0;0;30755;0;0;0;0;
579;286;67;-218;-212;2;0;0;0;0;1;1;0;0;0;0;30786;0;0;0;0;
579;286;68;-218;-212;2;0;0;0;0;1;1;0;0;0;0;30817;0;0;0;0;
579;286;69;-216;-210;2;0;0;0;0;1;1;0;0;0;0;30848;0;0;0;0;
579;286;68;-217;-211;2;0;0;0;0;1;1;0;0;0;0;30879;0;0;0;0;
579;286;67;-217;-212;2;0;0;0;0;1;1;0;0;0;0;30910;0;0;0;0;
579;286;68;-216;-210;2;0;0;0;0;1;1;0;0;0;0;30941;0;0;0;0;
579;286;70;-215;-210;2;0;0;0;0;1;1;0;0;0;0;30972;0;0;0;0;
579;286;68;-214;-209;2;0;0;0;0;1;1;0;0;0;0;31003;0;0;0;0;
579;286;69;-214;-210;2;0;0;0;0;1;1;0;0;0;0;31034;0;0;0;0;
579;286;68;-214;-210;2;0;0;0;0;1;1;0;0;0;0;31065;0;0;0;0;
579;286;69;-213;-209;2;0;0;0;0;1;1;0;0;0;0;31096;0;0;0;0;
579;286;70;-211;-208;2;0;0;0;0;1;1;0;0;0;0;31127;0;0;0;0;
579;286;69;-211;-208;2;0;0;0;0;1;1;0;0;0;0;31158;0;0;0;0;
579;286;69;-210;-208;2;0;0;0;0;1;1;0;0;0;0;31189;0;0;0;0;
579;286;68;-211;-208;2;0;0;0;0;1;1;0;0;0;0;31220;0;0;0;0;
579;286;70;-210;-207;2;0;0;0;0;1;1;0;0;0;0;31251;0;0;0;0;
579;286;71;-209;-205;2;0;0;0;0;1;1;0;0;0;0;31282;0;0;0;0;
579;286;72;-208;-206;2;0;0;0;0;1;1;0;0;0;0;31313;0;0;0;0;
579;286;70;-209;-206;2;0;0;0;0;1;1;0;0;0;0;31344;0;0;0;0;
579;286;70;-208;-206;2;0;0;0;0;1;1;0;0;0;0;31375;0;0;0;0;
579;286;72;-207;-204;2;0;0;0;0;1;1;0;0;0;0;31406;0;0;0;0;
579;286;71;-206;-203;2;0;0;0;0;1;1;0;0;0;0;31437;0;0;0;0;
579;286;71;-206;-203;2;0;0;0;0;1;1;0;0;0;0;31468;0;0;0;0;
579;286;70;-206;-203;2;0;0;0;0;1;1;0;0;0;0;31499;0;0;0;0;
579;286;70;-205;-203;2;0;0;0;0;1;1;0;0;0;0;31530;0;0;0;0;
579;286;71;-204;-202;2;0;0;0;0;1;1;0;0;0;0;31561;0;0;0;0;
579;286;71;-202;-201;2;0;0;0;0;1;1;0;0;0;0;31592;0;0;0;0;
579;286;71;-203;-201;2;0;0;0;0;1;1;0;0;0;0;31623;0;0;0;0;
579;286;70;-202;-201;2;0;0;0;0;1;1;0;0;0;0;31654;0;0;0;0;
579;286;72;-202;-201;2;0;0;0;0;1;1;0;0;0;0;31685;0;0;0;0;
579;286;72;-201;-200;2;0;0;0;0;1;1;0;0;0;0;31716;0;0;0;0;
579;286;75;-200;-200;2;0;0;0;0;1;1;0;0;0;0;31747;0;0;0;0;
579;286;73;-200;-200;2;0;0;0;0;1;1;0;0;0;0;31778;0;0;0;0;
579;286;71;-200;-200;2;0;0;0;0;1;1;0;0;0;0;31809;0;0;0;0;
579;286;72;-199;-199;2;0;0;0;0;1;1;0;0;0;0;31840;0;0;0;0;
579;286;74;-198;-198;2;0;0;0;0;1;1;0;0;0;0;31871;0;0;0;0;
579;286;74;-198;-197;2;0;0;0;0;1;1;0;0;0;0;31902;0;0;0;0;
579;286;73;-198;-197;2;0;0;0;0;1;1;0;0;0;0;31933;0;0;0;0;
579;286;72;-198;-197;2;0;0;0;0;1;1;0;0;0;0;31964;0;0;0;0;
579;286;74;-198;-196;2;0;0;0;0;1;1;0;0;0;0;31995;0;0;0;0;
579;286;75;-196;-196;2;0;0;0;0;1;1;0;0;0;0;32026;0;0;0;0;
579;286;76;-196;-195;2;0;0;0;0;1;1;0;0;0;0;32057;0;0;0;0;
579;286;74;-196;-195;2;0;0;0;0;1;1;0;0;0;0;32088;0;0;0;0;
579;286;74;-195;-194;2;0;0;0;0;1;1;0;0;0;0;32119;0;0;0;0;
579;286;75;-194;-194;2;0;0;0;0;1;1;0;0;0;0;32150;0;0;0;0;
579;286;76;-193;-193;2;0;0;0;0;1;1;0;0;0;0;32181;0;0;0;0;
579;286;75;-193;-192;2;0;0;0;0;1;1;0;0;0;0;32212;0;0;0;0;
579;286;75;-193;-193;2;0;0;0;0;1;1;0;0;0;0;32243;0;0;0;0;
579;286;75;-192;-192;2;0;0;0;0;1;1;0;0;0;0;32274;0;0;0;0;
579;286;75;-191;-191;2;0;0;0;0;1;1;0;0;0;0;32305;0;0;0;0;
579;286;76;-190;-190;2;0;0;0;0;1;1;0;0;0;0;32336;0;0;0;0;
579;286;76;-190;-190;2;0;0;0;0;1;1;0;0;0;0;32367;0;0;0;0;
579;286;75;-190;-190;2;0;0;0;0;1;1;0;0;0;0;32398;0;0;0;0;
579;286;75;-190;-190;2;0;0;0;0;1;1;0;0;0;0;32429;0;0;0;0;
579;286;76;-190;-189;2;0;0;0;0;1;1;0;0;0;0;32460;0;0;0;0;
579;286;78;-188;-188;2;0;0;0;0;1;1;0;0;0;0;32491;0;0;0;0;
579;286;76;-188;-188;2;0;0;0;0;1;1;0;0;0;0;32522;0;0;0;0;
579;286;75;-189;-189;2;0;0;0;0;1;1;0;0;0;0;32553;0;0;0;0;
579;286;76;-188;-187;2;0;0;0;0;1;1;0;0;0;0;32584;0;0;0;0;
579;286;77;-187;-186;2;0;0;0;0;1;1;0;0;0;0;32615;0;0;0;0;
579;286;79;-186;-185;2;0;0;0;0;1;1;0;0;0;0;32646;0;0;0;0;
579;286;79;-185;-188;1;1;1;0;0;1;1;0;0;0;0;32677;0;0;0;0;
579;286;77;-183;-201;1;1;1;0;0;1;1;0;0;0;0;32708;0;0;0;0;
579;286;77;-181;-211;1;1;1;0;0;1;1;0;0;0;0;32739;0;0;0;0;
579;286;78;-181;-215;1;1;1;0;0;1;1;0;0;0;0;32770;0;0;0;0;
579;286;79;-182;-215;1;1;1;0;0;1;1;0;0;0;0;32801;0;0;0;0;
579;286;78;-183;-215;1;1;1;0;0;1;1;0;0;0;0;32832;0;0;0;0;
579;286;76;-184;-216;1;1;1;0;0;1;1;0;0;0;0;32863;0;0;0;0;
579;286;78;-184;-217;1;1;1;0;0;1;1;0;0;0;0;32894;0;0;0;0;
579;286;79;-184;-218;1;1;1;0;0;1;1;0;0;0;0;32925;0;0;0;0;
579;286;79;-185;-219;1;1;1;0;0;1;1;0;0;0;0;32956;0;0;0;0;
579;286;77;-185;-222;1;1;1;0;0;1;1;0;0;0;0;32987;0;0;0;0;
579;286;76;-186;-224;1;1;1;0;0;1;1;0;0;0;0;33018;0;0;0;0;
579;286;77;-186;-226;1;1;1;0;0;1;1;0;0;0;0;33049;0;0;0;0;
579;286;77;-186;-226;1;1;1;0;0;1;1;0;0;0;0;33080;0;0;0;0;
579;286;79;-186;-227;1;1;1;0;0;1;1;0;0;0;0;33111;0;0;0;0;
579;286;75;-188;-228;1;1;1;0;0;1;1;0;0;0;0;33142;0;0;0;0;
579;286;75;-188;-228;1;1;1;0;0;1;1;0;0;0;0;33173;0;0;0;0;
579;286;75;-188;-228;1;1;1;0;0;1;1;0;0;0;0;33204;0;0;0;0;
579;286;76;-188;-227;1;1;1;0;0;1;1;0;0;0;0;33235;0;0;0;0;
579;286;76;-189;-227;1;1;1;0;0;1;1;0;0;0;0;33266;0;0;0;0;
579;286;73;-189;-228;1;1;1;0;0;1;1;0;0;0;0;33297;0;0;0;0;
579;286;71;-190;-230;1;1;1;0;0;1;1;0;0;0;0;33328;0;0;0;0;
579;286;74;-190;-230;1;1;1;0;0;1;1;0;0;0;0;33359;0;0;0;0;
579;286;73;-190;-231;1;1;1;0;0;1;1;0;0;0;0;33390;0;0;0;0;
579;286;73;-190;-231;1;1;1;0;0;1;1;0;0;0;0;33421;0;0;0;0;
579;286;70;-191;-233;1;1;1;0;0;1;1;0;0;0;0;33452;0;0;0;0;
579;286;70;-190;-233;1;1;1;0;0;1;1;0;0;0;0;33483;0;0;0;0;
579;286;70;-190;-234;1;1;1;0;0;1;1;0;0;0;0;33514;0;0;0;0;
579;286;70;-190;-234;1;1;1;0;0;1;1;0;0;0;0;33545;0;0;0;0;
579;286;69;-191;-235;1;1;1;0;0;1;1;0;0;0;0;33576;0;0;0;0;
579;286;68;-192;-237;1;1;1;0;0;1;1;0;0;0;0;33607;0;0;0;0;
579;286;67;-192;-237;1;1;1;0;0;1;1;0;0;0;0;33638;0;0;0;0;
579;286;66;-192;-237;1;1;1;0;0;1;1;0;0;0;0;33669;0;0;0;0;
579;286;66;-192;-238;1;1;1;0;0;1;1;0;0;0;0;33700;0;0;0;0;
579;286;65;-193;-240;1;1;1;0;0;1;1;0;0;0;0;33731;0;0;0;0;
579;286;62;-194;-242;1;1;1;0;0;1;1;0;0;0;0;33762;0;0;0;0;
579;286;62;-194;-242;1;1;1;0;0;1;1;0;0;0;0;33793;0;0;0;0;
579;286;63;-193;-242;1;1;1;0;0;1;1;0;0;0;0;33824;0;0;0;0;
579;286;62;-194;-243;1;1;1;0;0;1;1;0;0;0;0;33855;0;0;0;0;
579;286;60;-193;-243;1;1;1;0;0;1;1;0;0;0;0;33886;0;0;0;0;
579;286;60;-195;-244;1;1;1;0;0;1;1;0;0;0;0;33917;0;0;0;0;
579;286;59;-195;-244;1;1;1;0;0;1;1;0;0;0;0;33948;0;0;0;0;
579;286;59;-194;-243;1;1;1;0;0;1;1;0;0;0;0;33979;0;0;0;0;
579;286;58;-195;-243;1;1;1;0;0;1;1;0;0;0;0;34010;0;0;0;0;
579;286;56;-195;-244;1;1;1;0;0;1;1;0;0;0;0;34041;0;0;0;0;
579;286;54;-196;-245;2;1;1;0;0;1;1;0;0;0;0;34072;0;0;0;0;
579;286;55;-195;-246;2;1;1;0;0;1;1;0;0;0;0;34103;0;0;0;0;
579;286;55;-196;-251;2;1;1;0;0;1;1;0;0;0;0;34134;0;0;0;0;
579;286;55;-196;-255;2;1;1;0;0;1;1;0;0;0;0;34165;0;0;0;0;
579;286;53;-198;-259;2;1;1;0;0;1;1;0;0;0;0;34196;0;0;0;0;
579;286;53;-200;-264;2;1;1;0;0;1;1;0;0;0;0;34227;0;0;0;0;
579;286;53;-200;-266;2;1;1;0;0;1;1;0;0;0;0;34258;0;0;0;0;
579;286;54;-201;-268;2;1;1;0;0;1;1;0;0;0;0;34289;0;0;0;0;
579;286;53;-202;-269;2;1;1;0;0;1;1;0;0;0;0;34320;0;0;0;0;
579;286;52;-204;-272;2;1;1;0;0;1;1;0;0;0;0;34351;0;0;0;0;
579;286;53;-205;-273;2;1;1;0;0;1;1;0;0;0;0;34382;0;0;0;0;
579;286;52;-207;-274;2;1;1;0;0;1;1;0;0;0;0;34413;0;0;0;0;
579;286;54;-208;-276;2;1;1;0;0;1;1;0;0;0;0;34444;0;0;0;0;
579;286;52;-210;-277;2;1;1;0;0;1;1;0;0;0;0;34475;0;0;0;0;
579;286;51;-210;-278;2;1;1;0;0;1;1;0;0;0;0;34506;0;0;0;0;
579;286;51;-212;-279;2;1;1;0;0;1;1;0;0;0;0;34537;0;0;0;0;
579;286;53;-213;-280;2;1;1;0;0;1;1;0;0;0;0;34568;0;0;0;0;
579;286;53;-214;-282;2;1;1;0;0;1;1;0;0;0;0;34599;0;0;0;0;
579;286;52;-215;-282;2;1;1;0;0;1;1;0;0;0;0;34630;0;0;0;0;
579;286;51;-217;-283;2;1;1;0;0;1;1;0;0;0;0;34661;0;0;0;0;
579;286;51;-218;-285;2;1;1;0;0;1;1;0;0;0;0;34692;0;0;0;0;
579;286;52;-219;-285;2;1;1;0;0;1;1;0;0;0;0;34723;0;0;0;0;
579;286;53;-219;-283;2;0;0;0;0;1;1;0;0;0;0;34754;0;0;0;0;
579;286;51;-220;-277;2;0;0;0;0;1;1;0;0;0;0;34785;0;0;0;0;
579;286;50;-221;-272;2;0;0;0;0;1;1;0;0;0;0;34816;0;0;0;0;
579;286;51;-221;-266;2;0;0;0;0;1;1;0;0;0;0;34847;0;0;0;0;
579;286;51;-221;-256;2;0;0;0;0;1;1;0;0;0;0;34878;0;0;0;0;
579;286;53;-221;-244;2;0;0;0;0;1;1;0;0;0;0;34909;0;0;0;0;
579;286;51;-221;-235;2;0;0;0;0;1;1;0;0;0;0;34940;0;0;0;0;
579;286;50;-221;-230;2;0;0;0;0;1;1;0;0;0;0;34971;0;0;0;0;
579;286;51;-221;-224;2;0;0;0;0;1;1;0;0;0;0;35002;0;0;0;0;
579;286;52;-220;-219;2;0;0;0;0;1;1;0;0;0;0;35033;0;0;0;0;
579;286;54;-220;-217;2;0;0;0;0;1;1;0;0;0;0;35064;0;0;0;0;
579;286;52;-220;-215;2;0;0;0;0;1;1;0;0;0;0;35095;0;0;0;0;
579;286;51;-220;-215;2;0;0;0;0;1;1;0;0;0;0;35126;0;0;0;0;
579;286;51;-219;-213;2;0;0;0;0;1;1;0;0;0;0;35157;0;0;0;0;
579;286;53;-218;-212;2;0;0;0;0;1;1;0;0;0;0;35188;0;0;0;0;
579;286;51;-218;-212;2;0;0;0;0;1;1;0;0;0;0;35219;0;0;0;0;
579;286;51;-218;-212;2;0;0;0;0;1;1;0;0;0;0;35250;0;0;0;0;
579;286;51;-217;-212;2;0;0;0;0;1;1;0;0;0;0;35281;0;0;0;0;
579;286;53;-215;-211;2;0;0;0;0;1;1;0;0;0;0;35312;0;0;0;0;
579;286;53;-215;-210;2;0;0;0;0;1;1;0;0;0;0;35343;0;0;0;0;
579;286;53;-215;-210;2;0;0;0;0;1;1;0;0;0;0;35374;0;0;0;0;
579;286;52;-214;-210;2;0;0;0;0;1;1;0;0;0;0;35405;0;0;0;0;
579;286;51;-214;-210;2;0;0;0;0;1;1;0;0;0;0;35436;0;0;0;0;
579;286;53;-213;-210;2;0;0;0;0;1;1;0;0;0;0;35467;0;0;0;0;
579;286;54;-212;-209;2;0;0;0;0;1;1;0;0;0;0;35498;0;0;0;0;
579;286;53;-212;-209;2;0;0;0;0;1;1;0;0;0;0;35529;0;0;0;0;
579;286;51;-212;-209;2;0;0;0;0;1;1;0;0;0;0;35560;0;0;0;0;
579;286;51;-212;-208;2;0;0;0;0;1;1;0;0;0;0;35591;0;0;0;0;
579;286;54;-210;-207;2;0;0;0;0;1;1;0;0;0;0;35622;0;0;0;0;
579;286;54;-210;-205;2;0;0;0;0;1;1;0;0;0;0;35653;0;0;0;0;
579;286;53;-208;-206;2;0;0;0;0;1;1;0;0;0;0;35684;0;0;0;0;
579;286;52;-210;-207;2;0;0;0;0;1;1;0;0;0;0;35715;0;0;0;0;
579;286;53;-209;-205;2;0;0;0;0;1;1;0;0;0;0;35746;0;0;0;0;
579;286;54;-207;-204;2;0;0;0;0;1;1;0;0;0;0;35777;0;0;0;0;
579;286;55;-207;-203;2;0;0;0;0;1;1;0;0;0;0;35808;0;0;0;0;
579;286;54;-206;-203;2;0;0;0;0;1;1;0;0;0;0;35839;0;0;0;0;
579;286;53;-207;-205;2;0;0;0;0;1;1;0;0;0;0;35870;0;0;0;0;
579;286;54;-206;-204;2;0;0;0;0;1;1;0;0;0;0;35901;0;0;0;0;
579;286;55;-205;-202;2;0;0;0;0;1;1;0;0;0;0;35932;0;0;0;0;
579;286;57;-204;-202;2;0;0;0;0;1;1;0;0;0;0;35963;0;0;0;0;
579;286;54;-204;-201;2;0;0;0;0;1;1;0;0;0;0;35994;0;0;0;0;
579;286;53;-204;-202;2;0;0;0;0;1;1;0;0;0;0;36025;0;0;0;0;
579;286;55;-203;-200;2;0;0;0;0;1;1;0;0;0;0;36056;0;0;0;0;
579;286;55;-201;-199;2;0;0;0;0;1;1;0;0;0;0;36087;0;0;0;0;
579;286;55;-202;-199;2;0;0;0;0;1;1;0;0;0;0;36118;0;0;0;0;
579;286;56;-201;-200;2;0;0;0;0;1;1;0;0;0;0;36149;0;0;0;0;
579;286;55;-201;-200;2;0;0;0;0;1;1;0;0;0;0;36180;0;0;0;0;
579;286;55;-200;-199;2;0;0;0;0;1;1;0;0;0;0;36211;0;0;0;0;
579;286;60;-199;-198;2;0;0;0;0;1;1;0;0;0;0;36242;0;0;0;0;
579;286;55;-199;-197;2;0;0;0;0;1;1;0;0;0;0;36273;0;0;0;0;
579;286;55;-199;-198;2;0;0;0;0;1;1;0;0;0;0;36304;0;0;0;0;
579;286;55;-199;-197;2;0;0;0;0;1;1;0;0;0;0;36335;0;0;0;0;
579;286;55;-198;-196;2;0;0;0;0;1;1;0;0;0;0;36366;0;0;0;0;
579;286;60;-197;-196;2;0;0;0;0;1;1;0;0;0;0;36397;0;0;0;0;
579;286;56;-196;-193;2;0;0;0;0;1;1;0;0;0;0;36428;0;0;0;0;
579;286;57;-196;-195;2;0;0;0;0;1;1;0;0;0;0;36459;0;0;0;0;
579;286;55;-196;-194;2;0;0;0;0;1;1;0;0;0;0;36490;0;0;0;0;
579;286;60;-196;-193;2;0;0;0;0;1;1;0;0;0;0;36521;0;0;0;0;
579;286;59;-194;-192;2;0;0;0;0;1;1;0;0;0;0;36552;0;0;0;0;
579;286;56;-194;-192;2;0;0;0;0;1;1;0;0;0;0;36583;0;0;0;0;
579;286;56;-194;-192;2;0;0;0;0;1;1;0;0;0;0;36614;0;0;0;0;
579;286;55;-193;-192;2;0;0;0;0;1;1;0;0;0;0;36645;0;0;0;0;
579;286;57;-191;-191;2;0;0;0;0;1;1;0;0;0;0;36676;0;0;0;0;
579;286;59;-191;-190;2;0;0;0;0;1;1;0;0;0;0;36707;0;0;0;0;
579;286;59;-191;-190;2;0;0;0;0;1;1;0;0;0;0;36738;0;0;0;0;
579;286;56;-191;-190;2;0;0;0;0;1;1;0;0;0;0;36769;0;0;0;0;
579;286;58;-191;-190;2;0;0;0;0;1;1;0;0;0;0;36800;0;0;0;0;
579;286;58;-190;-189;2;0;0;0;0;1;1;0;0;0;0;36831;0;0;0;0;
579;286;60;-189;-186;2;0;0;0;0;1;1;0;0;0;0;36862;0;0;0;0;
579;286;60;-189;-188;2;0;0;0;0;1;1;0;0;0;0;36893;0;0;0;0;
579;286;58;-190;-188;2;0;0;0;0;1;1;0;0;0;0;36924;0;0;0;0;
579;286;59;-188;-188;2;0;0;0;0;1;1;0;0;0;0;36955;0;0;0;0;
579;286;60;-187;-186;2;0;0;0;0;1;1;0;0;0;0;36986;0;0;0;0;
579;286;60;-186;-185;2;1;1;0;0;1;1;0;0;0;0;37017;0;0;0;0;
579;286;60;-184;-194;2;1;1;0;0;1;1;0;0;0;0;37048;0;0;0;0;
579;286;60;-183;-216;2;1;1;0;0;1;1;0;0;0;0;37079;0;0;0;0;
579;286;60;-183;-227;2;1;1;0;0;1;1;0;0;0;0;37110;0;0;0;0;
579;286;61;-185;-232;2;1;1;0;0;1;1;0;0;0;0;37141;0;0;0;0;
579;286;62;-186;-237;2;1;1;0;0;1;1;0;0;0;0;37172;0;0;0;0;
579;286;60;-188;-241;2;1;1;0;0;1;1;0;0;0;0;37203;0;0;0;0;
579;286;60;-189;-246;2;1;1;0;0;1;1;0;0;0;0;37234;0;0;0;0;
579;286;60;-190;-250;2;1;1;0;0;1;1;0;0;0;0;37265;0;0;0;0;
579;286;63;-192;-254;2;1;1;0;0;1;1;0;0;0;0;37296;0;0;0;0;
579;286;61;-193;-258;2;1;1;0;0;1;1;0;0;0;0;37327;0;0;0;0;
579;286;61;-197;-263;2;1;1;0;0;1;1;0;0;0;0;37358;0;0;0;0;
579;286;61;-199;-267;2;1;1;0;0;1;1;0;0;0;0;37389;0;0;0;0;
579;286;61;-200;-274;2;1;1;0;0;1;1;0;0;0;0;37420;0;0;0;0;
579;286;62;-200;-277;2;1;1;0;0;1;1;0;0;0;0;37451;0;0;0;0;
579;286;61;-203;-279;2;1;1;0;0;1;1;0;0;0;0;37482;0;0;0;0;
579;286;62;-205;-282;2;1;1;0;0;1;1;0;0;0;0;37513;0;0;0;0;
579;286;61;-206;-280;2;1;1;0;0;1;1;0;0;0;0;37544;0;0;0;0;
579;286;62;-207;-282;2;1;1;0;0;1;1;0;0;0;0;37575;0;0;0;0;
579;286;65;-208;-282;2;1;1;0;0;1;1;0;0;0;0;37606;0;0;0;0;
579;286;63;-210;-283;2;1;1;0;0;1;1;0;0;0;0;37637;0;0;0;0;
579;286;62;-212;-284;2;1;1;0;0;1;1;0;0;0;0;37668;0;0;0;0;
579;286;62;-213;-285;2;1;1;0;0;1;1;0;0;0;0;37699;0;0;0;0;
579;286;65;-214;-285;2;1;1;0;0;1;1;0;0;0;0;37730;0;0;0;0;
579;286;65;-215;-285;2;1;1;0;0;1;1;0;0;0;0;37761;0;0;0;0;
579;286;64;-216;-286;2;1;1;0;0;1;1;0;0;0;0;37792;0;0;0;0;
579;286;63;-219;-287;2;1;1;0;0;1;1;0;0;0;0;37823;0;0;0;0;
579;286;64;-219;-287;2;1;1;0;0;1;1;0;0;0;0;37854;0;0;0;0;
579;286;64;-220;-287;2;0;0;0;0;1;1;0;0;0;0;37885;0;0;0;0;
579;286;67;-220;-279;2;0;0;0;0;1;1;0;0;0;0;37916;0;0;0;0;
579;286;65;-220;-273;2;0;0;0;0;1;1;0;0;0;0;37947;0;0;0;0;
579;286;64;-221;-268;2;0;0;0;0;1;1;0;0;0;0;37978;0;0;0;0;
579;286;64;-222;-257;2;0;0;0;0;1;1;0;0;0;0;38009;0;0;0;0;
579;286;65;-221;-247;2;0;0;0;0;1;1;0;0;0;0;38040;0;0;0;0;
579;286;67;-220;-237;2;0;0;0;0;1;1;0;0;0;0;38071;0;0;0;0;
579;286;64;-221;-230;2;0;0;0;0;1;1;0;0;0;0;38102;0;0;0;0;
579;286;65;-222;-225;2;0;0;0;0;1;1;0;0;0;0;38133;0;0;0;0;
579;286;65;-221;-220;2;0;0;0;0;1;1;0;0;0;0;38164;0;0;0;0;
579;286;67;-221;-217;2;0;0;0;0;1;1;0;0;0;0;38195;0;0;0;0;
579;286;66;-219;-213;2;0;0;0;0;1;1;0;0;0;0;38226;0;0;0;0;
579;286;67;-220;-212;2;0;0;0;0;1;1;0;0;0;0;38257;0;0;0;0;
579;286;65;-220;-212;2;0;0;0;0;1;1;0;0;0;0;38288;0;0;0;0;
579;286;66;-219;-211;2;0;0;0;0;1;1;0;0;0;0;38319;0;0;0;0;
579;286;67;-218;-210;2;0;0;0;0;1;1;0;0;0;0;38350;0;0;0;0;
579;286;69;-217;-210;2;0;0;0;0;1;1;0;0;0;0;38381;0;0;0;0;
579;286;67;-217;-210;2;0;0;0;0;1;1;0;0;0;0;38412;0;0;0;0;
579;286;66;-217;-210;2;0;0;0;0;1;1;0;0;0;0;38443;0;0;0;0;
579;286;67;-216;-210;2;0;0;0;0;1;1;0;0;0;0;38474;0;0;0;0;
579;286;69;-215;-210;2;0;0;0;0;1;1;0;0;0;0;38505;0;0;0;0;
579;286;69;-215;-208;2;0;0;0;0;1;1;0;0;0;0;38536;0;0;0;0;
579;286;67;-215;-209;2;0;0;0;0;1;1;0;0;0;0;38567;0;0;0;0;
579;286;66;-214;-209;2;0;0;0;0;1;1;0;0;0;0;38598;0;0;0;0;
579;286;68;-213;-208;2;0;0;0;0;1;1;0;0;0;0;38629;0;0;0;0;
579;286;70;-212;-207;2;0;0;0;0;1;1;0;0;0;0;38660;0;0;0;0;
579;286;70;-211;-206;2;0;0;0;0;1;1;0;0;0;0;38691;0;0;0;0;
579;286;67;-211;-207;2;0;0;0;0;1;1;0;0;0;0;38722;0;0;0;0;
579;286;69;-211;-207;2;0;0;0;0;1;1;0;0;0;0;38753;0;0;0;0;
579;286;69;-210;-206;2;0;0;0;0;1;1;0;0;0;0;38784;0;0;0;0;
579;286;71;-209;-205;2;0;0;0;0;1;1;0;0;0;0;38815;0;0;0;0;
579;286;69;-209;-205;2;0;0;0;0;1;1;0;0;0;0;38846;0;0;0;0;
579;286;70;-209;-205;2;0;0;0;0;1;1;0;0;0;0;38877;0;0;0;0;
579;286;69;-209;-205;2;0;0;0;0;1;1;0;0;0;0;38908;0;0;0;0;
579;286;70;-208;-204;2;0;0;0;0;1;1;0;0;0;0;38939;0;0;0;0;
579;286;71;-206;-203;2;0;0;0;0;1;1;0;0;0;0;38970;0;0;0;0;
579;286;70;-207;-203;2;0;0;0;0;1;1;0;0;0;0;39001;0;0;0;0;
579;286;70;-207;-203;2;0;0;0;0;1;1;0;0;0;0;39032;0;0;0;0;
579;286;70;-205;-202;2;0;0;0;0;1;1;0;0;0;0;39063;0;0;0;0;
579;286;72;-204;-201;2;0;0;0;0;1;1;0;0;0;0;39094;0;0;0;0;
579;286;73;-203;-201;2;0;0;0;0;1;1;0;0;0;0;39125;0;0;0;0;
579;286;70;-204;-201;2;0;0;0;0;1;1;0;0;0;0;39156;0;0;0;0;
579;286;70;-203;-201;2;0;0;0;0;1;1;0;0;0;0;39187;0;0;0;0;
579;286;71;-202;-200;2;0;0;0;0;1;1;0;0;0;0;39218;0;0;0;0;
579;286;74;-202;-200;2;0;0;0;0;1;1;0;0;0;0;39249;0;0;0;0;
579;286;73;-200;-199;2;0;0;0;0;1;1;0;0;0;0;39280;0;0;0;0;
579;286;72;-201;-200;2;0;0;0;0;1;1;0;0;0;0;39311;0;0;0;0;
579;286;72;-200;-200;2;0;0;0;0;1;1;0;0;0;0;39342;0;0;0;0;
579;286;72;-200;-198;2;0;0;0;0;1;1;0;0;0;0;39373;0;0;0;0;
579;286;74;-199;-198;2;0;0;0;0;1;1;0;0;0;0;39404;0;0;0;0;
579;286;74;-198;-197;2;0;0;0;0;1;1;0;0;0;0;39435;0;0;0;0;
579;286;72;-199;-197;2;0;0;0;0;1;1;0;0;0;0;39466;0;0;0;0;
579;286;72;-199;-197;2;0;0;0;0;1;1;0;0;0;0;39497;0;0;0;0;
579;286;74;-198;-196;2;0;0;0;0;1;1;0;0;0;0;39528;0;0;0;0;
579;286;74;-196;-195;2;0;0;0;0;1;1;0;0;0;0;39559;0;0;0;0;
579;286;75;-195;-194;2;0;0;0;0;1;1;0;0;0;0;39590;0;0;0;0;
579;286;70;-196;-195;2;0;0;0;0;1;1;0;0;0;0;39621;0;0;0;0;
579;286;73;-196;-194;2;0;0;0;0;1;1;0;0;0;0;39652;0;0;0;0;
579;286;73;-195;-193;2;0;0;0;0;1;1;0;0;0;0;39683;0;0;0;0;
579;286;75;-192;-191;2;0;0;0;0;1;1;0;0;0;0;39714;0;0;0;0;
579;286;74;-193;-191;2;0;0;0;0;1;1;0;0;0;0;39745;0;0;0;0;
579;286;72;-194;-192;2;0;0;0;0;1;1;0;0;0;0;39776;0;0;0;0;
579;286;73;-192;-191;2;0;0;0;0;1;1;0;0;0;0;39807;0;0;0;0;
579;286;74;-191;-191;2;0;0;0;0;1;1;0;0;0;0;39838;0;0;0;0;
579;286;75;-190;-189;2;0;0;0;0;1;1;0;0;0;0;39869;0;0;0;0;
579;286;76;-192;-190;2;0;0;0;0;1;1;0;0;0;0;39900;0;0;0;0;
579;286;73;-191;-190;2;0;0;0;0;1;1;0;0;0;0;39931;0;0;0;0;
579;286;75;-191;-190;2;0;0;0;0;1;1;0;0;0;0;39962;0;0;0;0;
579;286;75;-190;-188;2;0;0;0;0;1;1;0;0;0;0;39993;0;0;0;0;
579;286;76;-188;-187;2;0;0;0;0;1;1;0;0;0;0;40024;0;0;0;0;
579;286;79;-189;-188;2;0;0;0;0;1;1;0;0;0;0;40055;0;0;0;0;
579;286;76;-188;-189;1;1;1;0;0;1;1;0;0;0;0;40086;0;0;0;0;
579;286;75;-185;-199;1;1;1;0;0;1;1;0;0;0;0;40117;0;0;0;0;
579;286;75;-183;-210;1;1;1;0;0;1;1;0;0;0;0;40148;0;0;0;0;
579;286;76;-184;-214;1;1;1;0;0;1;1;0;0;0;0;40179;0;0;0;0;
579;286;76;-185;-216;1;1;1;0;0;1;1;0;0;0;0;40210;0;0;0;0;
579;286;75;-185;-217;1;1;1;0;0;1;1;0;0;0;0;40241;0;0;0;0;
579;286;76;-185;-217;1;1;1;0;0;1;1;0;0;0;0;40272;0;0;0;0;
579;286;77;-185;-219;1;1;1;0;0;1;1;0;0;0;0;40303;0;0;0;0;
579;286;76;-186;-220;1;1;1;0;0;1;1;0;0;0;0;40334;0;0;0;0;
579;286;76;-186;-221;1;1;1;0;0;1;1;0;0;0;0;40365;0;0;0;0;
579;286;75;-188;-222;1;1;1;0;0;1;1;0;0;0;0;40396;0;0;0;0;
579;286;75;-188;-223;1;1;1;0;0;1;1;0;0;0;0;40427;0;0;0;0;
579;286;76;-187;-224;1;1;1;0;0;1;1;0;0;0;0;40458;0;0;0;0;
579;286;76;-187;-226;1;1;1;0;0;1;1;0;0;0;0;40489;0;0;0;0;
579;286;75;-189;-228;1;1;1;0;0;1;1;0;0;0;0;40520;0;0;0;0;
579;286;74;-190;-229;1;1;1;0;0;1;1;0;0;0;0;40551;0;0;0;0;
579;286;75;-190;-228;1;1;1;0;0;1;1;0;0;0;0;40582;0;0;0;0;
579;286;75;-189;-228;1;1;1;0;0;1;1;0;0;0;0;40613;0;0;0;0;
579;286;75;-190;-230;1;1;1;0;0;1;1;0;0;0;0;40644;0;0;0;0;
579;286;73;-190;-231;1;1;1;0;0;1;1;0;0;0;0;40675;0;0;0;0;
579;286;72;-190;-231;1;1;1;0;0;1;1;0;0;0;0;40706;0;0;0;0;
579;286;73;-190;-231;1;1;1;0;0;1;1;0;0;0;0;40737;0;0;0;0;
579;286;73;-190;-232;1;1;1;0;0;1;1;0;0;0;0;40768;0;0;0;0;
579;286;71;-191;-233;1;1;1;0;0;1;1;0;0;0;0;40799;0;0;0;0;
579;286;70;-193;-234;1;1;1;0;0;1;1;0;0;0;0;40830;0;0;0;0;
579;286;69;-192;-235;1;1;1;0;0;1;1;0;0;0;0;40861;0;0;0;0;
579;286;69;-192;-235;1;1;1;0;0;1;1;0;0;0;0;40892;0;0;0;0;
579;286;70;-192;-235;1;1;1;0;0;1;1;0;0;0;0;40923;0;0;0;0;
579;286;67;-193;-236;1;1;1;0;0;1;1;0;0;0;0;40954;0;0;0;0;
579;286;66;-193;-237;1;1;1;0;0;1;1;0;0;0;0;40985;0;0;0;0;
579;286;65;-194;-238;1;1;1;0;0;1;1;0;0;0;0;41016;0;0;0;0;
579;286;65;-193;-238;1;1;1;0;0;1;1;0;0;0;0;41047;0;0;0;0;
579;286;67;-193;-239;1;1;1;0;0;1;1;0;0;0;0;41078;0;0;0;0;
579;286;64;-194;-241;1;1;1;0;0;1;1;0;0;0;0;41109;0;0;0;0;
579;286;62;-194;-242;1;1;1;0;0;1;1;0;0;0;0;41140;0;0;0;0;
579;286;61;-194;-244;1;1;1;0;0;1;1;0;0;0;0;41171;0;0;0;0;
579;286;61;-195;-243;1;1;1;0;0;1;1;0;0;0;0;41202;0;0;0;0;
579;286;61;-193;-244;1;1;1;0;0;1;1;0;0;0;0;41233;0;0;0;0;
579;286;59;-195;-245;1;1;1;0;0;1;1;0;0;0;0;41264;0;0;0;0;
579;286;58;-196;-245;1;1;1;0;0;1;1;0;0;0;0;41295;0;0;0;0;
579;286;57;-196;-246;1;1;1;0;0;1;1;0;0;0;0;41326;0;0;0;0;
579;286;57;-195;-246;1;1;1;0;0;1;1;0;0;0;0;41357;0;0;0;0;
579;286;57;-195;-245;1;1;1;0;0;1;1;0;0;0;0;41388;0;0;0;0;
579;286;55;-197;-245;2;1;1;0;0;1;1;0;0;0;0;41419;0;0;0;0;
579;286;53;-197;-248;2;1;1;0;0;1;1;0;0;0;0;41450;0;0;0;0;
579;286;54;-197;-252;2;1;1;0;0;1;1;0;0;0;0;41481;0;0;0;0;
579;286;55;-198;-257;2;1;1;0;0;1;1;0;0;0;0;41512;0;0;0;0;
579;286;53;-199;-260;2;1;1;0;0;1;1;0;0;0;0;41543;0;0;0;0;
579;286;53;-200;-264;2;1;1;0;0;1;1;0;0;0;0;41574;0;0;0;0;
579;286;53;-201;-267;2;1;1;0;0;1;1;0;0;0;0;41605;0;0;0;0;
579;286;54;-202;-270;2;1;1;0;0;1;1;0;0;0;0;41636;0;0;0;0;
579;286;54;-203;-270;2;1;1;0;0;1;1;0;0;0;0;41667;0;0;0;0;
579;286;53;-205;-273;2;1;1;0;0;1;1;0;0;0;0;41698;0;0;0;0;
579;286;52;-206;-275;2;1;1;0;0;1;1;0;0;0;0;41729;0;0;0;0;
579;286;51;-208;-276;2;1;1;0;0;1;1;0;0;0;0;41760;0;0;0;0;
579;286;52;-209;-277;2;1;1;0;0;1;1;0;0;0;0;41791;0;0;0;0;
579;286;54;-210;-278;2;1;1;0;0;1;1;0;0;0;0;41822;0;0;0;0;
579;286;53;-211;-279;2;1;1;0;0;1;1;0;0;0;0;41853;0;0;0;0;
579;286;51;-213;-280;2;1;1;0;0;1;1;0;0;0;0;41884;0;0;0;0;
579;286;50;-215;-282;2;1;1;0;0;1;1;0;0;0;0;41915;0;0;0;0;
579;286;51;-215;-283;2;1;1;0;0;1;1;0;0;0;0;41946;0;0;0;0;
579;286;53;-216;-283;2;1;1;0;0;1;1;0;0;0;0;41977;0;0;0;0;
579;286;52;-217;-284;2;1;1;0;0;1;1;0;0;0;0;42008;0;0;0;0;
579;286;51;-219;-286;2;1;1;0;0;1;1;0;0;0;0;42039;0;0;0;0;
579;286;51;-220;-284;2;0;0;0;0;1;1;0;0;0;0;42070;0;0;0;0;
579;286;51;-221;-277;2;0;0;0;0;1;1;0;0;0;0;42101;0;0;0;0;
579;286;52;-220;-272;2;0;0;0;0;1;1;0;0;0;0;42132;0;0;0;0;
579;286;50;-221;-267;2;0;0;0;0;1;1;0;0;0;0;42163;0;0;0;0;
579;286;50;-221;-258;2;0;0;0;0;1;1;0;0;0;0;42194;0;0;0;0;
579;286;50;-221;-246;2;0;0;0;0;1;1;0;0;0;0;42225;0;0;0;0;
579;286;52;-221;-237;2;0;0;0;0;1;1;0;0;0;0;42256;0;0;0;0;
579;286;52;-220;-230;2;0;0;0;0;1;1;0;0;0;0;42287;0;0;0;0;
579;286;50;-220;-225;2;0;0;0;0;1;1;0;0;0;0;42318;0;0;0;0;
579;286;50;-221;-220;2;0;0;0;0;1;1;0;0;0;0;42349;0;0;0;0;
579;286;51;-220;-217;2;0;0;0;0;1;1;0;0;0;0;42380;0;0;0;0;
579;286;52;-219;-214;2;0;0;0;0;1;1;0;0;0;0;42411;0;0;0;0;
579;286;53;-218;-212;2;0;0;0;0;1;1;0;0;0;0;42442;0;0;0;0;
579;286;51;-219;-213;2;0;0;0;0;1;1;0;0;0;0;42473;0;0;0;0;
579;286;51;-219;-213;2;0;0;0;0;1;1;0;0;0;0;42504;0;0;0;0;
579;286;51;-219;-212;2;0;0;0;0;1;1;0;0;0;0;42535;0;0;0;0;
579;286;54;-217;-210;2;0;0;0;0;1;1;0;0;0;0;42566;0;0;0;0;
579;286;53;-217;-211;2;0;0;0;0;1;1;0;0;0;0;42597;0;0;0;0;
579;286;52;-216;-210;2;0;0;0;0;1;1;0;0;0;0;42628;0;0;0;0;
579;286;51;-216;-210;2;0;0;0;0;1;1;0;0;0;0;42659;0;0;0;0;
579;286;52;-215;-210;2;0;0;0;0;1;1;0;0;0;0;42690;0;0;0;0;
579;286;54;-214;-208;2;0;0;0;0;1;1;0;0;0;0;42721;0;0;0;0;
579;286;53;-213;-209;2;0;0;0;0;1;1;0;0;0;0;42752;0;0;0;0;
579;286;52;-214;-209;2;0;0;0;0;1;1;0;0;0;0;42783;0;0;0;0;
579;286;51;-213;-209;2;0;0;0;0;1;1;0;0;0;0;42814;0;0;0;0;
579;286;53;-212;-208;2;0;0;0;0;1;1;0;0;0;0;42845;0;0;0;0;
579;286;53;-210;-207;2;0;0;0;0;1;1;0;0;0;0;42876;0;0;0;0;
579;286;51;-211;-207;2;0;0;0;0;1;1;0;0;0;0;42907;0;0;0;0;
579;286;51;-211;-207;2;0;0;0;0;1;1;0;0;0;0;42938;0;0;0;0;
579;286;51;-210;-208;2;0;0;0;0;1;1;0;0;0;0;42969;0;0;0;0;
579;286;54;-210;-206;2;0;0;0;0;1;1;0;0;0;0;43000;0;0;0;0;
579;286;54;-208;-204;2;0;0;0;0;1;1;0;0;0;0;43031;0;0;0;0;
579;286;54;-208;-205;2;0;0;0;0;1;1;0;0;0;0;43062;0;0;0;0;
579;286;52;-209;-205;2;0;0;0;0;1;1;0;0;0;0;43093;0;0;0;0;
579;286;52;-208;-204;2;0;0;0;0;1;1;0;0;0;0;43124;0;0;0;0;
579;286;55;-206;-204;2;0;0;0;0;1;1;0;0;0;0;43155;0;0;0;0;
579;286;58;-205;-203;2;0;0;0;0;1;1;0;0;0;0;43186;0;0;0;0;
579;286;54;-205;-203;2;1;1;0;0;1;1;0;2;0;0;0;16;0;0;0;
579;286;53;-201;-214;2;1;1;0;0;1;1;0;2;0;0;0;47;0;0;0;
579;286;54;-200;-230;2;1;1;0;0;1;1;0;2;0;0;0;78;0;0;0;
579;286;55;-200;-244;2;1;1;0;0;1;1;0;2;0;0;0;109;0;0;0;
579;286;56;-200;-249;2;1;1;0;0;1;1;0;2;0;0;0;140;0;0;0;
579;286;53;-202;-253;2;1;1;0;0;1;1;0;2;0;0;0;171;0;0;0;
579;286;53;-205;-258;2;1;1;0;0;1;1;0;2;0;0;0;202;0;0;0;
579;286;54;-206;-263;2;1;1;0;0;1;1;0;2;0;0;0;233;0;0;0;
579;286;55;-207;-267;2;1;1;0;0;1;1;0;2;0;0;0;264;0;0;0;
579;286;57;-208;-274;2;1;1;0;0;1;1;0;2;0;0;0;295;0;0;0;
579;286;55;-210;-279;2;1;1;0;0;1;1;0;2;0;0;0;326;0;0;0;
579;286;55;-211;-283;2;1;1;0;0;1;1;0;2;0;0;0;357;0;0;0;
579;286;55;-212;-285;2;1;1;0;0;1;1;0;2;0;0;0;388;0;0;0;
579;286;56;-213;-286;2;1;1;0;0;1;1;0;2;0;0;0;419;0;0;0;
579;286;56;-214;-287;2;1;1;0;0;1;1;0;2;0;0;0;450;0;0;0;
579;286;55;-217;-289;2;1;1;0;0;1;1;0;2;0;0;0;481;0;0;0;
579;286;55;-218;-289;2;1;1;0;0;1;1;0;2;0;0;0;512;0;0;0;
579;286;56;-219;-289;2;1;1;0;0;1;1;0;2;0;0;0;543;0;0;0;
579;286;56;-220;-289;2;1;1;0;0;1;1;0;2;0;0;0;574;0;0;0;
579;286;57;-221;-290;2;1;1;0;0;1;1;0;2;0;0;0;605;0;0;0;
579;286;56;-223;-292;2;1;1;0;0;1;1;0;2;0;0;0;636;0;0;0;
579;286;55;-224;-292;2;1;1;0;0;1;1;0;2;0;0;0;667;0;0;0;
579;286;56;-224;-292;2;1;1;0;0;1;1;0;2;0;0;0;698;0;0;0;
579;286;60;-225;-292;2;1;1;0;0;1;1;0;2;0;0;0;729;0;0;0;
579;286;58;-227;-293;2;1;1;0;0;1;1;0;2;0;0;0;760;0;0;0;
579;286;55;-228;-294;2;1;1;0;0;1;1;0;2;0;0;0;791;0;0;0;
579;286;56;-230;-295;2;1;1;0;0;1;1;0;2;0;0;0;822;0;0;0;
579;286;57;-230;-296;2;1;1;0;0;1;1;0;2;0;0;0;853;0;0;0;
579;286;59;-230;-293;2;0;0;1;0;1;1;0;2;0;0;0;884;0;0;0;
579;286;58;-230;-283;2;0;0;1;0;1;1;0;2;0;0;0;915;0;0;0;
579;286;56;-232;-262;2;0;0;1;0;1;1;0;2;0;0;0;946;0;0;0;
579;286;57;-231;-232;2;0;0;1;0;1;1;0;2;0;0;0;977;0;0;0;
579;286;58;-230;-200;2;0;0;1;0;1;1;0;2;0;0;0;1008;0;0;0;
579;286;59;-228;-164;2;0;0;1;0;1;1;0;2;0;0;0;1039;0;0;0;
579;286;59;-223;-128;2;0;0;1;0;1;1;0;2;0;0;0;1070;0;0;0;
579;286;57;-218;-96;2;0;0;1;0;1;1;0;2;0;0;0;1101;0;0;0;
579;286;59;-210;-75;2;0;0;1;0;1;1;0;2;0;0;0;1132;0;0;0;
579;286;60;-202;-58;2;0;0;1;0;1;1;0;2;0;0;0;1163;0;0;0;
579;286;59;-194;-44;2;0;0;1;0;1;1;0;2;0;0;0;1194;0;0;0;
579;286;59;-186;-27;2;0;0;1;0;1;1;0;2;0;0;0;1225;0;0;0;
579;286;59;-177;-8;2;0;0;1;0;1;1;0;2;0;0;0;1256;0;0;0;
579;286;59;-165;23;2;0;0;1;0;1;1;0;2;0;0;0;1287;0;0;0;
579;286;60;-153;52;2;0;0;1;0;1;1;0;2;0;0;0;1318;0;0;0;
579;286;61;-140;83;2;0;0;1;0;1;1;0;2;0;0;0;1349;0;0;0;
579;286;60;-125;106;2;0;0;1;0;1;1;0;2;0;0;0;1380;0;0;0;
579;286;59;-112;126;2;0;0;1;0;1;1;0;2;0;0;0;1411;0;0;0;
579;286;60;-95;146;2;0;0;1;0;1;1;0;2;0;0;0;1442;0;0;0;
579;286;61;-80;165;2;0;0;1;0;1;1;0;2;0;0;0;1473;0;0;0;
579;286;60;-65;181;2;0;0;1;0;1;1;0;2;0;0;0;1504;0;0;0;
579;286;60;-50;203;2;0;0;1;0;1;1;0;2;0;0;0;1535;0;0;0;
579;286;59;-33;228;2;0;0;1;0;1;1;0;2;0;0;0;1566;0;0;0;
579;286;60;-15;250;2;0;0;1;0;1;1;0;2;0;0;0;1597;0;0;0;
579;286;61;4;271;2;0;0;1;0;1;1;0;2;0;0;0;1628;0;0;0;
579;286;63;23;287;2;0;0;1;0;1;1;0;2;0;0;0;1659;0;0;0;
579;286;60;40;298;2;0;0;1;0;1;1;0;2;0;0;0;1690;0;0;0;
579;286;61;58;303;2;0;0;1;0;1;1;0;2;0;0;0;1721;0;0;0;
579;286;61;75;318;2;0;0;1;0;1;1;0;2;0;0;0;1752;0;0;0;
579;286;62;94;333;2;0;1;0;0;1;1;0;0;0;1;16;0;4464;0;0;
579;286;61;110;335;2;0;1;0;0;1;1;0;0;0;1;47;0;4464;0;0;
579;286;61;115;315;2;0;1;0;0;1;1;0;0;0;1;78;0;4464;0;0;
579;286;60;124;311;2;0;1;0;0;1;1;0;0;0;1;109;0;4464;0;0;
579;286;65;130;300;2;0;1;0;0;1;1;0;0;0;1;140;0;4464;0;0;
579;286;64;133;292;2;0;1;0;0;1;1;0;0;0;1;171;0;4464;0;0;
579;286;66;135;272;2;0;1;0;0;1;1;0;0;0;1;202;0;4464;0;0;
579;286;60;132;258;2;0;1;0;0;1;1;0;0;0;1;233;0;4464;0;0;
579;286;62;135;246;2;0;1;0;0;1;1;0;0;0;1;264;0;4464;0;0;
579;286;64;136;238;2;0;1;0;0;1;1;0;0;0;1;295;0;4464;0;0;
579;286;67;139;231;2;0;1;0;0;1;1;0;0;0;1;326;0;4464;0;0;
579;286;65;133;220;2;0;1;0;0;1;1;0;0;0;1;357;0;4464;0;0;
