579;286;111;-118;-81;4;1;1;0;0;1;2;0;0;0;2;3;0;0;0;0;
579;286;108;-117;-87;1;1;1;0;0;1;2;0;0;0;2;34;0;0;0;0;
579;286;109;-115;-108;1;1;1;0;0;1;2;0;0;0;2;65;0;0;0;0;
579;286;111;-114;-115;1;1;1;0;0;1;2;0;0;0;2;96;0;0;0;0;
579;286;111;-115;-120;1;1;1;0;0;1;2;0;0;0;2;127;0;0;0;0;
579;286;110;-115;-130;1;1;1;0;0;1;2;0;0;0;2;158;0;0;0;0;
579;286;110;-116;-138;1;1;1;0;0;1;2;0;0;0;2;189;0;0;0;0;
579;286;110;-117;-148;1;1;1;0;0;1;2;0;0;0;2;220;0;0;0;0;
579;286;109;-118;-155;1;1;1;0;0;1;2;0;0;0;2;251;0;0;0;0;
579;286;111;-119;-163;1;1;1;0;0;1;2;0;0;0;2;282;0;0;0;0;
579;286;110;-120;-172;1;1;1;0;0;1;2;0;0;0;2;313;0;0;0;0;
579;286;110;-121;-177;1;1;1;0;0;1;2;0;0;0;2;344;0;0;0;0;
579;286;110;-122;-183;1;1;1;0;0;1;2;0;0;0;2;375;0;0;0;0;
579;286;112;-125;-186;1;1;1;0;0;1;2;0;0;0;2;406;0;0;0;0;
579;286;114;-126;-190;1;1;1;0;0;1;1;0;0;0;2;437;0;0;0;0;
579;286;111;-127;-192;1;1;1;0;0;1;1;0;0;0;2;468;0;0;0;0;
579;286;110;-128;-195;1;1;1;0;0;1;1;0;0;0;2;499;0;0;0;0;
579;286;110;-129;-198;1;1;1;0;0;1;1;0;0;0;2;530;0;0;0;0;
579;286;111;-130;-200;1;1;1;0;0;1;1;0;0;0;2;561;0;0;0;0;
579;286;114;-130;-200;1;1;1;0;0;1;1;0;0;0;2;592;0;0;0;0;
579;286;114;-130;-201;1;1;1;0;0;1;1;0;0;0;2;623;0;0;0;0;
579;286;112;-133;-202;1;1;1;0;0;1;1;0;0;0;2;654;0;0;0;0;
579;286;112;-133;-204;1;1;1;0;0;1;1;0;0;0;2;685;0;0;0;0;
579;286;112;-133;-204;1;1;1;0;0;1;1;0;0;0;2;716;0;0;0;0;
579;286;113;-133;-205;1;1;1;0;0;1;1;0;0;0;2;747;0;0;0;0;
579;286;111;-135;-205;1;1;1;0;0;1;1;0;0;0;2;778;0;0;0;0;
579;286;110;-136;-206;1;1;1;0;0;1;1;0;0;0;2;809;0;0;0;0;
579;286;112;-136;-208;1;1;1;0;0;1;1;0;0;0;2;840;0;0;0;0;
579;286;113;-136;-207;1;1;1;0;0;1;1;0;0;0;2;871;0;0;0;0;
579;286;112;-137;-207;1;1;1;0;0;1;1;0;0;0;2;902;0;0;0;0;
579;286;113;-138;-209;1;1;1;0;0;1;1;0;0;0;2;933;0;0;0;0;
579;286;113;-139;-210;1;1;1;0;0;1;1;0;0;0;2;964;0;0;0;0;
579;286;114;-140;-210;1;1;1;0;0;1;1;0;0;0;2;995;0;0;0;0;
579;286;114;-139;-209;1;1;1;0;0;1;1;0;0;0;2;1026;0;0;0;0;
579;286;114;-140;-210;1;1;1;0;0;1;1;0;0;0;2;1057;0;0;0;0;
579;286;113;-140;-210;1;1;1;0;0;1;1;0;0;0;2;1088;0;0;0;0;
579;286;113;-142;-210;1;1;1;0;0;1;1;0;0;0;2;1119;0;0;0;0;
579;286;112;-140;-210;1;1;1;0;0;1;1;0;0;0;2;1150;0;0;0;0;
579;286;115;-141;-212;1;1;1;0;0;1;1;0;0;0;2;1181;0;0;0;0;
579;286;112;-141;-211;1;1;1;0;0;1;1;0;0;0;2;1212;0;0;0;0;
579;286;115;-143;-213;1;1;1;0;0;1;1;0;0;0;2;1243;0;0;0;0;
579;286;111;-144;-213;1;1;1;0;0;1;1;0;0;0;2;1274;0;0;0;0;
579;286;113;-143;-212;1;1;1;0;0;1;1;0;0;0;2;1305;0;0;0;0;
579;286;116;-143;-212;1;1;1;0;0;1;1;0;0;0;2;1336;0;0;0;0;
579;286;114;-144;-212;1;1;1;0;0;1;1;0;0;0;2;1367;0;0;0;0;
579;286;113;-145;-214;1;1;1;0;0;1;1;0;0;0;2;1398;0;0;0;0;
579;286;114;-145;-214;1;1;1;0;0;1;1;0;0;0;2;1429;0;0;0;0;
579;286;115;-145;-214;1;1;1;0;0;1;1;0;0;0;2;1460;0;0;0;0;
579;286;117;-144;-213;1;1;1;0;0;1;1;0;0;0;2;1491;0;0;0;0;
579;286;113;-146;-215;1;1;1;0;0;1;1;0;0;0;2;1522;0;0;0;0;
579;286;114;-147;-216;1;1;1;0;0;1;1;0;0;0;2;1553;0;0;0;0;
579;286;112;-147;-216;1;1;1;0;0;1;1;0;0;0;2;1584;0;0;0;0;
579;286;116;-147;-215;1;1;1;0;0;1;1;0;0;0;2;1615;0;0;0;0;
579;286;115;-146;-215;1;1;1;0;0;1;1;0;0;0;2;1646;0;0;0;0;
579;286;115;-147;-217;1;1;1;0;0;1;1;0;0;0;2;1677;0;0;0;0;
579;286;114;-149;-217;1;1;1;0;0;1;1;0;0;0;2;1708;0;0;0;0;
579;286;114;-148;-217;1;1;1;0;0;1;1;0;0;0;2;1739;0;0;0;0;
579;286;116;-147;-216;1;1;1;0;0;1;1;0;0;0;2;1770;0;0;0;0;
579;286;118;-148;-217;1;1;1;0;0;1;1;0;2;0;2;0;0;0;0;0;
579;286;115;-148;-217;1;1;1;0;0;1;1;0;2;0;2;0;31;0;0;0;
579;286;115;-150;-218;1;1;1;0;0;1;1;0;2;0;2;0;62;0;0;0;
579;286;114;-149;-219;1;1;1;0;0;1;1;0;2;0;2;0;93;0;0;0;
579;286;116;-149;-218;1;1;1;0;0;1;1;0;2;0;2;0;124;0;0;0;
579;286;116;-149;-219;1;1;1;0;0;1;1;0;2;0;2;0;155;0;0;0;
579;286;115;-150;-219;1;1;1;0;0;1;1;0;2;0;2;0;186;0;0;0;
579;286;114;-150;-219;1;1;1;0;0;1;1;0;2;0;2;0;217;0;0;0;
579;286;115;-150;-219;1;1;1;0;0;1;1;0;2;0;2;0;248;0;0;0;
579;286;116;-150;-219;1;1;1;0;0;1;1;0;2;0;2;0;279;0;0;0;
579;286;116;-151;-219;1;1;1;0;0;1;1;0;2;0;2;0;310;0;0;0;
579;286;112;-151;-219;1;1;1;0;0;1;1;0;2;0;2;0;341;0;0;0;
579;286;115;-152;-221;1;1;1;0;0;1;1;0;2;0;2;0;372;0;0;0;
579;286;114;-150;-221;1;1;1;0;0;1;1;0;2;0;2;0;403;0;0;0;
579;286;117;-150;-220;1;1;1;0;0;1;1;0;2;0;2;0;434;0;0;0;
579;286;114;-151;-221;1;1;1;0;0;1;1;0;2;0;2;0;465;0;0;0;
579;286;116;-153;-222;1;1;1;0;0;1;1;0;2;0;2;0;496;0;0;0;
579;286;116;-153;-222;1;1;1;0;0;1;1;0;2;0;2;0;527;0;0;0;
579;286;115;-152;-222;1;1;1;0;0;1;1;0;2;0;2;0;558;0;0;0;
579;286;116;-153;-221;1;1;1;0;0;1;1;0;2;0;2;0;589;0;0;0;
579;286;115;-153;-223;1;1;1;0;0;1;1;0;2;0;2;0;620;0;0;0;
579;286;113;-153;-224;1;1;1;0;0;1;1;0;2;0;2;0;651;0;0;0;
579;286;115;-154;-223;1;1;1;0;0;1;1;0;2;0;2;0;682;0;0;0;
579;286;114;-153;-223;1;1;1;0;0;1;1;0;2;0;2;0;713;0;0;0;
579;286;116;-155;-223;1;1;1;0;0;1;1;0;2;0;2;0;744;0;0;0;
579;286;116;-154;-224;1;1;1;0;0;1;1;0;2;0;2;0;775;0;0;0;
579;286;113;-155;-224;1;1;1;0;0;1;1;0;2;0;2;0;806;0;0;0;
579;286;112;-155;-224;1;1;1;0;0;1;1;0;2;0;2;0;837;0;0;0;
579;286;116;-155;-224;1;1;1;0;0;1;1;0;2;0;2;0;868;0;0;0;
579;286;116;-155;-225;1;1;1;0;0;1;1;0;2;0;2;0;899;0;0;0;
579;286;116;-156;-225;1;1;1;0;0;1;1;0;2;0;2;0;930;0;0;0;
579;286;112;-155;-225;1;1;1;0;0;1;1;0;2;0;2;0;961;0;0;0;
579;286;115;-155;-225;1;1;1;0;0;1;1;0;2;0;2;0;992;0;0;0;
579;286;117;-155;-225;1;1;1;0;0;1;1;0;2;0;2;0;1023;0;0;0;
579;286;117;-156;-225;1;1;1;0;0;1;1;0;2;0;2;0;1054;0;0;0;
579;286;116;-156;-226;1;1;1;0;0;1;1;0;2;0;2;0;1085;0;0;0;
579;286;116;-157;-225;1;1;1;0;0;1;1;0;2;0;2;0;1116;0;0;0;
579;286;114;-156;-226;1;1;1;0;0;1;1;0;2;0;2;0;1147;0;0;0;
579;286;119;-156;-225;1;1;1;0;0;1;1;0;2;0;2;0;1178;0;0;0;
579;286;117;-156;-227;1;1;1;0;0;1;1;0;2;0;2;0;1209;0;0;0;
579;286;116;-158;-226;1;1;1;0;0;1;1;0;2;0;2;0;1240;0;0;0;
579;286;113;-158;-228;1;1;1;0;0;1;1;0;2;0;2;0;1271;0;0;0;
579;286;117;-158;-227;1;1;1;0;0;1;1;0;2;0;2;0;1302;0;0;0;
579;286;118;-157;-226;1;1;1;0;0;1;1;0;2;0;2;0;1333;0;0;0;
579;286;116;-156;-226;1;1;1;0;0;1;1;0;2;0;2;0;1364;0;0;0;
579;286;116;-158;-226;1;1;1;0;0;1;1;0;2;0;2;0;1395;0;0;0;
579;286;116;-160;-228;1;1;1;0;0;1;1;0;2;0;2;0;1426;0;0;0;
579;286;116;-158;-227;1;1;1;0;0;1;1;0;2;0;2;0;1457;0;0;0;
579;286;118;-159;-227;1;1;1;0;0;1;1;0;2;0;2;0;1488;0;0;0;
579;286;117;-159;-228;1;1;1;0;0;1;1;0;2;0;2;0;1519;0;0;0;
579;286;116;-159;-228;1;1;1;0;0;1;1;0;2;0;2;0;1550;0;0;0;
579;286;118;-160;-228;1;1;1;0;0;1;1;0;2;0;2;0;1581;0;0;0;
579;286;117;-159;-228;1;1;1;0;0;1;1;0;2;0;2;0;1612;0;0;0;
579;286;117;-159;-228;1;1;1;0;0;1;1;0;2;0;2;0;1643;0;0;0;
579;286;118;-159;-229;1;1;1;0;0;1;1;0;2;0;2;0;1674;0;0;0;
579;286;115;-160;-229;1;1;1;0;0;1;1;0;2;0;2;0;1705;0;0;0;
579;286;115;-160;-230;1;1;1;0;0;1;1;0;2;0;2;0;1736;0;0;0;
579;286;118;-160;-229;1;1;1;0;0;1;1;0;2;0;2;0;1767;0;0;0;
579;286;118;-160;-229;1;1;1;0;0;1;1;0;2;0;2;0;1798;0;0;0;
579;286;116;-160;-230;1;1;1;0;0;1;1;0;2;0;2;0;1829;0;0;0;
579;286;116;-161;-230;1;1;1;0;0;1;1;0;2;0;2;0;1860;0;0;0;
579;286;116;-160;-230;1;1;1;0;0;1;1;0;2;0;2;0;1953;0;0;0;
579;286;115;-161;-230;1;1;1;0;0;1;1;0;2;0;2;0;1984;0;0;0;
579;286;117;-161;-230;1;1;1;0;0;1;1;0;2;0;2;0;2015;0;0;0;
579;286;118;-161;-230;1;1;1;0;0;1;1;0;2;0;2;0;2046;0;0;0;
579;286;115;-160;-231;1;1;1;0;0;1;1;0;2;0;2;0;2077;0;0;0;
579;286;117;-160;-230;1;1;1;0;0;1;1;0;2;0;2;0;2108;0;0;0;
579;286;116;-163;-230;1;1;1;0;0;1;1;0;2;0;2;0;2139;0;0;0;
579;286;119;-162;-232;1;1;1;0;0;1;1;0;2;0;2;0;2263;0;0;0;
579;286;115;-164;-231;1;1;1;0;0;1;1;0;2;0;2;0;2294;0;0;0;
579;286;113;-163;-233;1;1;1;0;0;1;1;0;2;0;2;0;2325;0;0;0;
579;286;116;-162;-232;1;1;1;0;0;1;1;0;2;0;2;0;2356;0;0;0;
579;286;119;-161;-232;1;1;1;0;0;1;1;0;2;0;2;0;2387;0;0;0;
579;286;118;-162;-232;1;1;1;0;0;1;1;0;2;0;2;0;2418;0;0;0;
579;286;114;-163;-232;1;1;1;0;0;1;1;0;2;0;2;0;2449;0;0;0;
579;286;115;-163;-233;1;1;1;0;0;1;1;0;2;0;2;0;2480;0;0;0;
579;286;116;-163;-233;1;1;1;0;0;1;1;0;2;0;2;0;2511;0;0;0;
579;286;118;-162;-232;1;1;1;0;0;1;1;0;2;0;2;0;2542;0;0;0;
579;286;117;-165;-232;1;1;1;0;0;1;1;0;2;0;2;0;2573;0;0;0;
579;286;114;-165;-234;1;1;1;0;0;1;1;0;2;0;2;0;2604;0;0;0;
579;286;117;-165;-234;1;1;1;0;0;1;1;0;2;0;2;0;2635;0;0;0;
579;286;118;-164;-234;1;1;1;0;0;1;1;0;2;0;2;0;2666;0;0;0;
579;286;119;-163;-234;1;1;1;0;0;1;1;0;2;0;2;0;2697;0;0;0;
579;286;116;-164;-234;1;1;1;0;0;1;1;0;2;0;2;0;2728;0;0;0;
579;286;116;-166;-236;1;1;1;0;0;1;1;0;2;0;2;0;2759;0;0;0;
579;286;116;-165;-235;1;1;1;0;0;1;1;0;2;0;2;0;2790;0;0;0;
579;286;115;-164;-235;1;1;1;0;0;1;1;0;2;0;2;0;2821;0;0;0;
579;286;119;-164;-235;1;1;1;0;0;1;1;0;2;0;2;0;2852;0;0;0;
579;286;115;-165;-236;1;1;1;0;0;1;1;0;2;0;2;0;2883;0;0;0;
579;286;116;-166;-237;1;1;1;0;0;1;1;0;2;0;2;0;2914;0;0;0;
579;286;116;-166;-237;1;1;1;0;0;1;1;0;2;0;2;0;2945;0;0;0;
579;286;116;-166;-236;1;1;1;0;0;1;1;0;2;0;2;0;2976;0;0;0;
579;286;118;-166;-236;1;1;1;0;0;1;1;0;2;0;2;0;3007;0;0;0;
579;286;117;-166;-236;1;1;1;0;0;1;1;0;2;0;2;0;3038;0;0;0;
579;286;116;-167;-238;1;1;1;0;0;1;1;0;2;0;2;0;3069;0;0;0;
579;286;114;-166;-237;1;1;1;0;0;1;1;0;2;0;2;0;3100;0;0;0;
579;286;118;-167;-238;1;1;1;0;0;1;1;0;2;0;2;0;3131;0;0;0;
579;286;119;-166;-237;1;1;1;0;0;1;1;0;2;0;2;0;3162;0;0;0;
579;286;115;-167;-238;1;1;1;0;0;1;1;0;2;0;2;0;3193;0;0;0;
579;286;116;-168;-239;1;1;1;0;0;1;1;0;2;0;2;0;3224;0;0;0;
579;286;115;-167;-238;1;1;1;0;0;1;1;0;2;0;2;0;3255;0;0;0;
579;286;117;-166;-239;1;1;1;0;0;1;1;0;2;0;2;0;3286;0;0;0;
579;286;117;-166;-239;1;1;1;0;0;1;1;0;2;0;2;0;3317;0;0;0;
579;286;116;-167;-240;1;1;1;0;0;1;1;0;2;0;2;0;3348;0;0;0;
579;286;116;-168;-241;1;1;1;0;0;1;1;0;2;0;2;0;3379;0;0;0;
579;286;116;-168;-241;1;1;1;0;0;1;1;0;2;0;2;0;3410;0;0;0;
579;286;117;-168;-240;1;1;1;0;0;1;1;0;2;0;2;0;3441;0;0;0;
579;286;118;-168;-240;1;1;1;0;0;1;1;0;2;0;2;0;3472;0;0;0;
579;286;117;-169;-243;1;1;1;0;0;1;1;0;2;0;2;0;3503;0;0;0;
579;286;117;-167;-242;1;1;1;0;0;1;1;0;2;0;2;0;3534;0;0;0;
579;286;119;-168;-241;1;1;1;0;0;1;1;0;2;0;2;0;3565;0;0;0;
579;286;120;-168;-242;1;1;1;0;0;1;1;0;2;0;2;0;3596;0;0;0;
579;286;116;-168;-243;1;1;1;0;0;1;1;0;2;0;2;0;3627;0;0;0;
579;286;119;-170;-243;1;1;1;0;0;1;1;0;2;0;2;0;3658;0;0;0;
579;286;117;-170;-243;1;1;1;0;0;1;1;0;2;0;2;0;3689;0;0;0;
579;286;119;-170;-244;1;1;1;0;0;1;1;0;2;0;2;0;3720;0;0;0;
579;286;118;-169;-243;1;1;1;0;0;1;1;0;2;0;2;0;3751;0;0;0;
579;286;116;-168;-242;1;1;1;0;0;1;1;0;2;0;2;0;3782;0;0;0;
579;286;114;-170;-243;1;1;1;0;0;1;1;0;2;0;2;0;3813;0;0;0;
579;286;116;-170;-244;1;1;1;0;0;1;1;0;2;0;2;0;3844;0;0;0;
579;286;117;-169;-244;1;1;1;0;0;1;1;0;2;0;2;0;3875;0;0;0;
579;286;119;-170;-245;1;1;1;0;0;1;1;0;2;0;2;0;3906;0;0;0;
579;286;118;-170;-245;1;1;1;0;0;1;1;0;2;0;2;0;3937;0;0;0;
579;286;115;-170;-245;1;1;1;0;0;1;1;0;2;0;2;0;3968;0;0;0;
579;286;118;-170;-245;1;1;1;0;0;1;1;0;2;0;2;0;3999;0;0;0;
579;286;119;-170;-246;1;1;1;0;0;1;1;0;2;0;2;0;4030;0;0;0;
579;286;119;-170;-245;1;1;1;0;0;1;1;0;2;0;2;0;4061;0;0;0;
579;286;119;-170;-245;1;1;1;0;0;1;1;0;2;0;2;0;4092;0;0;0;
579;286;115;-172;-246;1;1;1;0;0;1;1;0;2;0;2;0;4123;0;0;0;
579;286;117;-170;-246;1;1;1;0;0;1;1;0;2;0;2;0;4154;0;0;0;
579;286;118;-170;-247;1;1;1;0;0;1;1;0;2;0;2;0;4185;0;0;0;
579;286;120;-170;-246;1;1;1;0;0;1;1;0;2;0;2;0;4216;0;0;0;
579;286;117;-172;-247;1;1;1;0;0;1;1;0;2;0;2;0;4247;0;0;0;
579;286;117;-171;-247;1;1;1;0;0;1;1;0;2;0;2;0;4278;0;0;0;
579;286;117;-170;-247;1;1;1;0;0;1;1;0;2;0;2;0;4309;0;0;0;
579;286;120;-170;-248;1;1;1;0;0;1;1;0;2;0;2;0;4340;0;0;0;
579;286;119;-172;-247;1;1;1;0;0;1;1;0;2;0;2;0;4371;0;0;0;
579;286;119;-172;-249;1;1;1;0;0;1;1;0;2;0;2;0;4402;0;0;0;
579;286;117;-172;-248;1;1;1;0;0;1;1;0;2;0;2;0;4433;0;0;0;
579;286;118;-172;-248;1;1;1;0;0;1;1;0;2;0;2;0;4464;0;0;0;
579;286;119;-171;-248;1;1;1;0;0;1;1;0;2;0;2;0;4495;0;0;0;
579;286;120;-170;-249;1;1;1;0;0;1;1;0;2;0;2;0;4526;0;0;0;
579;286;116;-172;-249;1;1;1;0;0;1;1;0;2;0;2;0;4557;0;0;0;
579;286;116;-173;-250;1;1;1;0;0;1;1;0;2;0;2;0;4588;0;0;0;
579;286;117;-171;-250;1;1;1;0;0;1;1;0;2;0;2;0;4619;0;0;0;
579;286;121;-171;-250;1;1;1;0;0;1;1;0;2;0;2;0;4650;0;0;0;
579;286;120;-171;-250;1;1;1;0;0;1;1;0;2;0;2;0;4681;0;0;0;
579;286;119;-174;-251;1;1;1;0;0;1;1;0;2;0;2;0;4712;0;0;0;
579;286;119;-172;-250;1;1;1;0;0;1;1;0;2;0;2;0;4743;0;0;0;
579;286;119;-173;-250;1;1;1;0;0;1;1;0;2;0;2;0;4774;0;0;0;
579;286;118;-171;-250;1;1;1;0;0;1;1;0;2;0;2;0;4805;0;0;0;
579;286;119;-172;-252;1;1;1;0;0;1;1;0;2;0;2;0;4836;0;0;0;
579;286;118;-173;-252;1;1;1;0;0;1;1;0;2;0;2;0;4867;0;0;0;
579;286;118;-174;-252;1;1;1;0;0;1;1;0;2;0;2;0;4898;0;0;0;
579;286;118;-173;-252;1;1;1;0;0;1;1;0;2;0;2;0;4929;0;0;0;
579;286;118;-172;-252;1;1;1;0;0;1;1;0;2;0;2;0;4960;0;0;0;
579;286;117;-173;-253;1;1;1;0;0;1;1;0;2;0;2;0;4991;0;0;0;
579;286;120;-174;-254;1;1;1;0;0;1;1;0;2;0;2;0;5022;0;0;0;
579;286;118;-173;-254;1;1;1;0;0;1;1;0;2;0;2;0;5053;0;0;0;
579;286;120;-174;-253;1;1;1;0;0;1;1;0;2;0;2;0;5084;0;0;0;
579;286;121;-174;-254;1;1;1;0;0;1;1;0;2;0;2;0;5115;0;0;0;
579;286;119;-173;-254;1;1;1;0;0;1;1;0;2;0;2;0;5146;0;0;0;
579;286;119;-174;-255;1;1;1;0;0;1;1;0;2;0;2;0;5177;0;0;0;
579;286;119;-174;-254;1;1;1;0;0;1;1;0;2;0;2;0;5208;0;0;0;
579;286;120;-173;-255;1;1;1;0;0;1;1;0;2;0;2;0;5239;0;0;0;
579;286;120;-174;-255;1;1;1;0;0;1;1;0;2;0;2;0;5270;0;0;0;
579;286;120;-174;-255;1;1;1;0;0;1;1;0;2;0;2;0;5363;0;0;0;
579;286;120;-174;-255;1;1;1;0;0;1;1;0;2;0;2;0;5394;0;0;0;
579;286;122;-173;-255;1;1;1;0;0;1;1;0;2;0;2;0;5425;0;0;0;
579;286;120;-174;-256;1;1;1;0;0;1;1;0;2;0;2;0;5456;0;0;0;
579;286;119;-175;-256;1;1;1;0;0;1;1;0;2;0;2;0;5487;0;0;0;
579;286;122;-175;-255;1;1;1;0;0;1;1;0;2;0;2;0;5518;0;0;0;
579;286;121;-175;-256;1;1;1;0;0;1;1;0;2;0;2;0;5549;0;0;0;
579;286;120;-175;-257;1;1;1;0;0;1;1;0;2;0;2;0;5580;0;0;0;
579;286;120;-175;-257;1;1;1;0;0;1;1;0;2;0;2;0;5611;0;0;0;
579;286;120;-175;-257;1;1;1;0;0;1;1;0;2;0;2;0;5642;0;0;0;
579;286;122;-175;-258;1;1;1;0;0;1;1;0;2;0;2;0;5673;0;0;0;
579;286;123;-175;-257;1;1;1;0;0;1;1;0;2;0;2;0;5704;0;0;0;
579;286;121;-174;-258;1;1;1;0;0;1;1;0;2;0;2;0;5735;0;0;0;
579;286;119;-175;-258;1;1;1;0;0;1;1;0;2;0;2;0;5766;0;0;0;
579;286;121;-176;-258;1;1;1;0;0;1;1;0;2;0;2;0;5797;0;0;0;
579;286;120;-176;-259;1;1;1;0;0;1;1;0;2;0;2;0;5828;0;0;0;
579;286;119;-176;-262;1;1;1;0;0;1;1;0;2;0;2;0;6200;0;0;0;
579;286;120;-177;-263;1;1;1;0;0;1;1;0;2;0;2;0;6231;0;0;0;
579;286;121;-176;-264;1;1;1;0;0;1;1;0;2;0;2;0;6262;0;0;0;
579;286;121;-177;-263;1;1;1;0;0;1;1;0;2;0;2;0;6355;0;0;0;
579;286;120;-177;-263;1;1;1;0;0;1;1;0;2;0;2;0;6386;0;0;0;
579;286;124;-177;-267;1;1;1;0;0;1;1;0;2;0;2;0;6727;0;0;0;
579;286;126;-178;-267;1;1;1;0;0;1;1;0;2;0;2;0;6758;0;0;0;
579;286;124;-178;-267;1;1;1;0;0;1;1;0;2;0;2;0;6789;0;0;0;
579;286;121;-179;-267;1;1;1;0;0;1;1;0;2;0;2;0;6820;0;0;0;
579;286;123;-178;-267;1;1;1;0;0;1;1;0;2;0;2;0;6851;0;0;0;
579;286;126;-180;-171;2;0;0;1;0;1;1;0;2;0;2;0;7201;0;0;0;
579;286;127;-180;-145;2;0;0;1;0;1;1;0;2;0;2;0;7201;0;0;0;
579;286;128;-177;-96;2;0;0;1;0;1;1;0;2;0;2;0;7201;0;0;0;
579;286;129;-175;-77;2;0;0;1;0;1;1;0;2;0;2;0;7201;0;0;0;
579;286;128;-175;-64;2;0;0;1;0;1;1;0;2;0;2;0;7201;0;0;0;
579;286;127;-172;-53;2;0;0;1;0;1;1;0;2;0;2;0;7201;0;0;0;
579;286;129;-169;-47;2;0;0;1;0;1;1;0;2;0;2;0;7201;0;0;0;
579;286;132;-157;-31;2;0;0;1;0;1;1;0;2;0;2;0;7201;0;0;0;
579;286;130;-154;-27;2;0;0;1;0;1;1;0;2;0;2;0;7201;0;0;0;
579;286;131;-128;-15;2;0;0;1;0;1;1;0;2;0;2;0;7201;0;0;0;
579;286;134;-122;-14;2;0;0;1;0;1;1;0;2;0;2;0;7201;0;0;0;
579;286;136;-116;-10;2;0;0;1;0;1;1;0;2;0;2;0;7201;0;0;0;
579;286;138;-96;12;2;0;0;1;0;1;1;0;2;0;2;0;7201;0;0;0;
579;286;138;-90;22;2;0;0;1;0;1;1;0;2;0;2;0;7201;0;0;0;
579;286;141;-85;35;2;0;0;1;0;1;1;0;2;0;2;0;7201;0;0;0;
579;286;138;-78;50;2;0;0;1;0;1;1;0;2;0;2;0;7201;0;0;0;
579;286;140;-71;70;2;0;0;1;0;1;1;0;2;0;2;0;7201;0;0;0;
579;286;140;-62;86;2;0;0;1;0;1;1;0;2;0;2;0;7201;0;0;0;
579;286;144;26;258;2;0;0;1;0;1;1;0;2;0;2;0;7201;0;0;0;
579;286;146;43;277;2;0;0;1;0;1;1;0;2;0;2;0;7201;0;0;0;
579;286;145;58;290;2;0;0;1;0;1;1;0;2;0;2;0;7201;0;0;0;
579;286;146;76;305;2;0;0;1;0;1;1;0;2;0;2;0;7201;0;0;0;
579;286;147;95;321;2;0;0;1;0;1;1;0;2;0;2;0;7201;0;0;0;
579;286;149;113;330;2;0;1;0;0;1;1;0;0;0;1;12;0;2274;0;0;
579;286;149;126;335;2;0;1;0;0;1;1;0;0;0;1;43;0;2274;0;0;
579;286;148;140;331;2;0;1;0;0;1;1;0;0;0;1;74;0;2274;0;0;
579;286;151;153;328;2;0;1;0;0;1;1;0;0;0;1;105;0;2274;0;0;
579;286;152;164;321;2;0;1;0;0;1;1;0;0;0;1;136;0;2274;0;0;
579;286;156;174;246;2;0;1;0;0;1;1;0;0;0;1;322;0;2274;0;0;
579;286;153;172;235;2;0;1;0;0;1;1;0;0;0;1;353;0;2274;0;0;
579;286;153;172;227;2;0;1;0;0;1;1;0;0;0;1;384;0;2274;0;0;
579;286;162;170;221;2;0;1;0;0;1;1;0;0;0;1;415;0;2274;0;0;
579;286;157;169;213;2;0;1;0;0;1;1;0;0;0;1;446;0;2274;0;0;
579;286;160;165;201;2;0;1;0;0;1;1;0;0;0;1;477;0;2274;0;0;
579;286;158;156;190;2;0;1;0;0;1;1;0;0;0;1;508;0;2274;0;0;
579;286;160;153;182;2;0;1;0;0;1;1;0;0;0;1;539;0;2274;0;0;
579;286;160;146;175;2;0;1;0;0;1;1;0;0;0;1;570;0;2274;0;0;
579;286;163;143;166;2;0;1;0;0;1;1;0;0;0;1;601;0;2274;0;0;
579;286;162;135;149;2;0;1;0;0;1;1;0;0;0;1;632;0;2274;0;0;
579;286;161;127;133;2;0;1;0;0;1;1;0;0;0;1;663;0;2274;0;0;
579;286;166;118;120;2;0;1;0;0;1;1;0;0;0;1;694;0;2274;0;0;
579;286;165;110;105;2;1;1;0;0;1;1;0;0;0;1;725;0;2274;0;0;
579;286;168;75;47;2;1;1;0;0;1;1;0;0;0;1;756;0;2274;0;0;
579;286;166;45;-22;2;1;1;0;0;1;1;0;0;0;1;787;0;2274;0;0;
579;286;166;-8;-100;2;1;1;0;0;1;1;0;0;0;1;880;0;2274;0;0;
579;286;168;-19;-111;1;1;1;0;0;1;1;0;0;0;1;911;0;2274;0;0;
579;286;168;-29;-117;1;1;1;0;0;1;1;0;0;0;1;942;0;2274;0;0;
579;286;168;-37;-116;1;1;1;0;0;1;1;0;0;0;1;973;0;2274;0;0;
579;286;168;-40;-110;1;1;1;0;0;1;1;0;0;0;1;1004;0;2274;0;0;
579;286;170;-48;-110;1;1;1;0;0;1;1;0;0;0;1;1035;0;2274;0;0;
579;286;170;-52;-109;1;1;1;0;0;1;1;0;0;0;1;1066;0;2274;0;0;
579;286;170;-58;-110;1;1;1;0;0;1;1;0;0;0;1;1097;0;2274;0;0;
579;286;169;-60;-111;1;1;1;0;0;1;1;0;0;0;1;1128;0;2274;0;0;
579;286;172;-64;-113;1;1;1;0;0;1;1;0;0;0;1;1159;0;2274;0;0;
579;286;173;-66;-114;1;1;1;0;0;1;1;0;0;0;1;1190;0;2274;0;0;
579;286;170;-70;-113;1;1;1;0;0;1;1;0;0;0;1;1221;0;2274;0;0;
579;286;167;-74;-116;1;1;1;0;0;1;1;0;0;0;1;1252;0;2274;0;0;
579;286;170;-74;-117;1;1;1;0;0;1;1;0;0;0;1;1283;0;2274;0;0;
579;286;168;-76;-117;1;1;1;0;0;1;1;0;0;0;1;1314;0;2274;0;0;
579;286;170;-77;-117;1;1;1;0;0;1;1;0;0;0;1;1345;0;2274;0;0;
579;286;170;-79;-119;1;1;1;0;0;1;1;0;0;0;1;1376;0;2274;0;0;
579;286;168;-82;-120;1;1;1;0;0;1;1;0;0;0;1;1407;0;2274;0;0;
579;286;168;-84;-121;1;1;1;0;0;1;1;0;0;0;1;1438;0;2274;0;0;
579;286;170;-84;-120;1;1;1;0;0;1;1;0;0;0;1;1469;0;2274;0;0;
579;286;169;-84;-124;1;1;1;0;0;1;1;0;0;0;1;1500;0;2274;0;0;
579;286;167;-86;-125;1;1;1;0;0;1;1;0;0;0;1;1531;0;2274;0;0;
579;286;165;-88;-126;1;1;1;0;0;1;1;0;0;0;1;1562;0;2274;0;0;
579;286;165;-87;-126;1;1;1;0;0;1;1;0;0;0;1;1593;0;2274;0;0;
579;286;167;-89;-129;1;1;1;0;0;1;1;0;0;0;1;1624;0;2274;0;0;
579;286;166;-90;-129;1;1;1;0;0;1;1;0;0;0;1;1655;0;2274;0;0;
579;286;164;-92;-130;1;1;1;0;0;1;1;0;0;0;1;1686;0;2274;0;0;
579;286;167;-94;-136;1;1;1;0;0;1;1;0;0;0;1;1779;0;2274;0;0;
579;286;166;-95;-135;1;1;1;0;0;1;1;0;0;0;1;1810;0;2274;0;0;
579;286;162;-96;-138;1;1;1;0;0;1;1;0;0;0;1;1841;0;2274;0;0;
579;286;162;-97;-138;1;1;1;0;0;1;1;0;0;0;1;1872;0;2274;0;0;
579;286;164;-97;-140;1;1;1;0;0;1;1;0;0;0;1;1903;0;2274;0;0;
579;286;165;-97;-140;1;1;1;0;0;1;1;0;0;0;1;1934;0;2274;0;0;
579;286;162;-98;-141;1;1;1;0;0;1;1;0;0;0;1;1965;0;2274;0;0;
579;286;158;-99;-142;1;1;1;0;0;1;1;0;0;0;1;1996;0;2274;0;0;
579;286;156;-100;-144;1;1;1;0;0;1;1;0;0;0;1;2027;0;2274;0;0;
579;286;157;-101;-144;1;1;1;0;0;1;1;0;0;0;1;2058;0;2274;0;0;
579;286;161;-100;-144;1;1;1;0;0;1;1;0;0;0;1;2089;0;2274;0;0;
579;286;160;-100;-145;1;1;1;0;0;1;1;0;0;0;1;2120;0;2274;0;0;
579;286;158;-101;-145;1;1;1;0;0;1;1;0;0;0;1;2151;0;2274;0;0;
579;286;157;-103;-147;1;1;1;0;0;1;1;0;0;0;1;2182;0;2274;0;0;
579;286;156;-104;-147;1;1;1;0;0;1;1;0;0;0;1;2213;0;2274;0;0;
579;286;158;-103;-147;1;1;1;0;0;1;1;0;0;0;1;2244;0;2274;0;0;
579;286;156;-104;-148;1;1;1;0;0;1;1;0;0;0;1;2275;0;2274;0;0;
579;286;152;-104;-147;1;1;1;0;0;1;1;0;0;0;1;2306;0;2274;0;0;
579;286;151;-105;-149;1;1;1;0;0;1;1;0;0;0;1;2337;0;2274;0;0;
579;286;154;-106;-149;1;1;1;0;0;1;1;0;0;0;1;2368;0;2274;0;0;
579;286;156;-106;-148;1;1;1;0;0;1;1;0;0;0;1;2399;0;2274;0;0;
579;286;154;-107;-149;1;1;1;0;0;1;1;0;0;0;1;2430;0;2274;0;0;
579;286;153;-108;-150;1;1;1;0;0;1;1;0;0;0;1;2461;0;2274;0;0;
579;286;153;-108;-150;1;1;1;0;0;1;1;0;0;0;1;2492;0;2274;0;0;
579;286;153;-109;-150;1;1;1;0;0;1;1;0;0;0;1;2523;0;2274;0;0;
579;286;153;-109;-150;1;1;1;0;0;1;1;0;0;0;1;2554;0;2274;0;0;
579;286;152;-110;-150;1;1;1;0;0;1;1;0;0;0;1;2585;0;2274;0;0;
579;286;147;-110;-152;1;1;1;0;0;1;1;0;0;0;1;2616;0;2274;0;p;
579;286;149;-110;-152;1;1;1;0;0;1;1;0;0;0;1;2647;0;2274;0;0;
579;286;148;-111;-154;1;1;1;0;0;1;1;0;0;0;1;2747;0;2274;0;0;
579;286;146;-114;-155;1;1;1;0;0;1;1;0;0;0;1;2802;0;2274;0;0;
579;286;145;-113;-155;1;1;1;0;0;1;1;0;0;0;1;2895;0;2274;0;0;
579;286;143;-115;-156;1;1;1;0;0;1;1;0;0;0;1;2926;0;2274;0;0;
579;286;145;-114;-156;1;1;1;0;0;1;1;0;0;0;1;2957;0;2274;0;0;
579;286;144;-114;-155;1;1;1;0;0;1;1;0;0;0;1;2988;0;2274;0;0;
579;286;145;-114;-156;1;1;1;0;0;1;1;0;0;0;1;3019;0;2274;0;0;
579;286;141;-115;-156;1;1;1;0;0;1;1;0;0;0;1;3050;0;2274;0;0;
579;286;142;-116;-156;1;1;1;0;0;1;1;0;0;0;1;3081;0;2274;0;0;
579;286;143;-115;-157;1;1;1;0;0;1;1;0;0;0;1;3112;0;2274;0;0;
579;286;141;-115;-156;1;1;1;0;0;1;1;0;0;0;1;3143;0;2274;0;0;
579;286;140;-115;-157;1;1;1;0;0;1;1;0;0;0;1;3174;0;2274;0;0;
579;286;139;-116;-158;1;1;1;0;0;1;1;0;0;0;1;3205;0;2274;0;0;
579;286;139;-117;-159;1;1;1;0;0;1;1;0;0;0;1;3236;0;2274;0;0;
579;286;140;-117;-158;1;1;1;0;0;1;1;0;0;0;1;3267;0;2274;0;0;
579;286;140;-116;-159;1;1;1;0;0;1;1;0;0;0;1;3298;0;2274;0;0;
579;286;140;-117;-159;1;1;1;0;0;1;1;0;0;0;1;3329;0;2274;0;0;
579;286;136;-119;-160;1;1;1;0;0;1;1;0;0;0;1;3360;0;2274;0;0;
579;286;138;-117;-160;1;1;1;0;0;1;1;0;0;0;1;3391;0;2274;0;0;
579;286;138;-117;-160;1;1;1;0;0;1;1;0;0;0;1;3422;0;2274;0;0;
579;286;137;-117;-159;1;1;1;0;0;1;1;0;0;0;1;3453;0;2274;0;0;
579;286;136;-118;-160;1;1;1;0;0;1;1;0;0;0;1;3484;0;2274;0;0;
579;286;137;-120;-160;1;1;1;0;0;1;1;0;0;0;1;3515;0;2274;0;0;
579;286;137;-120;-161;1;1;1;0;0;1;1;0;0;0;1;3546;0;2274;0;0;
579;286;134;-120;-160;1;1;1;0;0;1;1;0;0;0;1;3577;0;2274;0;0;
579;286;136;-120;-161;1;1;1;0;0;1;1;0;0;0;1;3608;0;2274;0;0;
579;286;132;-120;-162;1;1;1;0;0;1;1;0;0;0;1;3701;0;2274;0;0;
579;286;133;-121;-162;1;1;1;0;0;1;1;0;0;0;1;3732;0;2274;0;0;
579;286;135;-120;-161;1;1;1;0;0;1;1;0;0;0;1;3763;0;2274;0;0;
579;286;124;-125;-167;1;1;1;0;0;1;1;0;0;0;2;4321;0;2274;0;0;
579;28~;127;-125;-165;1;1;1;0;0;1;1;0;0;0;2;4352;0;2274;0;0;
579;286;125;-126;-169;1;1;1;0;0;1;1;0;0;0;2;4445;0;2274;0;0;
579;286;125;-127;-169;1;1;1;0;0;1;1;0;0;0;2;4476;0;2274;0;0;
579;286;125;-126;-167;1;1;1;0;0;1;1;0;0;0;2;4507;0;2274;0;0;
579;286;125;-126;-168;1;1;1;0;0;1;1;0;0;0;2;4538;0;2274;0;0;
579;286;122;-126;-170;1;1;1;0;0;1;1;0;0;0;2;4569;0;2274;0;0;
579;286;123;-127;-170;1;1;1;0;0;1;1;0;0;0;2;4600;0;2274;0;0;
579;286;125;-128;-168;1;1;1;0;0;1;1;0;0;0;2;4631;0;2274;0;0;
579;286;121;-127;-168;1;1;1;0;0;1;1;0;0;0;2;4662;0;2274;0;0;
579;286;124;-127;-169;1;1;1;0;0;1;1;0;0;0;2;4693;0;2274;0;0;
579;286;120;-129;-170;1;1;1;0;0;1;1;0;0;0;2;4724;0;2274;0;0;
579;286;123;-129;-170;1;1;1;0;0;1;1;0;0;0;2;4755;0;2274;0;0;
579;286;120;-128;-170;1;1;1;0;0;1;1;0;0;0;2;4786;0;2274;0;0;
579;286;120;-130;-170;1;1;1;0;0;1;1;0;0;0;2;4817;0;2274;0;0;
579;286;120;-130;-170;1;1;1;0;0;1;1;0;0;0;2;4848;0;2274;0;0;
579;286;120;-130;-171;1;1;1;0;0;1;1;0;0;0;2;4879;0;2274;0;0;
