554;286;-146;-146;-345;0;1;1;0;0;0;1;0;0;6;0;0;0;0;0;
554;286;-144;-147;-342;0;1;1;0;0;0;1;0;0;6;0;0;0;0;0;
554;286;-144;-147;-342;0;1;1;0;0;0;1;0;0;6;0;0;0;0;0;
554;286;-145;-147;-350;0;1;1;0;0;0;1;0;0;6;0;0;0;0;0;
554;286;-145;-147;-350;0;1;1;0;0;0;1;0;0;6;0;0;0;0;0;
554;286;-144;-147;-350;0;1;1;0;0;0;1;0;0;6;0;0;0;0;0;
554;286;-144;-147;-347;0;1;1;0;0;0;1;0;0;6;0;0;0;0;0;
554;286;-143;-147;-349;0;1;1;0;0;0;1;0;0;6;0;0;0;0;0;
554;286;-143;-147;-352;0;1;1;0;0;0;1;0;0;6;0;0;0;0;0;
554;286;-140;-147;-345;0;1;1;0;0;0;1;0;0;6;0;0;0;0;0;
554;286;-142;-147;-352;0;1;1;0;0;0;1;0;0;6;0;0;0;0;0;
554;286;-140;-147;-349;0;1;1;0;0;0;1;0;0;6;0;0;0;0;0;
554;286;-140;-147;-349;0;1;1;0;0;0;1;0;0;6;0;0;0;0;0;
554;286;-140;-147;-353;0;1;1;0;0;0;1;0;0;6;0;0;0;0;0;
554;286;-139;-147;-347;0;1;1;0;0;0;1;0;0;6;0;0;0;0;0;
554;286;-139;-147;-352;0;1;1;0;0;0;1;0;0;6;0;0;0;0;0;
554;286;-136;-146;-350;0;1;1;0;0;0;1;0;0;6;0;0;0;0;0;
554;286;-139;-147;-354;0;1;1;0;0;0;1;0;0;6;0;0;0;0;0;
554;286;-136;-147;-350;0;1;1;0;0;0;1;0;0;6;0;0;0;0;0;
554;286;-135;-147;-350;0;1;1;0;0;0;1;0;0;6;0;0;0;0;0;
554;286;-136;-147;-354;0;1;1;0;0;0;1;0;0;6;0;0;0;0;0;
554;286;-135;-147;-354;0;1;1;0;0;0;1;0;0;6;0;0;0;0;0;
554;286;-135;-147;-352;0;1;1;0;0;0;1;0;0;6;0;0;0;0;0;
554;286;-135;-147;-354;0;1;1;0;0;0;1;0;0;6;0;0;0;0;0;
554;286;-134;-147;-350;0;1;1;0;0;0;1;0;0;6;0;0;0;0;0;
554;286;-132;-147;-350;0;1;1;0;0;0;1;0;0;6;0;0;0;0;0;
554;286;-131;-147;-350;0;1;1;0;0;0;1;0;0;6;0;0;0;0;0;
554;286;-133;-147;-357;0;1;1;0;0;0;1;0;0;6;0;0;0;0;0;
554;286;-131;-147;-350;0;1;1;0;0;0;1;0;0;6;0;0;0;0;0;
554;286;-132;-147;-357;0;1;1;0;0;0;1;0;0;6;0;0;0;0;0;
554;286;-130;-147;-352;0;1;1;0;0;0;1;0;0;6;0;0;0;0;0;
554;286;-130;-146;-357;0;1;1;0;0;0;1;0;0;6;0;0;0;0;0;
554;286;-130;-147;-354;0;1;1;0;0;0;1;0;0;6;0;0;0;0;0;
554;286;-128;-147;-353;0;1;1;0;0;0;1;0;0;6;0;0;0;0;0;
554;286;-129;-147;-358;0;1;1;0;0;0;1;0;0;6;0;0;0;0;0;
554;286;-127;-147;-353;0;1;1;0;0;0;1;0;0;6;0;0;0;0;0;
554;286;-126;-147;-352;0;1;1;0;0;0;1;0;0;6;0;0;0;0;0;
554;286;-126;-147;-353;0;1;1;0;0;0;1;0;0;6;0;0;0;0;0;
554;286;-127;-147;-359;0;1;1;0;0;0;1;0;0;6;0;0;0;0;0;
554;286;-125;-147;-354;0;1;1;0;0;0;1;0;0;6;0;0;0;0;0;
554;286;-125;-147;-355;0;1;1;0;0;0;1;0;0;6;0;0;0;0;0;
554;286;-124;-147;-353;0;1;1;0;0;0;1;0;0;6;0;0;0;0;0;
554;286;-125;-147;-358;0;1;1;0;0;0;1;0;0;6;0;0;0;0;0;
554;286;-122;-147;-354;0;1;1;0;0;0;1;0;0;6;0;0;0;0;0;
554;286;-123;-147;-360;0;1;1;0;0;0;1;0;0;6;0;0;0;0;0;
554;286;-122;-147;-357;0;1;1;0;0;0;1;0;0;6;0;0;0;0;0;
554;286;-121;-147;-358;0;1;1;0;0;0;1;0;0;6;0;0;0;0;0;
554;286;-120;-147;-354;0;1;1;0;0;0;1;0;0;6;0;0;0;0;0;
554;286;-121;-147;-358;0;1;1;0;0;0;1;0;0;6;0;0;0;0;0;
554;286;-120;-147;-355;0;1;1;0;0;0;1;0;0;6;0;0;0;0;0;
554;286;-119;-147;-355;0;1;1;0;0;0;1;0;0;6;0;0;0;0;0;
554;286;-118;-147;-357;0;1;1;0;0;0;1;0;0;6;0;0;0;0;0;
554;286;-119;-146;-359;0;1;1;0;0;0;1;0;0;6;0;0;0;0;0;
554;286;-118;-147;-359;0;1;1;0;0;0;1;0;0;6;0;0;0;0;0;
554;286;-117;-147;-355;0;1;1;0;0;0;1;0;0;6;0;0;0;0;0;
554;286;-117;-147;-359;0;1;1;0;0;0;1;0;0;6;0;0;0;0;0;
554;286;-117;-147;-362;0;1;1;0;0;0;1;0;0;6;0;0;0;0;0;
554;286;-117;-147;-360;0;1;1;0;0;0;1;0;0;6;0;0;0;0;0;
554;286;-114;-147;-357;0;1;1;0;0;0;1;0;0;6;0;0;0;0;0;
554;286;-115;-147;-359;0;1;1;0;0;0;1;0;0;6;0;0;0;0;0;
554;286;-114;-147;-358;0;1;1;0;0;0;1;0;0;6;0;0;0;0;0;
554;286;-115;-147;-362;0;1;1;0;0;0;1;0;0;6;0;0;0;0;0;
554;286;-114;-146;-362;0;1;1;0;0;0;1;0;0;6;0;0;0;0;0;
554;286;-112;-147;-357;0;1;1;0;0;0;1;0;0;6;0;0;0;0;0;
554;286;-112;-147;-363;0;1;1;0;0;0;1;0;0;6;0;0;0;0;0;
554;286;-113;-147;-362;0;1;1;0;0;0;1;0;0;6;0;0;0;0;0;
554;286;-112;-147;-363;0;1;1;0;0;0;1;0;0;6;0;0;0;0;0;
554;286;-110;-147;-360;0;1;1;0;0;0;1;0;0;6;0;0;0;0;0;
554;286;-110;-146;-362;0;1;1;0;0;0;1;0;0;6;0;0;0;0;0;
554;286;-110;-147;-362;0;1;1;0;0;0;1;0;0;6;0;0;0;0;0;
554;286;-109;-146;-359;0;1;1;0;0;0;1;0;0;6;0;0;0;0;0;
554;286;-109;-147;-362;0;1;1;0;0;0;1;0;0;6;0;0;0;0;0;
554;286;-109;-147;-365;0;1;1;0;0;0;1;0;0;6;0;0;0;0;0;
554;286;-107;-147;-358;0;1;1;0;0;0;1;0;0;6;0;0;0;0;0;
554;286;-107;-147;-365;0;1;1;0;0;0;1;0;0;6;0;0;0;0;0;
554;286;-106;-147;-360;0;1;1;0;0;0;1;0;0;6;0;0;0;0;0;
554;286;-107;-147;-365;0;1;1;0;0;0;1;0;0;6;0;0;0;0;0;
554;286;-104;-147;-359;0;1;1;0;0;0;1;0;0;6;0;0;0;0;0;
554;286;-105;-147;-363;0;1;1;0;0;0;1;0;0;6;0;0;0;0;0;
554;286;-105;-147;-365;0;1;1;0;0;0;1;0;0;6;0;0;0;0;0;
554;286;-105;-147;-365;0;1;1;0;0;0;1;0;0;6;0;0;0;0;0;
554;286;-103;-147;-360;0;1;1;0;0;0;1;0;0;6;0;0;0;0;0;
554;286;-104;-147;-366;0;1;1;0;0;0;1;0;0;6;0;0;0;0;0;
554;286;-101;-147;-359;0;1;1;0;0;0;1;0;0;6;0;0;0;0;0;
554;286;-100;-147;-360;0;1;1;0;0;0;1;0;0;6;0;0;0;0;0;
554;286;-100;-146;-363;0;1;1;0;0;0;1;0;0;6;0;0;0;0;0;
554;286;-100;-146;-365;0;1;1;0;0;0;1;0;0;6;0;0;0;0;0;
554;286;-100;-147;-363;0;1;1;0;0;0;1;0;0;6;0;0;0;0;0;
554;286;-99;-147;-362;0;1;1;0;0;0;1;0;0;6;0;0;0;0;0;
554;286;-98;-147;-362;0;1;1;0;0;0;1;0;0;6;0;0;0;0;0;
554;286;-98;-147;-360;0;1;1;0;0;0;1;0;0;6;0;0;0;0;0;
554;286;-99;-147;-368;0;1;1;0;0;0;1;0;0;6;0;0;0;0;0;
554;286;-98;-147;-360;0;1;1;0;0;0;1;0;0;6;0;0;0;0;0;
554;286;-98;-147;-365;0;1;1;0;0;0;1;0;0;6;0;0;0;0;0;
554;286;-98;-147;-368;0;1;1;0;0;0;1;0;0;6;0;0;0;0;0;
554;286;-97;-147;-362;0;1;1;0;0;0;1;0;0;6;0;0;0;0;0;
554;286;-97;-147;-368;0;1;1;0;0;0;1;0;0;6;0;0;0;0;0;
554;286;-95;-147;-363;0;1;1;0;0;0;1;0;0;6;0;0;0;0;0;
554;286;-95;-147;-363;0;1;1;0;0;0;1;0;0;6;0;0;0;0;0;
554;286;-94;-147;-363;0;1;1;0;0;0;1;0;0;6;0;0;0;0;0;
554;286;-95;-147;-368;0;1;1;0;0;0;1;0;0;6;0;0;0;0;0;
554;286;-94;-147;-363;0;1;1;0;0;0;1;0;0;6;0;0;0;0;0;
554;286;-93;-147;-363;0;1;1;0;0;0;1;0;0;6;0;0;0;0;0;
554;286;-93;-147;-362;0;1;1;0;0;0;1;0;0;6;0;0;0;0;0;
554;286;-92;-147;-362;0;1;1;0;0;0;1;0;0;6;0;0;0;0;0;
554;286;-93;-147;-368;0;1;1;0;0;0;1;0;0;6;0;0;0;0;0;
554;286;-92;-147;-365;0;1;1;0;0;0;1;0;0;6;0;0;0;0;0;
554;286;-90;-146;-362;0;1;1;0;0;0;1;0;0;6;0;0;0;0;0;
554;286;-90;-147;-362;0;1;1;0;0;0;1;0;0;6;0;0;0;0;0;
554;286;-90;-147;-365;0;1;1;0;0;0;1;0;0;6;0;0;0;0;0;
554;286;-90;-147;-366;0;1;1;0;0;0;1;0;0;6;0;0;0;0;0;
554;286;-89;-147;-363;0;1;1;0;0;0;1;0;0;6;0;0;0;0;0;
554;286;-88;-147;-363;0;1;1;0;0;0;1;0;0;6;0;0;0;0;0;
554;286;-90;-147;-369;0;1;1;0;0;0;1;0;0;6;0;0;0;0;0;
554;286;-89;-147;-370;0;1;1;0;0;0;1;0;0;6;0;0;0;0;0;
554;286;-87;-147;-365;0;1;1;0;0;0;1;0;0;6;0;0;0;0;0;
554;286;-88;-147;-370;0;1;1;0;0;0;1;0;0;6;0;0;0;0;0;
554;286;-87;-147;-370;0;1;1;0;0;0;1;0;0;6;0;0;0;0;0;
554;286;-87;-147;-370;0;1;1;0;0;0;1;0;0;6;0;0;0;0;0;
554;286;-85;-146;-363;0;1;1;0;0;0;1;0;0;6;0;0;0;0;0;
554;286;-84;-147;-365;0;1;1;0;0;0;1;0;0;6;0;0;0;0;0;
554;286;-85;-147;-370;0;1;1;0;0;0;1;0;0;6;0;0;0;0;0;
554;286;-84;-147;-365;0;1;1;0;0;0;1;0;0;6;0;0;0;0;0;
554;286;-84;-147;-366;0;1;1;0;0;0;1;0;0;6;0;0;0;0;0;
554;286;-84;-147;-372;0;1;1;0;0;0;1;0;0;6;0;0;0;0;0;
554;286;-83;-147;-370;0;1;1;0;0;0;1;0;0;6;0;0;0;0;0;
554;286;-84;-147;-368;0;1;1;0;0;0;1;0;0;6;0;0;0;0;0;
554;286;-83;-147;-368;0;1;1;0;0;0;1;0;0;6;0;0;0;0;0;
554;286;-80;-147;-365;0;1;1;0;0;0;1;0;0;6;0;0;0;0;0;
554;286;-81;-147;-366;0;1;1;0;0;0;1;0;0;6;0;0;0;0;0;
554;286;-81;-147;-369;0;1;1;0;0;0;1;0;0;6;0;0;0;0;0;
554;286;-79;-147;-365;0;1;1;0;0;0;1;0;0;6;0;0;0;0;0;
554;286;-80;-147;-370;0;1;1;0;0;0;1;0;0;6;0;0;0;0;0;
554;286;-80;-147;-370;0;1;1;0;0;0;1;0;0;6;0;0;0;0;0;
554;286;-79;-147;-372;0;1;1;0;0;0;1;0;0;6;0;0;0;0;0;
554;286;-80;-147;-372;0;1;1;0;0;0;1;0;0;6;0;0;0;0;0;
554;286;-77;-147;-366;0;1;1;0;0;0;1;0;0;6;0;0;0;0;0;
554;286;-78;-147;-368;0;1;1;0;0;0;1;0;0;6;0;0;0;0;0;
554;286;-77;-147;-366;0;1;1;0;0;0;1;0;0;6;0;0;0;0;0;
554;286;-78;-147;-372;0;1;1;0;0;0;1;0;0;6;0;0;0;0;0;
554;286;-77;-147;-366;0;1;1;0;0;0;1;0;0;6;0;0;0;0;0;
554;286;-77;-147;-374;0;1;1;0;0;0;1;0;0;6;0;0;0;0;0;
554;286;-75;-147;-366;0;1;1;0;0;0;1;0;0;6;0;0;0;0;0;
554;286;-75;-147;-366;0;1;1;0;0;0;1;0;0;6;0;0;0;0;0;
554;286;-76;-147;-369;0;1;1;0;0;0;1;0;0;6;0;0;0;0;0;
554;286;-75;-147;-374;0;1;1;0;0;0;1;0;0;6;0;0;0;0;0;
554;286;-74;-147;-366;0;1;1;0;0;0;1;0;0;6;0;0;0;0;0;
554;286;-74;-147;-370;0;1;1;0;0;0;1;0;0;6;0;0;0;0;0;
554;286;-73;-147;-368;0;1;1;0;0;0;1;0;0;6;0;0;0;0;0;
554;286;-73;-147;-372;0;1;1;0;0;0;1;0;0;6;0;0;0;0;0;
554;286;-72;-147;-369;0;1;1;0;0;0;1;0;0;6;0;0;0;0;0;
554;286;-70;-147;-366;0;1;1;0;0;0;1;0;0;6;0;0;0;0;0;
554;286;-72;-147;-372;0;1;1;0;0;0;1;0;0;6;0;0;0;0;0;
554;286;-71;-146;-372;0;1;1;0;0;0;1;0;0;6;0;0;0;0;0;
554;286;-70;-147;-366;0;1;1;0;0;0;1;0;0;6;0;0;0;0;0;
554;286;-71;-147;-374;0;1;1;0;0;0;1;0;0;6;0;0;0;0;0;
554;286;-70;-147;-372;0;1;1;0;0;0;1;0;0;6;0;0;0;0;0;
554;286;-70;-147;-374;0;1;1;0;0;0;1;0;0;6;0;0;0;0;0;
554;286;-70;-147;-372;0;1;1;0;0;0;1;0;0;6;0;0;0;0;0;
554;286;-70;-147;-369;0;1;1;0;0;0;1;0;0;6;0;0;0;0;0;
554;286;-69;-147;-375;0;1;1;0;0;0;1;0;0;6;0;0;0;0;0;
554;286;-67;-147;-368;0;1;1;0;0;0;1;0;0;6;0;0;0;0;0;
554;286;-67;-146;-368;0;1;1;0;0;0;1;0;0;6;0;0;0;0;0;
554;286;-67;-146;-368;0;1;1;0;0;0;1;0;0;6;0;0;0;0;0;
554;286;-66;-147;-368;0;1;1;0;0;0;1;0;0;6;0;0;0;0;0;
554;286;-67;-147;-375;0;1;1;0;0;0;1;0;0;6;0;0;0;0;0;
554;286;-66;-147;-369;0;1;1;0;0;0;1;0;0;6;0;0;0;0;0;
554;286;-67;-147;-375;0;1;1;0;0;0;1;0;0;6;0;0;0;0;0;
554;286;-65;-147;-369;0;1;1;0;0;0;1;0;0;6;0;0;0;0;0;
554;286;-65;-147;-370;0;1;1;0;0;0;1;0;0;6;0;0;0;0;0;
554;286;-64;-147;-374;0;1;1;0;0;0;1;0;0;6;0;0;0;0;0;
554;286;-64;-147;-369;0;1;1;0;0;0;1;0;0;6;0;0;0;0;0;
554;286;-64;-147;-375;0;1;1;0;0;0;1;0;0;6;0;0;0;0;0;
554;286;-63;-147;-369;0;1;1;0;0;0;1;0;0;6;0;0;0;0;0;
554;286;-63;-147;-369;0;1;1;0;0;0;1;0;0;6;0;0;0;0;0;
554;286;-64;-147;-374;0;1;1;0;0;0;1;0;0;6;0;0;0;0;0;
554;286;-63;-147;-370;0;1;1;0;0;0;1;0;0;6;0;0;0;0;0;
554;286;-63;-147;-377;0;1;1;0;0;0;1;0;0;6;0;0;0;0;0;
554;286;-60;-147;-370;0;1;1;0;0;0;1;0;0;6;0;0;0;0;0;
554;286;-61;-147;-375;0;1;1;0;0;0;1;0;0;6;0;0;0;0;0;
554;286;-61;-147;-375;0;1;1;0;0;0;1;0;0;6;0;0;0;0;0;
554;286;-62;-147;-375;0;1;1;0;0;0;1;0;0;6;0;0;0;0;0;
554;286;-60;-147;-377;0;1;1;0;0;0;1;0;0;6;0;0;0;0;0;
554;286;-59;-147;-374;0;1;1;0;0;0;1;0;0;6;0;0;0;0;0;
554;286;-59;-147;-370;0;1;1;0;0;0;1;0;0;6;0;0;0;0;0;
554;286;-59;-147;-370;0;1;1;0;0;0;1;0;0;6;0;0;0;0;0;
554;286;-58;-147;-374;0;1;1;0;0;0;1;0;0;6;0;0;0;0;0;
554;286;-58;-147;-370;0;1;1;0;0;0;1;0;0;6;0;0;0;0;0;
554;286;-58;-147;-372;0;1;1;0;0;0;1;0;0;6;0;0;0;0;0;
554;286;-58;-147;-377;0;1;1;0;0;0;1;0;0;6;0;0;0;0;0;
554;286;-57;-147;-370;0;1;1;0;0;0;1;0;0;6;0;0;0;0;0;
554;286;-57;-146;-372;0;1;1;0;0;0;1;0;0;6;0;0;0;0;0;
554;286;-58;-147;-374;0;1;1;0;0;0;1;0;0;6;0;0;0;0;0;
554;286;-56;-147;-370;0;1;1;0;0;0;1;0;0;6;0;0;0;0;0;
554;286;-57;-147;-375;0;1;1;0;0;0;1;0;0;6;0;0;0;0;0;
554;286;-55;-147;-374;0;1;1;0;0;0;1;0;0;6;0;0;0;0;0;
554;286;-55;-147;-374;0;1;1;0;0;0;1;0;0;6;0;0;0;0;0;
554;286;-55;-147;-375;0;1;1;0;0;0;1;0;0;6;0;0;0;0;0;
554;286;-54;-147;-375;0;1;1;0;0;0;1;0;0;6;0;0;0;0;0;
554;286;-55;-147;-377;0;1;1;0;0;0;1;0;0;6;0;0;0;0;0;
554;286;-53;-147;-372;0;1;1;0;0;0;1;0;0;6;0;0;0;0;0;
554;286;-53;-147;-372;0;1;1;0;0;0;1;0;0;6;0;0;0;0;0;
554;286;-53;-147;-375;0;1;1;0;0;0;1;0;0;6;0;0;0;0;0;
554;286;-53;-147;-372;0;1;1;0;0;0;1;0;0;6;0;0;0;0;0;
554;286;-54;-147;-379;0;1;1;0;0;0;1;0;0;6;0;0;0;0;0;
554;286;-52;-147;-370;0;1;1;0;0;0;1;0;0;6;0;0;0;0;0;
554;286;-51;-147;-372;0;1;1;0;0;0;1;0;0;6;0;0;0;0;0;
554;286;-52;-147;-377;0;1;1;0;0;0;1;0;0;6;0;0;0;0;0;
554;286;-51;-147;-372;0;1;1;0;0;0;1;0;0;6;0;0;0;0;0;
554;286;-50;-147;-372;0;1;1;0;0;0;1;0;0;6;0;0;0;0;0;
554;286;-51;-146;-377;0;1;1;0;0;0;1;0;0;6;0;0;0;0;0;
554;286;-50;-147;-374;0;1;1;0;0;0;1;0;0;6;0;0;0;0;0;
554;286;-50;-147;-372;0;1;1;0;0;0;1;0;0;6;0;0;0;0;0;
554;286;-48;-146;-372;0;1;1;0;0;0;1;0;0;6;0;0;0;0;0;
554;286;-50;-147;-377;0;1;1;0;0;0;1;0;0;6;0;0;0;0;0;
554;286;-48;-147;-370;0;1;1;0;0;0;1;0;0;6;0;0;0;0;0;
554;286;-49;-147;-379;0;1;1;0;0;0;1;0;0;6;0;0;0;0;0;
554;286;-48;-147;-370;0;1;1;0;0;0;1;0;0;6;0;0;0;0;0;
554;286;-48;-147;-374;0;1;1;0;0;0;1;0;0;6;0;0;0;0;0;
554;286;-48;-147;-380;0;1;1;0;0;0;1;0;0;6;0;0;0;0;0;
554;286;-46;-147;-372;0;1;1;0;0;0;1;0;0;6;0;0;0;0;0;
554;286;-47;-147;-374;0;1;1;0;0;0;1;0;0;6;0;0;0;0;0;
554;286;-47;-146;-379;0;1;1;0;0;0;1;0;0;6;0;0;0;0;0;
554;286;-46;-147;-372;0;1;1;0;0;0;1;0;0;6;0;0;0;0;0;
554;286;-46;-147;-372;0;1;1;0;0;0;1;0;0;6;0;0;0;0;0;
554;286;-44;-147;-374;0;1;1;0;0;0;1;0;0;6;0;0;0;0;0;
554;286;-45;-147;-380;0;1;1;0;0;0;1;0;0;6;0;0;0;0;0;
554;286;-45;-147;-380;0;1;1;0;0;0;1;0;0;6;0;0;0;0;0;
554;286;-44;-147;-379;0;1;1;0;0;0;1;0;0;6;0;0;0;0;0;
554;286;-44;-147;-372;0;1;1;0;0;0;1;0;0;6;0;0;0;0;0;
554;286;-43;-147;-374;0;1;1;0;0;0;1;0;0;6;0;0;0;0;0;
554;286;-44;-147;-375;0;1;1;0;0;0;1;0;0;6;0;0;0;0;0;
554;286;-44;-147;-379;0;1;1;0;0;0;1;0;0;6;0;0;0;0;0;
554;286;-43;-147;-375;0;1;1;0;0;0;1;0;0;6;0;0;0;0;0;
554;286;-44;-148;-379;0;1;1;0;0;0;1;0;0;6;0;0;0;0;0;
554;286;-43;-147;-379;0;1;1;0;0;0;1;0;0;6;0;0;0;0;0;
554;286;-42;-147;-377;0;1;1;0;0;0;1;0;0;6;0;0;0;0;0;
554;286;-43;-147;-380;0;1;1;0;0;0;1;0;0;6;0;0;0;0;0;
554;286;-40;-147;-372;0;1;1;0;0;0;1;0;0;6;0;0;0;0;0;
554;286;-40;-147;-374;0;1;1;0;0;0;1;0;0;6;0;0;0;0;0;
554;286;-40;-147;-374;0;1;1;0;0;0;1;0;0;6;0;0;0;0;0;
554;286;-40;-147;-379;0;1;1;0;0;0;1;0;0;6;0;0;0;0;0;
554;286;-40;-147;-375;0;1;1;0;0;0;1;0;0;6;0;0;0;0;0;
554;286;-39;-146;-379;0;1;1;0;0;0;1;0;0;6;0;0;0;0;0;
554;286;-40;-147;-379;0;1;1;0;0;0;1;0;0;6;0;0;0;0;0;
554;286;-40;-147;-380;0;1;1;0;0;0;1;0;0;6;0;0;0;0;0;
554;286;-38;-146;-375;0;1;1;0;0;0;1;0;0;6;0;0;0;0;0;
554;286;-39;-147;-374;0;1;1;0;0;0;1;0;0;6;0;0;0;0;0;
554;286;-38;-147;-379;0;1;1;0;0;0;1;0;0;6;0;0;0;0;0;
554;286;-38;-147;-375;0;1;1;0;0;0;1;0;0;6;0;0;0;0;0;
554;286;-37;-147;-374;0;1;1;0;0;0;1;0;0;6;0;0;0;0;0;
554;286;-37;-147;-379;0;1;1;0;0;0;1;0;0;6;0;0;0;0;0;
554;286;-37;-147;-375;0;1;1;0;0;0;1;0;0;6;0;0;0;0;0;
554;286;-36;-147;-372;0;1;1;0;0;0;1;0;0;6;0;0;0;0;0;
554;286;-37;-147;-379;0;1;1;0;0;0;1;0;0;6;0;0;0;0;0;
554;286;-37;-147;-382;0;1;1;0;0;0;1;0;0;6;0;0;0;0;0;
554;286;-37;-147;-380;0;1;1;0;0;0;1;0;0;6;0;0;0;0;0;
554;286;-36;-147;-377;0;1;1;0;0;0;1;0;0;6;0;0;0;0;0;
554;286;-36;-147;-382;0;1;1;0;0;0;1;0;0;6;0;0;0;0;0;
554;286;-36;-147;-377;0;1;1;0;0;0;1;0;0;6;0;0;0;0;0;
554;286;-34;-147;-374;0;1;1;0;0;0;1;0;0;6;0;0;0;0;0;
554;286;-36;-147;-380;0;1;1;0;0;0;1;0;0;6;0;0;0;0;0;
554;286;-34;-147;-380;0;1;1;0;0;0;1;0;0;6;0;0;0;0;0;
554;286;-34;-147;-377;0;1;1;0;0;0;1;0;0;6;0;0;0;0;0;
554;286;-34;-147;-382;0;1;1;0;0;0;1;0;0;6;0;0;0;0;0;
554;286;-34;-147;-379;0;1;1;0;0;0;1;0;0;6;0;0;0;0;0;
554;286;-32;-147;-377;0;1;1;0;0;0;1;0;0;6;0;0;0;0;0;
554;286;-34;-147;-377;0;1;1;0;0;0;1;0;0;6;0;0;0;0;0;
554;286;-33;-147;-382;0;1;1;0;0;0;1;0;0;6;0;0;0;0;0;
554;286;-32;-147;-375;0;1;1;0;0;0;1;0;0;6;0;0;0;0;0;
554;286;-32;-146;-382;0;1;1;0;0;0;1;0;0;6;0;0;0;0;0;
554;286;-30;-147;-374;0;1;1;0;0;0;1;0;0;6;0;0;0;0;0;
554;286;-31;-147;-382;0;1;1;0;0;0;1;0;0;6;0;0;0;0;0;
554;286;-31;-147;-382;0;1;1;0;0;0;1;0;0;6;0;0;0;0;0;
554;286;-32;-147;-382;0;1;1;0;0;0;1;0;0;6;0;0;0;0;0;
554;286;-30;-147;-377;0;1;1;0;0;0;1;0;0;6;0;0;0;0;0;
554;286;-30;-147;-377;0;1;1;0;0;0;1;0;0;6;0;0;0;0;0;
554;286;-30;-147;-379;0;1;1;0;0;0;1;0;0;6;0;0;0;0;0;
554;286;-30;-147;-380;0;1;1;0;0;0;1;0;0;6;0;0;0;0;0;
554;286;-29;-146;-377;0;1;1;0;0;0;1;0;0;6;0;0;0;0;0;
554;286;-29;-147;-379;0;1;1;0;0;0;1;0;0;6;0;0;0;0;0;
554;286;-30;-147;-380;0;1;1;0;0;0;1;0;0;6;0;0;0;0;0;
554;286;-28;-147;-377;0;1;1;0;0;0;1;0;0;6;0;0;0;0;0;
554;286;-28;-147;-374;0;1;1;0;0;0;1;0;0;6;0;0;0;0;0;
554;286;-28;-147;-377;0;1;1;0;0;0;1;0;0;6;0;0;0;0;0;
554;286;-28;-147;-384;0;1;1;0;0;0;1;0;0;6;0;0;0;0;0;
554;286;-27;-147;-382;0;1;1;0;0;0;1;0;0;6;0;0;0;0;0;
554;286;-28;-147;-380;0;1;1;0;0;0;1;0;0;6;0;0;0;0;0;
554;286;-26;-147;-375;0;1;1;0;0;0;1;0;0;6;0;0;0;0;0;
554;286;-27;-147;-380;0;1;1;0;0;0;1;0;0;6;0;0;0;0;0;
554;286;-25;-147;-375;0;1;1;0;0;0;1;0;0;6;0;0;0;0;0;
554;286;-27;-147;-384;0;1;1;0;0;0;1;0;0;6;0;0;0;0;0;
554;286;-25;-147;-375;0;1;1;0;0;0;1;0;0;6;0;0;0;0;0;
554;286;-26;-147;-382;0;1;1;0;0;0;1;0;0;6;0;0;0;0;0;
554;286;-26;-147;-384;0;1;1;0;0;0;1;0;0;6;0;0;0;0;0;
554;286;-25;-147;-382;0;1;1;0;0;0;1;0;0;6;0;0;0;0;0;
554;286;-26;-147;-380;0;1;1;0;0;0;1;0;0;6;0;0;0;0;0;
554;286;-24;-147;-375;0;1;1;0;0;0;1;0;0;6;0;0;0;0;0;
554;286;-24;-147;-375;0;1;1;0;0;0;1;0;0;6;0;0;0;0;0;
554;286;-23;-147;-377;0;1;1;0;0;0;1;0;0;6;0;0;0;0;0;
554;286;-23;-147;-379;0;1;1;0;0;0;1;0;0;6;0;0;0;0;0;
554;286;-24;-147;-382;0;1;1;0;0;0;1;0;0;6;0;0;0;0;0;
554;286;-24;-147;-382;0;1;1;0;0;0;1;0;0;6;0;0;0;0;0;
554;286;-23;-147;-382;0;1;1;0;0;0;1;0;0;6;0;0;0;0;0;
554;286;-24;-147;-380;0;1;1;0;0;0;1;0;0;6;0;0;0;0;0;
554;286;-23;-147;-384;0;1;1;0;0;0;1;0;0;6;0;0;0;0;0;
554;286;-21;-147;-375;0;1;1;0;0;0;1;0;0;6;0;0;0;0;0;
554;286;-22;-147;-377;0;1;1;0;0;0;1;0;0;6;0;0;0;0;0;
554;286;-22;-147;-384;0;1;1;0;0;0;1;0;0;6;0;0;0;0;0;
554;286;-20;-147;-377;0;1;1;0;0;0;1;0;0;6;0;0;0;0;0;
554;286;-20;-147;-375;0;1;1;0;0;0;1;0;0;6;0;0;0;0;0;
554;286;-20;-147;-377;0;1;1;0;0;0;1;0;0;6;0;0;0;0;0;
554;286;-20;-147;-379;0;1;1;0;0;0;1;0;0;6;0;0;0;0;0;
554;286;-20;-147;-382;0;1;1;0;0;0;1;0;0;6;0;0;0;0;0;
554;286;-20;-147;-384;0;1;1;0;0;0;1;0;0;6;0;0;0;0;0;
554;286;-20;-147;-380;0;1;1;0;0;0;1;0;0;6;0;0;0;0;0;
554;286;-20;-147;-377;0;1;1;0;0;0;1;0;0;6;0;0;0;0;0;
554;286;-19;-147;-382;0;1;1;0;0;0;1;0;0;6;0;0;0;0;0;
554;286;-20;-147;-382;0;1;1;0;0;0;1;0;0;6;0;0;0;0;0;
554;286;-19;-147;-379;0;1;1;0;0;0;1;0;0;6;0;0;0;0;0;
554;286;-18;-147;-377;0;1;1;0;0;0;1;0;0;6;0;0;0;0;0;
554;286;-20;-147;-382;0;1;1;0;0;0;1;0;0;6;0;0;0;0;0;
554;286;-18;-147;-377;0;1;1;0;0;0;1;0;0;6;0;0;0;0;0;
554;286;-19;-147;-384;0;1;1;0;0;0;1;0;0;6;0;0;0;0;0;
554;286;-17;-147;-379;0;1;1;0;0;0;1;0;0;6;0;0;0;0;0;
554;286;-18;-147;-380;0;1;1;0;0;0;1;0;0;6;0;0;0;0;0;
554;286;-17;-147;-377;0;1;1;0;0;0;1;0;0;6;0;0;0;0;0;
554;286;-18;-147;-384;0;1;1;0;0;0;1;0;0;6;0;0;0;0;0;
554;286;-17;-147;-382;0;1;1;0;0;0;1;0;0;6;0;0;0;0;0;
554;286;-17;-147;-379;0;1;1;0;0;0;1;0;0;6;0;0;0;0;0;
554;286;-18;-147;-384;0;1;1;0;0;0;1;0;0;6;0;0;0;0;0;
554;286;-16;-147;-384;0;1;1;0;0;0;1;0;0;6;0;0;0;0;0;
554;286;-16;-147;-384;0;1;1;0;0;0;1;0;0;6;0;0;0;0;0;
554;286;-17;-147;-380;0;1;1;0;0;1;1;0;0;6;0;0;0;0;0;
554;286;-15;-147;-375;0;1;1;0;0;1;1;0;0;6;0;0;0;0;0;
554;286;-16;-147;-382;0;1;1;0;0;1;1;0;0;6;0;0;0;0;0;
554;286;-14;-147;-379;0;1;1;0;0;1;1;0;0;6;0;0;0;0;0;
554;286;-15;-147;-377;0;1;1;0;0;1;1;0;0;6;0;0;0;0;0;
554;286;-15;-147;-385;0;1;1;0;0;1;1;0;0;6;0;0;0;0;0;
554;286;-14;-147;-377;0;1;1;0;0;1;1;0;0;6;0;0;0;0;0;
554;286;-13;-147;-377;0;1;1;0;0;1;1;0;0;6;0;0;0;0;0;
554;286;-13;-147;-379;0;1;1;0;0;1;1;0;0;6;0;0;0;0;0;
554;286;-14;-147;-377;0;1;1;0;0;1;1;0;0;6;0;0;0;0;0;
554;286;-13;-147;-377;0;1;1;0;0;1;1;0;0;6;0;0;0;0;0;
554;286;-13;-147;-375;0;1;1;0;0;1;1;0;0;6;0;0;0;0;0;
554;286;-13;-147;-379;0;1;1;0;0;1;1;0;0;6;0;0;0;0;0;
554;286;-14;-147;-380;0;1;1;0;0;1;1;0;0;6;0;0;0;0;0;
554;286;-12;-147;-382;0;1;1;0;0;1;1;0;0;6;0;0;0;0;0;
554;286;-13;-147;-385;0;1;1;0;0;1;1;0;0;6;0;0;0;0;0;
554;286;-13;-147;-382;0;1;1;0;0;1;1;0;0;6;0;0;0;0;0;
554;286;-13;-147;-385;0;1;1;0;0;1;1;0;0;6;0;0;0;0;0;
554;286;-13;-147;-385;0;1;1;0;0;1;1;0;0;6;0;0;0;0;0;
554;286;-12;-147;-379;0;1;1;0;0;1;1;0;0;6;0;0;0;0;0;
554;286;-11;-147;-377;0;1;1;0;0;1;1;0;0;6;0;0;0;0;0;
554;286;-10;-147;-380;0;1;1;0;0;1;1;0;0;6;0;0;0;0;0;
554;286;-12;-147;-384;0;1;1;0;0;1;1;0;0;6;0;0;0;0;0;
554;286;-11;-147;-385;0;1;1;0;0;1;1;0;0;6;0;0;0;0;0;
554;286;-10;-147;-379;0;1;1;0;0;1;1;0;0;6;0;0;0;0;0;
554;286;-10;-147;-382;0;1;1;0;0;1;1;0;0;6;0;0;0;0;0;
554;286;-11;-147;-385;0;1;1;0;0;1;1;0;0;6;0;0;0;0;0;
554;286;-10;-147;-384;0;1;1;0;0;1;1;0;0;6;0;0;0;0;0;
554;286;-10;-147;-379;0;1;1;0;0;1;1;0;0;6;0;0;0;0;0;
554;286;-10;-147;-379;0;1;1;0;0;1;1;0;0;6;0;0;0;0;0;
554;286;-9;-147;-380;0;1;1;0;0;1;1;0;0;6;0;0;0;0;0;
554;286;-10;-147;-385;0;1;1;0;0;1;1;0;0;6;0;0;0;0;0;
554;286;-9;-147;-377;0;1;1;0;0;1;1;0;0;6;0;0;0;0;0;
554;286;-11;-147;-385;0;1;1;0;0;1;1;0;0;6;0;0;0;0;0;
554;286;-9;-147;-385;0;1;1;0;0;1;1;0;0;6;0;0;0;0;0;
554;286;-7;-147;-379;0;1;1;0;0;1;1;0;0;6;0;0;0;0;0;
554;286;-7;-146;-384;0;1;1;0;0;1;1;0;0;6;0;0;0;0;0;
554;286;-8;-147;-385;0;1;1;0;0;1;1;0;0;6;0;0;0;0;0;
554;286;-7;-146;-382;0;1;1;0;0;1;1;0;0;6;0;0;0;0;0;
554;286;-8;-147;-385;0;1;1;0;0;1;1;0;0;6;0;0;0;0;0;
554;286;-7;-147;-384;0;1;1;0;0;1;1;0;0;6;0;0;0;0;0;
554;286;-8;-147;-385;0;1;1;0;0;1;1;0;0;6;0;0;0;0;0;
554;286;-7;-147;-385;0;1;1;0;0;1;1;0;0;6;0;0;0;0;0;
554;286;-6;-147;-379;0;1;1;0;0;1;1;0;0;6;0;0;0;0;0;
554;286;-7;-147;-384;0;1;1;0;0;1;1;0;0;6;0;0;0;0;0;
554;286;-7;-147;-384;0;1;1;0;0;1;1;0;0;6;0;0;0;0;0;
554;286;-7;-147;-384;0;1;1;0;0;1;1;0;0;6;0;0;0;0;0;
554;286;-6;-146;-385;0;1;1;0;0;1;1;0;0;6;0;0;0;0;0;
554;286;-6;-147;-379;0;1;1;0;0;1;1;0;0;6;0;0;0;0;0;
554;286;-4;-146;-384;0;1;1;0;0;1;1;0;0;6;0;0;0;0;0;
554;286;-5;-147;-385;0;1;1;0;0;1;1;0;0;6;0;0;0;0;0;
554;286;-5;-147;-384;0;1;1;0;0;1;1;0;0;6;0;0;0;0;0;
554;286;-4;-147;-382;0;1;1;0;0;1;1;0;0;6;0;0;0;0;0;
554;286;-4;-147;-379;0;1;1;0;0;1;1;0;0;6;0;0;0;0;0;
554;286;-4;-146;-385;0;1;1;0;0;1;1;0;0;6;0;0;0;0;0;
554;286;-3;-147;-379;0;1;1;0;0;1;1;0;0;6;0;0;0;0;0;
554;286;-4;-147;-385;0;1;1;0;0;1;1;0;0;6;0;0;0;0;0;
554;286;-3;-147;-380;0;1;1;0;0;1;1;0;0;6;0;0;0;0;0;
554;286;-4;-146;-385;0;1;1;0;0;1;1;0;0;6;0;0;0;0;0;
554;286;-2;-147;-382;0;1;1;0;0;1;1;0;0;6;0;0;0;0;0;
554;286;-2;-147;-382;0;1;1;0;0;1;1;0;0;6;0;0;0;0;0;
554;286;-2;-147;-379;0;1;1;0;0;1;1;0;0;6;0;0;0;0;0;
554;286;-1;-146;-380;0;1;1;0;0;1;1;0;0;6;0;0;0;0;0;
554;286;-1;-146;-380;0;1;1;0;0;1;1;0;0;6;0;0;0;0;0;
554;286;-3;-147;-385;0;1;1;0;0;1;1;0;0;6;0;0;0;0;0;
554;286;-2;-147;-379;0;1;1;0;0;1;1;0;0;6;0;0;0;0;0;
554;286;-3;-147;-382;0;1;1;0;0;1;1;0;0;6;0;0;0;0;0;
554;286;-2;-147;-385;0;1;1;0;0;1;1;0;0;6;0;0;0;0;0;
554;286;0;-147;-380;0;1;1;0;0;1;1;0;0;6;0;0;0;0;0;
554;286;-2;-147;-387;0;1;1;0;0;1;1;0;0;6;0;0;0;0;0;
554;286;-2;-147;-385;0;1;1;0;0;1;1;0;0;6;0;0;0;0;0;
554;286;0;-147;-377;0;1;1;0;0;1;1;0;0;6;0;0;0;0;0;
554;286;-1;-147;-385;0;1;1;0;0;1;1;0;0;6;0;0;0;0;0;
554;286;0;-146;-385;0;1;1;0;0;1;1;0;0;6;0;0;0;0;0;
554;286;1;-147;-380;0;1;1;0;0;1;1;0;0;6;0;0;0;0;0;
554;286;0;-146;-385;0;1;1;0;0;1;1;0;0;6;0;0;0;0;0;
554;286;1;-146;-384;0;1;1;0;0;1;1;0;0;6;0;0;0;0;0;
554;286;0;-147;-387;0;1;1;0;0;1;1;0;0;6;0;0;0;0;0;
554;286;0;-147;-382;0;1;1;0;0;1;1;0;0;6;0;0;0;0;0;
554;286;0;-147;-380;0;1;1;0;0;1;1;0;0;6;0;0;0;0;0;
554;286;0;-147;-387;0;1;1;0;0;1;1;0;0;6;0;0;0;0;0;
554;286;0;-147;-385;0;1;1;0;0;1;1;0;0;6;0;0;0;0;0;
554;286;2;-147;-380;0;1;1;0;0;1;1;0;0;6;0;0;0;0;0;
554;286;1;-147;-385;0;1;1;0;0;1;1;0;0;6;0;0;0;0;0;
554;286;3;-146;-382;0;1;1;0;0;1;1;0;0;6;0;0;0;0;0;
554;286;2;-147;-385;0;1;1;0;0;1;1;0;0;6;0;0;0;0;0;
554;286;4;-147;-379;0;1;1;0;0;1;1;0;0;6;0;0;0;0;0;
554;286;3;-147;-379;0;1;1;0;0;1;1;0;0;6;0;0;0;0;0;
554;286;5;-146;-379;0;1;1;0;0;1;1;0;0;6;0;0;0;0;0;
554;286;2;-147;-385;0;1;1;0;0;1;1;0;0;6;0;0;0;0;0;
554;286;4;-147;-382;0;1;1;0;0;1;1;0;0;6;0;0;0;0;0;
554;286;1;-147;-385;0;1;1;0;0;1;1;0;0;6;0;0;0;0;0;
554;286;3;-147;-380;0;1;1;0;0;1;1;0;0;6;0;0;0;0;0;
554;286;3;-147;-382;0;1;1;0;0;1;1;0;0;6;0;0;0;0;0;
554;286;5;-147;-382;0;1;1;0;0;1;1;0;0;6;0;0;0;0;0;
554;286;5;-147;-379;0;1;1;0;0;1;1;0;0;6;0;0;0;0;0;
554;286;4;-147;-382;0;1;1;0;0;1;1;0;0;6;0;0;0;0;0;
554;286;5;-147;-380;0;1;1;0;0;1;1;0;0;6;0;0;0;0;0;
554;286;4;-147;-385;0;1;1;0;0;1;1;0;0;6;0;0;0;0;0;
554;286;4;-147;-385;0;1;1;0;0;1;1;0;0;6;0;0;0;0;0;
554;286;5;-147;-385;0;1;1;0;0;1;1;0;0;6;0;0;0;0;0;
554;286;5;-147;-379;0;1;1;0;0;1;1;0;0;6;0;0;0;0;0;
554;286;5;-147;-385;0;1;1;0;0;1;1;0;0;6;0;0;0;0;0;
554;286;5;-147;-387;0;1;1;0;0;1;1;0;0;6;0;0;0;0;0;
554;286;5;-147;-380;0;1;1;0;0;1;1;0;0;6;0;0;0;0;0;
554;286;5;-147;-385;0;1;1;0;0;1;1;0;0;6;0;0;0;0;0;
554;286;6;-147;-382;0;1;1;0;0;1;1;0;0;6;0;0;0;0;0;
554;286;7;-147;-379;0;1;1;0;0;1;1;0;0;6;0;0;0;0;0;
554;286;5;-147;-387;0;1;1;0;0;1;1;0;0;6;0;0;0;0;0;
554;286;6;-147;-382;0;1;1;0;0;1;1;0;0;6;0;0;0;0;0;
554;286;5;-147;-387;0;1;1;0;0;1;1;0;0;6;0;0;0;0;0;
554;286;6;-147;-382;0;1;1;0;0;1;1;0;0;6;0;0;0;0;0;
554;286;7;-147;-384;0;1;1;0;0;1;1;0;0;6;0;0;0;0;0;
554;286;8;-147;-382;0;1;1;0;0;1;1;0;0;6;0;0;0;0;0;
554;286;7;-147;-384;0;1;1;0;0;1;1;0;0;6;0;0;0;0;0;
554;286;8;-147;-384;0;1;1;0;0;1;1;0;0;6;0;0;0;0;0;
554;286;7;-147;-385;0;1;1;0;0;1;1;0;0;6;0;0;0;0;0;
554;286;8;-147;-380;0;1;1;0;0;1;1;0;0;6;0;0;0;0;0;
554;286;8;-147;-385;0;1;1;0;0;1;1;0;0;6;0;0;0;0;0;
554;286;10;-146;-380;0;1;1;0;0;1;1;0;0;6;0;0;0;0;0;
554;286;10;-147;-379;0;1;1;0;0;1;1;0;0;6;0;0;0;0;0;
554;286;8;-147;-382;0;1;1;0;0;1;1;0;0;6;0;0;0;0;0;
554;286;10;-147;-379;0;1;1;0;0;1;1;0;0;6;0;0;0;0;0;
554;286;10;-146;-380;0;1;1;0;0;1;1;0;0;6;0;0;0;0;0;
554;286;10;-147;-382;0;1;1;0;0;1;1;0;0;6;0;0;0;0;0;
554;286;11;-147;-379;0;1;1;0;0;1;1;0;0;6;0;0;0;0;0;
554;286;9;-147;-380;0;1;1;0;0;1;1;0;0;6;0;0;0;0;0;
554;286;10;-147;-380;0;1;1;0;0;1;1;0;0;6;0;0;0;0;0;
554;286;10;-147;-382;0;1;1;0;0;1;1;0;0;6;0;0;0;0;0;
554;286;10;-147;-385;0;1;1;0;0;1;1;0;0;6;0;0;0;0;0;
554;286;10;-147;-384;0;1;1;0;0;1;1;0;0;6;0;0;0;0;0;
554;286;10;-147;-387;0;1;1;0;0;1;1;0;0;6;0;0;0;0;0;
554;286;10;-146;-385;0;1;1;0;0;1;1;0;0;6;0;0;0;0;0;
554;286;10;-147;-384;0;1;1;0;0;1;1;0;0;6;0;0;0;0;0;
554;286;11;-147;-380;0;1;1;0;0;1;1;0;0;6;0;0;0;0;0;
554;286;11;-147;-380;0;1;1;0;0;1;1;0;0;6;0;0;0;0;0;
554;286;12;-147;-380;0;1;1;0;0;1;1;0;0;6;0;0;0;0;0;
554;286;12;-147;-382;0;1;1;0;0;1;1;0;0;6;0;0;0;0;0;
554;286;11;-147;-382;0;1;1;0;0;1;1;0;0;6;0;0;0;0;0;
554;286;11;-147;-389;0;1;1;0;0;1;1;0;0;6;0;0;0;0;0;
554;286;11;-147;-387;0;1;1;0;0;1;1;0;0;6;0;0;0;0;0;
554;286;12;-147;-384;0;1;1;0;0;1;1;0;0;6;0;0;0;0;0;
554;286;12;-147;-385;0;1;1;0;0;1;1;0;0;6;0;0;0;0;0;
554;286;13;-147;-387;0;1;1;0;0;1;1;0;0;6;0;0;0;0;0;
554;286;11;-147;-387;0;1;1;0;0;1;1;0;0;6;0;0;0;0;0;
554;286;13;-147;-379;0;1;1;0;0;1;1;0;0;6;0;0;0;0;0;
554;286;13;-147;-385;0;1;1;0;0;1;1;0;0;6;0;0;0;0;0;
554;286;12;-147;-387;0;1;1;0;0;1;1;0;0;6;0;0;0;0;0;
554;286;13;-147;-382;0;1;1;0;0;1;1;0;0;6;0;0;0;0;0;
554;286;15;-147;-380;0;1;1;0;0;1;1;0;0;6;0;0;0;0;0;
554;286;13;-147;-385;0;1;1;0;0;1;1;0;0;6;0;0;0;0;0;
554;286;13;-147;-387;0;1;1;0;0;1;1;0;0;6;0;0;0;0;0;
554;286;13;-147;-387;0;1;1;0;0;1;1;0;0;6;0;0;0;0;0;
554;286;13;-147;-385;0;1;1;0;0;1;1;0;0;6;0;0;0;0;0;
554;286;14;-147;-384;0;1;1;0;0;1;1;0;0;6;0;0;0;0;0;
554;286;14;-147;-385;0;1;1;0;0;1;1;0;0;6;0;0;0;0;0;
554;286;14;-146;-387;0;1;1;0;0;1;1;0;0;6;0;0;0;0;0;
554;286;13;-147;-384;0;1;1;0;0;1;1;0;0;6;0;0;0;0;0;
554;286;15;-147;-382;0;1;1;0;0;1;1;0;0;6;0;0;0;0;0;
554;286;15;-147;-382;0;1;1;0;0;1;1;0;0;6;0;0;0;0;0;
554;286;15;-147;-380;0;1;1;0;0;1;1;0;0;6;0;0;0;0;0;
554;286;16;-147;-380;0;1;1;0;0;1;1;0;0;6;0;0;0;0;0;
554;286;16;-146;-385;0;1;1;0;0;1;1;0;0;6;0;0;0;0;0;
554;286;16;-147;-382;0;1;1;0;0;1;1;0;0;6;0;0;0;0;0;
554;286;15;-146;-385;0;1;1;0;0;1;1;0;0;6;0;0;0;0;0;
554;286;15;-147;-384;0;1;1;0;0;1;1;0;0;6;0;0;0;0;0;
554;286;16;-147;-380;0;1;1;0;0;1;1;0;0;6;0;0;0;0;0;
554;286;16;-146;-384;0;1;1;0;0;1;1;0;0;6;0;0;0;0;0;
554;286;15;-147;-387;0;1;1;0;0;1;1;0;0;6;0;0;0;0;0;
554;286;16;-147;-387;0;1;1;0;0;1;1;0;0;6;0;0;0;0;0;
554;286;16;-147;-384;0;1;1;0;0;1;1;0;0;6;0;0;0;0;0;
554;286;16;-147;-385;0;1;1;0;0;1;1;0;0;6;0;0;0;0;0;
554;286;17;-146;-385;0;1;1;0;0;1;1;0;0;6;0;0;0;0;0;
554;286;16;-146;-385;0;1;1;0;0;1;1;0;0;6;0;0;0;0;0;
554;286;16;-147;-387;0;1;1;0;0;1;1;0;0;6;0;0;0;0;0;
554;286;16;-146;-387;0;1;1;0;0;1;1;0;0;6;0;0;0;0;0;
554;286;16;-147;-387;0;1;1;0;0;1;1;0;0;6;0;0;0;0;0;
554;286;19;-147;-380;0;1;1;0;0;1;1;0;0;6;0;0;0;0;0;
554;286;17;-147;-382;0;1;1;0;0;1;1;0;0;6;0;0;0;0;0;
554;286;19;-147;-382;0;1;1;0;0;1;1;0;0;6;0;0;0;0;0;
554;286;17;-147;-389;0;1;1;0;0;1;1;0;0;6;0;0;0;0;0;
554;286;17;-146;-385;0;1;1;0;0;1;1;0;0;6;0;0;0;0;0;
554;286;18;-147;-385;0;1;1;0;0;1;1;0;0;6;0;0;0;0;0;
554;286;16;-147;-382;0;1;1;0;0;1;1;0;0;6;0;0;0;0;0;
554;286;19;-147;-380;0;1;1;0;0;1;1;0;0;6;0;0;0;0;0;
554;286;18;-147;-387;0;1;1;0;0;1;1;0;0;6;0;0;0;0;0;
554;286;20;-147;-380;0;1;1;0;0;1;1;0;0;6;0;0;0;0;0;
554;286;19;-147;-384;0;1;1;0;0;1;1;0;0;6;0;0;0;0;0;
554;286;19;-147;-385;0;1;1;0;0;1;1;0;0;6;0;0;0;0;0;
554;286;19;-147;-385;0;1;1;0;0;1;1;0;0;6;0;0;0;0;0;
554;286;17;-147;-387;0;1;1;0;0;1;1;0;0;6;0;0;0;0;0;
554;286;20;-147;-384;0;1;1;0;0;1;1;0;0;6;0;0;0;0;0;
554;286;20;-147;-384;0;1;1;0;0;1;1;0;0;6;0;0;0;0;0;
554;286;18;-147;-389;0;1;1;0;0;1;1;0;0;6;0;0;0;0;0;
554;286;19;-147;-389;0;1;1;0;0;1;1;0;0;6;0;0;0;0;0;
554;286;19;-147;-387;0;1;1;0;0;1;1;0;0;6;0;0;0;0;0;
554;286;21;-147;-382;0;1;1;0;0;1;1;0;0;6;0;0;0;0;0;
554;286;20;-147;-380;0;1;1;0;0;1;1;0;0;6;0;0;0;0;0;
554;286;21;-147;-382;0;1;1;0;0;1;1;0;0;6;0;0;0;0;0;
554;286;20;-147;-382;0;1;1;0;0;1;1;0;0;6;0;0;0;0;0;
554;286;21;-147;-382;0;1;1;0;0;1;1;0;0;6;0;0;0;0;0;
554;286;20;-147;-389;0;1;1;0;0;1;1;0;0;6;0;0;0;0;0;
554;286;20;-147;-389;0;1;1;0;0;1;1;0;0;6;0;0;0;0;0;
554;286;20;-147;-387;0;1;1;0;0;1;1;0;0;6;0;0;0;0;0;
554;286;21;-147;-387;0;1;1;0;0;1;1;0;0;6;0;0;0;0;0;
554;286;20;-147;-387;0;1;1;0;0;1;1;0;0;6;0;0;0;0;0;
554;286;22;-147;-382;0;1;1;0;0;1;1;0;0;6;0;0;0;0;0;
554;286;21;-147;-380;0;1;1;0;0;1;1;0;0;6;0;0;0;0;0;
554;286;22;-147;-380;0;1;1;0;0;1;1;0;0;6;0;0;0;0;0;
554;286;23;-147;-384;0;1;1;0;0;1;1;0;0;6;0;0;0;0;0;
554;286;21;-147;-385;0;1;1;0;0;1;1;0;0;6;0;0;0;0;0;
554;286;23;-147;-380;0;1;1;0;0;1;1;0;0;6;0;0;0;0;0;
554;286;21;-147;-384;0;1;1;0;0;1;1;0;0;6;0;0;0;0;0;
554;286;22;-146;-387;0;1;1;0;0;1;1;0;0;6;0;0;0;0;0;
554;286;23;-147;-382;0;1;1;0;0;1;1;0;0;6;0;0;0;0;0;
554;286;22;-147;-385;0;1;1;0;0;1;1;0;0;6;0;0;0;0;0;
554;286;23;-147;-380;0;1;1;0;0;1;1;0;0;6;0;0;0;0;0;
554;286;22;-147;-380;0;1;1;0;0;1;1;0;0;6;0;0;0;0;0;
554;286;23;-147;-385;0;1;1;0;0;1;1;0;0;6;0;0;0;0;0;
554;286;21;-148;-385;0;1;1;0;0;1;1;0;0;6;0;0;0;0;0;
554;286;23;-147;-380;0;1;1;0;0;1;1;0;0;6;0;0;0;0;0;
554;286;23;-146;-380;0;1;1;0;0;1;1;0;0;6;0;0;0;0;0;
554;286;23;-147;-384;0;1;1;0;0;1;1;0;0;6;0;0;0;0;0;
554;286;23;-147;-385;0;1;1;0;0;1;1;0;0;6;0;0;0;0;0;
554;286;23;-147;-389;0;1;1;0;0;1;1;0;0;6;0;0;0;0;0;
554;286;24;-147;-382;0;1;1;0;0;1;1;0;0;6;0;0;0;0;0;
554;286;22;-147;-389;0;1;1;0;0;1;1;0;0;6;0;0;0;0;0;
554;286;25;-147;-380;0;1;1;0;0;1;1;0;0;6;0;0;0;0;0;
554;286;24;-147;-387;0;1;1;0;0;1;1;0;0;6;0;0;0;0;0;
554;286;24;-147;-384;0;1;1;0;0;1;1;0;0;6;0;0;0;0;0;
554;286;24;-147;-385;0;1;1;0;0;1;1;0;0;6;0;0;0;0;0;
554;286;26;-146;-382;0;1;1;0;0;1;1;0;0;6;0;0;0;0;0;
554;286;25;-147;-387;0;1;1;0;0;1;1;0;0;6;0;0;0;0;0;
554;286;26;-147;-384;0;1;1;0;0;1;1;0;0;6;0;0;0;0;0;
554;286;23;-147;-387;0;1;1;0;0;1;1;0;0;6;0;0;0;0;0;
554;286;24;-147;-387;0;1;1;0;0;1;1;0;0;6;0;0;0;0;0;
554;286;24;-147;-380;0;1;1;0;0;1;1;0;0;6;0;0;0;0;0;
554;286;25;-147;-389;0;1;1;0;0;1;1;0;0;6;0;0;0;0;0;
554;286;25;-147;-385;0;1;1;0;0;1;1;0;2;5;0;0;15;0;0;
554;286;26;-147;-385;0;1;1;0;0;1;1;0;2;5;0;0;46;0;0;
554;286;26;-147;-380;0;1;1;0;0;1;1;0;2;5;0;0;77;0;0;
554;286;26;-147;-387;0;1;1;0;0;1;1;0;2;5;0;0;108;0;0;
554;286;25;-147;-387;0;1;1;0;0;1;1;0;2;5;0;0;139;0;0;
554;286;26;-147;-385;0;1;1;0;0;1;1;0;2;5;0;0;170;0;0;
554;286;26;-146;-387;0;1;1;0;0;1;1;0;2;5;0;0;201;0;0;
554;286;26;-147;-387;0;1;1;0;0;1;1;0;2;5;0;0;232;0;0;
554;286;26;-147;-382;0;1;1;0;0;1;1;0;2;5;0;0;263;0;0;
554;286;26;-146;-387;0;1;1;0;0;1;1;0;2;5;0;0;294;0;0;
554;286;26;-147;-387;0;1;1;0;0;1;1;0;2;5;0;0;325;0;0;
554;286;26;-147;-385;0;1;1;0;0;1;1;0;2;5;0;0;356;0;0;
554;286;27;-147;-380;0;1;1;0;0;1;1;0;2;5;0;0;387;0;0;
554;286;26;-147;-387;0;1;1;0;0;1;1;0;2;5;0;0;418;0;0;
554;286;27;-147;-385;0;1;1;0;0;1;1;0;2;5;0;0;449;0;0;
554;286;28;-147;-380;0;1;1;0;0;1;1;0;2;5;0;0;480;0;0;
554;286;28;-147;-384;0;1;1;0;0;1;1;0;2;5;0;0;511;0;0;
554;286;27;-147;-382;0;1;1;0;0;1;1;0;2;5;0;0;542;0;0;
554;286;26;-147;-387;0;1;1;0;0;1;1;0;2;5;0;0;573;0;0;
554;286;27;-147;-389;0;1;1;0;0;1;1;0;2;5;0;0;604;0;0;
554;286;27;-146;-389;0;1;1;0;0;1;1;0;2;5;0;0;635;0;0;
554;286;28;-146;-382;0;1;1;0;0;1;1;0;2;5;0;0;666;0;0;
554;286;27;-147;-387;0;1;1;0;0;1;1;0;2;5;0;0;697;0;0;
554;286;29;-147;-382;0;1;1;0;0;1;1;0;2;5;0;0;728;0;0;
554;286;29;-147;-380;0;1;1;0;0;1;1;0;2;5;0;0;759;0;0;
554;286;28;-147;-380;0;1;1;0;0;1;1;0;2;5;0;0;790;0;0;
554;286;29;-147;-380;0;1;1;0;0;1;1;0;2;5;0;0;821;0;0;
554;286;28;-147;-387;0;1;1;0;0;1;1;0;2;5;0;0;852;0;0;
554;286;29;-147;-382;0;1;1;0;0;1;1;0;2;5;0;0;883;0;0;
554;286;28;-147;-382;0;1;1;0;0;1;1;0;2;5;0;0;914;0;0;
554;286;28;-147;-387;0;1;1;0;0;1;1;0;2;5;0;0;945;0;0;
554;286;29;-147;-380;0;1;1;0;0;1;1;0;2;5;0;0;976;0;0;
554;286;29;-147;-382;0;1;1;0;0;1;1;0;2;5;0;0;1007;0;0;
554;286;28;-147;-389;0;1;1;0;0;1;1;0;2;5;0;0;1038;0;0;
554;286;30;-147;-382;0;1;1;0;0;1;1;0;2;5;0;0;1069;0;0;
554;286;28;-147;-387;0;1;1;0;0;1;1;0;2;5;0;0;1100;0;0;
554;286;30;-146;-385;0;1;1;0;0;1;1;0;2;5;0;0;1131;0;0;
554;286;31;-147;-382;0;1;1;0;0;1;1;0;2;5;0;0;1162;0;0;
554;286;29;-147;-389;0;1;1;0;0;1;1;0;2;5;0;0;1193;0;0;
554;286;30;-147;-385;0;1;1;0;0;1;1;0;2;5;0;0;1224;0;0;
554;286;30;-147;-382;0;1;1;0;0;1;1;0;2;5;0;0;1255;0;0;
554;286;28;-147;-389;0;1;1;0;0;1;1;0;2;5;0;0;1286;0;0;
554;286;29;-147;-389;0;1;1;0;0;1;1;0;2;5;0;0;1317;0;0;
554;286;30;-147;-387;0;1;1;0;0;1;1;0;2;5;0;0;1348;0;0;
554;286;30;-147;-382;0;1;1;0;0;1;1;0;2;5;0;0;1379;0;0;
554;286;29;-147;-389;0;1;1;0;0;1;1;0;2;5;0;0;1410;0;0;
554;286;30;-147;-384;0;1;1;0;0;1;1;0;2;5;0;0;1441;0;0;
554;286;30;-147;-382;0;1;1;0;0;1;1;0;2;5;0;0;1472;0;0;
554;286;30;-147;-384;0;1;1;0;0;1;1;0;2;5;0;0;1503;0;0;
554;286;29;-147;-389;0;1;1;0;0;1;1;0;2;5;0;0;1534;0;0;
554;286;32;-147;-380;0;1;1;0;0;1;1;0;2;5;0;0;1565;0;0;
554;286;31;-147;-382;0;1;1;0;0;1;1;0;2;5;0;0;1596;0;0;
554;286;31;-147;-385;0;1;1;0;0;1;1;0;2;5;0;0;1627;0;0;
554;286;32;-147;-380;0;1;1;0;0;1;1;0;2;5;0;0;1658;0;0;
554;286;30;-147;-384;0;1;1;0;0;1;1;0;2;5;0;0;1689;0;0;
554;286;30;-147;-382;0;1;1;0;0;1;1;0;2;5;0;0;1720;0;0;
554;286;31;-147;-384;0;1;1;0;0;1;1;0;2;5;0;0;1751;0;0;
554;286;31;-147;-385;0;1;1;0;0;1;1;0;2;5;0;0;1782;0;0;
554;286;31;-147;-389;0;1;1;0;0;1;1;0;2;5;0;0;1813;0;0;
554;286;32;-147;-382;0;1;1;0;0;1;1;0;2;5;0;0;1844;0;0;
554;286;34;-147;-382;0;1;1;0;0;1;1;0;2;5;0;0;1875;0;0;
554;286;32;-147;-385;0;1;1;0;0;1;1;0;2;5;0;0;1906;0;0;
554;286;32;-147;-389;0;1;1;0;0;1;1;0;2;5;0;0;1937;0;0;
554;286;32;-147;-380;0;1;1;0;0;1;1;0;2;5;0;0;1968;0;0;
554;286;32;-147;-382;0;1;1;0;0;1;1;0;2;5;0;0;1999;0;0;
554;286;34;-146;-382;0;1;1;0;0;1;1;0;2;5;0;0;2030;0;0;
554;286;33;-147;-380;0;1;1;0;0;1;1;0;2;5;0;0;2061;0;0;
554;286;34;-147;-380;0;1;1;0;0;1;1;0;2;5;0;0;2092;0;0;
554;286;33;-147;-384;0;1;1;0;0;1;1;0;2;5;0;0;2123;0;0;
554;286;32;-147;-382;0;1;1;0;0;1;1;0;2;5;0;0;2154;0;0;
554;286;35;-147;-380;0;1;1;0;0;1;1;0;2;5;0;0;2185;0;0;
554;286;34;-147;-385;0;1;1;0;0;1;1;0;2;5;0;0;2216;0;0;
554;286;34;-146;-385;0;1;1;0;0;1;1;0;2;5;0;0;2247;0;0;
554;286;33;-147;-387;0;1;1;0;0;1;1;0;2;5;0;0;2278;0;0;
554;286;35;-147;-380;0;1;1;0;0;1;1;0;2;5;0;0;2309;0;0;
554;286;33;-147;-385;0;1;1;0;0;1;1;0;2;5;0;0;2340;0;0;
554;286;35;-147;-380;0;1;1;0;0;1;1;0;2;5;0;0;2371;0;0;
554;286;33;-147;-382;0;1;1;0;0;1;1;0;2;5;0;0;2402;0;0;
554;286;33;-147;-387;0;1;1;0;0;1;1;0;2;5;0;0;2433;0;0;
554;286;32;-148;-389;0;1;1;0;0;1;1;0;2;5;0;0;2464;0;0;
554;286;34;-147;-385;0;1;1;0;0;1;1;0;2;5;0;0;2495;0;0;
554;286;34;-147;-385;0;1;1;0;0;1;1;0;2;5;0;0;2526;0;0;
554;286;34;-147;-389;0;1;1;0;0;1;1;0;2;5;0;0;2557;0;0;
554;286;34;-147;-389;0;1;1;0;0;1;1;0;2;5;0;0;2588;0;0;
554;286;35;-147;-385;0;1;1;0;0;1;1;0;2;5;0;0;2619;0;0;
554;286;35;-147;-385;0;1;1;0;0;1;1;0;2;5;0;0;2650;0;0;
554;286;35;-147;-382;0;1;1;0;0;1;1;0;2;5;0;0;2681;0;0;
554;286;35;-147;-385;0;1;1;0;0;1;1;0;2;5;0;0;2712;0;0;
554;286;35;-147;-384;0;1;1;0;0;1;1;0;2;5;0;0;2743;0;0;
554;286;34;-147;-389;0;1;1;0;0;1;1;0;2;5;0;0;2774;0;0;
554;286;35;-147;-387;0;1;1;0;0;1;1;0;2;5;0;0;2805;0;0;
554;286;35;-147;-385;0;1;1;0;0;1;1;0;2;5;0;0;2836;0;0;
554;286;35;-147;-389;0;1;1;0;0;1;1;0;2;5;0;0;2867;0;0;
554;286;36;-147;-382;0;1;1;0;0;1;1;0;2;5;0;0;2898;0;0;
554;286;35;-147;-389;0;1;1;0;0;1;1;0;2;5;0;0;2929;0;0;
554;286;35;-147;-389;0;1;1;0;0;1;1;0;2;5;0;0;2960;0;0;
554;286;35;-147;-382;0;1;1;0;0;1;1;0;2;5;0;0;2991;0;0;
554;286;36;-147;-380;0;1;1;0;0;1;1;0;2;5;0;0;3022;0;0;
554;286;36;-147;-387;0;1;1;0;0;1;1;0;2;5;0;0;3053;0;0;
554;286;37;-147;-382;0;1;1;0;0;1;1;0;2;5;0;0;3084;0;0;
554;286;37;-147;-382;0;1;1;0;0;1;1;0;2;5;0;0;3115;0;0;
554;286;35;-147;-385;0;1;1;0;0;1;1;0;2;5;0;0;3146;0;0;
554;286;35;-147;-384;0;1;1;0;0;1;1;0;2;5;0;0;3177;0;0;
554;286;35;-147;-389;0;1;1;0;0;1;1;0;2;5;0;0;3208;0;0;
554;286;36;-147;-380;0;1;1;0;0;1;1;0;2;5;0;0;3239;0;0;
554;286;37;-147;-387;0;1;1;0;0;1;1;0;2;5;0;0;3270;0;0;
554;286;36;-147;-385;0;1;1;0;0;1;1;0;2;5;0;0;3301;0;0;
554;286;38;-146;-382;0;1;1;0;0;1;1;0;2;5;0;0;3332;0;0;
554;286;36;-147;-387;0;1;1;0;0;1;1;0;2;5;0;0;3363;0;0;
554;286;36;-147;-384;0;1;1;0;0;1;1;0;2;5;0;0;3394;0;0;
554;286;35;-147;-387;0;1;1;0;0;1;1;0;2;5;0;0;3425;0;0;
554;286;37;-147;-382;0;1;1;0;0;1;1;0;2;5;0;0;3456;0;0;
554;286;37;-147;-389;0;1;1;0;0;1;1;0;2;5;0;0;3487;0;0;
554;286;38;-147;-382;0;1;1;0;0;1;1;0;2;5;0;0;3518;0;0;
554;286;37;-147;-389;0;1;1;0;0;1;1;0;2;5;0;0;3549;0;0;
554;286;38;-147;-380;0;1;1;0;0;1;1;0;2;5;0;0;3580;0;0;
554;286;37;-147;-387;0;1;1;0;0;1;1;0;2;5;0;0;3611;0;0;
554;286;36;-147;-389;0;1;1;0;0;1;1;0;2;5;0;0;3642;0;0;
554;286;37;-147;-382;0;1;1;0;0;1;1;0;2;5;0;0;3673;0;0;
554;286;38;-146;-385;0;1;1;0;0;1;1;0;2;5;0;0;3704;0;0;
554;286;37;-147;-382;0;1;1;0;0;1;1;0;2;5;0;0;3735;0;0;
554;286;40;-147;-380;0;1;1;0;0;1;1;0;2;5;0;0;3766;0;0;
554;286;39;-147;-384;0;1;1;0;0;1;1;0;2;5;0;0;3797;0;0;
554;286;37;-147;-387;0;1;1;0;0;1;1;0;2;5;0;0;3828;0;0;
554;286;39;-147;-384;0;1;1;0;0;1;1;0;2;5;0;0;3859;0;0;
554;286;39;-147;-384;0;1;1;0;0;1;1;0;2;5;0;0;3890;0;0;
554;286;39;-147;-389;0;1;1;0;0;1;1;0;2;5;0;0;3921;0;0;
554;286;39;-147;-387;0;1;1;0;0;1;1;0;2;5;0;0;3952;0;0;
554;286;39;-147;-389;0;1;1;0;0;1;1;0;2;5;0;0;3983;0;0;
554;286;38;-147;-384;0;1;1;0;0;1;1;0;2;5;0;0;4014;0;0;
554;286;38;-147;-380;0;1;1;0;0;1;1;0;2;5;0;0;4045;0;0;
554;286;38;-147;-389;0;1;1;0;0;1;1;0;2;5;0;0;4076;0;0;
554;286;39;-147;-385;0;1;1;0;0;1;1;0;2;5;0;0;4107;0;0;
554;286;39;-147;-389;0;1;1;0;0;1;1;0;2;5;0;0;4138;0;0;
554;286;39;-147;-387;0;1;1;0;0;1;1;0;2;5;0;0;4169;0;0;
554;286;39;-147;-389;0;1;1;0;0;1;1;0;2;5;0;0;4200;0;0;
554;286;40;-147;-382;0;1;1;0;0;1;1;0;2;5;0;0;4231;0;0;
554;286;40;-147;-380;0;1;1;0;0;1;1;0;2;5;0;0;4262;0;0;
554;286;38;-147;-389;0;1;1;0;0;1;1;0;2;5;0;0;4293;0;0;
554;286;39;-147;-389;0;1;1;0;0;1;1;0;2;5;0;0;4324;0;0;
554;286;39;-147;-387;0;1;1;0;0;1;1;0;2;5;0;0;4355;0;0;
554;286;39;-147;-385;0;1;1;0;0;1;1;0;2;5;0;0;4386;0;0;
554;286;41;-147;-382;0;1;1;0;0;1;1;0;2;5;0;0;4417;0;0;
554;286;39;-147;-389;0;1;1;0;0;1;1;0;2;5;0;0;4448;0;0;
554;286;40;-147;-385;0;1;1;0;0;1;1;0;2;5;0;0;4479;0;0;
554;286;42;-147;-380;0;1;1;0;0;1;1;0;2;5;0;0;4510;0;0;
554;286;40;-147;-385;0;1;1;0;0;1;1;0;2;5;0;0;4541;0;0;
554;286;40;-147;-387;0;1;1;0;0;1;1;0;2;5;0;0;4572;0;0;
554;286;40;-148;-385;0;1;1;0;0;1;1;0;2;5;0;0;4603;0;0;
554;286;40;-147;-389;0;1;1;0;0;1;1;0;2;5;0;0;4634;0;0;
554;286;40;-147;-384;0;1;1;0;0;1;1;0;2;5;0;0;4665;0;0;
554;286;39;-147;-389;0;1;1;0;0;1;1;0;2;5;0;0;4696;0;0;
554;286;41;-147;-382;0;1;1;0;0;1;1;0;2;5;0;0;4727;0;0;
554;286;40;-147;-387;0;1;1;0;0;1;1;0;2;5;0;0;4758;0;0;
554;286;40;-147;-389;0;1;1;0;0;1;1;0;2;5;0;0;4789;0;0;
554;286;40;-147;-382;0;1;1;0;0;1;1;0;2;5;0;0;4820;0;0;
554;286;41;-147;-384;0;1;1;0;0;1;1;0;2;5;0;0;4851;0;0;
554;286;40;-147;-380;0;1;1;0;0;1;1;0;2;5;0;0;4882;0;0;
554;286;39;-147;-389;0;1;1;0;0;1;1;0;2;5;0;0;4913;0;0;
554;286;42;-147;-380;0;1;1;0;0;1;1;0;2;5;0;0;4944;0;0;
554;286;40;-147;-389;0;1;1;0;0;1;1;0;2;5;0;0;4975;0;0;
554;286;42;-147;-387;0;1;1;0;0;1;1;0;2;5;0;0;5006;0;0;
554;286;40;-147;-387;0;1;1;0;0;1;1;0;2;5;0;0;5037;0;0;
554;286;43;-147;-382;0;1;1;0;0;1;1;0;2;5;0;0;5068;0;0;
554;286;42;-147;-387;0;1;1;0;0;1;1;0;2;5;0;0;5099;0;0;
554;286;41;-147;-387;0;1;1;0;0;1;1;0;2;5;0;0;5130;0;0;
554;286;42;-147;-382;0;1;1;0;0;1;1;0;2;5;0;0;5161;0;0;
554;286;41;-147;-380;0;1;1;0;0;1;1;0;2;5;0;0;5192;0;0;
554;286;40;-147;-389;0;1;1;0;0;1;1;0;2;5;0;0;5223;0;0;
554;286;41;-147;-387;0;1;1;0;0;1;1;0;2;5;0;0;5254;0;0;
554;286;41;-147;-389;0;1;1;0;0;1;1;0;2;5;0;0;5285;0;0;
554;286;43;-147;-380;0;1;1;0;0;1;1;0;2;5;0;0;5316;0;0;
554;286;42;-147;-389;0;1;1;0;0;1;1;0;2;5;0;0;5347;0;0;
554;286;43;-147;-384;0;1;1;0;0;1;1;0;2;5;0;0;5378;0;0;
554;286;41;-147;-389;0;1;1;0;0;1;1;0;2;5;0;0;5409;0;0;
554;286;44;-147;-380;0;1;1;0;0;1;1;0;2;5;0;0;5440;0;0;
554;286;40;-147;-390;0;1;1;0;0;1;1;0;2;5;0;0;5471;0;0;
554;286;43;-147;-380;0;1;1;0;0;1;1;0;2;5;0;0;5502;0;0;
554;286;44;-147;-384;0;1;1;0;0;1;1;0;2;5;0;0;5533;0;0;
554;286;41;-147;-385;0;1;1;0;0;1;1;0;2;5;0;0;5564;0;0;
554;286;42;-147;-387;0;1;1;0;0;1;1;0;2;5;0;0;5595;0;0;
554;286;43;-147;-387;0;1;1;0;0;1;1;0;2;5;0;0;5626;0;0;
554;286;43;-147;-382;0;1;1;0;0;1;1;0;2;5;0;0;5657;0;0;
554;286;43;-147;-385;0;1;1;0;0;1;1;0;2;5;0;0;5688;0;0;
554;286;43;-147;-387;0;1;1;0;0;1;1;0;2;5;0;0;5719;0;0;
554;286;40;-147;-390;0;1;1;0;0;1;1;0;2;5;0;0;5750;0;0;
554;286;43;-146;-387;0;1;1;0;0;1;1;0;2;5;0;0;5781;0;0;
554;286;43;-147;-382;0;1;1;0;0;1;1;0;2;5;0;0;5812;0;0;
554;286;44;-146;-389;0;1;1;0;0;1;1;0;2;5;0;0;5843;0;0;
554;286;44;-147;-384;0;1;1;0;0;1;1;0;2;5;0;0;5874;0;0;
554;286;42;-147;-389;0;1;1;0;0;1;1;0;2;5;0;0;5905;0;0;
554;286;45;-147;-385;0;1;1;0;0;1;1;0;2;5;0;0;5936;0;0;
554;286;43;-147;-390;0;1;1;0;0;1;1;0;2;5;0;0;5967;0;0;
554;286;43;-147;-385;0;1;1;0;0;1;1;0;2;5;0;0;5998;0;0;
554;286;43;-147;-382;0;1;1;0;0;1;1;0;2;5;0;0;6029;0;0;
554;286;43;-146;-387;0;1;1;0;0;1;1;0;2;5;0;0;6060;0;0;
554;286;44;-147;-387;0;1;1;0;0;1;1;0;2;5;0;0;6091;0;0;
554;286;45;-147;-382;0;1;1;0;0;1;1;0;2;5;0;0;6122;0;0;
554;286;45;-147;-382;0;1;1;0;0;1;1;0;2;5;0;0;6153;0;0;
554;286;45;-147;-382;0;1;1;0;0;1;1;0;2;5;0;0;6184;0;0;
554;286;43;-147;-387;0;1;1;0;0;1;1;0;2;5;0;0;6215;0;0;
554;286;44;-147;-385;0;1;1;0;0;1;1;0;2;5;0;0;6246;0;0;
554;286;44;-147;-385;0;1;1;0;0;1;1;0;2;5;0;0;6277;0;0;
554;286;43;-147;-389;0;1;1;0;0;1;1;0;2;5;0;0;6308;0;0;
554;286;45;-147;-382;0;1;1;0;0;1;1;0;2;5;0;0;6339;0;0;
554;286;43;-147;-389;0;1;1;0;0;1;1;0;2;5;0;0;6370;0;0;
554;286;46;-147;-380;0;1;1;0;0;1;1;0;2;5;0;0;6401;0;0;
554;286;44;-147;-384;0;1;1;0;0;1;1;0;2;5;0;0;6432;0;0;
554;286;46;-147;-382;0;1;1;0;0;1;1;0;2;5;0;0;6463;0;0;
554;286;43;-147;-384;0;1;1;0;0;1;1;0;2;5;0;0;6494;0;0;
554;286;43;-147;-385;0;1;1;0;0;1;1;0;2;5;0;0;6525;0;0;
554;286;46;-147;-380;0;1;1;0;0;1;1;0;2;5;0;0;6556;0;0;
554;286;46;-147;-380;0;1;1;0;0;1;1;0;2;5;0;0;6587;0;0;
554;286;45;-147;-389;0;1;1;0;0;1;1;0;2;5;0;0;6618;0;0;
554;286;46;-147;-384;0;1;1;0;0;1;1;0;2;5;0;0;6649;0;0;
554;286;46;-147;-382;0;1;1;0;0;1;1;0;2;5;0;0;6680;0;0;
554;286;46;-147;-389;0;1;1;0;0;1;1;0;2;5;0;0;6711;0;0;
554;286;46;-147;-382;0;1;1;0;0;1;1;0;2;5;0;0;6742;0;0;
554;286;45;-147;-384;0;1;1;0;0;1;1;0;2;5;0;0;6773;0;0;
554;286;46;-147;-382;0;1;1;0;0;1;1;0;2;5;0;0;6804;0;0;
554;286;46;-147;-387;0;1;1;0;0;1;1;0;2;5;0;0;6835;0;0;
554;286;46;-147;-382;0;1;1;0;0;1;1;0;2;5;0;0;6866;0;0;
554;286;44;-147;-382;0;1;1;0;0;1;1;0;2;5;0;0;6897;0;0;
554;286;45;-147;-389;0;1;1;0;0;1;1;0;2;5;0;0;6928;0;0;
554;286;46;-147;-382;0;1;1;0;0;1;1;0;2;5;0;0;6959;0;0;
554;286;46;-147;-382;0;1;1;0;0;1;1;0;2;5;0;0;6990;0;0;
554;286;45;-147;-387;0;1;1;0;0;1;1;0;2;5;0;0;7021;0;0;
554;286;46;-146;-384;0;1;1;0;0;1;1;0;2;5;0;0;7052;0;0;
554;286;47;-147;-382;0;1;1;0;0;1;1;0;2;5;0;0;7083;0;0;
554;286;46;-147;-389;0;1;1;0;0;1;1;0;2;5;0;0;7114;0;0;
554;286;46;-147;-382;0;1;1;0;0;1;1;0;2;5;0;0;7145;0;0;
554;286;46;-147;-389;0;1;1;0;0;1;1;0;2;5;0;0;7176;0;0;
554;286;46;-147;-389;0;0;0;1;0;1;1;0;2;5;0;0;7201;0;0;
554;286;46;-147;-380;0;0;0;1;0;1;1;0;2;5;0;0;7201;0;0;
554;286;46;-147;-369;0;0;0;1;0;1;1;0;2;5;0;0;7201;0;0;
554;286;47;-147;-342;0;0;0;1;0;1;1;0;2;5;0;0;7201;0;0;
554;286;47;-147;-312;0;0;0;1;0;1;1;0;2;5;0;0;7201;0;0;
554;286;46;-147;-280;0;0;0;1;0;1;1;0;2;5;0;0;7201;0;0;
554;286;46;-147;-246;0;0;0;1;0;1;1;0;2;5;0;0;7201;0;0;
554;286;46;-147;-211;0;0;0;1;0;1;1;0;2;5;0;0;7201;0;0;
554;286;47;-147;-179;0;0;0;1;0;1;1;0;2;5;0;0;7201;0;0;
554;286;47;-146;-147;0;0;0;1;0;1;1;0;2;5;0;0;7201;0;0;
554;286;46;-147;-120;0;0;0;1;0;1;1;0;2;5;0;0;7201;0;0;
554;286;47;-147;-97;0;0;0;1;0;1;1;0;2;5;0;0;7201;0;0;
554;286;46;-147;-80;0;0;0;1;0;1;1;0;2;5;0;0;7201;0;0;
554;286;47;-147;-61;0;0;0;1;0;1;1;0;2;5;0;0;7201;0;0;
554;286;46;-147;-56;0;0;0;1;0;1;1;0;2;5;0;0;7201;0;0;
554;286;47;-146;-47;0;0;0;1;0;1;1;0;2;5;0;0;7201;0;0;
554;286;47;-147;-40;0;0;0;1;0;1;1;0;2;5;0;0;7201;0;0;
554;286;47;-147;-35;0;0;0;1;0;1;1;0;2;5;0;0;7201;0;0;
554;286;48;-147;-30;0;0;0;1;0;1;1;0;2;5;0;0;7201;0;0;
554;286;46;-147;-33;0;0;0;1;0;1;1;0;2;5;0;0;7201;0;0;
554;286;48;-146;-28;0;0;0;1;0;1;1;0;2;5;0;0;7201;0;0;
554;286;46;-147;-26;0;0;0;1;0;1;1;0;2;5;0;0;7201;0;0;
554;286;50;-146;-21;0;0;0;1;0;1;1;0;2;5;0;0;7201;0;0;
554;286;49;-147;-16;0;0;0;1;0;1;1;0;2;5;0;0;7201;0;0;
554;286;49;-147;-10;0;0;0;1;0;1;1;0;2;5;0;0;7201;0;0;
554;286;49;-146;-3;0;0;0;1;0;1;1;0;2;5;0;0;7201;0;0;
554;286;49;-147;2;0;0;0;1;0;1;1;0;2;5;0;0;7201;0;0;
554;286;48;-147;19;0;0;0;1;0;1;1;0;2;5;0;0;7201;0;0;
554;286;48;-147;35;0;0;0;1;0;1;1;0;2;5;0;0;7201;0;0;
554;286;49;-147;59;0;0;0;1;0;1;1;0;2;5;0;0;7201;0;0;
554;286;46;-147;85;0;0;0;0;0;1;1;0;0;5;1;0;0;0;0;
554;286;49;-147;112;0;0;0;0;0;1;1;0;0;5;1;0;0;0;0;
554;286;48;-147;126;0;0;0;0;0;1;1;0;0;5;1;0;0;0;0;
554;286;49;-147;131;0;0;0;0;0;1;1;0;0;5;1;0;0;0;0;
554;286;50;-147;135;0;0;0;0;0;1;1;0;0;5;1;0;0;0;0;
554;286;49;-147;130;0;0;0;0;0;1;1;0;0;5;1;0;0;0;0;
554;286;48;-147;124;0;0;0;0;0;1;1;0;0;5;1;0;0;0;0;
554;286;48;-147;116;0;0;0;0;0;1;1;0;0;5;1;0;0;0;0;
554;286;49;-147;106;0;0;0;0;0;1;1;0;0;5;1;0;0;0;0;
554;286;50;-147;97;0;0;0;0;0;1;1;0;0;5;1;0;0;0;0;
554;286;50;-147;83;0;0;0;0;0;1;1;0;0;5;1;0;0;0;0;
554;286;50;-147;75;0;0;0;0;0;1;1;0;0;5;1;0;0;0;0;
554;286;51;-147;65;0;0;1;0;0;1;1;0;0;5;1;0;0;0;0;
554;286;51;-147;60;0;0;1;0;0;1;1;0;0;5;1;0;0;0;0;
554;286;50;-147;53;0;0;1;0;0;1;1;0;0;5;1;0;0;0;0;
554;286;50;-147;51;0;0;1;0;0;1;1;0;0;5;1;0;0;0;0;
554;286;51;-147;41;0;0;1;0;0;1;1;0;0;5;1;0;0;0;0;
554;286;53;-146;26;0;0;1;0;0;1;1;0;0;5;1;0;0;0;0;
554;286;51;-147;0;0;0;1;0;0;1;1;0;0;5;1;0;0;0;0;
554;286;52;-147;-24;0;0;1;0;0;1;1;0;0;5;1;0;0;0;0;
554;286;50;-147;-55;0;0;1;0;0;1;1;0;0;5;1;0;0;0;0;
554;286;52;-147;-78;0;0;1;0;0;1;1;0;0;5;1;0;0;0;0;
554;286;52;-147;-98;0;0;1;0;0;1;1;0;0;5;1;0;0;0;0;
554;286;51;-147;-128;0;1;1;0;0;1;1;0;0;5;1;0;0;0;0;
554;286;51;-147;-166;0;1;1;0;0;1;1;0;0;5;1;0;0;0;0;
554;286;52;-147;-191;0;1;1;0;0;1;1;0;0;5;1;0;0;0;0;
554;286;53;-147;-213;0;1;1;0;0;1;1;0;0;5;1;0;0;0;0;
554;286;54;-146;-238;0;1;1;0;0;1;1;0;0;5;1;0;0;0;0;
554;286;52;-147;-256;0;1;1;0;0;1;1;0;0;5;1;0;0;0;0;
554;286;53;-147;-266;1;1;1;0;0;1;1;0;0;5;1;0;0;0;0;
554;286;53;-147;-270;1;1;1;0;0;1;1;0;0;5;1;0;0;0;0;
554;286;54;-147;-274;1;1;1;0;0;1;1;0;0;5;1;0;0;0;0;
554;286;55;-147;-274;1;1;1;0;0;1;1;0;0;5;1;0;0;0;0;
554;286;55;-146;-274;1;1;1;0;0;1;1;0;0;5;1;0;0;0;0;
554;286;54;-147;-280;1;1;1;0;0;1;1;0;0;5;1;0;0;0;0;
554;286;54;-147;-280;1;1;1;0;0;1;1;0;0;5;1;0;0;0;0;
554;286;55;-146;-277;1;1;1;0;0;1;1;0;0;5;1;0;0;0;0;
554;286;53;-147;-283;1;1;1;0;0;1;1;0;0;5;1;0;0;0;0;
554;286;54;-147;-284;1;1;1;0;0;1;1;0;0;5;1;0;0;0;0;
554;286;55;-147;-282;1;1;1;0;0;1;1;0;0;5;1;0;0;0;0;
554;286;54;-147;-280;1;1;1;0;0;1;1;0;0;5;1;0;0;0;0;
554;286;53;-146;-282;1;1;1;0;0;1;1;0;0;5;1;0;0;0;0;
554;286;54;-147;-284;1;1;1;0;0;1;1;0;0;5;1;0;0;0;0;
554;286;54;-147;-282;1;1;1;0;0;1;1;0;0;5;1;0;0;0;0;
554;286;53;-147;-284;1;1;1;0;0;1;1;0;0;5;1;0;0;0;0;
554;286;52;-147;-284;1;1;1;0;0;1;1;0;0;5;1;0;0;0;0;
554;286;51;-147;-280;1;1;1;0;0;1;1;0;0;5;1;0;0;0;0;
554;286;51;-147;-283;1;1;1;0;0;1;1;0;0;5;1;0;0;0;0;
554;286;50;-147;-280;1;1;1;0;0;1;1;0;0;5;1;0;0;0;0;
554;286;50;-147;-284;1;1;1;0;0;1;1;0;0;5;1;0;0;0;0;
554;286;49;-147;-282;1;1;1;0;0;1;1;0;0;5;1;0;0;0;0;
554;286;51;-147;-279;1;1;1;0;0;1;1;0;0;5;1;0;0;0;0;
554;286;47;-147;-284;1;1;1;0;0;1;1;0;0;5;1;0;0;0;0;
554;286;47;-147;-283;1;1;1;0;0;1;1;0;0;5;1;0;0;0;0;
554;286;45;-147;-286;1;1;1;0;0;1;1;0;0;5;1;0;0;0;0;
554;286;46;-147;-284;1;1;1;0;0;1;1;0;0;5;1;0;0;0;0;
554;286;45;-147;-285;1;1;1;0;0;1;1;0;0;5;1;0;0;0;0;
554;286;44;-147;-280;1;1;1;0;0;1;1;0;0;5;1;0;0;0;0;
554;286;43;-147;-280;1;1;1;0;0;1;1;0;0;5;1;0;0;0;0;
554;286;43;-146;-280;1;1;1;0;0;1;1;0;0;5;1;0;0;0;0;
554;286;43;-146;-284;1;1;1;0;0;1;1;0;0;5;1;0;0;0;0;
554;286;40;-147;-285;1;1;1;0;0;1;1;0;0;5;1;0;0;0;0;
554;286;39;-147;-285;1;1;1;0;0;1;1;0;0;5;1;0;0;0;0;
554;286;38;-147;-284;1;1;1;0;0;1;1;0;0;5;1;0;0;0;0;
554;286;35;-147;-287;1;1;1;0;0;1;1;0;0;5;1;0;0;0;0;
554;286;35;-146;-287;0;1;1;0;0;1;1;0;0;5;1;0;0;0;0;
554;286;35;-146;-289;0;1;1;0;0;1;1;0;0;5;1;0;0;0;0;
554;286;34;-147;-295;0;1;1;0;0;1;1;0;0;5;1;0;0;0;0;
554;286;32;-147;-296;0;1;1;0;0;1;1;0;0;5;1;0;0;0;0;
554;286;34;-147;-296;0;1;1;0;0;1;1;0;0;5;1;0;0;0;0;
554;286;34;-147;-299;0;1;1;0;0;1;1;0;0;5;1;0;0;0;0;
554;286;32;-147;-300;0;1;1;0;0;1;1;0;0;5;1;0;0;0;0;
554;286;32;-147;-305;0;1;1;0;0;1;1;0;0;5;1;0;0;0;0;
554;286;32;-146;-306;0;1;1;0;0;1;1;0;0;5;1;0;0;0;0;
554;286;32;-147;-304;0;1;1;0;0;1;1;0;0;5;1;0;0;0;0;
554;286;30;-147;-310;0;1;1;0;0;1;1;0;0;5;1;0;0;0;0;
554;286;30;-147;-306;0;1;1;0;0;1;1;0;0;5;1;0;0;0;0;
554;286;30;-147;-313;0;1;1;0;0;1;1;0;0;5;1;0;0;0;0;
554;286;31;-147;-309;0;1;1;0;0;1;1;0;0;5;1;0;0;0;0;
554;286;28;-146;-313;0;1;1;0;0;1;1;0;0;5;1;0;0;0;0;
554;286;27;-147;-314;0;1;1;0;0;1;1;0;0;5;1;0;0;0;0;
554;286;28;-147;-309;0;1;1;0;0;1;1;0;0;5;1;0;0;0;0;
554;286;28;-147;-310;0;1;1;0;0;1;1;0;0;5;1;0;0;0;0;
554;286;29;-147;-310;0;1;1;0;0;1;1;0;0;5;1;0;0;0;0;
554;286;26;-147;-314;0;1;1;0;0;1;1;0;0;5;1;0;0;0;0;
554;286;29;-146;-314;0;1;1;0;0;1;1;0;0;5;1;0;0;0;0;
554;286;29;-146;-312;0;1;1;0;0;1;1;0;0;5;1;0;0;0;0;
554;286;26;-146;-318;0;1;1;0;0;1;1;0;0;5;1;0;0;0;0;
554;286;27;-147;-317;0;1;1;0;0;1;1;0;0;5;1;0;0;0;0;
554;286;27;-147;-316;0;1;1;0;0;1;1;0;0;5;1;0;0;0;0;
554;286;26;-147;-319;0;1;1;0;0;1;1;0;0;5;1;0;0;0;0;
554;286;26;-147;-319;0;1;1;0;0;1;1;0;0;5;1;0;0;0;0;
554;286;27;-147;-316;0;1;1;0;0;1;1;0;0;5;1;0;0;0;0;
554;286;25;-147;-320;0;1;1;0;0;1;1;0;0;5;1;0;0;0;0;
554;286;27;-147;-317;0;1;1;0;0;1;1;0;0;5;1;0;0;0;0;
554;286;26;-147;-322;0;1;1;0;0;1;1;0;0;5;1;0;0;0;0;
554;286;26;-146;-323;0;1;1;0;0;1;1;0;0;5;1;0;0;0;0;
554;286;26;-147;-323;0;1;1;0;0;1;1;0;0;5;1;0;0;0;0;
554;286;26;-147;-325;0;1;1;0;0;1;1;0;0;5;1;0;0;0;0;
554;286;27;-146;-319;0;1;1;0;0;1;1;0;0;5;1;0;0;0;0;
554;286;26;-147;-319;0;1;1;0;0;1;1;0;0;5;1;0;0;0;0;
554;286;26;-147;-320;0;1;1;0;0;1;1;0;0;5;1;0;0;0;0;
554;286;26;-147;-328;0;1;1;0;0;1;1;0;0;5;1;0;0;0;0;
554;286;26;-147;-326;0;1;1;0;0;1;1;0;0;5;1;0;0;0;0;
554;286;25;-147;-329;0;1;1;0;0;1;1;0;0;5;1;0;0;0;0;
554;286;26;-147;-328;0;1;1;0;0;1;1;0;0;5;1;0;0;0;0;
554;286;26;-146;-329;0;1;1;0;0;1;1;0;0;5;1;0;0;0;0;
554;286;26;-147;-330;0;1;1;0;0;1;1;0;0;5;1;0;0;0;0;
554;286;26;-147;-326;0;1;1;0;0;1;1;0;0;5;1;0;0;0;0;
554;286;26;-147;-328;0;1;1;0;0;1;1;0;0;5;1;0;0;0;0;
554;286;26;-147;-330;0;1;1;0;0;1;1;0;0;5;1;0;0;0;0;
554;286;27;-147;-328;0;1;1;0;0;1;1;0;0;5;1;0;0;0;0;
554;286;26;-147;-329;0;1;1;0;0;1;1;0;0;5;1;0;0;0;0;
554;286;26;-147;-333;0;1;1;0;0;1;1;0;0;5;1;0;0;0;0;
554;286;27;-147;-326;0;1;1;0;0;1;1;0;0;5;1;0;0;0;0;
554;286;26;-147;-330;0;1;1;0;0;1;1;0;0;5;1;0;0;0;0;
554;286;27;-147;-332;0;1;1;0;0;1;1;0;0;5;1;0;0;0;0;
554;286;27;-147;-332;0;1;1;0;0;1;1;0;0;5;1;0;0;0;0;
554;286;27;-147;-335;0;1;1;0;0;1;1;0;0;5;1;0;0;0;0;
554;286;26;-147;-335;0;1;1;0;0;1;1;0;0;5;1;0;0;0;0;
554;286;27;-146;-333;0;1;1;0;0;1;1;0;0;5;1;0;0;0;0;
554;286;27;-147;-332;0;1;1;0;0;1;1;0;0;5;1;0;0;0;0;
554;286;28;-146;-330;0;1;1;0;0;1;1;0;0;5;1;0;0;0;0;
554;286;29;-146;-332;0;1;1;0;0;1;1;0;0;5;1;0;0;0;0;
554;286;26;-147;-338;0;1;1;0;0;1;1;0;0;5;1;0;0;0;0;
554;286;28;-147;-338;0;1;1;0;0;1;1;0;0;5;1;0;0;0;0;
554;286;30;-147;-332;0;1;1;0;0;1;1;0;0;5;1;0;0;0;0;
554;286;28;-146;-332;0;1;1;0;0;1;1;0;0;5;1;0;0;0;0;
554;286;29;-147;-335;0;1;1;0;0;1;1;0;0;5;1;0;0;0;0;
554;286;27;-147;-339;0;1;1;0;0;1;1;0;0;5;1;0;0;0;0;
554;286;28;-147;-336;0;1;1;0;0;1;1;0;0;5;1;0;0;0;0;
554;286;29;-146;-339;0;1;1;0;0;1;1;0;0;5;1;0;0;0;0;
554;286;28;-147;-338;0;1;1;0;0;1;1;0;0;5;1;0;0;0;0;
554;286;27;-146;-339;0;1;1;0;0;1;1;0;0;5;1;0;0;0;0;
554;286;29;-146;-340;0;1;1;0;0;1;1;0;0;5;1;0;0;0;0;
554;286;30;-147;-338;0;1;1;0;0;1;1;0;0;5;1;0;0;0;0;
554;286;29;-147;-340;0;1;1;0;0;1;1;0;0;5;1;0;0;0;0;
554;286;30;-147;-338;0;1;1;0;0;1;1;0;0;5;1;0;0;0;0;
554;286;31;-146;-336;0;1;1;0;0;1;1;0;0;5;1;0;0;0;0;
554;286;30;-147;-338;0;1;1;0;0;1;1;0;0;5;1;0;0;0;0;
554;286;31;-147;-338;0;1;1;0;0;1;1;0;0;5;1;0;0;0;0;
554;286;30;-147;-340;0;1;1;0;0;1;1;0;0;5;1;0;0;0;0;
554;286;27;-147;-345;0;1;1;0;0;1;1;0;0;5;1;0;0;0;0;
554;286;30;-147;-339;0;1;1;0;0;1;1;0;0;5;1;0;0;0;0;
554;286;30;-147;-338;0;1;1;0;0;1;1;0;0;5;1;0;0;0;0;
554;286;30;-147;-347;0;1;1;0;0;1;1;0;0;5;1;0;0;0;0;
554;286;31;-147;-339;0;1;1;0;0;1;1;0;0;5;1;0;0;0;0;
554;286;30;-147;-347;0;1;1;0;0;1;1;0;0;5;1;0;0;0;0;
554;286;32;-147;-340;0;1;1;0;0;1;1;0;0;5;1;0;0;0;0;
554;286;30;-147;-342;0;1;1;0;0;1;1;0;0;5;1;0;0;0;0;
554;286;33;-147;-344;0;1;1;0;0;1;1;0;0;5;1;0;0;0;0;
554;286;31;-147;-345;0;1;1;0;0;1;1;0;0;5;1;0;0;0;0;
554;286;32;-146;-342;0;1;1;0;0;1;1;0;0;5;1;0;0;0;0;
554;286;31;-147;-347;0;1;1;0;0;1;1;0;0;5;1;0;0;0;0;
554;286;30;-147;-349;0;1;1;0;0;1;1;0;0;5;1;0;0;0;0;
554;286;34;-147;-342;0;1;1;0;0;1;1;0;0;5;1;0;0;0;0;
554;286;32;-147;-342;0;1;1;0;0;1;1;0;0;5;1;0;0;0;0;
554;286;32;-146;-350;0;1;1;0;0;1;1;0;0;5;1;0;0;0;0;
554;286;33;-147;-345;0;1;1;0;0;1;1;0;0;5;1;0;0;0;0;
554;286;35;-147;-345;0;1;1;0;0;1;1;0;0;5;1;0;0;0;0;
554;286;32;-147;-350;0;1;1;0;0;1;1;0;0;5;1;0;0;0;0;
554;286;35;-147;-345;0;1;1;0;0;1;1;0;0;5;1;0;0;0;0;
554;286;33;-147;-352;0;1;1;0;0;1;1;0;0;5;1;0;0;0;0;
554;286;34;-147;-349;0;1;1;0;0;1;1;0;0;5;1;0;0;0;0;
554;286;35;-146;-344;0;1;1;0;0;1;1;0;0;5;1;0;0;0;0;
554;286;35;-147;-349;0;1;1;0;0;1;1;0;0;5;1;0;0;0;0;
554;286;35;-147;-350;0;1;1;0;0;1;1;0;0;5;1;0;0;0;0;
554;286;36;-146;-345;0;1;1;0;0;1;1;0;0;5;1;0;0;0;0;
554;286;35;-147;-345;0;1;1;0;0;1;1;0;0;5;1;0;0;0;0;
554;286;35;-146;-350;0;1;1;0;0;1;1;0;0;5;1;0;0;0;0;
554;286;35;-147;-350;0;1;1;0;0;1;1;0;0;5;1;0;0;0;0;
554;286;35;-147;-353;0;1;1;0;0;1;1;0;0;5;1;0;0;0;0;
554;286;35;-147;-349;0;1;1;0;0;1;1;0;0;5;1;0;0;0;0;
554;286;36;-146;-353;0;1;1;0;0;1;1;0;0;5;1;0;0;0;0;
554;286;35;-148;-354;0;1;1;0;0;1;1;0;0;5;1;0;0;0;0;
554;286;35;-146;-352;0;1;1;0;0;1;1;0;0;5;1;0;0;0;0;
554;286;37;-147;-352;0;1;1;0;0;1;1;0;0;5;1;0;0;0;0;
554;286;36;-147;-350;0;1;1;0;0;1;1;0;0;5;1;0;0;0;0;
554;286;37;-147;-352;0;1;1;0;0;1;1;0;0;5;1;0;0;0;0;
554;286;38;-147;-353;0;1;1;0;0;1;1;0;0;5;1;0;0;0;0;
554;286;36;-147;-352;0;1;1;0;0;1;1;0;0;5;1;0;0;0;0;
554;286;38;-147;-353;0;1;1;0;0;1;1;0;0;5;1;0;0;0;0;
554;286;37;-147;-349;0;1;1;0;0;1;1;0;0;5;1;0;0;0;0;
554;286;37;-147;-353;0;1;1;0;0;1;1;0;0;5;1;0;0;0;0;
554;286;39;-146;-353;0;1;1;0;0;1;1;0;0;5;1;0;0;0;0;
554;286;39;-147;-350;0;1;1;0;0;1;1;0;0;5;1;0;0;0;0;
554;286;39;-147;-355;0;1;1;0;0;1;1;0;0;5;1;0;0;0;0;
554;286;38;-147;-354;0;1;1;0;0;1;1;0;0;5;1;0;0;0;0;
554;286;37;-146;-355;0;1;1;0;0;1;1;0;0;5;1;0;0;0;0;
554;286;38;-147;-358;0;1;1;0;0;1;1;0;0;5;1;0;0;0;0;
554;286;39;-147;-357;0;1;1;0;0;1;1;0;0;5;1;0;0;0;0;
554;286;38;-147;-355;0;1;1;0;0;1;1;0;0;5;1;0;0;0;0;
554;286;39;-147;-353;0;1;1;0;0;1;1;0;0;5;1;0;0;0;0;
554;286;39;-147;-358;0;1;1;0;0;1;1;0;0;5;1;0;0;0;0;
554;286;38;-147;-359;0;1;1;0;0;1;1;0;0;5;1;0;0;0;0;
554;286;41;-147;-352;0;1;1;0;0;1;1;0;0;5;1;0;0;0;0;
554;286;40;-146;-358;0;1;1;0;0;1;1;0;0;5;1;0;0;0;0;
554;286;40;-147;-353;0;1;1;0;0;1;1;0;0;5;1;0;0;0;0;
554;286;39;-147;-358;0;1;1;0;0;1;1;0;0;5;1;0;0;0;0;
554;286;40;-147;-358;0;1;1;0;0;1;1;0;0;5;1;0;0;0;0;
554;286;40;-147;-357;0;1;1;0;0;1;1;0;0;5;1;0;0;0;0;
554;286;40;-147;-359;0;1;1;0;0;1;1;0;0;5;1;0;0;0;0;
554;286;39;-147;-360;0;1;1;0;0;1;1;0;0;5;1;0;0;0;0;
554;286;39;-147;-360;0;1;1;0;0;1;1;0;0;5;1;0;0;0;0;
554;286;41;-146;-357;0;1;1;0;0;1;1;0;0;5;1;0;0;0;0;
554;286;42;-147;-354;0;1;1;0;0;1;1;0;0;5;1;0;0;0;0;
554;286;41;-147;-357;0;1;1;0;0;1;1;0;0;5;1;0;0;0;0;
554;286;40;-147;-360;0;1;1;0;0;1;1;0;0;5;1;0;0;0;0;
554;286;42;-146;-358;0;1;1;0;0;1;1;0;0;5;1;0;0;0;0;
554;286;41;-147;-358;0;1;1;0;0;1;1;0;0;5;1;0;0;0;0;
554;286;43;-147;-355;0;1;1;0;0;1;1;0;0;5;1;0;0;0;0;
554;286;42;-147;-357;0;1;1;0;0;1;1;0;0;5;1;0;0;0;0;
554;286;42;-147;-360;0;1;1;0;0;1;1;0;0;5;1;0;0;0;0;
554;286;42;-147;-357;0;1;1;0;0;1;1;0;0;5;1;0;0;0;0;
554;286;42;-147;-360;0;1;1;0;0;1;1;0;0;5;1;0;0;0;0;
554;286;43;-147;-357;0;1;1;0;0;1;1;0;0;5;1;0;0;0;0;
554;286;43;-147;-362;0;1;1;0;0;1;1;0;0;5;1;0;0;0;0;
554;286;42;-147;-359;0;1;1;0;0;1;1;0;0;5;1;0;0;0;0;
554;286;43;-147;-358;0;1;1;0;0;1;1;0;0;5;1;0;0;0;0;
554;286;42;-147;-362;0;1;1;0;0;1;1;0;0;5;1;0;0;0;0;
554;286;42;-147;-363;0;1;1;0;0;1;1;0;0;5;1;0;0;0;0;
554;286;43;-147;-362;0;1;1;0;0;1;1;0;0;5;1;0;0;0;0;
554;286;43;-147;-357;0;1;1;0;0;1;1;0;0;5;1;0;0;0;0;
554;286;43;-147;-363;0;1;1;0;0;1;1;0;0;5;1;0;0;0;0;
554;286;44;-147;-357;0;1;1;0;0;1;1;0;0;5;1;0;0;0;0;
554;286;43;-147;-363;0;1;1;0;0;1;1;0;0;5;1;0;0;0;0;
554;286;45;-146;-358;0;1;1;0;0;1;1;0;0;5;1;0;0;0;0;
554;286;44;-147;-362;0;1;1;0;0;1;1;0;0;5;1;0;0;0;0;
554;286;43;-147;-363;0;1;1;0;0;1;1;0;0;5;1;0;0;0;0;
554;286;45;-147;-358;0;1;1;0;0;1;1;0;0;5;1;0;0;0;0;
554;286;45;-146;-362;0;1;1;0;0;1;1;0;0;5;1;0;0;0;0;
554;286;44;-147;-363;0;1;1;0;0;1;1;0;0;5;1;0;0;0;0;
554;286;45;-147;-360;0;1;1;0;0;1;1;0;0;5;1;0;0;0;0;
554;286;43;-147;-365;0;1;1;0;0;1;1;0;0;5;1;0;0;0;0;
554;286;46;-147;-360;0;1;1;0;0;1;1;0;0;5;1;0;0;0;0;
554;286;46;-147;-360;0;1;1;0;0;1;1;0;0;5;1;0;0;0;0;
554;286;44;-146;-363;0;1;1;0;0;1;1;0;0;5;1;0;0;0;0;
554;286;45;-146;-360;0;1;1;0;0;1;1;0;0;5;1;0;0;0;0;
554;286;45;-147;-363;0;1;1;0;0;1;1;0;0;5;1;0;0;0;0;
554;286;46;-147;-359;0;1;1;0;0;1;1;0;0;5;1;0;0;0;0;
554;286;45;-147;-360;0;1;1;0;0;1;1;0;0;5;1;0;0;0;0;
554;286;46;-147;-359;0;1;1;0;0;1;1;0;0;5;1;0;0;0;0;
554;286;46;-147;-363;0;1;1;0;0;1;1;0;0;5;1;0;0;0;0;
554;286;47;-147;-358;0;1;1;0;0;1;1;0;0;5;1;0;0;0;0;
554;286;48;-146;-359;0;1;1;0;0;1;1;0;0;5;1;0;0;0;0;
554;286;46;-147;-362;0;1;1;0;0;1;1;0;0;5;1;0;0;0;0;
554;286;45;-147;-366;0;1;1;0;0;1;1;0;0;5;1;0;0;0;0;
554;286;46;-147;-365;0;1;1;0;0;1;1;0;0;5;1;0;0;0;0;
554;286;47;-147;-360;0;1;1;0;0;1;1;0;0;5;1;0;0;0;0;
554;286;45;-147;-365;0;1;1;0;0;1;1;0;0;5;1;0;0;0;0;
554;286;46;-147;-362;0;1;1;0;0;1;1;0;0;5;1;0;0;0;0;
554;286;46;-147;-365;0;1;1;0;0;1;1;0;0;5;1;0;0;0;0;
554;286;47;-147;-362;0;1;1;0;0;1;1;0;0;5;1;0;0;0;0;
554;286;48;-147;-363;0;1;1;0;0;1;1;0;0;5;1;0;0;0;0;
554;286;47;-147;-365;1;1;1;0;0;1;1;0;0;5;1;0;0;0;0;
554;286;48;-147;-358;1;1;1;0;0;1;1;0;0;5;1;0;0;0;0;
554;286;47;-147;-359;1;1;1;0;0;1;1;0;0;5;1;0;0;0;0;
554;286;46;-147;-357;1;1;1;0;0;1;1;0;0;5;1;0;0;0;0;
554;286;46;-147;-353;1;1;1;0;0;1;1;0;0;5;1;0;0;0;0;
554;286;48;-147;-345;1;1;1;0;0;1;1;0;0;5;1;0;0;0;0;
554;286;49;-146;-345;1;1;1;0;0;1;1;0;0;5;1;0;0;0;0;
554;286;47;-147;-340;1;1;1;0;0;1;1;0;0;5;1;0;0;0;0;
554;286;47;-147;-340;1;1;1;0;0;1;1;0;0;5;1;0;0;0;0;
554;286;46;-147;-338;1;1;1;0;0;1;1;0;0;5;1;0;0;0;0;
554;286;46;-147;-338;1;1;1;0;0;1;1;0;0;5;1;0;0;0;0;
554;286;44;-147;-335;1;1;1;0;0;1;1;0;0;5;1;0;0;0;0;
554;286;46;-146;-332;1;1;1;0;0;1;1;0;0;5;1;0;0;0;0;
554;286;45;-147;-332;1;1;1;0;0;1;1;0;0;5;1;0;0;0;0;
554;286;43;-147;-336;1;1;1;0;0;1;1;0;0;5;1;0;0;0;0;
554;286;42;-147;-330;1;1;1;0;0;1;1;0;0;5;1;0;0;0;0;
554;286;40;-147;-333;1;1;1;0;0;1;1;0;0;5;1;0;0;0;0;
554;286;39;-147;-335;1;1;1;0;0;1;1;0;0;5;1;0;0;0;0;
554;286;38;-147;-332;1;1;1;0;0;1;1;0;0;5;1;0;0;0;0;
554;286;37;-147;-328;1;1;1;0;0;1;1;0;0;5;1;0;0;0;0;
554;286;34;-147;-333;0;1;1;0;0;1;1;0;0;5;1;0;0;0;0;
554;286;35;-147;-329;0;1;1;0;0;1;1;0;0;5;1;0;0;0;0;
554;286;32;-147;-342;0;1;1;0;0;1;1;0;0;5;1;0;0;0;0;
554;286;32;-147;-342;0;1;1;0;0;1;1;0;0;5;1;0;0;0;0;
554;286;33;-147;-344;0;1;1;0;0;1;1;0;0;5;1;0;0;0;0;
554;286;32;-147;-352;0;1;1;0;0;1;1;0;0;5;1;0;0;0;0;
554;286;33;-147;-347;0;1;1;0;0;1;1;0;0;5;1;0;0;0;0;
554;286;32;-147;-353;0;1;1;0;0;1;1;0;0;5;1;0;0;0;0;
554;286;29;-147;-355;0;1;1;0;0;1;1;0;0;5;1;0;0;0;0;
554;286;30;-147;-358;0;1;1;0;0;1;1;0;0;5;1;0;0;0;0;
554;286;30;-147;-353;0;1;1;0;0;1;1;0;0;5;1;0;0;0;0;
554;286;30;-146;-354;0;1;1;0;0;1;1;0;0;5;1;0;0;0;0;
554;286;30;-147;-353;0;1;1;0;0;1;1;0;0;5;1;0;0;0;0;
554;286;30;-147;-354;0;1;1;0;0;1;1;0;0;5;1;0;0;0;0;
554;286;29;-147;-358;0;1;1;0;0;1;1;0;0;5;1;0;0;0;0;
554;286;29;-147;-358;0;1;1;0;0;1;1;0;0;5;1;0;0;0;0;
554;286;30;-147;-355;0;1;1;0;0;1;1;0;0;5;1;0;0;0;0;
554;286;28;-147;-358;0;1;1;0;0;1;1;0;0;5;1;0;0;0;0;
554;286;28;-146;-360;0;1;1;0;0;1;1;0;0;5;1;0;0;0;0;
554;286;28;-147;-360;0;1;1;0;0;1;1;0;0;5;1;0;0;0;0;
554;286;27;-147;-360;0;1;1;0;0;1;1;0;0;5;1;0;0;0;0;
554;286;27;-147;-359;0;1;1;0;0;1;1;0;0;5;1;0;0;0;0;
554;286;28;-146;-358;0;1;1;0;0;1;1;0;0;5;1;0;0;0;0;
554;286;27;-147;-358;0;1;1;0;0;1;1;0;0;5;1;0;0;0;0;
554;286;26;-147;-360;0;1;1;0;0;1;1;0;0;5;1;0;0;0;0;
554;286;26;-147;-360;0;1;1;0;0;1;1;0;0;5;1;0;0;0;0;
554;286;26;-147;-360;0;1;1;0;0;1;1;0;0;5;1;0;0;0;0;
554;286;27;-147;-358;0;1;1;0;0;1;1;0;0;5;1;0;0;0;0;
554;286;28;-147;-357;0;1;1;0;0;1;1;0;0;5;1;0;0;0;0;
554;286;29;-146;-358;0;1;1;0;0;1;1;0;0;5;1;0;0;0;0;
554;286;26;-147;-360;0;1;1;0;0;1;1;0;0;5;1;0;0;0;0;
554;286;26;-147;-359;0;1;1;0;0;1;1;0;0;5;1;0;0;0;0;
554;286;26;-147;-360;0;1;1;0;0;1;1;0;0;5;1;0;0;0;0;
554;286;26;-147;-360;0;1;1;0;0;1;1;0;0;5;1;0;0;0;0;
554;286;26;-147;-363;0;1;1;0;0;1;1;0;0;5;1;0;0;0;0;
554;286;27;-147;-358;0;1;1;0;0;1;1;0;0;5;1;0;0;0;0;
554;286;26;-147;-363;0;1;1;0;0;1;1;0;0;5;1;0;0;0;0;
554;286;26;-146;-363;0;1;1;0;0;1;1;0;0;5;1;0;0;0;0;
554;286;28;-146;-359;0;1;1;0;0;1;1;0;0;5;1;0;0;0;0;
554;286;26;-147;-359;0;1;1;0;0;1;1;0;0;5;1;0;0;0;0;
554;286;28;-146;-358;0;1;1;0;0;1;1;0;0;5;1;0;0;0;0;
554;286;27;-147;-365;0;1;1;0;0;1;1;0;0;5;1;0;0;0;0;
554;286;28;-147;-359;0;1;1;0;0;1;1;0;0;5;1;0;0;0;0;
554;286;26;-146;-363;0;1;1;0;0;1;1;0;0;5;1;0;0;0;0;
554;286;27;-146;-363;0;1;1;0;0;1;1;0;0;5;1;0;0;0;0;
554;286;27;-147;-359;0;1;1;0;0;1;1;0;0;5;1;0;0;0;0;
554;286;28;-147;-358;0;1;1;0;0;1;1;0;0;5;1;0;0;0;0;
554;286;26;-147;-360;0;1;1;0;0;1;1;0;0;5;1;0;0;0;0;
554;286;26;-147;-363;0;1;1;0;0;1;1;0;0;5;1;0;0;0;0;
554;286;26;-147;-366;0;1;1;0;0;1;1;0;0;5;1;0;0;0;0;
554;286;28;-147;-359;0;1;1;0;0;1;1;0;0;5;1;0;0;0;0;
554;286;27;-147;-365;0;1;1;0;0;1;1;0;0;5;1;0;0;0;0;
554;286;28;-147;-359;0;1;1;0;0;1;1;0;0;5;1;0;0;0;0;
554;286;27;-147;-365;0;1;1;0;0;1;1;0;0;5;1;0;0;0;0;
554;286;27;-147;-365;0;1;1;0;0;1;1;0;0;5;1;0;0;0;0;
554;286;27;-147;-363;0;1;1;0;0;1;1;0;0;5;1;0;0;0;0;
554;286;27;-147;-360;0;1;1;0;0;1;1;0;0;5;1;0;0;0;0;
554;286;27;-147;-366;0;1;1;0;0;1;1;0;0;5;1;0;0;0;0;
554;286;27;-147;-365;0;1;1;0;0;1;1;0;0;5;1;0;0;0;0;
554;286;28;-147;-362;0;1;1;0;0;1;1;0;0;5;1;0;0;0;0;
554;286;27;-147;-368;0;1;1;0;0;1;1;0;0;5;1;0;0;0;0;
554;286;29;-147;-362;0;1;1;0;0;1;1;0;0;5;1;0;0;0;0;
554;286;28;-147;-360;0;1;1;0;0;1;1;0;0;5;1;0;0;0;0;
554;286;28;-147;-366;0;1;1;0;0;1;1;0;0;5;1;0;0;0;0;
554;286;30;-146;-360;0;1;1;0;0;1;1;0;0;5;1;0;0;0;0;
554;286;29;-147;-368;0;1;1;0;0;1;1;0;0;5;1;0;0;0;0;
554;286;29;-147;-365;0;1;1;0;0;1;1;0;0;5;1;0;0;0;0;
554;286;29;-146;-366;0;1;1;0;0;1;1;0;0;5;1;0;0;0;0;
554;286;28;-146;-369;0;1;1;0;0;1;1;0;0;5;1;0;0;0;0;
554;286;29;-147;-366;0;1;1;0;0;1;1;0;0;5;1;0;0;0;0;
554;286;29;-147;-368;0;1;1;0;0;1;1;0;0;5;1;0;0;0;0;
554;286;30;-146;-363;0;1;1;0;0;1;1;0;0;5;1;0;0;0;0;
554;286;30;-146;-362;0;1;1;0;0;1;1;0;0;5;1;0;0;0;0;
554;286;30;-147;-365;0;1;1;0;0;1;1;0;0;5;1;0;0;0;0;
554;286;28;-147;-369;0;1;1;0;0;1;1;0;0;5;1;0;0;0;0;
554;286;30;-147;-363;0;1;1;0;0;1;1;0;0;5;1;0;0;0;0;
554;286;30;-147;-369;0;1;1;0;0;1;1;0;0;5;1;0;0;0;0;
554;286;30;-147;-369;0;1;1;0;0;1;1;0;0;5;1;0;0;0;0;
554;286;30;-147;-369;0;1;1;0;0;1;1;0;0;5;1;0;0;0;0;
554;286;30;-147;-366;0;1;1;0;0;1;1;0;0;5;1;0;0;0;0;
554;286;30;-146;-362;0;1;1;0;0;1;1;0;0;5;1;0;0;0;0;
554;286;30;-147;-370;0;1;1;0;0;1;1;0;0;5;1;0;0;0;0;
554;286;29;-147;-368;0;1;1;0;0;1;1;0;0;5;1;0;0;0;0;
554;286;31;-147;-363;0;1;1;0;0;1;1;0;0;5;1;0;0;0;0;
554;286;32;-147;-363;0;1;1;0;0;1;1;0;0;5;1;0;0;0;0;
554;286;31;-147;-363;0;1;1;0;0;1;1;0;0;5;1;0;0;0;0;
554;286;30;-147;-366;0;1;1;0;0;1;1;0;0;5;1;0;0;0;0;
554;286;31;-147;-372;0;1;1;0;0;1;1;0;0;5;1;0;0;0;0;
554;286;31;-147;-368;0;1;1;0;0;1;1;0;0;5;1;0;0;0;0;
554;286;31;-147;-366;0;1;1;0;0;1;1;0;0;5;1;0;0;0;0;
554;286;31;-147;-369;0;1;1;0;0;1;1;0;0;5;1;0;0;0;0;
554;286;32;-147;-368;0;1;1;0;0;1;1;0;0;5;1;0;0;0;0;
554;286;33;-146;-368;0;1;1;0;0;1;1;0;0;5;1;0;0;0;0;
554;286;31;-147;-370;0;1;1;0;0;1;1;0;0;5;1;0;0;0;0;
554;286;33;-147;-365;0;1;1;0;0;1;1;0;0;5;1;0;0;0;0;
554;286;31;-147;-369;0;1;1;0;0;1;1;0;0;5;1;0;0;0;0;
554;286;32;-146;-369;0;1;1;0;0;1;1;0;0;5;1;0;0;0;0;
554;286;33;-147;-370;0;1;1;0;0;1;1;0;0;5;1;0;0;0;0;
554;286;32;-147;-365;0;1;1;0;0;1;1;0;0;5;1;0;0;0;0;
554;286;32;-147;-372;0;1;1;0;0;1;1;0;0;5;1;0;0;0;0;
554;286;33;-147;-369;0;1;1;0;0;1;1;0;0;5;1;0;0;0;0;
554;286;34;-146;-366;0;1;1;0;0;1;1;0;0;5;1;0;0;0;0;
554;286;32;-147;-372;0;1;1;0;0;1;1;0;0;5;1;0;0;0;0;
554;286;33;-147;-370;0;1;1;0;0;1;1;0;0;5;1;0;0;0;0;
554;286;34;-147;-365;0;1;1;0;0;1;1;0;0;5;1;0;0;0;0;
554;286;35;-147;-366;0;1;1;0;0;1;1;0;0;5;1;0;0;0;0;
554;286;35;-146;-369;0;1;1;0;0;1;1;0;0;5;1;0;0;0;0;
554;286;33;-147;-369;0;1;1;0;0;1;1;0;0;5;1;0;0;0;0;
554;286;35;-147;-365;0;1;1;0;0;1;1;0;0;5;1;0;0;0;0;
554;286;35;-147;-366;0;1;1;0;0;1;1;0;0;5;1;0;0;0;0;
554;286;35;-147;-370;0;1;1;0;0;1;1;0;0;5;1;0;0;0;0;
554;286;32;-147;-372;0;1;1;0;0;1;1;0;0;5;1;0;0;0;0;
554;286;33;-147;-374;0;1;1;0;0;1;1;0;0;5;1;0;0;0;0;
554;286;35;-147;-365;0;1;1;0;0;1;1;0;0;5;1;0;0;0;0;
554;286;35;-147;-372;0;1;1;0;0;1;1;0;0;5;1;0;0;0;0;
554;286;35;-147;-368;0;1;1;0;0;1;1;0;0;5;1;0;0;0;0;
554;286;36;-147;-366;0;1;1;0;0;1;1;0;0;5;1;0;0;0;0;
554;286;34;-147;-370;0;1;1;0;0;1;1;0;0;5;1;0;0;0;0;
554;286;37;-146;-366;0;1;1;0;0;1;1;0;0;5;1;0;0;0;0;
554;286;36;-147;-372;0;1;1;0;0;1;1;0;0;5;1;0;0;0;0;
554;286;37;-147;-369;0;1;1;0;0;1;1;0;0;5;1;0;0;0;0;
554;286;35;-147;-366;0;1;1;0;0;1;1;0;0;5;1;0;0;0;0;
554;286;35;-147;-368;0;1;1;0;0;1;1;0;0;5;1;0;0;0;0;
554;286;35;-147;-374;0;1;1;0;0;1;1;0;0;5;1;0;0;0;0;
554;286;35;-146;-372;0;1;1;0;0;1;1;0;0;5;1;0;0;0;0;
554;286;35;-147;-374;0;1;1;0;0;1;1;0;0;5;1;0;0;0;0;
554;286;36;-147;-369;0;1;1;0;0;1;1;0;0;5;1;0;0;0;0;
554;286;35;-147;-372;0;1;1;0;0;1;1;0;0;5;1;0;0;0;0;
554;286;37;-147;-369;0;1;1;0;0;1;1;0;0;5;1;0;0;0;0;
554;286;39;-147;-369;0;1;1;0;0;1;1;0;0;5;1;0;0;0;0;
554;286;35;-147;-375;0;1;1;0;0;1;1;0;0;5;1;0;0;0;0;
554;286;38;-146;-372;0;1;1;0;0;1;1;0;0;5;1;0;0;0;0;
554;286;36;-147;-372;0;1;1;0;0;1;1;0;0;5;1;0;0;0;0;
554;286;37;-146;-372;0;1;1;0;0;1;1;0;0;5;1;0;0;0;0;
554;286;38;-147;-369;0;1;1;0;0;1;1;0;0;5;1;0;0;0;0;
554;286;37;-147;-372;0;1;1;0;0;1;1;0;0;5;1;0;0;0;0;
554;286;35;-148;-375;0;1;1;0;0;1;1;0;0;5;1;0;0;0;0;
554;286;38;-147;-375;0;1;1;0;0;1;1;0;0;5;1;0;0;0;0;
554;286;38;-147;-369;0;1;1;0;0;1;1;0;0;5;1;0;0;0;0;
554;286;36;-147;-375;0;1;1;0;0;1;1;0;0;5;1;0;0;0;0;
554;286;39;-147;-370;0;1;1;0;0;1;1;0;0;5;1;0;0;0;0;
554;286;38;-147;-369;0;1;1;0;0;1;1;0;0;5;1;0;0;0;0;
554;286;39;-147;-372;0;1;1;0;0;1;1;0;0;5;1;0;0;0;0;
554;286;40;-146;-369;0;1;1;0;0;1;1;0;0;5;1;0;0;0;0;
554;286;40;-147;-369;0;1;1;0;0;1;1;0;0;5;1;0;0;0;0;
554;286;39;-147;-374;0;1;1;0;0;1;1;0;0;5;1;0;0;0;0;
554;286;37;-147;-375;0;1;1;0;0;1;1;0;0;5;1;0;0;0;0;
554;286;40;-147;-370;0;1;1;0;0;1;1;0;0;5;1;0;0;0;0;
554;286;40;-146;-372;0;1;1;0;0;1;1;0;0;5;1;0;0;0;0;
554;286;40;-147;-369;0;1;1;0;0;1;1;0;0;5;1;0;0;0;0;
554;286;40;-147;-368;0;1;1;0;0;1;1;0;0;5;1;0;0;0;0;
554;286;41;-147;-369;0;1;1;0;0;1;1;0;0;5;1;0;0;0;0;
554;286;39;-147;-372;0;1;1;0;0;1;1;0;0;5;1;0;0;0;0;
554;286;40;-147;-375;0;1;1;0;0;1;1;0;0;5;1;0;0;0;0;
554;286;40;-147;-375;0;1;1;0;0;1;1;0;0;5;1;0;0;0;0;
554;286;40;-146;-374;0;1;1;0;0;1;1;0;0;5;1;0;0;0;0;
554;286;40;-147;-375;0;1;1;0;0;1;1;0;0;5;1;0;0;0;0;
554;286;40;-147;-375;0;1;1;0;0;1;1;0;0;5;1;0;0;0;0;
554;286;41;-147;-372;0;1;1;0;0;1;1;0;0;5;1;0;0;0;0;
554;286;40;-147;-370;0;1;1;0;0;1;1;0;0;5;1;0;0;0;0;
554;286;42;-146;-370;0;1;1;0;0;1;1;0;0;5;1;0;0;0;0;
554;286;40;-147;-370;0;1;1;0;0;1;1;0;0;5;1;0;0;0;0;
554;286;40;-147;-374;0;1;1;0;0;1;1;0;0;5;1;0;0;0;0;
554;286;43;-147;-369;0;1;1;0;0;1;1;0;0;5;1;0;0;0;0;
554;286;41;-147;-369;0;1;1;0;0;1;1;0;0;5;1;0;0;0;0;
554;286;41;-147;-370;0;1;1;0;0;1;1;0;0;5;1;0;0;0;0;
554;286;42;-147;-369;0;1;1;0;0;1;1;0;0;5;1;0;0;0;0;
554;286;42;-147;-374;0;1;1;0;0;1;1;0;0;5;1;0;0;0;0;
554;286;41;-147;-375;0;1;1;0;0;1;1;0;0;5;1;0;0;0;0;
554;286;42;-147;-374;0;1;1;0;0;1;1;0;0;5;1;0;0;0;0;
554;286;42;-147;-370;0;1;1;0;0;1;1;0;0;5;1;0;0;0;0;
554;286;43;-147;-372;0;1;1;0;0;1;1;0;0;5;1;0;0;0;0;
554;286;43;-147;-374;0;1;1;0;0;1;1;0;0;5;1;0;0;0;0;
554;286;43;-147;-370;0;1;1;0;0;1;1;0;0;5;1;0;0;0;0;
554;286;42;-147;-375;0;1;1;0;0;1;1;0;0;5;1;0;0;0;0;
554;286;40;-147;-379;0;1;1;0;0;1;1;0;0;5;1;0;0;0;0;
554;286;43;-147;-372;0;1;1;0;0;1;1;0;0;5;1;0;0;0;0;
554;286;43;-147;-370;0;1;1;0;0;1;1;0;0;5;1;0;0;0;0;
554;286;42;-147;-372;0;1;1;0;0;1;1;0;0;5;1;0;0;0;0;
554;286;43;-146;-374;0;1;1;0;0;1;1;0;0;5;1;0;0;0;0;
554;286;43;-147;-369;0;1;1;0;0;1;1;0;0;5;1;0;0;0;0;
554;286;41;-147;-379;0;1;1;0;0;1;1;0;0;5;1;0;0;0;0;
554;286;43;-147;-372;0;1;1;0;0;1;1;0;0;5;1;0;0;0;0;
554;286;43;-146;-374;0;1;1;0;0;1;1;0;0;5;1;0;0;0;0;
554;286;43;-147;-374;0;1;1;0;0;1;1;0;0;5;1;0;0;0;0;
554;286;43;-147;-370;0;1;1;0;0;1;1;0;0;5;1;0;0;0;0;
554;286;45;-146;-370;0;1;1;0;0;1;1;0;0;5;1;0;0;0;0;
554;286;44;-147;-370;0;1;1;0;0;1;1;0;0;5;1;0;0;0;0;
554;286;43;-146;-372;0;1;1;0;0;1;1;0;0;5;1;0;0;0;0;
554;286;43;-147;-377;0;1;1;0;0;1;1;0;0;5;1;0;0;0;0;
554;286;44;-147;-372;0;1;1;0;0;1;1;0;0;5;1;0;0;0;0;
554;286;44;-147;-370;0;1;1;0;0;1;1;0;0;5;1;0;0;0;0;
554;286;44;-147;-377;0;1;1;0;0;1;1;0;0;5;1;0;0;0;0;
554;286;44;-147;-372;0;1;1;0;0;1;1;0;0;5;1;0;0;0;0;
554;286;46;-146;-372;0;1;1;0;0;1;1;0;0;5;1;0;0;0;0;
554;286;45;-146;-370;0;1;1;0;0;1;1;0;0;5;1;0;0;0;0;
554;286;44;-147;-375;0;1;1;0;0;1;1;0;0;5;1;0;0;0;0;
554;286;45;-147;-370;0;1;1;0;0;1;1;0;0;5;1;0;0;0;0;
554;286;44;-147;-377;0;1;1;0;0;1;1;0;0;5;1;0;0;0;0;
554;286;45;-147;-379;0;1;1;0;0;1;1;0;0;5;1;0;0;0;0;
554;286;46;-147;-372;0;1;1;0;0;1;1;0;0;5;1;0;0;0;0;
554;286;45;-147;-374;0;1;1;0;0;1;1;0;0;5;1;0;0;0;0;
554;286;46;-147;-375;0;1;1;0;0;1;1;0;0;5;1;0;0;0;0;
554;286;46;-147;-374;0;1;1;0;0;1;1;0;0;5;1;0;0;0;0;
554;286;45;-147;-375;0;1;1;0;0;1;1;0;0;5;1;0;0;0;0;
554;286;44;-147;-379;0;1;1;0;0;1;1;0;0;5;1;0;0;0;0;
554;286;45;-147;-372;0;1;1;0;0;1;1;0;0;5;1;0;0;0;0;
554;286;46;-146;-377;0;1;1;0;0;1;1;0;0;5;1;0;0;0;0;
554;286;44;-147;-379;0;1;1;0;0;1;1;0;0;5;1;0;0;0;0;
554;286;44;-147;-377;0;1;1;0;0;1;1;0;0;5;1;0;0;0;0;
554;286;46;-147;-374;0;1;1;0;0;1;1;0;0;5;1;0;0;0;0;
554;286;46;-147;-375;0;1;1;0;0;1;1;0;0;5;1;0;0;0;0;
554;286;46;-147;-375;0;1;1;0;0;1;1;0;0;5;1;0;0;0;0;
554;286;46;-147;-372;0;1;1;0;0;1;1;0;0;5;1;0;0;0;0;
554;286;46;-147;-379;0;1;1;0;0;1;1;0;0;5;1;0;0;0;0;
554;286;45;-147;-380;0;1;1;0;0;1;1;0;0;5;1;0;0;0;0;
554;286;46;-147;-377;0;1;1;0;0;1;1;0;0;5;1;0;0;0;0;
554;286;46;-147;-374;0;1;1;0;0;1;1;0;0;5;1;0;0;0;0;
554;286;46;-147;-374;0;1;1;0;0;1;1;0;0;5;1;0;0;0;0;
554;286;45;-147;-377;0;1;1;0;0;1;1;0;0;5;1;0;0;0;0;
554;286;46;-147;-379;0;1;1;0;0;1;1;0;0;5;1;0;0;0;0;
554;286;46;-147;-379;0;1;1;0;0;1;1;0;0;5;1;0;0;0;0;
554;286;45;-147;-377;0;1;1;0;0;1;1;0;0;5;1;0;0;0;0;
554;286;46;-147;-374;0;1;1;0;0;1;1;0;0;5;1;0;0;0;0;
554;286;47;-147;-374;0;1;1;0;0;1;1;0;0;5;1;0;0;0;0;
554;286;47;-147;-379;0;1;1;0;0;1;1;0;0;5;1;0;0;0;0;
554;286;46;-146;-379;0;1;1;0;0;1;1;0;0;5;1;0;0;0;0;
554;286;47;-147;-372;1;1;1;0;0;1;1;0;0;5;1;0;0;0;0;
554;286;47;-147;-374;1;1;1;0;0;1;1;0;0;5;1;0;0;0;0;
554;286;48;-147;-368;1;1;1;0;0;1;1;0;0;5;1;0;0;0;0;
554;286;47;-147;-369;1;1;1;0;0;1;1;0;0;5;1;0;0;0;0;
554;286;48;-147;-362;1;1;1;0;0;1;1;0;0;5;1;0;0;0;0;
554;286;47;-147;-359;1;1;1;0;0;1;1;0;0;5;1;0;0;0;0;
554;286;47;-147;-354;1;1;1;0;0;1;1;0;0;5;1;0;0;0;0;
554;286;47;-147;-357;1;1;1;0;0;1;1;0;0;5;1;0;0;0;0;
554;286;46;-146;-355;1;1;1;0;0;1;1;0;0;5;1;0;0;0;0;
554;286;46;-147;-352;1;1;1;0;0;1;1;0;0;5;1;0;0;0;0;
554;286;45;-147;-352;1;1;1;0;0;1;1;0;0;5;1;0;0;0;0;
554;286;45;-146;-349;1;1;1;0;0;1;1;0;0;5;1;0;0;0;0;
554;286;43;-147;-347;1;1;1;0;0;1;1;0;0;5;1;0;0;0;0;
554;286;43;-147;-352;1;1;1;0;0;1;1;0;0;5;1;0;0;0;0;
554;286;41;-147;-347;1;1;1;0;0;1;1;0;0;5;1;0;0;0;0;
554;286;40;-147;-349;1;1;1;0;0;1;1;0;0;5;1;0;0;0;0;
554;286;39;-147;-345;1;1;1;0;0;1;1;0;0;5;1;0;0;0;0;
554;286;38;-147;-340;1;1;1;0;0;1;1;0;0;5;1;0;0;0;0;
554;286;36;-147;-340;0;1;1;0;0;1;1;0;0;5;1;0;0;0;0;
554;286;35;-147;-345;0;1;1;0;0;1;1;0;0;5;1;0;0;0;0;
554;286;35;-147;-349;0;1;1;0;0;1;1;0;0;5;1;0;0;0;0;
554;286;33;-147;-359;0;1;1;0;0;1;1;0;0;5;1;0;0;0;0;
554;286;33;-147;-362;0;1;1;0;0;1;1;0;0;5;1;0;0;0;0;
554;286;32;-147;-360;0;1;1;0;0;1;1;0;0;5;1;0;0;0;0;
554;286;31;-147;-366;0;1;1;0;0;1;1;0;0;5;1;0;0;0;0;
554;286;31;-147;-362;0;1;1;0;0;1;1;0;0;5;1;0;0;0;0;
554;286;30;-147;-363;0;1;1;0;0;1;1;0;0;5;1;0;0;0;0;
554;286;30;-147;-363;0;1;1;0;0;1;1;0;0;5;1;0;0;0;0;
554;286;30;-147;-366;0;1;1;0;0;1;1;0;0;5;1;0;0;0;0;
554;286;30;-146;-363;0;1;1;0;0;1;1;0;0;5;1;0;0;0;0;
554;286;30;-146;-368;0;1;1;0;0;1;1;0;0;5;1;0;0;0;0;
554;286;30;-147;-366;0;1;1;0;0;1;1;0;0;5;1;0;0;0;0;
554;286;28;-147;-368;0;1;1;0;0;1;1;0;0;5;1;0;0;0;0;
554;286;30;-147;-365;0;1;1;0;0;1;1;0;0;5;1;0;0;0;0;
554;286;29;-147;-369;0;1;1;0;0;1;1;0;0;5;1;0;0;0;0;
554;286;30;-147;-365;0;1;1;0;0;1;1;0;0;5;1;0;0;0;0;
554;286;27;-147;-369;0;1;1;0;0;1;1;0;0;5;1;0;0;0;0;
554;286;29;-147;-370;0;1;1;0;0;1;1;0;0;5;1;0;0;0;0;
554;286;30;-146;-366;0;1;1;0;0;1;1;0;0;5;1;0;0;0;0;
554;286;30;-147;-365;0;1;1;0;0;1;1;0;0;5;1;0;0;0;0;
554;286;29;-147;-365;0;1;1;0;0;1;1;0;0;5;1;0;0;0;0;
554;286;28;-147;-368;0;1;1;0;0;1;1;0;0;5;1;0;0;0;0;
554;286;27;-146;-370;0;1;1;0;0;1;1;0;0;5;1;0;0;0;0;
554;286;29;-147;-368;0;1;1;0;0;1;1;0;0;5;1;0;0;0;0;
554;286;26;-146;-372;0;1;1;0;0;1;1;0;0;5;1;0;0;0;0;
554;286;29;-147;-366;0;1;1;0;0;1;1;0;0;5;1;0;0;0;0;
554;286;27;-147;-372;0;1;1;0;0;1;1;0;0;5;1;0;0;0;0;
554;286;26;-147;-369;0;1;1;0;0;1;1;0;0;5;1;0;0;0;0;
554;286;26;-147;-366;0;1;1;0;0;1;1;0;0;5;1;0;0;0;0;
554;286;27;-147;-368;0;1;1;0;0;1;1;0;0;5;1;0;0;0;0;
554;286;27;-147;-374;0;1;1;0;0;1;1;0;0;5;1;0;0;0;0;
554;286;27;-147;-374;0;1;1;0;0;1;1;0;0;5;1;0;0;0;0;
554;286;26;-147;-368;0;1;1;0;0;1;1;0;0;5;1;0;0;0;0;
554;286;27;-147;-369;0;1;1;0;0;1;1;0;0;5;1;0;0;0;0;
554;286;27;-147;-374;0;1;1;0;0;1;1;0;0;5;1;0;0;0;0;
554;286;27;-147;-366;0;1;1;0;0;1;1;0;0;5;1;0;0;0;0;
554;286;27;-147;-372;0;1;1;0;0;1;1;0;0;5;1;0;0;0;0;
554;286;26;-147;-374;0;1;1;0;0;1;1;0;0;5;1;0;0;0;0;
554;286;26;-147;-372;0;1;1;0;0;1;1;0;0;5;1;0;0;0;0;
554;286;27;-147;-369;0;1;1;0;0;1;1;0;0;5;1;0;0;0;0;
554;286;27;-147;-372;0;1;1;0;0;1;1;0;0;5;1;0;0;0;0;
554;286;27;-147;-368;0;1;1;0;0;1;1;0;0;5;1;0;0;0;0;
554;286;28;-147;-368;0;1;1;0;0;1;1;0;0;5;1;0;0;0;0;
554;286;27;-147;-369;0;1;1;0;0;1;1;0;0;5;1;0;0;0;0;
554;286;28;-147;-368;0;1;1;0;0;1;1;0;0;5;1;0;0;0;0;
554;286;26;-147;-369;0;1;1;0;0;1;1;0;0;5;1;0;0;0;0;
554;286;27;-147;-372;0;1;1;0;0;1;1;0;0;5;1;0;0;0;0;
554;286;27;-147;-372;0;1;1;0;0;1;1;0;0;5;1;0;0;0;0;
554;286;28;-147;-375;0;1;1;0;0;1;1;0;0;5;1;0;0;0;0;
554;286;26;-147;-375;0;1;1;0;0;1;1;0;0;5;1;0;0;0;0;
554;286;30;-146;-369;0;1;1;0;0;1;1;0;0;5;1;0;0;0;0;
554;286;28;-147;-370;0;1;1;0;0;1;1;0;0;5;1;0;0;0;0;
554;286;28;-147;-372;0;1;1;0;0;1;1;0;0;5;1;0;0;0;0;
554;286;28;-147;-374;0;1;1;0;0;1;1;0;0;5;1;0;0;0;0;
554;286;26;-147;-374;0;1;1;0;0;1;1;0;0;5;1;0;0;0;0;
554;286;26;-147;-375;0;1;1;0;0;1;1;0;0;5;1;0;0;0;0;
554;286;28;-147;-374;0;1;1;0;0;1;1;0;0;5;1;0;0;0;0;
554;286;26;-147;-375;0;1;1;0;0;1;1;0;0;5;1;0;0;0;0;
554;286;28;-146;-374;0;1;1;0;0;1;1;0;0;5;1;0;0;0;0;
554;286;30;-147;-369;0;1;1;0;0;1;1;0;0;5;1;0;0;0;0;
554;286;28;-147;-375;0;1;1;0;0;1;1;0;0;5;1;0;0;0;0;
554;286;29;-147;-372;0;1;1;0;0;1;1;0;0;5;1;0;0;0;0;
554;286;30;-147;-368;0;1;1;0;0;1;1;0;0;5;1;0;0;0;0;
554;286;30;-147;-370;0;1;1;0;0;1;1;0;0;5;1;0;0;0;0;
554;286;28;-147;-375;0;1;1;0;0;1;1;0;0;5;1;0;0;0;0;
554;286;30;-147;-370;0;1;1;0;0;1;1;0;0;5;1;0;0;0;0;
554;286;28;-147;-375;0;1;1;0;0;1;1;0;0;5;1;0;0;0;0;
554;286;30;-147;-369;0;1;1;0;0;1;1;0;0;5;1;0;0;0;0;
554;286;30;-146;-372;0;1;1;0;0;1;1;0;0;5;1;0;0;0;0;
554;286;28;-147;-377;0;1;1;0;0;1;1;0;0;5;1;0;0;0;0;
554;286;29;-147;-377;0;1;1;0;0;1;1;0;0;5;1;0;0;0;0;
554;286;30;-146;-372;0;1;1;0;0;1;1;0;0;5;1;0;0;0;0;
554;286;29;-147;-372;0;1;1;0;0;1;1;0;0;5;1;0;0;0;0;
554;286;29;-147;-377;0;1;1;0;0;1;1;0;0;5;1;0;0;0;0;
554;286;30;-146;-377;0;1;1;0;0;1;1;0;0;5;1;0;0;0;0;
554;286;30;-147;-374;0;1;1;0;0;1;1;0;0;5;1;0;0;0;0;
554;286;29;-147;-377;0;1;1;0;0;1;1;0;0;5;1;0;0;0;0;
554;286;30;-147;-370;0;1;1;0;0;1;1;0;0;5;1;0;0;0;0;
554;286;30;-147;-374;0;1;1;0;0;1;1;0;0;5;1;0;0;0;0;
554;286;30;-147;-377;0;1;1;0;0;1;1;0;0;5;1;0;0;0;0;
554;286;30;-147;-370;0;1;1;0;0;1;1;0;0;5;1;0;0;0;0;
554;286;30;-147;-375;0;1;1;0;0;1;1;0;0;5;1;0;0;0;0;
554;286;32;-146;-370;0;1;1;0;0;1;1;0;0;5;1;0;0;0;0;
554;286;30;-147;-375;0;1;1;0;0;1;1;0;0;5;1;0;0;0;0;
554;286;30;-147;-375;0;1;1;0;0;1;1;0;0;5;1;0;0;0;0;
554;286;30;-147;-372;0;1;1;0;0;1;1;0;0;5;1;0;0;0;0;
554;286;30;-147;-379;0;1;1;0;0;1;1;0;0;5;1;0;0;0;0;
554;286;30;-147;-379;0;1;1;0;0;1;1;0;0;5;1;0;0;0;0;
554;286;31;-147;-375;0;1;1;0;0;1;1;0;0;5;1;0;0;0;0;
554;286;31;-146;-379;0;1;1;0;0;1;1;0;0;5;1;0;0;0;0;
554;286;32;-147;-374;0;1;1;0;0;1;1;0;0;5;1;0;0;0;0;
554;286;34;-147;-370;0;1;1;0;0;1;1;0;0;5;1;0;0;0;0;
554;286;31;-147;-372;0;1;1;0;0;1;1;0;0;5;1;0;0;0;0;
554;286;32;-147;-377;0;1;1;0;0;1;1;0;0;5;1;0;0;0;0;
554;286;33;-147;-372;0;1;1;0;0;1;1;0;0;5;1;0;0;0;0;
554;286;32;-147;-372;0;1;1;0;0;1;1;0;0;5;1;0;0;0;0;
554;286;31;-147;-377;0;1;1;0;0;1;1;0;0;5;1;0;0;0;0;
554;286;34;-147;-372;0;1;1;0;0;1;1;0;0;5;1;0;0;0;0;
554;286;33;-147;-372;0;1;1;0;0;1;1;0;0;5;1;0;0;0;0;
554;286;33;-146;-370;0;1;1;0;0;1;1;0;0;5;1;0;0;0;0;
554;286;32;-147;-377;0;1;1;0;0;1;1;0;0;5;1;0;0;0;0;
554;286;34;-147;-377;0;1;1;0;0;1;1;0;0;5;1;0;0;0;0;
554;286;34;-147;-372;0;1;1;0;0;1;1;0;0;5;1;0;0;0;0;
554;286;33;-147;-379;0;1;1;0;0;1;1;0;0;5;1;0;0;0;0;
554;286;32;-147;-379;0;1;1;0;0;1;1;0;0;5;1;0;0;0;0;
554;286;34;-147;-372;0;1;1;0;0;1;1;0;0;5;1;0;0;0;0;
554;286;33;-147;-379;0;1;1;0;0;1;1;0;0;5;1;0;0;0;0;
554;286;34;-147;-372;0;1;1;0;0;1;1;0;0;5;1;0;0;0;0;
554;286;34;-147;-375;0;1;1;0;0;1;1;0;0;5;1;0;0;0;0;
554;286;34;-147;-375;0;1;1;0;0;1;1;0;0;5;1;0;0;0;0;
554;286;35;-146;-374;0;1;1;0;0;1;1;0;0;5;1;0;0;0;0;
554;286;34;-147;-379;0;1;1;0;0;1;1;0;0;5;1;0;0;0;0;
554;286;35;-147;-372;0;1;1;0;0;1;1;0;0;5;1;0;0;0;0;
554;286;34;-147;-377;0;1;1;0;0;1;1;0;0;5;1;0;0;0;0;
554;286;34;-147;-379;0;1;1;0;0;1;1;0;0;5;1;0;0;0;0;
554;286;34;-147;-379;0;1;1;0;0;1;1;0;0;5;1;0;0;0;0;
554;286;35;-147;-379;0;1;1;0;0;1;1;0;0;5;1;0;0;0;0;
554;286;34;-147;-380;0;1;1;0;0;1;1;0;0;5;1;0;0;0;0;
554;286;36;-147;-372;0;1;1;0;0;1;1;0;0;5;1;0;0;0;0;
554;286;35;-147;-377;0;1;1;0;0;1;1;0;0;5;1;0;0;0;0;
554;286;35;-147;-380;0;1;1;0;0;1;1;0;0;5;1;0;0;0;0;
554;286;35;-147;-380;0;1;1;0;0;1;1;0;0;5;1;0;0;0;0;
554;286;35;-147;-379;0;1;1;0;0;1;1;0;0;5;1;0;0;0;0;
554;286;35;-146;-380;0;1;1;0;0;1;1;0;0;5;1;0;0;0;0;
554;286;35;-147;-374;0;1;1;0;0;1;1;0;0;5;1;0;0;0;0;
554;286;35;-147;-374;0;1;1;0;0;1;1;0;0;5;1;0;0;0;0;
554;286;36;-147;-377;0;1;1;0;0;1;1;0;0;5;1;0;0;0;0;
554;286;35;-147;-375;0;1;1;0;0;1;1;0;0;5;1;0;0;0;0;
554;286;34;-147;-379;0;1;1;0;0;1;1;0;0;5;1;0;0;0;0;
554;286;37;-147;-377;0;1;1;0;0;1;1;0;0;5;1;0;0;0;0;
554;286;36;-147;-374;0;1;1;0;0;1;1;0;0;5;1;0;0;0;0;
554;286;37;-147;-375;0;1;1;0;0;1;1;0;0;5;1;0;0;0;0;
554;286;36;-147;-380;0;1;1;0;0;1;1;0;0;5;1;0;0;0;0;
554;286;35;-147;-379;0;1;1;0;0;1;1;0;0;5;1;0;0;0;0;
554;286;35;-147;-382;0;1;1;0;0;1;1;0;0;5;1;0;0;0;0;
554;286;35;-147;-380;0;1;1;0;0;1;1;0;0;5;1;0;0;0;0;
554;286;37;-147;-380;0;1;1;0;0;1;1;0;0;5;1;0;0;0;0;
554;286;36;-147;-380;0;1;1;0;0;1;1;0;0;5;1;0;0;0;0;
554;286;37;-147;-379;0;1;1;0;0;1;1;0;0;5;1;0;0;0;0;
554;286;35;-147;-382;0;1;1;0;0;1;1;0;0;5;1;0;0;0;0;
554;286;38;-147;-375;0;1;1;0;0;1;1;0;0;5;1;0;0;0;0;
554;286;38;-147;-377;0;1;1;0;0;1;1;0;0;5;1;0;0;0;0;
554;286;38;-147;-379;0;1;1;0;0;1;1;0;0;5;1;0;0;0;0;
554;286;39;-147;-374;0;1;1;0;0;1;1;0;0;5;1;0;0;0;0;
554;286;38;-147;-382;0;1;1;0;0;1;1;0;0;5;1;0;0;0;0;
554;286;38;-147;-382;0;1;1;0;0;1;1;0;0;5;1;0;0;0;0;
554;286;38;-147;-374;0;1;1;0;0;1;1;0;0;5;1;0;0;0;0;
554;286;38;-147;-374;0;1;1;0;0;1;1;0;0;5;1;0;0;0;0;
554;286;40;-147;-374;0;1;1;0;0;1;1;0;0;5;1;0;0;0;0;
554;286;39;-147;-379;0;1;1;0;0;1;1;0;0;5;1;0;0;0;0;
554;286;39;-147;-380;0;1;1;0;0;1;1;0;0;5;1;0;0;0;0;
554;286;39;-147;-379;0;1;1;0;0;1;1;0;0;5;1;0;0;0;0;
554;286;40;-147;-377;0;1;1;0;0;1;1;0;0;5;1;0;0;0;0;
554;286;39;-147;-380;0;1;1;0;0;1;1;0;0;5;1;0;0;0;0;
554;286;39;-147;-374;0;1;1;0;0;1;1;0;0;5;1;0;0;0;0;
554;286;41;-147;-374;0;1;1;0;0;1;1;0;0;5;1;0;0;0;0;
554;286;39;-147;-380;0;1;1;0;0;1;1;0;0;5;1;0;0;0;0;
554;286;39;-147;-377;0;1;1;0;0;1;1;0;0;5;1;0;0;0;0;
554;286;39;-147;-379;0;1;1;0;0;1;1;0;0;5;1;0;0;0;0;
554;286;39;-147;-382;0;1;1;0;0;1;1;0;0;5;1;0;0;0;0;
554;286;41;-147;-374;0;1;1;0;0;1;1;0;0;5;1;0;0;0;0;
554;286;40;-147;-380;0;1;1;0;0;1;1;0;0;5;1;0;0;0;0;
554;286;40;-147;-380;0;1;1;0;0;1;1;0;0;5;1;0;0;0;0;
554;286;41;-147;-375;0;1;1;0;0;1;1;0;0;5;1;0;0;0;0;
554;286;39;-147;-382;0;1;1;0;0;1;1;0;0;5;1;0;0;0;0;
554;286;40;-147;-374;0;1;1;0;0;1;1;0;0;5;1;0;0;0;0;
554;286;41;-146;-380;0;1;1;0;0;1;1;0;0;5;1;0;0;0;0;
554;286;41;-147;-377;0;1;1;0;0;1;1;0;0;5;1;0;0;0;0;
554;286;42;-147;-379;0;1;1;0;0;1;1;0;0;5;1;0;0;0;0;
554;286;41;-147;-379;0;1;1;0;0;1;1;0;0;5;1;0;0;0;0;
554;286;42;-147;-379;0;1;1;0;0;1;1;0;0;5;1;0;0;0;0;
554;286;41;-146;-377;0;1;1;0;0;1;1;0;0;5;1;0;0;0;0;
554;286;40;-147;-374;0;1;1;0;0;1;1;0;0;5;1;0;0;0;0;
554;286;42;-147;-375;0;1;1;0;0;1;1;0;0;5;1;0;0;0;0;
554;286;41;-147;-379;0;1;1;0;0;1;1;0;0;5;1;0;0;0;0;
554;286;42;-147;-377;0;1;1;0;0;1;1;0;0;5;1;0;0;0;0;
554;286;41;-147;-375;0;1;1;0;0;1;1;0;0;5;1;0;0;0;0;
554;286;40;-147;-382;0;1;1;0;0;1;1;0;0;5;1;0;0;0;0;
554;286;43;-147;-375;0;1;1;0;0;1;1;0;0;5;1;0;0;0;0;
554;286;41;-147;-382;0;1;1;0;0;1;1;0;0;5;1;0;0;0;0;
554;286;42;-147;-379;0;1;1;0;0;1;1;0;0;5;1;0;0;0;0;
554;286;40;-147;-384;0;1;1;0;0;1;1;0;0;5;1;0;0;0;0;
554;286;40;-147;-380;0;1;1;0;0;1;1;0;0;5;1;0;0;0;0;
554;286;43;-147;-382;0;1;1;0;0;1;1;0;0;5;1;0;0;0;0;
554;286;42;-147;-384;0;1;1;0;0;1;1;0;0;5;1;0;0;0;0;
554;286;42;-147;-375;0;1;1;0;0;1;1;0;0;5;1;0;0;0;0;
554;286;42;-147;-380;0;1;1;0;0;1;1;0;0;5;1;0;0;0;0;
554;286;42;-147;-379;0;1;1;0;0;1;1;0;0;5;1;0;0;0;0;
554;286;43;-147;-377;0;0;0;1;0;1;1;0;2;4;1;0;2;0;0;
554;286;41;-147;-370;0;0;0;1;0;1;1;0;2;4;1;0;2;0;0;
554;286;43;-147;-342;0;0;0;1;0;1;1;0;2;4;1;0;2;0;0;
554;286;43;-147;-313;0;0;0;1;0;1;1;0;2;4;1;0;2;0;0;
554;286;43;-147;-283;0;0;0;1;0;1;1;0;2;4;1;0;2;0;0;
554;286;44;-146;-246;0;0;0;1;0;1;1;0;2;4;1;0;2;0;0;
554;286;43;-146;-210;0;0;0;1;0;1;1;0;2;4;1;0;2;0;0;
554;286;43;-147;-180;0;0;0;1;0;1;1;0;2;4;1;0;2;0;0;
554;286;43;-147;-148;0;0;0;1;0;1;1;0;2;4;1;0;2;0;0;
554;286;43;-147;-121;0;0;0;1;0;1;1;0;2;4;1;0;2;0;0;
554;286;43;-146;-96;0;0;0;1;0;1;1;0;2;4;1;0;2;0;0;
554;286;44;-146;-75;0;0;0;1;0;1;1;0;2;4;1;0;2;0;0;
554;286;41;-147;-65;0;0;0;1;0;1;1;0;2;4;1;0;2;0;0;
554;286;44;-146;-56;0;0;0;1;0;1;1;0;2;4;1;0;2;0;0;
554;286;44;-146;-48;0;0;0;1;0;1;1;0;2;4;1;0;2;0;0;
554;286;43;-147;-40;0;0;0;1;0;1;1;0;2;4;1;0;2;0;0;
554;286;43;-147;-37;0;0;0;1;0;1;1;0;2;4;1;0;2;0;0;
554;286;43;-147;-33;0;0;0;1;0;1;1;0;2;4;1;0;2;0;0;
554;286;44;-147;-30;0;0;0;1;0;1;1;0;2;4;1;0;2;0;0;
554;286;44;-147;-28;0;0;0;1;0;1;1;0;2;4;1;0;2;0;0;
554;286;43;-147;-25;0;0;0;1;0;1;1;0;2;4;1;0;2;0;0;
554;286;44;-147;-21;0;0;0;1;0;1;1;0;2;4;1;0;2;0;0;
554;286;44;-147;-17;0;0;0;1;0;1;1;0;2;4;1;0;2;0;0;
554;286;45;-147;-10;0;0;0;1;0;1;1;0;2;4;1;0;2;0;0;
554;286;45;-147;-6;0;0;0;1;0;1;1;0;2;4;1;0;2;0;0;
554;286;43;-147;-4;0;0;0;1;0;1;1;0;2;4;1;0;2;0;0;
554;286;43;-147;8;0;0;0;1;0;1;1;0;2;4;1;0;2;0;0;
554;286;46;-147;28;0;0;0;1;0;1;1;0;2;4;1;0;2;0;0;
554;286;45;-147;51;0;0;0;1;0;1;1;0;2;4;1;0;2;0;0;
554;286;43;-147;81;0;0;0;0;0;1;1;0;0;4;1;5;0;0;0;
554;286;45;-147;111;0;0;0;0;0;1;1;0;0;4;1;36;0;0;0;
554;286;46;-147;129;0;0;0;0;0;1;1;0;0;4;1;67;0;0;0;
554;286;45;-147;134;0;0;0;0;0;1;1;0;0;4;1;98;0;0;0;
554;286;46;-147;137;0;0;0;0;0;1;1;0;0;4;1;129;0;0;0;
554;286;43;-147;131;0;0;0;0;0;1;1;0;0;4;1;160;0;0;0;
554;286;45;-147;129;0;0;0;0;0;1;1;0;0;4;1;191;0;0;0;
554;286;45;-147;121;0;0;0;0;0;1;1;0;0;4;1;222;0;0;0;
554;286;46;-147;115;0;0;0;0;0;1;1;0;0;4;1;253;0;0;0;
554;286;46;-147;104;0;0;0;0;0;1;1;0;0;4;1;284;0;0;0;
554;286;45;-147;92;0;0;0;0;0;1;1;0;0;4;1;315;0;0;0;
554;286;46;-147;83;0;0;0;0;0;1;1;0;0;4;1;346;0;0;0;
554;286;46;-147;72;0;0;1;0;0;1;1;0;0;4;1;377;0;0;0;
554;286;47;-147;64;0;0;1;0;0;1;1;0;0;4;1;408;0;0;0;
554;286;46;-147;55;0;0;1;0;0;1;1;0;0;4;1;439;0;0;0;
554;286;48;-147;53;0;0;1;0;0;1;1;0;0;4;1;470;0;0;0;
554;286;49;-147;48;0;0;1;0;0;1;1;0;0;4;1;501;0;0;0;
554;286;48;-146;31;0;0;1;0;0;1;1;0;0;4;1;532;0;0;0;
554;286;47;-147;8;0;0;1;0;0;1;1;0;0;4;1;563;0;0;0;
554;286;48;-146;-15;0;0;1;0;0;1;1;0;0;4;1;594;0;0;0;
554;286;46;-147;-44;0;0;1;0;0;1;1;0;0;4;1;625;0;0;0;
554;286;49;-147;-71;0;0;1;0;0;1;1;0;0;4;1;656;0;0;0;
554;286;48;-147;-91;0;0;1;0;0;1;1;0;0;4;1;687;0;0;0;
554;286;46;-147;-118;0;0;1;0;0;1;1;0;0;4;1;718;0;0;0;
554;286;51;-146;-143;0;1;1;0;0;1;1;0;0;4;1;749;0;0;0;
554;286;50;-147;-177;0;1;1;0;0;1;1;0;0;4;1;780;0;0;0;
554;286;50;-147;-206;0;1;1;0;0;1;1;0;0;4;1;811;0;0;0;
554;286;50;-147;-232;0;1;1;0;0;1;1;0;0;4;1;842;0;0;0;
554;286;50;-147;-248;0;1;1;0;0;1;1;0;0;4;1;873;0;0;0;
554;286;50;-147;-258;0;1;1;0;0;1;1;0;0;4;1;904;0;0;0;
554;286;49;-147;-268;1;1;1;0;0;1;1;0;0;4;1;935;0;0;0;
554;286;50;-147;-270;1;1;1;0;0;1;1;0;0;4;1;966;0;0;0;
554;286;51;-147;-268;1;1;1;0;0;1;1;0;0;4;1;997;0;0;0;
554;286;51;-147;-274;1;1;1;0;0;1;1;0;0;4;1;1028;0;0;0;
554;286;50;-147;-276;1;1;1;0;0;1;1;0;0;4;1;1059;0;0;0;
554;286;51;-147;-274;1;1;1;0;0;1;1;0;0;4;1;1090;0;0;0;
554;286;50;-147;-277;1;1;1;0;0;1;1;0;0;4;1;1121;0;0;0;
554;286;51;-147;-278;1;1;1;0;0;1;1;0;0;4;1;1152;0;0;0;
554;286;50;-147;-277;1;1;1;0;0;1;1;0;0;4;1;1183;0;0;0;
554;286;51;-147;-275;1;1;1;0;0;1;1;0;0;4;1;1214;0;0;0;
554;286;50;-147;-276;1;1;1;0;0;1;1;0;0;4;1;1245;0;0;0;
554;286;48;-147;-280;1;1;1;0;0;1;1;0;0;4;1;1276;0;0;0;
554;286;50;-147;-279;1;1;1;0;0;1;1;0;0;4;1;1307;0;0;0;
554;286;50;-147;-275;1;1;1;0;0;1;1;0;0;4;1;1338;0;0;0;
554;286;49;-147;-280;1;1;1;0;0;1;1;0;0;4;1;1369;0;0;0;
554;286;50;-146;-277;1;1;1;0;0;1;1;0;0;4;1;1400;0;0;0;
554;286;48;-147;-279;1;1;1;0;0;1;1;0;0;4;1;1431;0;0;0;
554;286;49;-147;-276;1;1;1;0;0;1;1;0;0;4;1;1462;0;0;0;
554;286;47;-147;-278;1;1;1;0;0;1;1;0;0;4;1;1493;0;0;0;
554;286;47;-147;-278;1;1;1;0;0;1;1;0;0;4;1;1524;0;0;0;
554;286;47;-147;-277;1;1;1;0;0;1;1;0;0;4;1;1555;0;0;0;
554;286;43;-147;-282;1;1;1;0;0;1;1;0;0;4;1;1586;0;0;0;
554;286;47;-146;-276;1;1;1;0;0;1;1;0;0;4;1;1617;0;0;0;
554;286;43;-147;-280;1;1;1;0;0;1;1;0;0;4;1;1648;0;0;0;
554;286;43;-147;-278;1;1;1;0;0;1;1;0;0;4;1;1679;0;0;0;
554;286;43;-147;-277;1;1;1;0;0;1;1;0;0;4;1;1710;0;0;0;
554;286;43;-147;-279;1;1;1;0;0;1;1;0;0;4;1;1741;0;0;0;
554;286;40;-147;-282;1;1;1;0;0;1;1;0;0;4;1;1772;0;0;0;
554;286;40;-147;-283;1;1;1;0;0;1;1;0;0;4;1;1803;0;0;0;
554;286;39;-147;-283;1;1;1;0;0;1;1;0;0;4;1;1834;0;0;0;
554;286;39;-147;-279;1;1;1;0;0;1;1;0;0;4;1;1865;0;0;0;
554;286;38;-147;-278;1;1;1;0;0;1;1;0;0;4;1;1896;0;0;0;
554;286;36;-147;-282;0;1;1;0;0;1;1;0;0;4;1;1927;0;0;0;
554;286;34;-147;-286;0;1;1;0;0;1;1;0;0;4;1;1958;0;0;0;
554;286;35;-146;-289;0;1;1;0;0;1;1;0;0;4;1;1989;0;0;0;
554;286;34;-147;-294;0;1;1;0;0;1;1;0;0;4;1;2020;0;0;0;
554;286;32;-147;-296;0;1;1;0;0;1;1;0;0;4;1;2051;0;0;0;
554;286;33;-147;-298;0;1;1;0;0;1;1;0;0;4;1;2082;0;0;0;
554;286;31;-147;-302;0;1;1;0;0;1;1;0;0;4;1;2113;0;0;0;
554;286;33;-146;-299;0;1;1;0;0;1;1;0;0;4;1;2144;0;0;0;
554;286;31;-147;-304;0;1;1;0;0;1;1;0;0;4;1;2175;0;0;0;
554;286;31;-147;-302;0;1;1;0;0;1;1;0;0;4;1;2206;0;0;0;
554;286;30;-147;-307;0;1;1;0;0;1;1;0;0;4;1;2237;0;0;0;
554;286;31;-147;-303;0;1;1;0;0;1;1;0;0;4;1;2268;0;0;0;
554;286;31;-147;-305;0;1;1;0;0;1;1;0;0;4;1;2299;0;0;0;
554;286;30;-147;-306;0;1;1;0;0;1;1;0;0;4;1;2330;0;0;0;
554;286;29;-147;-308;0;1;1;0;0;1;1;0;0;4;1;2361;0;0;0;
554;286;30;-147;-308;0;1;1;0;0;1;1;0;0;4;1;2392;0;0;0;
554;286;30;-147;-308;0;1;1;0;0;1;1;0;0;4;1;2423;0;0;0;
554;286;29;-147;-309;0;1;1;0;0;1;1;0;0;4;1;2454;0;0;0;
554;286;30;-147;-308;0;1;1;0;0;1;1;0;0;4;1;2485;0;0;0;
554;286;30;-147;-309;0;1;1;0;0;1;1;0;0;4;1;2516;0;0;0;
554;286;30;-147;-310;0;1;1;0;0;1;1;0;0;4;1;2547;0;0;0;
554;286;28;-147;-313;0;1;1;0;0;1;1;0;0;4;1;2578;0;0;0;
554;286;29;-147;-315;0;1;1;0;0;1;1;0;0;4;1;2609;0;0;0;
554;286;28;-147;-313;0;1;1;0;0;1;1;0;0;4;1;2640;0;0;0;
554;286;28;-147;-314;0;1;1;0;0;1;1;0;0;4;1;2671;0;0;0;
554;286;27;-147;-314;0;1;1;0;0;1;1;0;0;4;1;2702;0;0;0;
554;286;29;-146;-318;0;1;1;0;0;1;1;0;0;4;1;2733;0;0;0;
554;286;28;-147;-315;0;1;1;0;0;1;1;0;0;4;1;2764;0;0;0;
554;286;27;-147;-315;0;1;1;0;0;1;1;0;0;4;1;2795;0;0;0;
554;286;30;-146;-317;0;1;1;0;0;1;1;0;0;4;1;2826;0;0;0;
554;286;27;-147;-320;0;1;1;0;0;1;1;0;0;4;1;2857;0;0;0;
554;286;27;-147;-323;0;1;1;0;0;1;1;0;0;4;1;2888;0;0;0;
554;286;28;-147;-318;0;1;1;0;0;1;1;0;0;4;1;2919;0;0;0;
554;286;28;-147;-318;0;1;1;0;0;1;1;0;0;4;1;2950;0;0;0;
554;286;26;-147;-323;0;1;1;0;0;1;1;0;0;4;1;2981;0;0;0;
554;286;26;-147;-323;0;1;1;0;0;1;1;0;0;4;1;3012;0;0;0;
554;286;26;-147;-323;0;1;1;0;0;1;1;0;0;4;1;3043;0;0;0;
554;286;28;-147;-323;0;1;1;0;0;1;1;0;0;4;1;3074;0;0;0;
554;286;26;-147;-323;0;1;1;0;0;1;1;0;0;4;1;3105;0;0;0;
554;286;29;-146;-320;0;1;1;0;0;1;1;0;0;4;1;3136;0;0;0;
554;286;28;-147;-323;0;1;1;0;0;1;1;0;0;4;1;3167;0;0;0;
554;286;26;-147;-329;0;1;1;0;0;1;1;0;0;4;1;3198;0;0;0;
554;286;27;-147;-329;0;1;1;0;0;1;1;0;0;4;1;3229;0;0;0;
554;286;26;-147;-329;0;1;1;0;0;1;1;0;0;4;1;3260;0;0;0;
554;286;26;-147;-330;0;1;1;0;0;1;1;0;0;4;1;3291;0;0;0;
554;286;26;-147;-330;0;1;1;0;0;1;1;0;0;4;1;3322;0;0;0;
554;286;27;-147;-326;0;1;1;0;0;1;1;0;0;4;1;3353;0;0;0;
554;286;27;-147;-332;0;1;1;0;0;1;1;0;0;4;1;3384;0;0;0;
554;286;27;-147;-329;0;1;1;0;0;1;1;0;0;4;1;3415;0;0;0;
554;286;27;-147;-329;0;1;1;0;0;1;1;0;0;4;1;3446;0;0;0;
554;286;29;-146;-332;0;1;1;0;0;1;1;0;0;4;1;3477;0;0;0;
554;286;28;-146;-329;0;1;1;0;0;1;1;0;0;4;1;3508;0;0;0;
554;286;28;-147;-330;0;1;1;0;0;1;1;0;0;4;1;3539;0;0;0;
554;286;27;-147;-332;0;1;1;0;0;1;1;0;0;4;1;3570;0;0;0;
554;286;27;-147;-335;0;1;1;0;0;1;1;0;0;4;1;3601;0;0;0;
554;286;30;-147;-328;0;1;1;0;0;1;1;0;0;4;1;3632;0;0;0;
554;286;28;-147;-336;0;1;1;0;0;1;1;0;0;4;1;3663;0;0;0;
554;286;29;-147;-333;0;1;1;0;0;1;1;0;0;4;1;3694;0;0;0;
554;286;26;-147;-336;0;1;1;0;0;1;1;0;0;4;1;3725;0;0;0;
554;286;28;-147;-330;0;1;1;0;0;1;1;0;0;4;1;3756;0;0;0;
554;286;28;-147;-335;0;1;1;0;0;1;1;0;0;4;1;3787;0;0;0;
554;286;28;-146;-338;0;1;1;0;0;1;1;0;0;4;1;3818;0;0;0;
554;286;29;-147;-333;0;1;1;0;0;1;1;0;0;4;1;3849;0;0;0;
554;286;30;-146;-332;0;1;1;0;0;1;1;0;0;4;1;3880;0;0;0;
554;286;29;-147;-339;0;1;1;0;0;1;1;0;0;4;1;3911;0;0;0;
554;286;30;-147;-336;0;1;1;0;0;1;1;0;0;4;1;3942;0;0;0;
554;286;30;-147;-336;0;1;1;0;0;1;1;0;0;4;1;3973;0;0;0;
554;286;30;-147;-333;0;1;1;0;0;1;1;0;0;4;1;4004;0;0;0;
554;286;29;-147;-342;0;1;1;0;0;1;1;0;0;4;1;4035;0;0;0;
554;286;30;-147;-336;0;1;1;0;0;1;1;0;0;4;1;4066;0;0;0;
554;286;31;-146;-338;0;1;1;0;0;1;1;0;0;4;1;4097;0;0;0;
554;286;30;-147;-342;0;1;1;0;0;1;1;0;0;4;1;4128;0;0;0;
554;286;30;-147;-338;0;1;1;0;0;1;1;0;0;4;1;4159;0;0;0;
554;286;30;-146;-340;0;1;1;0;0;1;1;0;0;4;1;4190;0;0;0;
554;286;30;-147;-344;0;1;1;0;0;1;1;0;0;4;1;4221;0;0;0;
554;286;31;-147;-340;0;1;1;0;0;1;1;0;0;4;1;4252;0;0;0;
554;286;30;-147;-345;0;1;1;0;0;1;1;0;0;4;1;4283;0;0;0;
554;286;30;-147;-344;0;1;1;0;0;1;1;0;0;4;1;4314;0;0;0;
554;286;31;-147;-345;0;1;1;0;0;1;1;0;0;4;1;4345;0;0;0;
554;286;31;-147;-340;0;1;1;0;0;1;1;0;0;4;1;4376;0;0;0;
554;286;33;-146;-339;0;1;1;0;0;1;1;0;0;4;1;4407;0;0;0;
554;286;33;-147;-345;0;1;1;0;0;1;1;0;0;4;1;4438;0;0;0;
554;286;31;-147;-344;0;1;1;0;0;1;1;0;0;4;1;4469;0;0;0;
554;286;31;-147;-344;0;1;1;0;0;1;1;0;0;4;1;4500;0;0;0;
554;286;33;-147;-344;0;1;1;0;0;1;1;0;0;4;1;4531;0;0;0;
554;286;33;-147;-340;0;1;1;0;0;1;1;0;0;4;1;4562;0;0;0;
554;286;34;-147;-342;0;1;1;0;0;1;1;0;0;4;1;4593;0;0;0;
554;286;32;-147;-350;0;1;1;0;0;1;1;0;0;4;1;4624;0;0;0;
554;286;33;-147;-349;0;1;1;0;0;1;1;0;0;4;1;4655;0;0;0;
554;286;34;-147;-342;0;1;1;0;0;1;1;0;0;4;1;4686;0;0;0;
554;286;34;-147;-347;0;1;1;0;0;1;1;0;0;4;1;4717;0;0;0;
554;286;32;-147;-350;0;1;1;0;0;1;1;0;0;4;1;4748;0;0;0;
554;286;31;-147;-353;0;1;1;0;0;1;1;0;0;4;1;4779;0;0;0;
554;286;33;-147;-352;0;1;1;0;0;1;1;0;0;4;1;4810;0;0;0;
554;286;34;-146;-352;0;1;1;0;0;1;1;0;0;4;1;4841;0;0;0;
554;286;33;-147;-353;0;1;1;0;0;1;1;0;0;4;1;4872;0;0;0;
554;286;34;-147;-349;0;1;1;0;0;1;1;0;0;4;1;4903;0;0;0;
554;286;35;-147;-345;0;1;1;0;0;1;1;0;0;4;1;4934;0;0;0;
554;286;34;-147;-353;0;1;1;0;0;1;1;0;0;4;1;4965;0;0;0;
554;286;34;-147;-353;0;1;1;0;0;1;1;0;0;4;1;4996;0;0;0;
554;286;33;-147;-354;0;1;1;0;0;1;1;0;0;4;1;5027;0;0;0;
554;286;35;-147;-347;0;1;1;0;0;1;1;0;0;4;1;5058;0;0;0;
554;286;33;-147;-355;0;1;1;0;0;1;1;0;0;4;1;5089;0;0;0;
554;286;35;-146;-354;0;1;1;0;0;1;1;0;0;4;1;5120;0;0;0;
554;286;35;-147;-350;0;1;1;0;0;1;1;0;0;4;1;5151;0;0;0;
554;286;35;-147;-350;0;1;1;0;0;1;1;0;0;4;1;5182;0;0;0;
554;286;37;-147;-349;0;1;1;0;0;1;1;0;0;4;1;5213;0;0;0;
554;286;35;-147;-354;0;1;1;0;0;1;1;0;0;4;1;5244;0;0;0;
554;286;35;-147;-353;0;1;1;0;0;1;1;0;0;4;1;5275;0;0;0;
554;286;35;-147;-355;0;1;1;0;0;1;1;0;0;4;1;5306;0;0;0;
554;286;35;-147;-357;0;1;1;0;0;1;1;0;0;4;1;5337;0;0;0;
554;286;35;-146;-358;0;1;1;0;0;1;1;0;0;4;1;5368;0;0;0;
554;286;35;-147;-357;0;1;1;0;0;1;1;0;0;4;1;5399;0;0;0;
554;286;35;-147;-355;0;1;1;0;0;1;1;0;0;4;1;5430;0;0;0;
554;286;36;-147;-355;0;1;1;0;0;1;1;0;0;4;1;5461;0;0;0;
554;286;36;-147;-358;0;1;1;0;0;1;1;0;0;4;1;5492;0;0;0;
554;286;36;-147;-354;0;1;1;0;0;1;1;0;0;4;1;5523;0;0;0;
554;286;38;-146;-353;0;1;1;0;0;1;1;0;0;4;1;5554;0;0;0;
554;286;35;-147;-358;0;1;1;0;0;1;1;0;0;4;1;5585;0;0;0;
554;286;38;-147;-353;0;1;1;0;0;1;1;0;0;4;1;5616;0;0;0;
554;286;36;-147;-354;0;1;1;0;0;1;1;0;0;4;1;5647;0;0;0;
554;286;38;-147;-353;0;1;1;0;0;1;1;0;0;4;1;5678;0;0;0;
554;286;37;-147;-355;0;1;1;0;0;1;1;0;0;4;1;5709;0;0;0;
554;286;38;-147;-355;0;1;1;0;0;1;1;0;0;4;1;5740;0;0;0;
554;286;37;-146;-359;0;1;1;0;0;1;1;0;0;4;1;5771;0;0;0;
554;286;38;-147;-359;0;1;1;0;0;1;1;0;0;4;1;5802;0;0;0;
554;286;38;-147;-359;0;1;1;0;0;1;1;0;0;4;1;5833;0;0;0;
554;286;37;-147;-357;0;1;1;0;0;1;1;0;0;4;1;5864;0;0;0;
554;286;38;-147;-357;0;1;1;0;0;1;1;0;0;4;1;5895;0;0;0;
554;286;39;-147;-358;0;1;1;0;0;1;1;0;0;4;1;5926;0;0;0;
554;286;39;-147;-355;0;1;1;0;0;1;1;0;0;4;1;5957;0;0;0;
554;286;39;-147;-360;0;1;1;0;0;1;1;0;0;4;1;5988;0;0;0;
554;286;39;-147;-357;0;1;1;0;0;1;1;0;0;4;1;6019;0;0;0;
554;286;40;-147;-359;0;1;1;0;0;1;1;0;0;4;1;6050;0;0;0;
554;286;39;-146;-360;0;1;1;0;0;1;1;0;0;4;1;6081;0;0;0;
554;286;38;-147;-362;0;1;1;0;0;1;1;0;0;4;1;6112;0;0;0;
554;286;39;-147;-360;0;1;1;0;0;1;1;0;0;4;1;6143;0;0;0;
554;286;37;-147;-363;0;1;1;0;0;1;1;0;0;4;1;6174;0;0;0;
554;286;39;-147;-363;0;1;1;0;0;1;1;0;0;4;1;6205;0;0;0;
554;286;40;-147;-358;0;1;1;0;0;1;1;0;0;4;1;6236;0;0;0;
554;286;40;-147;-362;0;1;1;0;0;1;1;0;0;4;1;6267;0;0;0;
554;286;40;-147;-360;0;1;1;0;0;1;1;0;0;4;1;6298;0;0;0;
554;286;40;-147;-359;0;1;1;0;0;1;1;0;0;4;1;6329;0;0;0;
554;286;40;-147;-365;0;1;1;0;0;1;1;0;0;4;1;6360;0;0;0;
554;286;39;-146;-365;0;1;1;0;0;1;1;0;0;4;1;6391;0;0;0;
554;286;40;-146;-365;0;1;1;0;0;1;1;0;0;4;1;6422;0;0;0;
554;286;41;-147;-362;0;1;1;0;0;1;1;0;0;4;1;6453;0;0;0;
554;286;41;-147;-359;0;1;1;0;0;1;1;0;0;4;1;6484;0;0;0;
554;286;40;-147;-362;0;1;1;0;0;1;1;0;0;4;1;6515;0;0;0;
554;286;40;-147;-363;0;1;1;0;0;1;1;0;0;4;1;6546;0;0;0;
554;286;41;-147;-360;0;1;1;0;0;1;1;0;0;4;1;6577;0;0;0;
554;286;41;-147;-365;0;1;1;0;0;1;1;0;0;4;1;6608;0;0;0;
554;286;40;-147;-365;0;1;1;0;0;1;1;0;0;4;1;6639;0;0;0;
554;286;41;-147;-360;0;1;1;0;0;1;1;0;0;4;1;6670;0;0;0;
554;286;41;-147;-366;0;1;1;0;0;1;1;0;0;4;1;6701;0;0;0;
554;286;41;-146;-366;0;1;1;0;0;1;1;0;0;4;1;6732;0;0;0;
554;286;43;-146;-360;0;1;1;0;0;1;1;0;0;4;1;6763;0;0;0;
554;286;43;-146;-363;0;1;1;0;0;1;1;0;0;4;1;6794;0;0;0;
554;286;41;-147;-368;0;1;1;0;0;1;1;0;0;4;1;6825;0;0;0;
554;286;42;-147;-366;0;1;1;0;0;1;1;0;0;4;1;6856;0;0;0;
554;286;40;-147;-366;0;1;1;0;0;1;1;0;0;4;1;6887;0;0;0;
554;286;43;-147;-366;0;1;1;0;0;1;1;0;0;4;1;6918;0;0;0;
554;286;43;-147;-363;0;1;1;0;0;1;1;0;0;4;1;6949;0;0;0;
554;286;43;-147;-365;0;1;1;0;0;1;1;0;0;4;1;6980;0;0;0;
554;286;40;-147;-369;0;1;1;0;0;1;1;0;0;4;1;7011;0;0;0;
554;286;43;-147;-365;0;1;1;0;0;1;1;0;0;4;1;7042;0;0;0;
554;286;43;-147;-365;0;1;1;0;0;1;1;0;0;4;1;7073;0;0;0;
554;286;42;-147;-368;0;1;1;0;0;1;1;0;0;4;1;7104;0;0;0;
554;286;43;-147;-369;0;1;1;0;0;1;1;0;0;4;1;7135;0;0;0;
554;286;43;-146;-365;0;1;1;0;0;1;1;0;0;4;1;7166;0;0;0;
554;286;43;-147;-363;0;1;1;0;0;1;1;0;0;4;1;7197;0;0;0;
554;286;44;-147;-363;0;1;1;0;0;1;1;0;0;4;1;7228;0;0;0;
554;286;44;-146;-363;0;1;1;0;0;1;1;0;0;4;1;7259;0;0;0;
554;286;44;-147;-363;0;1;1;0;0;1;1;0;0;4;1;7290;0;0;0;
554;286;44;-147;-365;0;1;1;0;0;1;1;0;0;4;1;7321;0;0;0;
554;286;42;-147;-370;0;1;1;0;0;1;1;0;0;4;1;7352;0;0;0;
554;286;43;-147;-368;0;1;1;0;0;1;1;0;0;4;1;7383;0;0;0;
554;286;45;-147;-365;0;1;1;0;0;1;1;0;0;4;1;7414;0;0;0;
554;286;41;-147;-370;0;1;1;0;0;1;1;0;0;4;1;7445;0;0;0;
554;286;43;-147;-365;0;1;1;0;0;1;1;0;0;4;1;7476;0;0;0;
554;286;43;-147;-369;0;1;1;0;0;1;1;0;0;4;1;7507;0;0;0;
554;286;43;-147;-369;0;1;1;0;0;1;1;0;0;4;1;7538;0;0;0;
554;286;43;-147;-370;0;1;1;0;0;1;1;0;0;4;1;7569;0;0;0;
554;286;44;-146;-369;0;1;1;0;0;1;1;0;0;4;1;7600;0;0;0;
554;286;45;-147;-365;0;1;1;0;0;1;1;0;0;4;1;7631;0;0;0;
554;286;44;-147;-365;0;1;1;0;0;1;1;0;0;4;1;7662;0;0;0;
554;286;43;-147;-372;0;1;1;0;0;1;1;0;0;4;1;7693;0;0;0;
554;286;44;-147;-370;0;1;1;0;0;1;1;0;0;4;1;7724;0;0;0;
554;286;45;-147;-368;0;1;1;0;0;1;1;0;0;4;1;7755;0;0;0;
554;286;46;-147;-366;0;1;1;0;0;1;1;0;0;4;1;7786;0;0;0;
554;286;44;-146;-372;0;1;1;0;0;1;1;0;0;4;1;7817;0;0;0;
554;286;44;-147;-374;0;1;1;0;0;1;1;0;0;4;1;7848;0;0;0;
554;286;43;-148;-368;0;1;1;0;0;1;1;0;0;4;1;7879;0;0;0;
554;286;44;-147;-372;0;1;1;0;0;1;1;0;0;4;1;7910;0;0;0;
554;286;45;-147;-372;0;1;1;0;0;1;1;0;0;4;1;7941;0;0;0;
554;286;46;-147;-370;0;1;1;0;0;1;1;0;0;4;1;7972;0;0;0;
554;286;46;-147;-368;0;1;1;0;0;1;1;0;0;4;1;8003;0;0;0;
554;286;45;-146;-372;0;1;1;0;0;1;1;0;0;4;1;8034;0;0;0;
554;286;45;-147;-372;0;1;1;0;0;1;1;0;0;4;1;8065;0;0;0;
554;286;44;-147;-372;0;1;1;0;0;1;1;0;0;4;1;8096;0;0;0;
554;286;46;-147;-369;0;1;1;0;0;1;1;0;0;4;1;8127;0;0;0;
554;286;44;-147;-375;0;1;1;0;0;1;1;0;0;4;1;8158;0;0;0;
554;286;46;-147;-368;0;1;1;0;0;1;1;0;0;4;1;8189;0;0;0;
554;286;46;-147;-372;0;1;1;0;0;1;1;0;0;4;1;8220;0;0;0;
554;286;46;-147;-374;0;1;1;0;0;1;1;0;0;4;1;8251;0;0;0;
554;286;46;-147;-374;0;1;1;0;0;1;1;0;0;4;1;8282;0;0;0;
554;286;46;-147;-369;0;1;1;0;0;1;1;0;0;4;1;8313;0;0;0;
554;286;46;-147;-375;0;1;1;0;0;1;1;0;0;4;1;8344;0;0;0;
554;286;46;-147;-375;0;1;1;0;0;1;1;0;0;4;1;8375;0;0;0;
554;286;46;-147;-374;0;1;1;0;0;1;1;0;0;4;1;8406;0;0;0;
554;286;47;-147;-369;0;1;1;0;0;1;1;0;0;4;1;8437;0;0;0;
554;286;46;-147;-370;0;1;1;0;0;1;1;0;0;4;1;8468;0;0;0;
554;286;46;-147;-370;0;1;1;0;0;1;1;0;0;4;1;8499;0;0;0;
554;286;46;-147;-372;0;1;1;0;0;1;1;0;0;4;1;8530;0;0;0;
554;286;46;-147;-372;0;1;1;0;0;1;1;0;0;4;1;8561;0;0;0;
554;286;48;-146;-369;0;1;1;0;0;1;1;0;0;4;1;8592;0;0;0;
554;286;46;-147;-375;0;1;1;0;0;1;1;0;0;4;1;8623;0;0;0;
554;286;46;-147;-377;0;1;1;0;0;1;1;0;0;4;1;8654;0;0;0;
554;286;46;-147;-377;0;1;1;0;0;1;1;0;0;4;1;8685;0;0;0;
554;286;46;-146;-372;0;1;1;0;0;1;1;0;0;4;1;8716;0;0;0;
554;286;47;-147;-369;0;1;1;0;0;1;1;0;0;4;1;8747;0;0;0;
554;286;46;-147;-372;0;1;1;0;0;1;1;0;0;4;1;8778;0;0;0;
554;286;46;-147;-374;0;1;1;0;0;1;1;0;0;4;1;8809;0;0;0;
554;286;47;-147;-370;0;1;1;0;0;1;1;0;0;4;1;8840;0;0;0;
554;286;47;-147;-375;0;1;1;0;0;1;1;0;0;4;1;8871;0;0;0;
554;286;48;-147;-372;0;1;1;0;0;1;1;0;0;4;1;8902;0;0;0;
554;286;46;-147;-370;1;1;1;0;0;1;1;0;0;4;1;8933;0;0;0;
554;286;49;-147;-369;1;1;1;0;0;1;1;0;0;4;1;8964;0;0;0;
554;286;47;-147;-370;1;1;1;0;0;1;1;0;0;4;1;8995;0;0;0;
554;286;47;-147;-362;1;1;1;0;0;1;1;0;0;4;1;9026;0;0;0;
554;286;48;-147;-357;1;1;1;0;0;1;1;0;0;4;1;9057;0;0;0;
554;286;46;-147;-359;1;1;1;0;0;1;1;0;0;4;1;9088;0;0;0;
554;286;46;-147;-359;1;1;1;0;0;1;1;0;0;4;1;9119;0;0;0;
554;286;46;-147;-352;1;1;1;0;0;1;1;0;0;4;1;9150;0;0;0;
